[2025-03-02T00:56:57.959+0000] {processor.py:157} INFO - Started process (PID=21102) to work on /opt/airflow/dags/xkcd_dbt_dag.py
[2025-03-02T00:56:57.959+0000] {processor.py:829} INFO - Processing file /opt/airflow/dags/xkcd_dbt_dag.py for tasks to queue
[2025-03-02T00:56:57.960+0000] {logging_mixin.py:151} INFO - [2025-03-02T00:56:57.960+0000] {dagbag.py:539} INFO - Filling up the DagBag from /opt/airflow/dags/xkcd_dbt_dag.py
[2025-03-02T00:56:57.973+0000] {processor.py:839} INFO - DAG(s) dict_keys(['xkcd_dbt_dag']) retrieved from /opt/airflow/dags/xkcd_dbt_dag.py
[2025-03-02T00:56:57.989+0000] {logging_mixin.py:151} INFO - [2025-03-02T00:56:57.988+0000] {dag.py:2915} INFO - Sync 1 DAGs
[2025-03-02T00:56:58.000+0000] {logging_mixin.py:151} INFO - [2025-03-02T00:56:58.000+0000] {dag.py:3696} INFO - Setting next_dagrun for xkcd_dbt_dag to 2025-03-01T00:00:00+00:00, run_after=2025-03-02T00:00:00+00:00
[2025-03-02T00:56:58.010+0000] {processor.py:179} INFO - Processing /opt/airflow/dags/xkcd_dbt_dag.py took 0.053 seconds
[2025-03-02T02:19:35.999+0000] {processor.py:157} INFO - Started process (PID=21112) to work on /opt/airflow/dags/xkcd_dbt_dag.py
[2025-03-02T02:19:36.000+0000] {processor.py:829} INFO - Processing file /opt/airflow/dags/xkcd_dbt_dag.py for tasks to queue
[2025-03-02T02:19:36.001+0000] {logging_mixin.py:151} INFO - [2025-03-02T02:19:36.001+0000] {dagbag.py:539} INFO - Filling up the DagBag from /opt/airflow/dags/xkcd_dbt_dag.py
[2025-03-02T02:19:36.011+0000] {processor.py:839} INFO - DAG(s) dict_keys(['xkcd_dbt_dag']) retrieved from /opt/airflow/dags/xkcd_dbt_dag.py
[2025-03-02T02:19:36.033+0000] {logging_mixin.py:151} INFO - [2025-03-02T02:19:36.033+0000] {dag.py:2915} INFO - Sync 1 DAGs
[2025-03-02T02:19:36.050+0000] {logging_mixin.py:151} INFO - [2025-03-02T02:19:36.050+0000] {dag.py:3696} INFO - Setting next_dagrun for xkcd_dbt_dag to 2025-03-01T00:00:00+00:00, run_after=2025-03-02T00:00:00+00:00
[2025-03-02T02:19:36.063+0000] {processor.py:179} INFO - Processing /opt/airflow/dags/xkcd_dbt_dag.py took 0.066 seconds
[2025-03-02T03:56:21.815+0000] {processor.py:157} INFO - Started process (PID=21124) to work on /opt/airflow/dags/xkcd_dbt_dag.py
[2025-03-02T03:56:21.818+0000] {processor.py:829} INFO - Processing file /opt/airflow/dags/xkcd_dbt_dag.py for tasks to queue
[2025-03-02T03:56:21.819+0000] {logging_mixin.py:151} INFO - [2025-03-02T03:56:21.818+0000] {dagbag.py:539} INFO - Filling up the DagBag from /opt/airflow/dags/xkcd_dbt_dag.py
[2025-03-02T03:56:21.829+0000] {processor.py:839} INFO - DAG(s) dict_keys(['xkcd_dbt_dag']) retrieved from /opt/airflow/dags/xkcd_dbt_dag.py
[2025-03-02T03:56:21.845+0000] {logging_mixin.py:151} INFO - [2025-03-02T03:56:21.845+0000] {dag.py:2915} INFO - Sync 1 DAGs
[2025-03-02T03:56:21.858+0000] {logging_mixin.py:151} INFO - [2025-03-02T03:56:21.858+0000] {dag.py:3696} INFO - Setting next_dagrun for xkcd_dbt_dag to 2025-03-01T00:00:00+00:00, run_after=2025-03-02T00:00:00+00:00
[2025-03-02T03:56:21.869+0000] {processor.py:179} INFO - Processing /opt/airflow/dags/xkcd_dbt_dag.py took 0.056 seconds
[2025-03-02T05:35:32.577+0000] {processor.py:157} INFO - Started process (PID=21134) to work on /opt/airflow/dags/xkcd_dbt_dag.py
[2025-03-02T05:35:32.578+0000] {processor.py:829} INFO - Processing file /opt/airflow/dags/xkcd_dbt_dag.py for tasks to queue
[2025-03-02T05:35:32.578+0000] {logging_mixin.py:151} INFO - [2025-03-02T05:35:32.578+0000] {dagbag.py:539} INFO - Filling up the DagBag from /opt/airflow/dags/xkcd_dbt_dag.py
[2025-03-02T05:35:32.590+0000] {processor.py:839} INFO - DAG(s) dict_keys(['xkcd_dbt_dag']) retrieved from /opt/airflow/dags/xkcd_dbt_dag.py
[2025-03-02T05:35:32.608+0000] {logging_mixin.py:151} INFO - [2025-03-02T05:35:32.607+0000] {dag.py:2915} INFO - Sync 1 DAGs
[2025-03-02T05:35:32.619+0000] {logging_mixin.py:151} INFO - [2025-03-02T05:35:32.619+0000] {dag.py:3696} INFO - Setting next_dagrun for xkcd_dbt_dag to 2025-03-01T00:00:00+00:00, run_after=2025-03-02T00:00:00+00:00
[2025-03-02T05:35:32.632+0000] {processor.py:179} INFO - Processing /opt/airflow/dags/xkcd_dbt_dag.py took 0.057 seconds
[2025-03-02T06:49:32.674+0000] {processor.py:157} INFO - Started process (PID=21144) to work on /opt/airflow/dags/xkcd_dbt_dag.py
[2025-03-02T06:49:32.677+0000] {processor.py:829} INFO - Processing file /opt/airflow/dags/xkcd_dbt_dag.py for tasks to queue
[2025-03-02T06:49:32.677+0000] {logging_mixin.py:151} INFO - [2025-03-02T06:49:32.677+0000] {dagbag.py:539} INFO - Filling up the DagBag from /opt/airflow/dags/xkcd_dbt_dag.py
[2025-03-02T06:49:32.692+0000] {processor.py:839} INFO - DAG(s) dict_keys(['xkcd_dbt_dag']) retrieved from /opt/airflow/dags/xkcd_dbt_dag.py
[2025-03-02T06:49:32.718+0000] {logging_mixin.py:151} INFO - [2025-03-02T06:49:32.718+0000] {dag.py:2915} INFO - Sync 1 DAGs
[2025-03-02T06:49:32.732+0000] {logging_mixin.py:151} INFO - [2025-03-02T06:49:32.732+0000] {dag.py:3696} INFO - Setting next_dagrun for xkcd_dbt_dag to 2025-03-01T00:00:00+00:00, run_after=2025-03-02T00:00:00+00:00
[2025-03-02T06:49:32.745+0000] {processor.py:179} INFO - Processing /opt/airflow/dags/xkcd_dbt_dag.py took 0.074 seconds
[2025-03-02T08:07:08.035+0000] {processor.py:157} INFO - Started process (PID=21155) to work on /opt/airflow/dags/xkcd_dbt_dag.py
[2025-03-02T08:07:08.035+0000] {processor.py:829} INFO - Processing file /opt/airflow/dags/xkcd_dbt_dag.py for tasks to queue
[2025-03-02T08:07:08.036+0000] {logging_mixin.py:151} INFO - [2025-03-02T08:07:08.035+0000] {dagbag.py:539} INFO - Filling up the DagBag from /opt/airflow/dags/xkcd_dbt_dag.py
[2025-03-02T08:07:08.044+0000] {processor.py:839} INFO - DAG(s) dict_keys(['xkcd_dbt_dag']) retrieved from /opt/airflow/dags/xkcd_dbt_dag.py
[2025-03-02T08:07:08.065+0000] {logging_mixin.py:151} INFO - [2025-03-02T08:07:08.065+0000] {dag.py:2915} INFO - Sync 1 DAGs
[2025-03-02T08:07:08.079+0000] {logging_mixin.py:151} INFO - [2025-03-02T08:07:08.079+0000] {dag.py:3696} INFO - Setting next_dagrun for xkcd_dbt_dag to 2025-03-01T00:00:00+00:00, run_after=2025-03-02T00:00:00+00:00
[2025-03-02T08:07:08.091+0000] {processor.py:179} INFO - Processing /opt/airflow/dags/xkcd_dbt_dag.py took 0.058 seconds
[2025-03-02T09:17:39.503+0000] {processor.py:157} INFO - Started process (PID=21165) to work on /opt/airflow/dags/xkcd_dbt_dag.py
[2025-03-02T09:17:39.504+0000] {processor.py:829} INFO - Processing file /opt/airflow/dags/xkcd_dbt_dag.py for tasks to queue
[2025-03-02T09:17:39.506+0000] {logging_mixin.py:151} INFO - [2025-03-02T09:17:39.506+0000] {dagbag.py:539} INFO - Filling up the DagBag from /opt/airflow/dags/xkcd_dbt_dag.py
[2025-03-02T09:17:39.526+0000] {processor.py:839} INFO - DAG(s) dict_keys(['xkcd_dbt_dag']) retrieved from /opt/airflow/dags/xkcd_dbt_dag.py
[2025-03-02T09:17:39.560+0000] {logging_mixin.py:151} INFO - [2025-03-02T09:17:39.560+0000] {dag.py:2915} INFO - Sync 1 DAGs
[2025-03-02T09:17:39.576+0000] {logging_mixin.py:151} INFO - [2025-03-02T09:17:39.575+0000] {dag.py:3696} INFO - Setting next_dagrun for xkcd_dbt_dag to 2025-03-01T00:00:00+00:00, run_after=2025-03-02T00:00:00+00:00
[2025-03-02T09:17:39.585+0000] {processor.py:179} INFO - Processing /opt/airflow/dags/xkcd_dbt_dag.py took 0.085 seconds
[2025-03-02T10:52:54.506+0000] {processor.py:157} INFO - Started process (PID=21175) to work on /opt/airflow/dags/xkcd_dbt_dag.py
[2025-03-02T10:52:54.508+0000] {processor.py:829} INFO - Processing file /opt/airflow/dags/xkcd_dbt_dag.py for tasks to queue
[2025-03-02T10:52:54.511+0000] {logging_mixin.py:151} INFO - [2025-03-02T10:52:54.511+0000] {dagbag.py:539} INFO - Filling up the DagBag from /opt/airflow/dags/xkcd_dbt_dag.py
[2025-03-02T10:52:54.525+0000] {processor.py:839} INFO - DAG(s) dict_keys(['xkcd_dbt_dag']) retrieved from /opt/airflow/dags/xkcd_dbt_dag.py
[2025-03-02T10:52:54.544+0000] {logging_mixin.py:151} INFO - [2025-03-02T10:52:54.544+0000] {dag.py:2915} INFO - Sync 1 DAGs
[2025-03-02T10:52:54.561+0000] {logging_mixin.py:151} INFO - [2025-03-02T10:52:54.561+0000] {dag.py:3696} INFO - Setting next_dagrun for xkcd_dbt_dag to 2025-03-01T00:00:00+00:00, run_after=2025-03-02T00:00:00+00:00
[2025-03-02T10:52:54.573+0000] {processor.py:179} INFO - Processing /opt/airflow/dags/xkcd_dbt_dag.py took 0.070 seconds
[2025-03-02T11:35:35.995+0000] {processor.py:157} INFO - Started process (PID=21187) to work on /opt/airflow/dags/xkcd_dbt_dag.py
[2025-03-02T11:35:35.996+0000] {processor.py:829} INFO - Processing file /opt/airflow/dags/xkcd_dbt_dag.py for tasks to queue
[2025-03-02T11:35:35.997+0000] {logging_mixin.py:151} INFO - [2025-03-02T11:35:35.997+0000] {dagbag.py:539} INFO - Filling up the DagBag from /opt/airflow/dags/xkcd_dbt_dag.py
[2025-03-02T11:35:36.010+0000] {processor.py:839} INFO - DAG(s) dict_keys(['xkcd_dbt_dag']) retrieved from /opt/airflow/dags/xkcd_dbt_dag.py
[2025-03-02T11:35:36.027+0000] {logging_mixin.py:151} INFO - [2025-03-02T11:35:36.027+0000] {dag.py:2915} INFO - Sync 1 DAGs
[2025-03-02T11:35:36.039+0000] {logging_mixin.py:151} INFO - [2025-03-02T11:35:36.039+0000] {dag.py:3696} INFO - Setting next_dagrun for xkcd_dbt_dag to 2025-03-01T00:00:00+00:00, run_after=2025-03-02T00:00:00+00:00
[2025-03-02T11:35:36.053+0000] {processor.py:179} INFO - Processing /opt/airflow/dags/xkcd_dbt_dag.py took 0.060 seconds
[2025-03-02T12:27:10.060+0000] {processor.py:157} INFO - Started process (PID=21197) to work on /opt/airflow/dags/xkcd_dbt_dag.py
[2025-03-02T12:27:10.063+0000] {processor.py:829} INFO - Processing file /opt/airflow/dags/xkcd_dbt_dag.py for tasks to queue
[2025-03-02T12:27:10.064+0000] {logging_mixin.py:151} INFO - [2025-03-02T12:27:10.064+0000] {dagbag.py:539} INFO - Filling up the DagBag from /opt/airflow/dags/xkcd_dbt_dag.py
[2025-03-02T12:27:10.079+0000] {processor.py:839} INFO - DAG(s) dict_keys(['xkcd_dbt_dag']) retrieved from /opt/airflow/dags/xkcd_dbt_dag.py
[2025-03-02T12:27:10.107+0000] {logging_mixin.py:151} INFO - [2025-03-02T12:27:10.107+0000] {dag.py:2915} INFO - Sync 1 DAGs
[2025-03-02T12:27:10.122+0000] {logging_mixin.py:151} INFO - [2025-03-02T12:27:10.122+0000] {dag.py:3696} INFO - Setting next_dagrun for xkcd_dbt_dag to 2025-03-01T00:00:00+00:00, run_after=2025-03-02T00:00:00+00:00
[2025-03-02T12:27:10.140+0000] {processor.py:179} INFO - Processing /opt/airflow/dags/xkcd_dbt_dag.py took 0.083 seconds
[2025-03-02T12:27:40.468+0000] {processor.py:157} INFO - Started process (PID=21207) to work on /opt/airflow/dags/xkcd_dbt_dag.py
[2025-03-02T12:27:40.469+0000] {processor.py:829} INFO - Processing file /opt/airflow/dags/xkcd_dbt_dag.py for tasks to queue
[2025-03-02T12:27:40.470+0000] {logging_mixin.py:151} INFO - [2025-03-02T12:27:40.469+0000] {dagbag.py:539} INFO - Filling up the DagBag from /opt/airflow/dags/xkcd_dbt_dag.py
[2025-03-02T12:27:40.486+0000] {processor.py:839} INFO - DAG(s) dict_keys(['xkcd_dbt_dag']) retrieved from /opt/airflow/dags/xkcd_dbt_dag.py
[2025-03-02T12:27:40.503+0000] {logging_mixin.py:151} INFO - [2025-03-02T12:27:40.503+0000] {dag.py:2915} INFO - Sync 1 DAGs
[2025-03-02T12:27:40.515+0000] {logging_mixin.py:151} INFO - [2025-03-02T12:27:40.515+0000] {dag.py:3696} INFO - Setting next_dagrun for xkcd_dbt_dag to 2025-03-01T00:00:00+00:00, run_after=2025-03-02T00:00:00+00:00
[2025-03-02T12:27:40.525+0000] {processor.py:179} INFO - Processing /opt/airflow/dags/xkcd_dbt_dag.py took 0.059 seconds
[2025-03-02T12:28:10.991+0000] {processor.py:157} INFO - Started process (PID=21217) to work on /opt/airflow/dags/xkcd_dbt_dag.py
[2025-03-02T12:28:10.992+0000] {processor.py:829} INFO - Processing file /opt/airflow/dags/xkcd_dbt_dag.py for tasks to queue
[2025-03-02T12:28:10.993+0000] {logging_mixin.py:151} INFO - [2025-03-02T12:28:10.992+0000] {dagbag.py:539} INFO - Filling up the DagBag from /opt/airflow/dags/xkcd_dbt_dag.py
[2025-03-02T12:28:11.004+0000] {processor.py:839} INFO - DAG(s) dict_keys(['xkcd_dbt_dag']) retrieved from /opt/airflow/dags/xkcd_dbt_dag.py
[2025-03-02T12:28:11.024+0000] {logging_mixin.py:151} INFO - [2025-03-02T12:28:11.023+0000] {dag.py:2915} INFO - Sync 1 DAGs
[2025-03-02T12:28:11.036+0000] {logging_mixin.py:151} INFO - [2025-03-02T12:28:11.035+0000] {dag.py:3696} INFO - Setting next_dagrun for xkcd_dbt_dag to 2025-03-01T00:00:00+00:00, run_after=2025-03-02T00:00:00+00:00
[2025-03-02T12:28:11.046+0000] {processor.py:179} INFO - Processing /opt/airflow/dags/xkcd_dbt_dag.py took 0.057 seconds
[2025-03-02T12:28:41.412+0000] {processor.py:157} INFO - Started process (PID=21227) to work on /opt/airflow/dags/xkcd_dbt_dag.py
[2025-03-02T12:28:41.414+0000] {processor.py:829} INFO - Processing file /opt/airflow/dags/xkcd_dbt_dag.py for tasks to queue
[2025-03-02T12:28:41.414+0000] {logging_mixin.py:151} INFO - [2025-03-02T12:28:41.414+0000] {dagbag.py:539} INFO - Filling up the DagBag from /opt/airflow/dags/xkcd_dbt_dag.py
[2025-03-02T12:28:41.430+0000] {processor.py:839} INFO - DAG(s) dict_keys(['xkcd_dbt_dag']) retrieved from /opt/airflow/dags/xkcd_dbt_dag.py
[2025-03-02T12:28:41.458+0000] {logging_mixin.py:151} INFO - [2025-03-02T12:28:41.458+0000] {dag.py:2915} INFO - Sync 1 DAGs
[2025-03-02T12:28:41.469+0000] {logging_mixin.py:151} INFO - [2025-03-02T12:28:41.469+0000] {dag.py:3696} INFO - Setting next_dagrun for xkcd_dbt_dag to 2025-03-01T00:00:00+00:00, run_after=2025-03-02T00:00:00+00:00
[2025-03-02T12:28:41.481+0000] {processor.py:179} INFO - Processing /opt/airflow/dags/xkcd_dbt_dag.py took 0.072 seconds
[2025-03-02T12:29:11.826+0000] {processor.py:157} INFO - Started process (PID=21237) to work on /opt/airflow/dags/xkcd_dbt_dag.py
[2025-03-02T12:29:11.826+0000] {processor.py:829} INFO - Processing file /opt/airflow/dags/xkcd_dbt_dag.py for tasks to queue
[2025-03-02T12:29:11.828+0000] {logging_mixin.py:151} INFO - [2025-03-02T12:29:11.827+0000] {dagbag.py:539} INFO - Filling up the DagBag from /opt/airflow/dags/xkcd_dbt_dag.py
[2025-03-02T12:29:11.838+0000] {processor.py:839} INFO - DAG(s) dict_keys(['xkcd_dbt_dag']) retrieved from /opt/airflow/dags/xkcd_dbt_dag.py
[2025-03-02T12:29:11.858+0000] {logging_mixin.py:151} INFO - [2025-03-02T12:29:11.858+0000] {dag.py:2915} INFO - Sync 1 DAGs
[2025-03-02T12:29:11.870+0000] {logging_mixin.py:151} INFO - [2025-03-02T12:29:11.870+0000] {dag.py:3696} INFO - Setting next_dagrun for xkcd_dbt_dag to 2025-03-01T00:00:00+00:00, run_after=2025-03-02T00:00:00+00:00
[2025-03-02T12:29:11.882+0000] {processor.py:179} INFO - Processing /opt/airflow/dags/xkcd_dbt_dag.py took 0.059 seconds
[2025-03-02T12:29:42.203+0000] {processor.py:157} INFO - Started process (PID=21247) to work on /opt/airflow/dags/xkcd_dbt_dag.py
[2025-03-02T12:29:42.204+0000] {processor.py:829} INFO - Processing file /opt/airflow/dags/xkcd_dbt_dag.py for tasks to queue
[2025-03-02T12:29:42.205+0000] {logging_mixin.py:151} INFO - [2025-03-02T12:29:42.205+0000] {dagbag.py:539} INFO - Filling up the DagBag from /opt/airflow/dags/xkcd_dbt_dag.py
[2025-03-02T12:29:42.218+0000] {processor.py:839} INFO - DAG(s) dict_keys(['xkcd_dbt_dag']) retrieved from /opt/airflow/dags/xkcd_dbt_dag.py
[2025-03-02T12:29:42.236+0000] {logging_mixin.py:151} INFO - [2025-03-02T12:29:42.236+0000] {dag.py:2915} INFO - Sync 1 DAGs
[2025-03-02T12:29:42.250+0000] {logging_mixin.py:151} INFO - [2025-03-02T12:29:42.250+0000] {dag.py:3696} INFO - Setting next_dagrun for xkcd_dbt_dag to 2025-03-01T00:00:00+00:00, run_after=2025-03-02T00:00:00+00:00
[2025-03-02T12:29:42.260+0000] {processor.py:179} INFO - Processing /opt/airflow/dags/xkcd_dbt_dag.py took 0.060 seconds
[2025-03-02T12:30:12.577+0000] {processor.py:157} INFO - Started process (PID=21257) to work on /opt/airflow/dags/xkcd_dbt_dag.py
[2025-03-02T12:30:12.578+0000] {processor.py:829} INFO - Processing file /opt/airflow/dags/xkcd_dbt_dag.py for tasks to queue
[2025-03-02T12:30:12.580+0000] {logging_mixin.py:151} INFO - [2025-03-02T12:30:12.580+0000] {dagbag.py:539} INFO - Filling up the DagBag from /opt/airflow/dags/xkcd_dbt_dag.py
[2025-03-02T12:30:12.599+0000] {processor.py:839} INFO - DAG(s) dict_keys(['xkcd_dbt_dag']) retrieved from /opt/airflow/dags/xkcd_dbt_dag.py
[2025-03-02T12:30:12.621+0000] {logging_mixin.py:151} INFO - [2025-03-02T12:30:12.621+0000] {dag.py:2915} INFO - Sync 1 DAGs
[2025-03-02T12:30:12.635+0000] {logging_mixin.py:151} INFO - [2025-03-02T12:30:12.635+0000] {dag.py:3696} INFO - Setting next_dagrun for xkcd_dbt_dag to 2025-03-01T00:00:00+00:00, run_after=2025-03-02T00:00:00+00:00
[2025-03-02T12:30:12.647+0000] {processor.py:179} INFO - Processing /opt/airflow/dags/xkcd_dbt_dag.py took 0.073 seconds
[2025-03-02T12:30:42.985+0000] {processor.py:157} INFO - Started process (PID=21267) to work on /opt/airflow/dags/xkcd_dbt_dag.py
[2025-03-02T12:30:42.986+0000] {processor.py:829} INFO - Processing file /opt/airflow/dags/xkcd_dbt_dag.py for tasks to queue
[2025-03-02T12:30:42.986+0000] {logging_mixin.py:151} INFO - [2025-03-02T12:30:42.986+0000] {dagbag.py:539} INFO - Filling up the DagBag from /opt/airflow/dags/xkcd_dbt_dag.py
[2025-03-02T12:30:42.999+0000] {processor.py:839} INFO - DAG(s) dict_keys(['xkcd_dbt_dag']) retrieved from /opt/airflow/dags/xkcd_dbt_dag.py
[2025-03-02T12:30:43.015+0000] {logging_mixin.py:151} INFO - [2025-03-02T12:30:43.014+0000] {dag.py:2915} INFO - Sync 1 DAGs
[2025-03-02T12:30:43.030+0000] {logging_mixin.py:151} INFO - [2025-03-02T12:30:43.030+0000] {dag.py:3696} INFO - Setting next_dagrun for xkcd_dbt_dag to 2025-03-01T00:00:00+00:00, run_after=2025-03-02T00:00:00+00:00
[2025-03-02T12:30:43.042+0000] {processor.py:179} INFO - Processing /opt/airflow/dags/xkcd_dbt_dag.py took 0.058 seconds
[2025-03-02T12:31:13.396+0000] {processor.py:157} INFO - Started process (PID=21277) to work on /opt/airflow/dags/xkcd_dbt_dag.py
[2025-03-02T12:31:13.397+0000] {processor.py:829} INFO - Processing file /opt/airflow/dags/xkcd_dbt_dag.py for tasks to queue
[2025-03-02T12:31:13.398+0000] {logging_mixin.py:151} INFO - [2025-03-02T12:31:13.398+0000] {dagbag.py:539} INFO - Filling up the DagBag from /opt/airflow/dags/xkcd_dbt_dag.py
[2025-03-02T12:31:13.414+0000] {processor.py:839} INFO - DAG(s) dict_keys(['xkcd_dbt_dag']) retrieved from /opt/airflow/dags/xkcd_dbt_dag.py
[2025-03-02T12:31:13.434+0000] {logging_mixin.py:151} INFO - [2025-03-02T12:31:13.434+0000] {dag.py:2915} INFO - Sync 1 DAGs
[2025-03-02T12:31:13.447+0000] {logging_mixin.py:151} INFO - [2025-03-02T12:31:13.447+0000] {dag.py:3696} INFO - Setting next_dagrun for xkcd_dbt_dag to 2025-03-01T00:00:00+00:00, run_after=2025-03-02T00:00:00+00:00
[2025-03-02T12:31:13.458+0000] {processor.py:179} INFO - Processing /opt/airflow/dags/xkcd_dbt_dag.py took 0.065 seconds
[2025-03-02T12:31:43.802+0000] {processor.py:157} INFO - Started process (PID=21287) to work on /opt/airflow/dags/xkcd_dbt_dag.py
[2025-03-02T12:31:43.803+0000] {processor.py:829} INFO - Processing file /opt/airflow/dags/xkcd_dbt_dag.py for tasks to queue
[2025-03-02T12:31:43.805+0000] {logging_mixin.py:151} INFO - [2025-03-02T12:31:43.805+0000] {dagbag.py:539} INFO - Filling up the DagBag from /opt/airflow/dags/xkcd_dbt_dag.py
[2025-03-02T12:31:43.822+0000] {processor.py:839} INFO - DAG(s) dict_keys(['xkcd_dbt_dag']) retrieved from /opt/airflow/dags/xkcd_dbt_dag.py
[2025-03-02T12:31:43.843+0000] {logging_mixin.py:151} INFO - [2025-03-02T12:31:43.843+0000] {dag.py:2915} INFO - Sync 1 DAGs
[2025-03-02T12:31:43.856+0000] {logging_mixin.py:151} INFO - [2025-03-02T12:31:43.856+0000] {dag.py:3696} INFO - Setting next_dagrun for xkcd_dbt_dag to 2025-03-01T00:00:00+00:00, run_after=2025-03-02T00:00:00+00:00
[2025-03-02T12:31:43.866+0000] {processor.py:179} INFO - Processing /opt/airflow/dags/xkcd_dbt_dag.py took 0.068 seconds
[2025-03-02T12:32:14.211+0000] {processor.py:157} INFO - Started process (PID=21297) to work on /opt/airflow/dags/xkcd_dbt_dag.py
[2025-03-02T12:32:14.212+0000] {processor.py:829} INFO - Processing file /opt/airflow/dags/xkcd_dbt_dag.py for tasks to queue
[2025-03-02T12:32:14.213+0000] {logging_mixin.py:151} INFO - [2025-03-02T12:32:14.212+0000] {dagbag.py:539} INFO - Filling up the DagBag from /opt/airflow/dags/xkcd_dbt_dag.py
[2025-03-02T12:32:14.228+0000] {processor.py:839} INFO - DAG(s) dict_keys(['xkcd_dbt_dag']) retrieved from /opt/airflow/dags/xkcd_dbt_dag.py
[2025-03-02T12:32:14.246+0000] {logging_mixin.py:151} INFO - [2025-03-02T12:32:14.246+0000] {dag.py:2915} INFO - Sync 1 DAGs
[2025-03-02T12:32:14.258+0000] {logging_mixin.py:151} INFO - [2025-03-02T12:32:14.258+0000] {dag.py:3696} INFO - Setting next_dagrun for xkcd_dbt_dag to 2025-03-01T00:00:00+00:00, run_after=2025-03-02T00:00:00+00:00
[2025-03-02T12:32:14.269+0000] {processor.py:179} INFO - Processing /opt/airflow/dags/xkcd_dbt_dag.py took 0.062 seconds
[2025-03-02T12:32:44.624+0000] {processor.py:157} INFO - Started process (PID=21307) to work on /opt/airflow/dags/xkcd_dbt_dag.py
[2025-03-02T12:32:44.626+0000] {processor.py:829} INFO - Processing file /opt/airflow/dags/xkcd_dbt_dag.py for tasks to queue
[2025-03-02T12:32:44.629+0000] {logging_mixin.py:151} INFO - [2025-03-02T12:32:44.628+0000] {dagbag.py:539} INFO - Filling up the DagBag from /opt/airflow/dags/xkcd_dbt_dag.py
[2025-03-02T12:32:44.647+0000] {processor.py:839} INFO - DAG(s) dict_keys(['xkcd_dbt_dag']) retrieved from /opt/airflow/dags/xkcd_dbt_dag.py
[2025-03-02T12:32:44.662+0000] {logging_mixin.py:151} INFO - [2025-03-02T12:32:44.662+0000] {dag.py:2915} INFO - Sync 1 DAGs
[2025-03-02T12:32:44.674+0000] {logging_mixin.py:151} INFO - [2025-03-02T12:32:44.674+0000] {dag.py:3696} INFO - Setting next_dagrun for xkcd_dbt_dag to 2025-03-01T00:00:00+00:00, run_after=2025-03-02T00:00:00+00:00
[2025-03-02T12:32:44.685+0000] {processor.py:179} INFO - Processing /opt/airflow/dags/xkcd_dbt_dag.py took 0.065 seconds
[2025-03-02T12:33:14.944+0000] {processor.py:157} INFO - Started process (PID=21317) to work on /opt/airflow/dags/xkcd_dbt_dag.py
[2025-03-02T12:33:14.945+0000] {processor.py:829} INFO - Processing file /opt/airflow/dags/xkcd_dbt_dag.py for tasks to queue
[2025-03-02T12:33:14.945+0000] {logging_mixin.py:151} INFO - [2025-03-02T12:33:14.945+0000] {dagbag.py:539} INFO - Filling up the DagBag from /opt/airflow/dags/xkcd_dbt_dag.py
[2025-03-02T12:33:14.963+0000] {processor.py:839} INFO - DAG(s) dict_keys(['xkcd_dbt_dag']) retrieved from /opt/airflow/dags/xkcd_dbt_dag.py
[2025-03-02T12:33:14.981+0000] {logging_mixin.py:151} INFO - [2025-03-02T12:33:14.981+0000] {dag.py:2915} INFO - Sync 1 DAGs
[2025-03-02T12:33:14.995+0000] {logging_mixin.py:151} INFO - [2025-03-02T12:33:14.995+0000] {dag.py:3696} INFO - Setting next_dagrun for xkcd_dbt_dag to 2025-03-01T00:00:00+00:00, run_after=2025-03-02T00:00:00+00:00
[2025-03-02T12:33:15.004+0000] {processor.py:179} INFO - Processing /opt/airflow/dags/xkcd_dbt_dag.py took 0.063 seconds
[2025-03-02T12:49:11.896+0000] {processor.py:157} INFO - Started process (PID=21329) to work on /opt/airflow/dags/xkcd_dbt_dag.py
[2025-03-02T12:49:11.897+0000] {processor.py:829} INFO - Processing file /opt/airflow/dags/xkcd_dbt_dag.py for tasks to queue
[2025-03-02T12:49:11.898+0000] {logging_mixin.py:151} INFO - [2025-03-02T12:49:11.898+0000] {dagbag.py:539} INFO - Filling up the DagBag from /opt/airflow/dags/xkcd_dbt_dag.py
[2025-03-02T12:49:11.911+0000] {processor.py:839} INFO - DAG(s) dict_keys(['xkcd_dbt_dag']) retrieved from /opt/airflow/dags/xkcd_dbt_dag.py
[2025-03-02T12:49:11.928+0000] {logging_mixin.py:151} INFO - [2025-03-02T12:49:11.928+0000] {dag.py:2915} INFO - Sync 1 DAGs
[2025-03-02T12:49:11.944+0000] {logging_mixin.py:151} INFO - [2025-03-02T12:49:11.944+0000] {dag.py:3696} INFO - Setting next_dagrun for xkcd_dbt_dag to 2025-03-01T00:00:00+00:00, run_after=2025-03-02T00:00:00+00:00
[2025-03-02T12:49:11.962+0000] {processor.py:179} INFO - Processing /opt/airflow/dags/xkcd_dbt_dag.py took 0.068 seconds
[2025-03-02T13:21:01.470+0000] {processor.py:157} INFO - Started process (PID=21339) to work on /opt/airflow/dags/xkcd_dbt_dag.py
[2025-03-02T13:21:01.470+0000] {processor.py:829} INFO - Processing file /opt/airflow/dags/xkcd_dbt_dag.py for tasks to queue
[2025-03-02T13:21:01.471+0000] {logging_mixin.py:151} INFO - [2025-03-02T13:21:01.471+0000] {dagbag.py:539} INFO - Filling up the DagBag from /opt/airflow/dags/xkcd_dbt_dag.py
[2025-03-02T13:21:01.485+0000] {processor.py:839} INFO - DAG(s) dict_keys(['xkcd_dbt_dag']) retrieved from /opt/airflow/dags/xkcd_dbt_dag.py
[2025-03-02T13:21:01.505+0000] {logging_mixin.py:151} INFO - [2025-03-02T13:21:01.505+0000] {dag.py:2915} INFO - Sync 1 DAGs
[2025-03-02T13:21:01.517+0000] {logging_mixin.py:151} INFO - [2025-03-02T13:21:01.517+0000] {dag.py:3696} INFO - Setting next_dagrun for xkcd_dbt_dag to 2025-03-01T00:00:00+00:00, run_after=2025-03-02T00:00:00+00:00
[2025-03-02T13:21:01.531+0000] {processor.py:179} INFO - Processing /opt/airflow/dags/xkcd_dbt_dag.py took 0.063 seconds
[2025-03-02T14:34:31.562+0000] {processor.py:157} INFO - Started process (PID=21351) to work on /opt/airflow/dags/xkcd_dbt_dag.py
[2025-03-02T14:34:31.563+0000] {processor.py:829} INFO - Processing file /opt/airflow/dags/xkcd_dbt_dag.py for tasks to queue
[2025-03-02T14:34:31.564+0000] {logging_mixin.py:151} INFO - [2025-03-02T14:34:31.563+0000] {dagbag.py:539} INFO - Filling up the DagBag from /opt/airflow/dags/xkcd_dbt_dag.py
[2025-03-02T14:34:31.577+0000] {processor.py:839} INFO - DAG(s) dict_keys(['xkcd_dbt_dag']) retrieved from /opt/airflow/dags/xkcd_dbt_dag.py
[2025-03-02T14:34:31.601+0000] {logging_mixin.py:151} INFO - [2025-03-02T14:34:31.601+0000] {dag.py:2915} INFO - Sync 1 DAGs
[2025-03-02T14:34:31.612+0000] {logging_mixin.py:151} INFO - [2025-03-02T14:34:31.612+0000] {dag.py:3696} INFO - Setting next_dagrun for xkcd_dbt_dag to 2025-03-01T00:00:00+00:00, run_after=2025-03-02T00:00:00+00:00
[2025-03-02T14:34:31.623+0000] {processor.py:179} INFO - Processing /opt/airflow/dags/xkcd_dbt_dag.py took 0.063 seconds
[2025-03-02T15:47:44.877+0000] {processor.py:157} INFO - Started process (PID=21361) to work on /opt/airflow/dags/xkcd_dbt_dag.py
[2025-03-02T15:47:44.878+0000] {processor.py:829} INFO - Processing file /opt/airflow/dags/xkcd_dbt_dag.py for tasks to queue
[2025-03-02T15:47:44.879+0000] {logging_mixin.py:151} INFO - [2025-03-02T15:47:44.879+0000] {dagbag.py:539} INFO - Filling up the DagBag from /opt/airflow/dags/xkcd_dbt_dag.py
[2025-03-02T15:47:44.893+0000] {processor.py:839} INFO - DAG(s) dict_keys(['xkcd_dbt_dag']) retrieved from /opt/airflow/dags/xkcd_dbt_dag.py
[2025-03-02T15:47:44.909+0000] {logging_mixin.py:151} INFO - [2025-03-02T15:47:44.909+0000] {dag.py:2915} INFO - Sync 1 DAGs
[2025-03-02T15:47:44.922+0000] {logging_mixin.py:151} INFO - [2025-03-02T15:47:44.921+0000] {dag.py:3696} INFO - Setting next_dagrun for xkcd_dbt_dag to 2025-03-01T00:00:00+00:00, run_after=2025-03-02T00:00:00+00:00
[2025-03-02T15:47:44.933+0000] {processor.py:179} INFO - Processing /opt/airflow/dags/xkcd_dbt_dag.py took 0.057 seconds
[2025-03-02T17:09:08.673+0000] {processor.py:157} INFO - Started process (PID=21371) to work on /opt/airflow/dags/xkcd_dbt_dag.py
[2025-03-02T17:09:08.674+0000] {processor.py:829} INFO - Processing file /opt/airflow/dags/xkcd_dbt_dag.py for tasks to queue
[2025-03-02T17:09:08.674+0000] {logging_mixin.py:151} INFO - [2025-03-02T17:09:08.674+0000] {dagbag.py:539} INFO - Filling up the DagBag from /opt/airflow/dags/xkcd_dbt_dag.py
[2025-03-02T17:09:08.688+0000] {processor.py:839} INFO - DAG(s) dict_keys(['xkcd_dbt_dag']) retrieved from /opt/airflow/dags/xkcd_dbt_dag.py
[2025-03-02T17:09:08.705+0000] {logging_mixin.py:151} INFO - [2025-03-02T17:09:08.705+0000] {dag.py:2915} INFO - Sync 1 DAGs
[2025-03-02T17:09:08.715+0000] {logging_mixin.py:151} INFO - [2025-03-02T17:09:08.715+0000] {dag.py:3696} INFO - Setting next_dagrun for xkcd_dbt_dag to 2025-03-01T00:00:00+00:00, run_after=2025-03-02T00:00:00+00:00
[2025-03-02T17:09:08.726+0000] {processor.py:179} INFO - Processing /opt/airflow/dags/xkcd_dbt_dag.py took 0.055 seconds
[2025-03-02T18:38:25.414+0000] {processor.py:157} INFO - Started process (PID=21381) to work on /opt/airflow/dags/xkcd_dbt_dag.py
[2025-03-02T18:38:25.414+0000] {processor.py:829} INFO - Processing file /opt/airflow/dags/xkcd_dbt_dag.py for tasks to queue
[2025-03-02T18:38:25.415+0000] {logging_mixin.py:151} INFO - [2025-03-02T18:38:25.415+0000] {dagbag.py:539} INFO - Filling up the DagBag from /opt/airflow/dags/xkcd_dbt_dag.py
[2025-03-02T18:38:25.425+0000] {processor.py:839} INFO - DAG(s) dict_keys(['xkcd_dbt_dag']) retrieved from /opt/airflow/dags/xkcd_dbt_dag.py
[2025-03-02T18:38:25.443+0000] {logging_mixin.py:151} INFO - [2025-03-02T18:38:25.443+0000] {dag.py:2915} INFO - Sync 1 DAGs
[2025-03-02T18:38:25.455+0000] {logging_mixin.py:151} INFO - [2025-03-02T18:38:25.455+0000] {dag.py:3696} INFO - Setting next_dagrun for xkcd_dbt_dag to 2025-03-01T00:00:00+00:00, run_after=2025-03-02T00:00:00+00:00
[2025-03-02T18:38:25.465+0000] {processor.py:179} INFO - Processing /opt/airflow/dags/xkcd_dbt_dag.py took 0.053 seconds
[2025-03-02T19:39:31.601+0000] {processor.py:157} INFO - Started process (PID=21393) to work on /opt/airflow/dags/xkcd_dbt_dag.py
[2025-03-02T19:39:31.605+0000] {processor.py:829} INFO - Processing file /opt/airflow/dags/xkcd_dbt_dag.py for tasks to queue
[2025-03-02T19:39:31.605+0000] {logging_mixin.py:151} INFO - [2025-03-02T19:39:31.605+0000] {dagbag.py:539} INFO - Filling up the DagBag from /opt/airflow/dags/xkcd_dbt_dag.py
[2025-03-02T19:39:31.618+0000] {processor.py:839} INFO - DAG(s) dict_keys(['xkcd_dbt_dag']) retrieved from /opt/airflow/dags/xkcd_dbt_dag.py
[2025-03-02T19:39:31.636+0000] {logging_mixin.py:151} INFO - [2025-03-02T19:39:31.636+0000] {dag.py:2915} INFO - Sync 1 DAGs
[2025-03-02T19:39:31.649+0000] {logging_mixin.py:151} INFO - [2025-03-02T19:39:31.649+0000] {dag.py:3696} INFO - Setting next_dagrun for xkcd_dbt_dag to 2025-03-01T00:00:00+00:00, run_after=2025-03-02T00:00:00+00:00
[2025-03-02T19:39:31.659+0000] {processor.py:179} INFO - Processing /opt/airflow/dags/xkcd_dbt_dag.py took 0.060 seconds
[2025-03-02T21:16:00.441+0000] {processor.py:157} INFO - Started process (PID=21403) to work on /opt/airflow/dags/xkcd_dbt_dag.py
[2025-03-02T21:16:00.445+0000] {processor.py:829} INFO - Processing file /opt/airflow/dags/xkcd_dbt_dag.py for tasks to queue
[2025-03-02T21:16:00.445+0000] {logging_mixin.py:151} INFO - [2025-03-02T21:16:00.445+0000] {dagbag.py:539} INFO - Filling up the DagBag from /opt/airflow/dags/xkcd_dbt_dag.py
[2025-03-02T21:16:00.462+0000] {processor.py:839} INFO - DAG(s) dict_keys(['xkcd_dbt_dag']) retrieved from /opt/airflow/dags/xkcd_dbt_dag.py
[2025-03-02T21:16:00.482+0000] {logging_mixin.py:151} INFO - [2025-03-02T21:16:00.482+0000] {dag.py:2915} INFO - Sync 1 DAGs
[2025-03-02T21:16:00.494+0000] {logging_mixin.py:151} INFO - [2025-03-02T21:16:00.494+0000] {dag.py:3696} INFO - Setting next_dagrun for xkcd_dbt_dag to 2025-03-01T00:00:00+00:00, run_after=2025-03-02T00:00:00+00:00
[2025-03-02T21:16:00.506+0000] {processor.py:179} INFO - Processing /opt/airflow/dags/xkcd_dbt_dag.py took 0.066 seconds
[2025-03-02T22:28:34.445+0000] {processor.py:157} INFO - Started process (PID=21413) to work on /opt/airflow/dags/xkcd_dbt_dag.py
[2025-03-02T22:28:34.446+0000] {processor.py:829} INFO - Processing file /opt/airflow/dags/xkcd_dbt_dag.py for tasks to queue
[2025-03-02T22:28:34.446+0000] {logging_mixin.py:151} INFO - [2025-03-02T22:28:34.446+0000] {dagbag.py:539} INFO - Filling up the DagBag from /opt/airflow/dags/xkcd_dbt_dag.py
[2025-03-02T22:28:34.457+0000] {processor.py:839} INFO - DAG(s) dict_keys(['xkcd_dbt_dag']) retrieved from /opt/airflow/dags/xkcd_dbt_dag.py
[2025-03-02T22:28:34.477+0000] {logging_mixin.py:151} INFO - [2025-03-02T22:28:34.476+0000] {dag.py:2915} INFO - Sync 1 DAGs
[2025-03-02T22:28:34.489+0000] {logging_mixin.py:151} INFO - [2025-03-02T22:28:34.489+0000] {dag.py:3696} INFO - Setting next_dagrun for xkcd_dbt_dag to 2025-03-01T00:00:00+00:00, run_after=2025-03-02T00:00:00+00:00
[2025-03-02T22:28:34.500+0000] {processor.py:179} INFO - Processing /opt/airflow/dags/xkcd_dbt_dag.py took 0.057 seconds
[2025-03-02T23:43:24.286+0000] {processor.py:157} INFO - Started process (PID=21423) to work on /opt/airflow/dags/xkcd_dbt_dag.py
[2025-03-02T23:43:24.287+0000] {processor.py:829} INFO - Processing file /opt/airflow/dags/xkcd_dbt_dag.py for tasks to queue
[2025-03-02T23:43:24.288+0000] {logging_mixin.py:151} INFO - [2025-03-02T23:43:24.287+0000] {dagbag.py:539} INFO - Filling up the DagBag from /opt/airflow/dags/xkcd_dbt_dag.py
[2025-03-02T23:43:24.299+0000] {processor.py:839} INFO - DAG(s) dict_keys(['xkcd_dbt_dag']) retrieved from /opt/airflow/dags/xkcd_dbt_dag.py
[2025-03-02T23:43:24.318+0000] {logging_mixin.py:151} INFO - [2025-03-02T23:43:24.318+0000] {dag.py:2915} INFO - Sync 1 DAGs
[2025-03-02T23:43:24.334+0000] {logging_mixin.py:151} INFO - [2025-03-02T23:43:24.334+0000] {dag.py:3696} INFO - Setting next_dagrun for xkcd_dbt_dag to 2025-03-01T00:00:00+00:00, run_after=2025-03-02T00:00:00+00:00
[2025-03-02T23:43:24.344+0000] {processor.py:179} INFO - Processing /opt/airflow/dags/xkcd_dbt_dag.py took 0.059 seconds
