[2025-03-03T12:50:24.415+0000] {taskinstance.py:1157} INFO - Dependencies all met for dep_context=non-requeueable deps ti=<TaskInstance: xkcd_dbt_transformations.check_environment manual__2025-03-03T12:50:23.237075+00:00 [queued]>
[2025-03-03T12:50:24.419+0000] {taskinstance.py:1157} INFO - Dependencies all met for dep_context=requeueable deps ti=<TaskInstance: xkcd_dbt_transformations.check_environment manual__2025-03-03T12:50:23.237075+00:00 [queued]>
[2025-03-03T12:50:24.420+0000] {taskinstance.py:1359} INFO - Starting attempt 1 of 2
[2025-03-03T12:50:24.425+0000] {taskinstance.py:1380} INFO - Executing <Task(BashOperator): check_environment> on 2025-03-03 12:50:23.237075+00:00
[2025-03-03T12:50:24.427+0000] {standard_task_runner.py:57} INFO - Started process 197 to run task
[2025-03-03T12:50:24.429+0000] {standard_task_runner.py:84} INFO - Running: ['***', 'tasks', 'run', 'xkcd_dbt_transformations', 'check_environment', 'manual__2025-03-03T12:50:23.237075+00:00', '--job-id', '93', '--raw', '--subdir', 'DAGS_FOLDER/xkcd_dbt_transformations.py', '--cfg-path', '/tmp/tmpogsa2svv']
[2025-03-03T12:50:24.430+0000] {standard_task_runner.py:85} INFO - Job 93: Subtask check_environment
[2025-03-03T12:50:24.450+0000] {task_command.py:415} INFO - Running <TaskInstance: xkcd_dbt_transformations.check_environment manual__2025-03-03T12:50:23.237075+00:00 [running]> on host e42a692d6092
[2025-03-03T12:50:24.481+0000] {taskinstance.py:1660} INFO - Exporting env vars: AIRFLOW_CTX_DAG_OWNER='***' AIRFLOW_CTX_DAG_ID='xkcd_dbt_transformations' AIRFLOW_CTX_TASK_ID='check_environment' AIRFLOW_CTX_EXECUTION_DATE='2025-03-03T12:50:23.237075+00:00' AIRFLOW_CTX_TRY_NUMBER='1' AIRFLOW_CTX_DAG_RUN_ID='manual__2025-03-03T12:50:23.237075+00:00'
[2025-03-03T12:50:24.481+0000] {subprocess.py:63} INFO - Tmp dir root location: /tmp
[2025-03-03T12:50:24.482+0000] {subprocess.py:75} INFO - Running command: ['/bin/bash', '-c', 'cd /opt/dbt && ls -la && pwd && whoami && echo $PATH']
[2025-03-03T12:50:24.485+0000] {subprocess.py:86} INFO - Output:
[2025-03-03T12:50:24.488+0000] {subprocess.py:93} INFO - total 24
[2025-03-03T12:50:24.488+0000] {subprocess.py:93} INFO - drwxr-xr-x 8 *** root  256 Feb 24 10:17 .
[2025-03-03T12:50:24.488+0000] {subprocess.py:93} INFO - drwxr-xr-x 1 root    root 4096 Mar  3 12:49 ..
[2025-03-03T12:50:24.488+0000] {subprocess.py:93} INFO - -rw-r--r-- 1 *** root   41 Feb 18 14:31 .user.yml
[2025-03-03T12:50:24.488+0000] {subprocess.py:93} INFO - -rw-r--r-- 1 *** root  728 Mar  3 12:34 dbt_project.yml
[2025-03-03T12:50:24.488+0000] {subprocess.py:93} INFO - drwxr-xr-x 3 *** root   96 Feb 18 14:31 logs
[2025-03-03T12:50:24.489+0000] {subprocess.py:93} INFO - drwxr-xr-x 5 *** root  160 Feb 24 10:18 models
[2025-03-03T12:50:24.489+0000] {subprocess.py:93} INFO - -rw-r--r-- 1 *** root  242 Mar  3 12:36 profiles.yml
[2025-03-03T12:50:24.489+0000] {subprocess.py:93} INFO - -rw-r--r-- 1 *** root  452 Feb 24 10:17 schema.yml
[2025-03-03T12:50:24.489+0000] {subprocess.py:93} INFO - /opt/dbt
[2025-03-03T12:50:24.489+0000] {subprocess.py:93} INFO - ***
[2025-03-03T12:50:24.489+0000] {subprocess.py:93} INFO - /root/bin:/home/***/.local/bin:/usr/local/bin:/usr/local/sbin:/usr/local/bin:/usr/sbin:/usr/bin:/sbin:/bin
[2025-03-03T12:50:24.489+0000] {subprocess.py:97} INFO - Command exited with return code 0
[2025-03-03T12:50:24.499+0000] {taskinstance.py:1398} INFO - Marking task as SUCCESS. dag_id=xkcd_dbt_transformations, task_id=check_environment, execution_date=20250303T125023, start_date=20250303T125024, end_date=20250303T125024
[2025-03-03T12:50:24.529+0000] {local_task_job_runner.py:228} INFO - Task exited with return code 0
[2025-03-03T12:50:24.541+0000] {taskinstance.py:2776} INFO - 1 downstream tasks scheduled from follow-on schedule check
