[2025-02-22T02:11:53.758+0000] {taskinstance.py:1157} INFO - Dependencies all met for dep_context=non-requeueable deps ti=<TaskInstance: xkcd_comics_ingestion.load_comics scheduled__2025-02-19T10:00:00+00:00 [queued]>
[2025-02-22T02:11:53.762+0000] {taskinstance.py:1157} INFO - Dependencies all met for dep_context=requeueable deps ti=<TaskInstance: xkcd_comics_ingestion.load_comics scheduled__2025-02-19T10:00:00+00:00 [queued]>
[2025-02-22T02:11:53.763+0000] {taskinstance.py:1359} INFO - Starting attempt 7 of 10
[2025-02-22T02:11:53.768+0000] {taskinstance.py:1380} INFO - Executing <Task(PythonOperator): load_comics> on 2025-02-19 10:00:00+00:00
[2025-02-22T02:11:53.771+0000] {standard_task_runner.py:57} INFO - Started process 21732 to run task
[2025-02-22T02:11:53.773+0000] {standard_task_runner.py:84} INFO - Running: ['***', 'tasks', 'run', 'xkcd_comics_ingestion', 'load_comics', 'scheduled__2025-02-19T10:00:00+00:00', '--job-id', '26', '--raw', '--subdir', 'DAGS_FOLDER/xkcd-comics-dag.py', '--cfg-path', '/tmp/tmpmaakjzwm']
[2025-02-22T02:11:53.774+0000] {standard_task_runner.py:85} INFO - Job 26: Subtask load_comics
[2025-02-22T02:11:53.794+0000] {task_command.py:415} INFO - Running <TaskInstance: xkcd_comics_ingestion.load_comics scheduled__2025-02-19T10:00:00+00:00 [running]> on host a231dcd502c3
[2025-02-22T02:11:53.826+0000] {taskinstance.py:1660} INFO - Exporting env vars: AIRFLOW_CTX_DAG_OWNER='***' AIRFLOW_CTX_DAG_ID='xkcd_comics_ingestion' AIRFLOW_CTX_TASK_ID='load_comics' AIRFLOW_CTX_EXECUTION_DATE='2025-02-19T10:00:00+00:00' AIRFLOW_CTX_TRY_NUMBER='7' AIRFLOW_CTX_DAG_RUN_ID='scheduled__2025-02-19T10:00:00+00:00'
[2025-02-22T02:11:53.881+0000] {xkcd-comics-dag.py:160} INFO - Performing historical load of all comics
[2025-02-22T02:12:17.253+0000] {xkcd-comics-dag.py:126} INFO - Bulk inserted 100 comics
[2025-02-22T02:12:36.665+0000] {xkcd-comics-dag.py:126} INFO - Bulk inserted 100 comics
[2025-02-22T02:12:54.796+0000] {xkcd-comics-dag.py:126} INFO - Bulk inserted 100 comics
[2025-02-22T02:13:11.479+0000] {xkcd-comics-dag.py:126} INFO - Bulk inserted 100 comics
[2025-02-22T02:13:12.471+0000] {xkcd-comics-dag.py:63} ERROR - Error fetching comic 404: 404 Client Error: Not Found for url: https://xkcd.com/404/info.0.json
[2025-02-22T02:13:26.696+0000] {xkcd-comics-dag.py:126} INFO - Bulk inserted 100 comics
[2025-02-22T02:13:40.957+0000] {xkcd-comics-dag.py:126} INFO - Bulk inserted 100 comics
[2025-02-22T02:13:56.031+0000] {xkcd-comics-dag.py:126} INFO - Bulk inserted 100 comics
[2025-02-22T02:14:10.084+0000] {xkcd-comics-dag.py:126} INFO - Bulk inserted 100 comics
[2025-02-22T02:14:23.389+0000] {xkcd-comics-dag.py:126} INFO - Bulk inserted 100 comics
[2025-02-22T02:14:36.872+0000] {xkcd-comics-dag.py:126} INFO - Bulk inserted 100 comics
[2025-02-22T02:14:49.928+0000] {xkcd-comics-dag.py:126} INFO - Bulk inserted 100 comics
[2025-02-22T02:15:01.923+0000] {xkcd-comics-dag.py:126} INFO - Bulk inserted 100 comics
[2025-02-22T02:15:14.584+0000] {xkcd-comics-dag.py:126} INFO - Bulk inserted 100 comics
[2025-02-22T02:15:26.944+0000] {xkcd-comics-dag.py:126} INFO - Bulk inserted 100 comics
[2025-02-22T02:15:39.968+0000] {xkcd-comics-dag.py:126} INFO - Bulk inserted 100 comics
[2025-02-22T02:15:51.932+0000] {xkcd-comics-dag.py:126} INFO - Bulk inserted 100 comics
[2025-02-22T02:16:04.994+0000] {xkcd-comics-dag.py:126} INFO - Bulk inserted 100 comics
[2025-02-22T02:16:18.848+0000] {xkcd-comics-dag.py:126} INFO - Bulk inserted 100 comics
[2025-02-22T02:16:31.932+0000] {xkcd-comics-dag.py:126} INFO - Bulk inserted 100 comics
[2025-02-22T02:16:44.685+0000] {xkcd-comics-dag.py:126} INFO - Bulk inserted 100 comics
[2025-02-22T02:16:57.681+0000] {xkcd-comics-dag.py:126} INFO - Bulk inserted 100 comics
[2025-02-22T02:17:10.902+0000] {xkcd-comics-dag.py:126} INFO - Bulk inserted 100 comics
[2025-02-22T02:17:23.847+0000] {xkcd-comics-dag.py:126} INFO - Bulk inserted 100 comics
[2025-02-22T02:17:36.999+0000] {xkcd-comics-dag.py:126} INFO - Bulk inserted 100 comics
[2025-02-22T02:17:45.914+0000] {local_task_job_runner.py:294} WARNING - State of this instance has been externally set to success. Terminating instance.
[2025-02-22T02:17:45.916+0000] {process_utils.py:131} INFO - Sending 15 to group 21732. PIDs of all processes in the group: [21732]
[2025-02-22T02:17:45.917+0000] {process_utils.py:86} INFO - Sending the signal 15 to group 21732
[2025-02-22T02:17:45.918+0000] {taskinstance.py:1630} ERROR - Received SIGTERM. Terminating subprocesses.
[2025-02-22T02:17:45.935+0000] {process_utils.py:79} INFO - Process psutil.Process(pid=21732, status='terminated', exitcode=0, started='02:11:53') (21732) terminated with exit code 0
