[2025-03-03T12:52:10.120+0000] {taskinstance.py:1157} INFO - Dependencies all met for dep_context=non-requeueable deps ti=<TaskInstance: xkcd_dbt_transformations.install_dbt manual__2025-03-03T12:52:09.290601+00:00 [queued]>
[2025-03-03T12:52:10.123+0000] {taskinstance.py:1157} INFO - Dependencies all met for dep_context=requeueable deps ti=<TaskInstance: xkcd_dbt_transformations.install_dbt manual__2025-03-03T12:52:09.290601+00:00 [queued]>
[2025-03-03T12:52:10.123+0000] {taskinstance.py:1359} INFO - Starting attempt 1 of 2
[2025-03-03T12:52:10.128+0000] {taskinstance.py:1380} INFO - Executing <Task(BashOperator): install_dbt> on 2025-03-03 12:52:09.290601+00:00
[2025-03-03T12:52:10.130+0000] {standard_task_runner.py:57} INFO - Started process 262 to run task
[2025-03-03T12:52:10.131+0000] {standard_task_runner.py:84} INFO - Running: ['***', 'tasks', 'run', 'xkcd_dbt_transformations', 'install_dbt', 'manual__2025-03-03T12:52:09.290601+00:00', '--job-id', '96', '--raw', '--subdir', 'DAGS_FOLDER/xkcd_dbt_transformations.py', '--cfg-path', '/tmp/tmp8xxwotlf']
[2025-03-03T12:52:10.133+0000] {standard_task_runner.py:85} INFO - Job 96: Subtask install_dbt
[2025-03-03T12:52:10.150+0000] {task_command.py:415} INFO - Running <TaskInstance: xkcd_dbt_transformations.install_dbt manual__2025-03-03T12:52:09.290601+00:00 [running]> on host e42a692d6092
[2025-03-03T12:52:10.177+0000] {taskinstance.py:1660} INFO - Exporting env vars: AIRFLOW_CTX_DAG_OWNER='***' AIRFLOW_CTX_DAG_ID='xkcd_dbt_transformations' AIRFLOW_CTX_TASK_ID='install_dbt' AIRFLOW_CTX_EXECUTION_DATE='2025-03-03T12:52:09.290601+00:00' AIRFLOW_CTX_TRY_NUMBER='1' AIRFLOW_CTX_DAG_RUN_ID='manual__2025-03-03T12:52:09.290601+00:00'
[2025-03-03T12:52:10.178+0000] {subprocess.py:63} INFO - Tmp dir root location: /tmp
[2025-03-03T12:52:10.178+0000] {subprocess.py:75} INFO - Running command: ['/bin/bash', '-c', 'pip install --no-cache-dir dbt-core dbt-postgres && echo "dbt installed successfully: $(which dbt)"']
[2025-03-03T12:52:10.182+0000] {subprocess.py:86} INFO - Output:
[2025-03-03T12:52:10.887+0000] {subprocess.py:93} INFO - Defaulting to user installation because normal site-packages is not writeable
[2025-03-03T12:52:10.987+0000] {subprocess.py:93} INFO - Requirement already satisfied: dbt-core in /home/***/.local/lib/python3.9/site-packages (1.7.18)
[2025-03-03T12:52:10.987+0000] {subprocess.py:93} INFO - Requirement already satisfied: dbt-postgres in /home/***/.local/lib/python3.9/site-packages (1.7.18)
[2025-03-03T12:52:10.995+0000] {subprocess.py:93} INFO - Requirement already satisfied: pyyaml>=6.0 in /home/***/.local/lib/python3.9/site-packages (from dbt-core) (6.0.1)
[2025-03-03T12:52:10.995+0000] {subprocess.py:93} INFO - Requirement already satisfied: idna<4,>=2.5 in /home/***/.local/lib/python3.9/site-packages (from dbt-core) (3.4)
[2025-03-03T12:52:10.995+0000] {subprocess.py:93} INFO - Requirement already satisfied: sqlparse<0.6.0,>=0.5.0 in /home/***/.local/lib/python3.9/site-packages (from dbt-core) (0.5.3)
[2025-03-03T12:52:10.996+0000] {subprocess.py:93} INFO - Requirement already satisfied: dbt-extractor~=0.5.0 in /home/***/.local/lib/python3.9/site-packages (from dbt-core) (0.5.1)
[2025-03-03T12:52:10.996+0000] {subprocess.py:93} INFO - Requirement already satisfied: protobuf<5,>=4.0.0 in /home/***/.local/lib/python3.9/site-packages (from dbt-core) (4.21.12)
[2025-03-03T12:52:10.996+0000] {subprocess.py:93} INFO - Requirement already satisfied: minimal-snowplow-tracker~=0.0.2 in /home/***/.local/lib/python3.9/site-packages (from dbt-core) (0.0.2)
[2025-03-03T12:52:10.997+0000] {subprocess.py:93} INFO - Requirement already satisfied: dbt-semantic-interfaces~=0.4.2 in /home/***/.local/lib/python3.9/site-packages (from dbt-core) (0.4.4)
[2025-03-03T12:52:10.997+0000] {subprocess.py:93} INFO - Requirement already satisfied: logbook<1.6,>=1.5 in /home/***/.local/lib/python3.9/site-packages (from dbt-core) (1.5.3)
[2025-03-03T12:52:10.997+0000] {subprocess.py:93} INFO - Requirement already satisfied: jsonschema>=3.0 in /home/***/.local/lib/python3.9/site-packages (from dbt-core) (4.19.0)
[2025-03-03T12:52:10.997+0000] {subprocess.py:93} INFO - Requirement already satisfied: mashumaro[msgpack]~=3.9 in /home/***/.local/lib/python3.9/site-packages (from dbt-core) (3.15)
[2025-03-03T12:52:10.998+0000] {subprocess.py:93} INFO - Requirement already satisfied: Jinja2<4,>=3.1.3 in /home/***/.local/lib/python3.9/site-packages (from dbt-core) (3.1.5)
[2025-03-03T12:52:10.998+0000] {subprocess.py:93} INFO - Requirement already satisfied: isodate<0.7,>=0.6 in /home/***/.local/lib/python3.9/site-packages (from dbt-core) (0.6.1)
[2025-03-03T12:52:10.998+0000] {subprocess.py:93} INFO - Requirement already satisfied: agate~=1.7.0 in /home/***/.local/lib/python3.9/site-packages (from dbt-core) (1.7.1)
[2025-03-03T12:52:10.999+0000] {subprocess.py:93} INFO - Requirement already satisfied: typing-extensions>=3.7.4 in /home/***/.local/lib/python3.9/site-packages (from dbt-core) (4.7.1)
[2025-03-03T12:52:10.999+0000] {subprocess.py:93} INFO - Requirement already satisfied: colorama<0.5,>=0.3.9 in /home/***/.local/lib/python3.9/site-packages (from dbt-core) (0.4.6)
[2025-03-03T12:52:10.999+0000] {subprocess.py:93} INFO - Requirement already satisfied: urllib3~=1.0 in /home/***/.local/lib/python3.9/site-packages (from dbt-core) (1.26.16)
[2025-03-03T12:52:10.999+0000] {subprocess.py:93} INFO - Requirement already satisfied: cffi<2.0.0,>=1.9 in /home/***/.local/lib/python3.9/site-packages (from dbt-core) (1.15.1)
[2025-03-03T12:52:11.000+0000] {subprocess.py:93} INFO - Requirement already satisfied: packaging>20.9 in /home/***/.local/lib/python3.9/site-packages (from dbt-core) (23.1)
[2025-03-03T12:52:11.000+0000] {subprocess.py:93} INFO - Requirement already satisfied: requests<3.0.0 in /home/***/.local/lib/python3.9/site-packages (from dbt-core) (2.31.0)
[2025-03-03T12:52:11.000+0000] {subprocess.py:93} INFO - Requirement already satisfied: pathspec<0.12,>=0.9 in /home/***/.local/lib/python3.9/site-packages (from dbt-core) (0.11.2)
[2025-03-03T12:52:11.001+0000] {subprocess.py:93} INFO - Requirement already satisfied: pytz>=2015.7 in /home/***/.local/lib/python3.9/site-packages (from dbt-core) (2023.3)
[2025-03-03T12:52:11.001+0000] {subprocess.py:93} INFO - Requirement already satisfied: click<9,>=8.0.2 in /home/***/.local/lib/python3.9/site-packages (from dbt-core) (8.1.7)
[2025-03-03T12:52:11.001+0000] {subprocess.py:93} INFO - Requirement already satisfied: networkx<4,>=2.3 in /home/***/.local/lib/python3.9/site-packages (from dbt-core) (3.2.1)
[2025-03-03T12:52:11.002+0000] {subprocess.py:93} INFO - Requirement already satisfied: psycopg2-binary~=2.8 in /home/***/.local/lib/python3.9/site-packages (from dbt-postgres) (2.9.7)
[2025-03-03T12:52:11.008+0000] {subprocess.py:93} INFO - Requirement already satisfied: parsedatetime!=2.5,>=2.1 in /home/***/.local/lib/python3.9/site-packages (from agate~=1.7.0->dbt-core) (2.6)
[2025-03-03T12:52:11.009+0000] {subprocess.py:93} INFO - Requirement already satisfied: leather>=0.3.2 in /home/***/.local/lib/python3.9/site-packages (from agate~=1.7.0->dbt-core) (0.4.0)
[2025-03-03T12:52:11.009+0000] {subprocess.py:93} INFO - Requirement already satisfied: pytimeparse>=1.1.5 in /home/***/.local/lib/python3.9/site-packages (from agate~=1.7.0->dbt-core) (1.1.8)
[2025-03-03T12:52:11.009+0000] {subprocess.py:93} INFO - Requirement already satisfied: python-slugify>=1.2.1 in /home/***/.local/lib/python3.9/site-packages (from agate~=1.7.0->dbt-core) (8.0.1)
[2025-03-03T12:52:11.010+0000] {subprocess.py:93} INFO - Requirement already satisfied: Babel>=2.0 in /home/***/.local/lib/python3.9/site-packages (from agate~=1.7.0->dbt-core) (2.12.1)
[2025-03-03T12:52:11.010+0000] {subprocess.py:93} INFO - Requirement already satisfied: pycparser in /home/***/.local/lib/python3.9/site-packages (from cffi<2.0.0,>=1.9->dbt-core) (2.21)
[2025-03-03T12:52:11.017+0000] {subprocess.py:93} INFO - Requirement already satisfied: importlib-metadata~=6.0 in /home/***/.local/lib/python3.9/site-packages (from dbt-semantic-interfaces~=0.4.2->dbt-core) (6.8.0)
[2025-03-03T12:52:11.017+0000] {subprocess.py:93} INFO - Requirement already satisfied: python-dateutil~=2.0 in /home/***/.local/lib/python3.9/site-packages (from dbt-semantic-interfaces~=0.4.2->dbt-core) (2.8.2)
[2025-03-03T12:52:11.018+0000] {subprocess.py:93} INFO - Requirement already satisfied: pydantic<3,>=1.10 in /home/***/.local/lib/python3.9/site-packages (from dbt-semantic-interfaces~=0.4.2->dbt-core) (2.3.0)
[2025-03-03T12:52:11.018+0000] {subprocess.py:93} INFO - Requirement already satisfied: more-itertools<11.0,>=8.0 in /home/***/.local/lib/python3.9/site-packages (from dbt-semantic-interfaces~=0.4.2->dbt-core) (10.6.0)
[2025-03-03T12:52:11.020+0000] {subprocess.py:93} INFO - Requirement already satisfied: six in /home/***/.local/lib/python3.9/site-packages (from isodate<0.7,>=0.6->dbt-core) (1.16.0)
[2025-03-03T12:52:11.021+0000] {subprocess.py:93} INFO - Requirement already satisfied: MarkupSafe>=2.0 in /home/***/.local/lib/python3.9/site-packages (from Jinja2<4,>=3.1.3->dbt-core) (2.1.3)
[2025-03-03T12:52:11.029+0000] {subprocess.py:93} INFO - Requirement already satisfied: referencing>=0.28.4 in /home/***/.local/lib/python3.9/site-packages (from jsonschema>=3.0->dbt-core) (0.30.2)
[2025-03-03T12:52:11.029+0000] {subprocess.py:93} INFO - Requirement already satisfied: attrs>=22.2.0 in /home/***/.local/lib/python3.9/site-packages (from jsonschema>=3.0->dbt-core) (23.1.0)
[2025-03-03T12:52:11.030+0000] {subprocess.py:93} INFO - Requirement already satisfied: rpds-py>=0.7.1 in /home/***/.local/lib/python3.9/site-packages (from jsonschema>=3.0->dbt-core) (0.10.2)
[2025-03-03T12:52:11.030+0000] {subprocess.py:93} INFO - Requirement already satisfied: jsonschema-specifications>=2023.03.6 in /home/***/.local/lib/python3.9/site-packages (from jsonschema>=3.0->dbt-core) (2023.7.1)
[2025-03-03T12:52:11.042+0000] {subprocess.py:93} INFO - Requirement already satisfied: msgpack>=0.5.6 in /home/***/.local/lib/python3.9/site-packages (from mashumaro[msgpack]~=3.9->dbt-core) (1.0.5)
[2025-03-03T12:52:11.060+0000] {subprocess.py:93} INFO - Requirement already satisfied: certifi>=2017.4.17 in /home/***/.local/lib/python3.9/site-packages (from requests<3.0.0->dbt-core) (2023.7.22)
[2025-03-03T12:52:11.060+0000] {subprocess.py:93} INFO - Requirement already satisfied: charset-normalizer<4,>=2 in /home/***/.local/lib/python3.9/site-packages (from requests<3.0.0->dbt-core) (3.2.0)
[2025-03-03T12:52:11.091+0000] {subprocess.py:93} INFO - Requirement already satisfied: zipp>=0.5 in /home/***/.local/lib/python3.9/site-packages (from importlib-metadata~=6.0->dbt-semantic-interfaces~=0.4.2->dbt-core) (3.16.2)
[2025-03-03T12:52:11.113+0000] {subprocess.py:93} INFO - Requirement already satisfied: annotated-types>=0.4.0 in /home/***/.local/lib/python3.9/site-packages (from pydantic<3,>=1.10->dbt-semantic-interfaces~=0.4.2->dbt-core) (0.5.0)
[2025-03-03T12:52:11.113+0000] {subprocess.py:93} INFO - Requirement already satisfied: pydantic-core==2.6.3 in /home/***/.local/lib/python3.9/site-packages (from pydantic<3,>=1.10->dbt-semantic-interfaces~=0.4.2->dbt-core) (2.6.3)
[2025-03-03T12:52:11.119+0000] {subprocess.py:93} INFO - Requirement already satisfied: text-unidecode>=1.3 in /home/***/.local/lib/python3.9/site-packages (from python-slugify>=1.2.1->agate~=1.7.0->dbt-core) (1.3)
[2025-03-03T12:52:13.410+0000] {subprocess.py:93} INFO - 
[2025-03-03T12:52:13.410+0000] {subprocess.py:93} INFO - [notice] A new release of pip is available: 23.0.1 -> 25.0.1
[2025-03-03T12:52:13.411+0000] {subprocess.py:93} INFO - [notice] To update, run: pip install --upgrade pip
[2025-03-03T12:52:13.486+0000] {subprocess.py:93} INFO - dbt installed successfully: /home/***/.local/bin/dbt
[2025-03-03T12:52:13.487+0000] {subprocess.py:97} INFO - Command exited with return code 0
[2025-03-03T12:52:13.498+0000] {taskinstance.py:1398} INFO - Marking task as SUCCESS. dag_id=xkcd_dbt_transformations, task_id=install_dbt, execution_date=20250303T125209, start_date=20250303T125210, end_date=20250303T125213
[2025-03-03T12:52:13.505+0000] {local_task_job_runner.py:228} INFO - Task exited with return code 0
[2025-03-03T12:52:13.516+0000] {taskinstance.py:2776} INFO - 1 downstream tasks scheduled from follow-on schedule check
