[2025-03-01T01:11:58.118+0000] {processor.py:157} INFO - Started process (PID=20911) to work on /opt/airflow/dags/xkcd-comics-dag.py
[2025-03-01T01:11:58.119+0000] {processor.py:829} INFO - Processing file /opt/airflow/dags/xkcd-comics-dag.py for tasks to queue
[2025-03-01T01:11:58.120+0000] {logging_mixin.py:151} INFO - [2025-03-01T01:11:58.120+0000] {dagbag.py:539} INFO - Filling up the DagBag from /opt/airflow/dags/xkcd-comics-dag.py
[2025-03-01T01:11:58.135+0000] {processor.py:839} INFO - DAG(s) dict_keys(['xkcd_comic_fetcher']) retrieved from /opt/airflow/dags/xkcd-comics-dag.py
[2025-03-01T01:11:58.159+0000] {logging_mixin.py:151} INFO - [2025-03-01T01:11:58.159+0000] {dag.py:2915} INFO - Sync 1 DAGs
[2025-03-01T01:11:58.174+0000] {logging_mixin.py:151} INFO - [2025-03-01T01:11:58.174+0000] {dag.py:3696} INFO - Setting next_dagrun for xkcd_comic_fetcher to 2025-02-28T05:00:00+00:00, run_after=2025-03-03T05:00:00+00:00
[2025-03-01T01:11:58.188+0000] {processor.py:179} INFO - Processing /opt/airflow/dags/xkcd-comics-dag.py took 0.072 seconds
[2025-03-01T02:51:18.087+0000] {processor.py:157} INFO - Started process (PID=20921) to work on /opt/airflow/dags/xkcd-comics-dag.py
[2025-03-01T02:51:18.088+0000] {processor.py:829} INFO - Processing file /opt/airflow/dags/xkcd-comics-dag.py for tasks to queue
[2025-03-01T02:51:18.089+0000] {logging_mixin.py:151} INFO - [2025-03-01T02:51:18.089+0000] {dagbag.py:539} INFO - Filling up the DagBag from /opt/airflow/dags/xkcd-comics-dag.py
[2025-03-01T02:51:18.105+0000] {processor.py:839} INFO - DAG(s) dict_keys(['xkcd_comic_fetcher']) retrieved from /opt/airflow/dags/xkcd-comics-dag.py
[2025-03-01T02:51:18.122+0000] {logging_mixin.py:151} INFO - [2025-03-01T02:51:18.122+0000] {dag.py:2915} INFO - Sync 1 DAGs
[2025-03-01T02:51:18.133+0000] {logging_mixin.py:151} INFO - [2025-03-01T02:51:18.133+0000] {dag.py:3696} INFO - Setting next_dagrun for xkcd_comic_fetcher to 2025-02-28T05:00:00+00:00, run_after=2025-03-03T05:00:00+00:00
[2025-03-01T02:51:18.141+0000] {processor.py:179} INFO - Processing /opt/airflow/dags/xkcd-comics-dag.py took 0.058 seconds
[2025-03-01T04:34:37.004+0000] {processor.py:157} INFO - Started process (PID=20931) to work on /opt/airflow/dags/xkcd-comics-dag.py
[2025-03-01T04:34:37.006+0000] {processor.py:829} INFO - Processing file /opt/airflow/dags/xkcd-comics-dag.py for tasks to queue
[2025-03-01T04:34:37.006+0000] {logging_mixin.py:151} INFO - [2025-03-01T04:34:37.006+0000] {dagbag.py:539} INFO - Filling up the DagBag from /opt/airflow/dags/xkcd-comics-dag.py
[2025-03-01T04:34:37.032+0000] {processor.py:839} INFO - DAG(s) dict_keys(['xkcd_comic_fetcher']) retrieved from /opt/airflow/dags/xkcd-comics-dag.py
[2025-03-01T04:34:37.058+0000] {logging_mixin.py:151} INFO - [2025-03-01T04:34:37.057+0000] {dag.py:2915} INFO - Sync 1 DAGs
[2025-03-01T04:34:37.076+0000] {logging_mixin.py:151} INFO - [2025-03-01T04:34:37.076+0000] {dag.py:3696} INFO - Setting next_dagrun for xkcd_comic_fetcher to 2025-02-28T05:00:00+00:00, run_after=2025-03-03T05:00:00+00:00
[2025-03-01T04:34:37.093+0000] {processor.py:179} INFO - Processing /opt/airflow/dags/xkcd-comics-dag.py took 0.093 seconds
[2025-03-01T05:54:54.152+0000] {processor.py:157} INFO - Started process (PID=20941) to work on /opt/airflow/dags/xkcd-comics-dag.py
[2025-03-01T05:54:54.153+0000] {processor.py:829} INFO - Processing file /opt/airflow/dags/xkcd-comics-dag.py for tasks to queue
[2025-03-01T05:54:54.154+0000] {logging_mixin.py:151} INFO - [2025-03-01T05:54:54.154+0000] {dagbag.py:539} INFO - Filling up the DagBag from /opt/airflow/dags/xkcd-comics-dag.py
[2025-03-01T05:54:54.166+0000] {processor.py:839} INFO - DAG(s) dict_keys(['xkcd_comic_fetcher']) retrieved from /opt/airflow/dags/xkcd-comics-dag.py
[2025-03-01T05:54:54.183+0000] {logging_mixin.py:151} INFO - [2025-03-01T05:54:54.183+0000] {dag.py:2915} INFO - Sync 1 DAGs
[2025-03-01T05:54:54.199+0000] {logging_mixin.py:151} INFO - [2025-03-01T05:54:54.198+0000] {dag.py:3696} INFO - Setting next_dagrun for xkcd_comic_fetcher to 2025-02-28T05:00:00+00:00, run_after=2025-03-03T05:00:00+00:00
[2025-03-01T05:54:54.209+0000] {processor.py:179} INFO - Processing /opt/airflow/dags/xkcd-comics-dag.py took 0.059 seconds
[2025-03-01T07:15:02.663+0000] {processor.py:157} INFO - Started process (PID=20951) to work on /opt/airflow/dags/xkcd-comics-dag.py
[2025-03-01T07:15:02.664+0000] {processor.py:829} INFO - Processing file /opt/airflow/dags/xkcd-comics-dag.py for tasks to queue
[2025-03-01T07:15:02.665+0000] {logging_mixin.py:151} INFO - [2025-03-01T07:15:02.664+0000] {dagbag.py:539} INFO - Filling up the DagBag from /opt/airflow/dags/xkcd-comics-dag.py
[2025-03-01T07:15:02.677+0000] {processor.py:839} INFO - DAG(s) dict_keys(['xkcd_comic_fetcher']) retrieved from /opt/airflow/dags/xkcd-comics-dag.py
[2025-03-01T07:15:02.695+0000] {logging_mixin.py:151} INFO - [2025-03-01T07:15:02.695+0000] {dag.py:2915} INFO - Sync 1 DAGs
[2025-03-01T07:15:02.710+0000] {logging_mixin.py:151} INFO - [2025-03-01T07:15:02.710+0000] {dag.py:3696} INFO - Setting next_dagrun for xkcd_comic_fetcher to 2025-02-28T05:00:00+00:00, run_after=2025-03-03T05:00:00+00:00
[2025-03-01T07:15:02.722+0000] {processor.py:179} INFO - Processing /opt/airflow/dags/xkcd-comics-dag.py took 0.061 seconds
[2025-03-01T08:33:23.081+0000] {processor.py:157} INFO - Started process (PID=20961) to work on /opt/airflow/dags/xkcd-comics-dag.py
[2025-03-01T08:33:23.081+0000] {processor.py:829} INFO - Processing file /opt/airflow/dags/xkcd-comics-dag.py for tasks to queue
[2025-03-01T08:33:23.082+0000] {logging_mixin.py:151} INFO - [2025-03-01T08:33:23.082+0000] {dagbag.py:539} INFO - Filling up the DagBag from /opt/airflow/dags/xkcd-comics-dag.py
[2025-03-01T08:33:23.097+0000] {processor.py:839} INFO - DAG(s) dict_keys(['xkcd_comic_fetcher']) retrieved from /opt/airflow/dags/xkcd-comics-dag.py
[2025-03-01T08:33:23.115+0000] {logging_mixin.py:151} INFO - [2025-03-01T08:33:23.115+0000] {dag.py:2915} INFO - Sync 1 DAGs
[2025-03-01T08:33:23.129+0000] {logging_mixin.py:151} INFO - [2025-03-01T08:33:23.129+0000] {dag.py:3696} INFO - Setting next_dagrun for xkcd_comic_fetcher to 2025-02-28T05:00:00+00:00, run_after=2025-03-03T05:00:00+00:00
[2025-03-01T08:33:23.140+0000] {processor.py:179} INFO - Processing /opt/airflow/dags/xkcd-comics-dag.py took 0.062 seconds
[2025-03-01T09:49:12.460+0000] {processor.py:157} INFO - Started process (PID=20973) to work on /opt/airflow/dags/xkcd-comics-dag.py
[2025-03-01T09:49:12.462+0000] {processor.py:829} INFO - Processing file /opt/airflow/dags/xkcd-comics-dag.py for tasks to queue
[2025-03-01T09:49:12.462+0000] {logging_mixin.py:151} INFO - [2025-03-01T09:49:12.462+0000] {dagbag.py:539} INFO - Filling up the DagBag from /opt/airflow/dags/xkcd-comics-dag.py
[2025-03-01T09:49:12.482+0000] {processor.py:839} INFO - DAG(s) dict_keys(['xkcd_comic_fetcher']) retrieved from /opt/airflow/dags/xkcd-comics-dag.py
[2025-03-01T09:49:12.504+0000] {logging_mixin.py:151} INFO - [2025-03-01T09:49:12.504+0000] {dag.py:2915} INFO - Sync 1 DAGs
[2025-03-01T09:49:12.519+0000] {logging_mixin.py:151} INFO - [2025-03-01T09:49:12.519+0000] {dag.py:3696} INFO - Setting next_dagrun for xkcd_comic_fetcher to 2025-02-28T05:00:00+00:00, run_after=2025-03-03T05:00:00+00:00
[2025-03-01T09:49:12.532+0000] {processor.py:179} INFO - Processing /opt/airflow/dags/xkcd-comics-dag.py took 0.076 seconds
[2025-03-01T11:05:41.473+0000] {processor.py:157} INFO - Started process (PID=20983) to work on /opt/airflow/dags/xkcd-comics-dag.py
[2025-03-01T11:05:41.473+0000] {processor.py:829} INFO - Processing file /opt/airflow/dags/xkcd-comics-dag.py for tasks to queue
[2025-03-01T11:05:41.474+0000] {logging_mixin.py:151} INFO - [2025-03-01T11:05:41.474+0000] {dagbag.py:539} INFO - Filling up the DagBag from /opt/airflow/dags/xkcd-comics-dag.py
[2025-03-01T11:05:41.490+0000] {processor.py:839} INFO - DAG(s) dict_keys(['xkcd_comic_fetcher']) retrieved from /opt/airflow/dags/xkcd-comics-dag.py
[2025-03-01T11:05:41.512+0000] {logging_mixin.py:151} INFO - [2025-03-01T11:05:41.512+0000] {dag.py:2915} INFO - Sync 1 DAGs
[2025-03-01T11:05:41.525+0000] {logging_mixin.py:151} INFO - [2025-03-01T11:05:41.525+0000] {dag.py:3696} INFO - Setting next_dagrun for xkcd_comic_fetcher to 2025-02-28T05:00:00+00:00, run_after=2025-03-03T05:00:00+00:00
[2025-03-01T11:05:41.537+0000] {processor.py:179} INFO - Processing /opt/airflow/dags/xkcd-comics-dag.py took 0.067 seconds
[2025-03-01T12:06:12.913+0000] {processor.py:157} INFO - Started process (PID=20993) to work on /opt/airflow/dags/xkcd-comics-dag.py
[2025-03-01T12:06:12.914+0000] {processor.py:829} INFO - Processing file /opt/airflow/dags/xkcd-comics-dag.py for tasks to queue
[2025-03-01T12:06:12.914+0000] {logging_mixin.py:151} INFO - [2025-03-01T12:06:12.914+0000] {dagbag.py:539} INFO - Filling up the DagBag from /opt/airflow/dags/xkcd-comics-dag.py
[2025-03-01T12:06:12.931+0000] {processor.py:839} INFO - DAG(s) dict_keys(['xkcd_comic_fetcher']) retrieved from /opt/airflow/dags/xkcd-comics-dag.py
[2025-03-01T12:06:12.955+0000] {logging_mixin.py:151} INFO - [2025-03-01T12:06:12.955+0000] {dag.py:2915} INFO - Sync 1 DAGs
[2025-03-01T12:06:12.971+0000] {logging_mixin.py:151} INFO - [2025-03-01T12:06:12.971+0000] {dag.py:3696} INFO - Setting next_dagrun for xkcd_comic_fetcher to 2025-02-28T05:00:00+00:00, run_after=2025-03-03T05:00:00+00:00
[2025-03-01T12:06:12.985+0000] {processor.py:179} INFO - Processing /opt/airflow/dags/xkcd-comics-dag.py took 0.074 seconds
[2025-03-01T13:20:04.945+0000] {processor.py:157} INFO - Started process (PID=21005) to work on /opt/airflow/dags/xkcd-comics-dag.py
[2025-03-01T13:20:04.946+0000] {processor.py:829} INFO - Processing file /opt/airflow/dags/xkcd-comics-dag.py for tasks to queue
[2025-03-01T13:20:04.947+0000] {logging_mixin.py:151} INFO - [2025-03-01T13:20:04.946+0000] {dagbag.py:539} INFO - Filling up the DagBag from /opt/airflow/dags/xkcd-comics-dag.py
[2025-03-01T13:20:04.962+0000] {processor.py:839} INFO - DAG(s) dict_keys(['xkcd_comic_fetcher']) retrieved from /opt/airflow/dags/xkcd-comics-dag.py
[2025-03-01T13:20:04.983+0000] {logging_mixin.py:151} INFO - [2025-03-01T13:20:04.983+0000] {dag.py:2915} INFO - Sync 1 DAGs
[2025-03-01T13:20:04.995+0000] {logging_mixin.py:151} INFO - [2025-03-01T13:20:04.995+0000] {dag.py:3696} INFO - Setting next_dagrun for xkcd_comic_fetcher to 2025-02-28T05:00:00+00:00, run_after=2025-03-03T05:00:00+00:00
[2025-03-01T13:20:05.007+0000] {processor.py:179} INFO - Processing /opt/airflow/dags/xkcd-comics-dag.py took 0.064 seconds
[2025-03-01T14:37:23.350+0000] {processor.py:157} INFO - Started process (PID=21015) to work on /opt/airflow/dags/xkcd-comics-dag.py
[2025-03-01T14:37:23.351+0000] {processor.py:829} INFO - Processing file /opt/airflow/dags/xkcd-comics-dag.py for tasks to queue
[2025-03-01T14:37:23.352+0000] {logging_mixin.py:151} INFO - [2025-03-01T14:37:23.352+0000] {dagbag.py:539} INFO - Filling up the DagBag from /opt/airflow/dags/xkcd-comics-dag.py
[2025-03-01T14:37:23.366+0000] {processor.py:839} INFO - DAG(s) dict_keys(['xkcd_comic_fetcher']) retrieved from /opt/airflow/dags/xkcd-comics-dag.py
[2025-03-01T14:37:23.384+0000] {logging_mixin.py:151} INFO - [2025-03-01T14:37:23.384+0000] {dag.py:2915} INFO - Sync 1 DAGs
[2025-03-01T14:37:23.400+0000] {logging_mixin.py:151} INFO - [2025-03-01T14:37:23.400+0000] {dag.py:3696} INFO - Setting next_dagrun for xkcd_comic_fetcher to 2025-02-28T05:00:00+00:00, run_after=2025-03-03T05:00:00+00:00
[2025-03-01T14:37:23.411+0000] {processor.py:179} INFO - Processing /opt/airflow/dags/xkcd-comics-dag.py took 0.063 seconds
[2025-03-01T15:53:47.541+0000] {processor.py:157} INFO - Started process (PID=21025) to work on /opt/airflow/dags/xkcd-comics-dag.py
[2025-03-01T15:53:47.542+0000] {processor.py:829} INFO - Processing file /opt/airflow/dags/xkcd-comics-dag.py for tasks to queue
[2025-03-01T15:53:47.542+0000] {logging_mixin.py:151} INFO - [2025-03-01T15:53:47.542+0000] {dagbag.py:539} INFO - Filling up the DagBag from /opt/airflow/dags/xkcd-comics-dag.py
[2025-03-01T15:53:47.556+0000] {processor.py:839} INFO - DAG(s) dict_keys(['xkcd_comic_fetcher']) retrieved from /opt/airflow/dags/xkcd-comics-dag.py
[2025-03-01T15:53:47.573+0000] {logging_mixin.py:151} INFO - [2025-03-01T15:53:47.573+0000] {dag.py:2915} INFO - Sync 1 DAGs
[2025-03-01T15:53:47.588+0000] {logging_mixin.py:151} INFO - [2025-03-01T15:53:47.588+0000] {dag.py:3696} INFO - Setting next_dagrun for xkcd_comic_fetcher to 2025-02-28T05:00:00+00:00, run_after=2025-03-03T05:00:00+00:00
[2025-03-01T15:53:47.600+0000] {processor.py:179} INFO - Processing /opt/airflow/dags/xkcd-comics-dag.py took 0.061 seconds
[2025-03-01T17:16:00.902+0000] {processor.py:157} INFO - Started process (PID=21035) to work on /opt/airflow/dags/xkcd-comics-dag.py
[2025-03-01T17:16:00.903+0000] {processor.py:829} INFO - Processing file /opt/airflow/dags/xkcd-comics-dag.py for tasks to queue
[2025-03-01T17:16:00.903+0000] {logging_mixin.py:151} INFO - [2025-03-01T17:16:00.903+0000] {dagbag.py:539} INFO - Filling up the DagBag from /opt/airflow/dags/xkcd-comics-dag.py
[2025-03-01T17:16:00.915+0000] {processor.py:839} INFO - DAG(s) dict_keys(['xkcd_comic_fetcher']) retrieved from /opt/airflow/dags/xkcd-comics-dag.py
[2025-03-01T17:16:00.935+0000] {logging_mixin.py:151} INFO - [2025-03-01T17:16:00.935+0000] {dag.py:2915} INFO - Sync 1 DAGs
[2025-03-01T17:16:00.948+0000] {logging_mixin.py:151} INFO - [2025-03-01T17:16:00.948+0000] {dag.py:3696} INFO - Setting next_dagrun for xkcd_comic_fetcher to 2025-02-28T05:00:00+00:00, run_after=2025-03-03T05:00:00+00:00
[2025-03-01T17:16:00.959+0000] {processor.py:179} INFO - Processing /opt/airflow/dags/xkcd-comics-dag.py took 0.059 seconds
[2025-03-01T18:25:05.052+0000] {processor.py:157} INFO - Started process (PID=21045) to work on /opt/airflow/dags/xkcd-comics-dag.py
[2025-03-01T18:25:05.053+0000] {processor.py:829} INFO - Processing file /opt/airflow/dags/xkcd-comics-dag.py for tasks to queue
[2025-03-01T18:25:05.054+0000] {logging_mixin.py:151} INFO - [2025-03-01T18:25:05.054+0000] {dagbag.py:539} INFO - Filling up the DagBag from /opt/airflow/dags/xkcd-comics-dag.py
[2025-03-01T18:25:05.067+0000] {processor.py:839} INFO - DAG(s) dict_keys(['xkcd_comic_fetcher']) retrieved from /opt/airflow/dags/xkcd-comics-dag.py
[2025-03-01T18:25:05.085+0000] {logging_mixin.py:151} INFO - [2025-03-01T18:25:05.085+0000] {dag.py:2915} INFO - Sync 1 DAGs
[2025-03-01T18:25:05.098+0000] {logging_mixin.py:151} INFO - [2025-03-01T18:25:05.098+0000] {dag.py:3696} INFO - Setting next_dagrun for xkcd_comic_fetcher to 2025-02-28T05:00:00+00:00, run_after=2025-03-03T05:00:00+00:00
[2025-03-01T18:25:05.109+0000] {processor.py:179} INFO - Processing /opt/airflow/dags/xkcd-comics-dag.py took 0.059 seconds
[2025-03-01T19:44:00.207+0000] {processor.py:157} INFO - Started process (PID=21057) to work on /opt/airflow/dags/xkcd-comics-dag.py
[2025-03-01T19:44:00.208+0000] {processor.py:829} INFO - Processing file /opt/airflow/dags/xkcd-comics-dag.py for tasks to queue
[2025-03-01T19:44:00.209+0000] {logging_mixin.py:151} INFO - [2025-03-01T19:44:00.209+0000] {dagbag.py:539} INFO - Filling up the DagBag from /opt/airflow/dags/xkcd-comics-dag.py
[2025-03-01T19:44:00.224+0000] {processor.py:839} INFO - DAG(s) dict_keys(['xkcd_comic_fetcher']) retrieved from /opt/airflow/dags/xkcd-comics-dag.py
[2025-03-01T19:44:00.242+0000] {logging_mixin.py:151} INFO - [2025-03-01T19:44:00.242+0000] {dag.py:2915} INFO - Sync 1 DAGs
[2025-03-01T19:44:00.253+0000] {logging_mixin.py:151} INFO - [2025-03-01T19:44:00.253+0000] {dag.py:3696} INFO - Setting next_dagrun for xkcd_comic_fetcher to 2025-02-28T05:00:00+00:00, run_after=2025-03-03T05:00:00+00:00
[2025-03-01T19:44:00.263+0000] {processor.py:179} INFO - Processing /opt/airflow/dags/xkcd-comics-dag.py took 0.059 seconds
[2025-03-01T21:01:03.223+0000] {processor.py:157} INFO - Started process (PID=21067) to work on /opt/airflow/dags/xkcd-comics-dag.py
[2025-03-01T21:01:03.223+0000] {processor.py:829} INFO - Processing file /opt/airflow/dags/xkcd-comics-dag.py for tasks to queue
[2025-03-01T21:01:03.224+0000] {logging_mixin.py:151} INFO - [2025-03-01T21:01:03.224+0000] {dagbag.py:539} INFO - Filling up the DagBag from /opt/airflow/dags/xkcd-comics-dag.py
[2025-03-01T21:01:03.239+0000] {processor.py:839} INFO - DAG(s) dict_keys(['xkcd_comic_fetcher']) retrieved from /opt/airflow/dags/xkcd-comics-dag.py
[2025-03-01T21:01:03.260+0000] {logging_mixin.py:151} INFO - [2025-03-01T21:01:03.259+0000] {dag.py:2915} INFO - Sync 1 DAGs
[2025-03-01T21:01:03.271+0000] {logging_mixin.py:151} INFO - [2025-03-01T21:01:03.271+0000] {dag.py:3696} INFO - Setting next_dagrun for xkcd_comic_fetcher to 2025-02-28T05:00:00+00:00, run_after=2025-03-03T05:00:00+00:00
[2025-03-01T21:01:03.282+0000] {processor.py:179} INFO - Processing /opt/airflow/dags/xkcd-comics-dag.py took 0.062 seconds
[2025-03-01T22:29:02.831+0000] {processor.py:157} INFO - Started process (PID=21079) to work on /opt/airflow/dags/xkcd-comics-dag.py
[2025-03-01T22:29:02.833+0000] {processor.py:829} INFO - Processing file /opt/airflow/dags/xkcd-comics-dag.py for tasks to queue
[2025-03-01T22:29:02.833+0000] {logging_mixin.py:151} INFO - [2025-03-01T22:29:02.833+0000] {dagbag.py:539} INFO - Filling up the DagBag from /opt/airflow/dags/xkcd-comics-dag.py
[2025-03-01T22:29:02.845+0000] {processor.py:839} INFO - DAG(s) dict_keys(['xkcd_comic_fetcher']) retrieved from /opt/airflow/dags/xkcd-comics-dag.py
[2025-03-01T22:29:02.862+0000] {logging_mixin.py:151} INFO - [2025-03-01T22:29:02.862+0000] {dag.py:2915} INFO - Sync 1 DAGs
[2025-03-01T22:29:02.875+0000] {logging_mixin.py:151} INFO - [2025-03-01T22:29:02.875+0000] {dag.py:3696} INFO - Setting next_dagrun for xkcd_comic_fetcher to 2025-02-28T05:00:00+00:00, run_after=2025-03-03T05:00:00+00:00
[2025-03-01T22:29:02.887+0000] {processor.py:179} INFO - Processing /opt/airflow/dags/xkcd-comics-dag.py took 0.061 seconds
[2025-03-01T23:21:45.713+0000] {processor.py:157} INFO - Started process (PID=21089) to work on /opt/airflow/dags/xkcd-comics-dag.py
[2025-03-01T23:21:45.714+0000] {processor.py:829} INFO - Processing file /opt/airflow/dags/xkcd-comics-dag.py for tasks to queue
[2025-03-01T23:21:45.715+0000] {logging_mixin.py:151} INFO - [2025-03-01T23:21:45.715+0000] {dagbag.py:539} INFO - Filling up the DagBag from /opt/airflow/dags/xkcd-comics-dag.py
[2025-03-01T23:21:45.737+0000] {processor.py:839} INFO - DAG(s) dict_keys(['xkcd_comic_fetcher']) retrieved from /opt/airflow/dags/xkcd-comics-dag.py
[2025-03-01T23:21:45.763+0000] {logging_mixin.py:151} INFO - [2025-03-01T23:21:45.763+0000] {dag.py:2915} INFO - Sync 1 DAGs
[2025-03-01T23:21:45.777+0000] {logging_mixin.py:151} INFO - [2025-03-01T23:21:45.777+0000] {dag.py:3696} INFO - Setting next_dagrun for xkcd_comic_fetcher to 2025-02-28T05:00:00+00:00, run_after=2025-03-03T05:00:00+00:00
[2025-03-01T23:21:45.793+0000] {processor.py:179} INFO - Processing /opt/airflow/dags/xkcd-comics-dag.py took 0.082 seconds
