[2025-03-01T01:11:58.118+0000] {processor.py:157} INFO - Started process (PID=20914) to work on /opt/airflow/dags/xkcd_dbt_dag.py
[2025-03-01T01:11:58.119+0000] {processor.py:829} INFO - Processing file /opt/airflow/dags/xkcd_dbt_dag.py for tasks to queue
[2025-03-01T01:11:58.120+0000] {logging_mixin.py:151} INFO - [2025-03-01T01:11:58.119+0000] {dagbag.py:539} INFO - Filling up the DagBag from /opt/airflow/dags/xkcd_dbt_dag.py
[2025-03-01T01:11:58.132+0000] {processor.py:839} INFO - DAG(s) dict_keys(['xkcd_dbt_dag']) retrieved from /opt/airflow/dags/xkcd_dbt_dag.py
[2025-03-01T01:11:58.155+0000] {logging_mixin.py:151} INFO - [2025-03-01T01:11:58.155+0000] {dag.py:2915} INFO - Sync 1 DAGs
[2025-03-01T01:11:58.172+0000] {logging_mixin.py:151} INFO - [2025-03-01T01:11:58.172+0000] {dag.py:3696} INFO - Setting next_dagrun for xkcd_dbt_dag to 2025-02-28T00:00:00+00:00, run_after=2025-03-01T00:00:00+00:00
[2025-03-01T01:11:58.186+0000] {processor.py:179} INFO - Processing /opt/airflow/dags/xkcd_dbt_dag.py took 0.070 seconds
[2025-03-01T02:51:18.091+0000] {processor.py:157} INFO - Started process (PID=20924) to work on /opt/airflow/dags/xkcd_dbt_dag.py
[2025-03-01T02:51:18.091+0000] {processor.py:829} INFO - Processing file /opt/airflow/dags/xkcd_dbt_dag.py for tasks to queue
[2025-03-01T02:51:18.095+0000] {logging_mixin.py:151} INFO - [2025-03-01T02:51:18.095+0000] {dagbag.py:539} INFO - Filling up the DagBag from /opt/airflow/dags/xkcd_dbt_dag.py
[2025-03-01T02:51:18.106+0000] {processor.py:839} INFO - DAG(s) dict_keys(['xkcd_dbt_dag']) retrieved from /opt/airflow/dags/xkcd_dbt_dag.py
[2025-03-01T02:51:18.123+0000] {logging_mixin.py:151} INFO - [2025-03-01T02:51:18.123+0000] {dag.py:2915} INFO - Sync 1 DAGs
[2025-03-01T02:51:18.136+0000] {logging_mixin.py:151} INFO - [2025-03-01T02:51:18.136+0000] {dag.py:3696} INFO - Setting next_dagrun for xkcd_dbt_dag to 2025-02-28T00:00:00+00:00, run_after=2025-03-01T00:00:00+00:00
[2025-03-01T02:51:18.146+0000] {processor.py:179} INFO - Processing /opt/airflow/dags/xkcd_dbt_dag.py took 0.057 seconds
[2025-03-01T04:34:37.006+0000] {processor.py:157} INFO - Started process (PID=20934) to work on /opt/airflow/dags/xkcd_dbt_dag.py
[2025-03-01T04:34:37.007+0000] {processor.py:829} INFO - Processing file /opt/airflow/dags/xkcd_dbt_dag.py for tasks to queue
[2025-03-01T04:34:37.008+0000] {logging_mixin.py:151} INFO - [2025-03-01T04:34:37.008+0000] {dagbag.py:539} INFO - Filling up the DagBag from /opt/airflow/dags/xkcd_dbt_dag.py
[2025-03-01T04:34:37.022+0000] {processor.py:839} INFO - DAG(s) dict_keys(['xkcd_dbt_dag']) retrieved from /opt/airflow/dags/xkcd_dbt_dag.py
[2025-03-01T04:34:37.047+0000] {logging_mixin.py:151} INFO - [2025-03-01T04:34:37.047+0000] {dag.py:2915} INFO - Sync 1 DAGs
[2025-03-01T04:34:37.063+0000] {logging_mixin.py:151} INFO - [2025-03-01T04:34:37.063+0000] {dag.py:3696} INFO - Setting next_dagrun for xkcd_dbt_dag to 2025-02-28T00:00:00+00:00, run_after=2025-03-01T00:00:00+00:00
[2025-03-01T04:34:37.084+0000] {processor.py:179} INFO - Processing /opt/airflow/dags/xkcd_dbt_dag.py took 0.082 seconds
[2025-03-01T05:54:54.153+0000] {processor.py:157} INFO - Started process (PID=20944) to work on /opt/airflow/dags/xkcd_dbt_dag.py
[2025-03-01T05:54:54.153+0000] {processor.py:829} INFO - Processing file /opt/airflow/dags/xkcd_dbt_dag.py for tasks to queue
[2025-03-01T05:54:54.154+0000] {logging_mixin.py:151} INFO - [2025-03-01T05:54:54.154+0000] {dagbag.py:539} INFO - Filling up the DagBag from /opt/airflow/dags/xkcd_dbt_dag.py
[2025-03-01T05:54:54.165+0000] {processor.py:839} INFO - DAG(s) dict_keys(['xkcd_dbt_dag']) retrieved from /opt/airflow/dags/xkcd_dbt_dag.py
[2025-03-01T05:54:54.186+0000] {logging_mixin.py:151} INFO - [2025-03-01T05:54:54.186+0000] {dag.py:2915} INFO - Sync 1 DAGs
[2025-03-01T05:54:54.198+0000] {logging_mixin.py:151} INFO - [2025-03-01T05:54:54.198+0000] {dag.py:3696} INFO - Setting next_dagrun for xkcd_dbt_dag to 2025-02-28T00:00:00+00:00, run_after=2025-03-01T00:00:00+00:00
[2025-03-01T05:54:54.209+0000] {processor.py:179} INFO - Processing /opt/airflow/dags/xkcd_dbt_dag.py took 0.059 seconds
[2025-03-01T07:15:02.666+0000] {processor.py:157} INFO - Started process (PID=20954) to work on /opt/airflow/dags/xkcd_dbt_dag.py
[2025-03-01T07:15:02.670+0000] {processor.py:829} INFO - Processing file /opt/airflow/dags/xkcd_dbt_dag.py for tasks to queue
[2025-03-01T07:15:02.670+0000] {logging_mixin.py:151} INFO - [2025-03-01T07:15:02.670+0000] {dagbag.py:539} INFO - Filling up the DagBag from /opt/airflow/dags/xkcd_dbt_dag.py
[2025-03-01T07:15:02.679+0000] {processor.py:839} INFO - DAG(s) dict_keys(['xkcd_dbt_dag']) retrieved from /opt/airflow/dags/xkcd_dbt_dag.py
[2025-03-01T07:15:02.696+0000] {logging_mixin.py:151} INFO - [2025-03-01T07:15:02.696+0000] {dag.py:2915} INFO - Sync 1 DAGs
[2025-03-01T07:15:02.707+0000] {logging_mixin.py:151} INFO - [2025-03-01T07:15:02.707+0000] {dag.py:3696} INFO - Setting next_dagrun for xkcd_dbt_dag to 2025-02-28T00:00:00+00:00, run_after=2025-03-01T00:00:00+00:00
[2025-03-01T07:15:02.719+0000] {processor.py:179} INFO - Processing /opt/airflow/dags/xkcd_dbt_dag.py took 0.054 seconds
[2025-03-01T08:33:23.083+0000] {processor.py:157} INFO - Started process (PID=20964) to work on /opt/airflow/dags/xkcd_dbt_dag.py
[2025-03-01T08:33:23.086+0000] {processor.py:829} INFO - Processing file /opt/airflow/dags/xkcd_dbt_dag.py for tasks to queue
[2025-03-01T08:33:23.087+0000] {logging_mixin.py:151} INFO - [2025-03-01T08:33:23.087+0000] {dagbag.py:539} INFO - Filling up the DagBag from /opt/airflow/dags/xkcd_dbt_dag.py
[2025-03-01T08:33:23.097+0000] {processor.py:839} INFO - DAG(s) dict_keys(['xkcd_dbt_dag']) retrieved from /opt/airflow/dags/xkcd_dbt_dag.py
[2025-03-01T08:33:23.117+0000] {logging_mixin.py:151} INFO - [2025-03-01T08:33:23.117+0000] {dag.py:2915} INFO - Sync 1 DAGs
[2025-03-01T08:33:23.131+0000] {logging_mixin.py:151} INFO - [2025-03-01T08:33:23.131+0000] {dag.py:3696} INFO - Setting next_dagrun for xkcd_dbt_dag to 2025-02-28T00:00:00+00:00, run_after=2025-03-01T00:00:00+00:00
[2025-03-01T08:33:23.141+0000] {processor.py:179} INFO - Processing /opt/airflow/dags/xkcd_dbt_dag.py took 0.060 seconds
[2025-03-01T09:49:12.465+0000] {processor.py:157} INFO - Started process (PID=20976) to work on /opt/airflow/dags/xkcd_dbt_dag.py
[2025-03-01T09:49:12.469+0000] {processor.py:829} INFO - Processing file /opt/airflow/dags/xkcd_dbt_dag.py for tasks to queue
[2025-03-01T09:49:12.471+0000] {logging_mixin.py:151} INFO - [2025-03-01T09:49:12.470+0000] {dagbag.py:539} INFO - Filling up the DagBag from /opt/airflow/dags/xkcd_dbt_dag.py
[2025-03-01T09:49:12.484+0000] {processor.py:839} INFO - DAG(s) dict_keys(['xkcd_dbt_dag']) retrieved from /opt/airflow/dags/xkcd_dbt_dag.py
[2025-03-01T09:49:12.505+0000] {logging_mixin.py:151} INFO - [2025-03-01T09:49:12.504+0000] {dag.py:2915} INFO - Sync 1 DAGs
[2025-03-01T09:49:12.520+0000] {logging_mixin.py:151} INFO - [2025-03-01T09:49:12.520+0000] {dag.py:3696} INFO - Setting next_dagrun for xkcd_dbt_dag to 2025-02-28T00:00:00+00:00, run_after=2025-03-01T00:00:00+00:00
[2025-03-01T09:49:12.532+0000] {processor.py:179} INFO - Processing /opt/airflow/dags/xkcd_dbt_dag.py took 0.071 seconds
[2025-03-01T11:05:41.474+0000] {processor.py:157} INFO - Started process (PID=20986) to work on /opt/airflow/dags/xkcd_dbt_dag.py
[2025-03-01T11:05:41.475+0000] {processor.py:829} INFO - Processing file /opt/airflow/dags/xkcd_dbt_dag.py for tasks to queue
[2025-03-01T11:05:41.476+0000] {logging_mixin.py:151} INFO - [2025-03-01T11:05:41.476+0000] {dagbag.py:539} INFO - Filling up the DagBag from /opt/airflow/dags/xkcd_dbt_dag.py
[2025-03-01T11:05:41.492+0000] {processor.py:839} INFO - DAG(s) dict_keys(['xkcd_dbt_dag']) retrieved from /opt/airflow/dags/xkcd_dbt_dag.py
[2025-03-01T11:05:41.508+0000] {logging_mixin.py:151} INFO - [2025-03-01T11:05:41.508+0000] {dag.py:2915} INFO - Sync 1 DAGs
[2025-03-01T11:05:41.520+0000] {logging_mixin.py:151} INFO - [2025-03-01T11:05:41.520+0000] {dag.py:3696} INFO - Setting next_dagrun for xkcd_dbt_dag to 2025-02-28T00:00:00+00:00, run_after=2025-03-01T00:00:00+00:00
[2025-03-01T11:05:41.532+0000] {processor.py:179} INFO - Processing /opt/airflow/dags/xkcd_dbt_dag.py took 0.060 seconds
[2025-03-01T12:06:12.917+0000] {processor.py:157} INFO - Started process (PID=20996) to work on /opt/airflow/dags/xkcd_dbt_dag.py
[2025-03-01T12:06:12.920+0000] {processor.py:829} INFO - Processing file /opt/airflow/dags/xkcd_dbt_dag.py for tasks to queue
[2025-03-01T12:06:12.921+0000] {logging_mixin.py:151} INFO - [2025-03-01T12:06:12.920+0000] {dagbag.py:539} INFO - Filling up the DagBag from /opt/airflow/dags/xkcd_dbt_dag.py
[2025-03-01T12:06:12.934+0000] {processor.py:839} INFO - DAG(s) dict_keys(['xkcd_dbt_dag']) retrieved from /opt/airflow/dags/xkcd_dbt_dag.py
[2025-03-01T12:06:12.958+0000] {logging_mixin.py:151} INFO - [2025-03-01T12:06:12.958+0000] {dag.py:2915} INFO - Sync 1 DAGs
[2025-03-01T12:06:12.971+0000] {logging_mixin.py:151} INFO - [2025-03-01T12:06:12.971+0000] {dag.py:3696} INFO - Setting next_dagrun for xkcd_dbt_dag to 2025-02-28T00:00:00+00:00, run_after=2025-03-01T00:00:00+00:00
[2025-03-01T12:06:12.985+0000] {processor.py:179} INFO - Processing /opt/airflow/dags/xkcd_dbt_dag.py took 0.070 seconds
[2025-03-01T13:20:04.948+0000] {processor.py:157} INFO - Started process (PID=21008) to work on /opt/airflow/dags/xkcd_dbt_dag.py
[2025-03-01T13:20:04.949+0000] {processor.py:829} INFO - Processing file /opt/airflow/dags/xkcd_dbt_dag.py for tasks to queue
[2025-03-01T13:20:04.949+0000] {logging_mixin.py:151} INFO - [2025-03-01T13:20:04.949+0000] {dagbag.py:539} INFO - Filling up the DagBag from /opt/airflow/dags/xkcd_dbt_dag.py
[2025-03-01T13:20:04.964+0000] {processor.py:839} INFO - DAG(s) dict_keys(['xkcd_dbt_dag']) retrieved from /opt/airflow/dags/xkcd_dbt_dag.py
[2025-03-01T13:20:04.986+0000] {logging_mixin.py:151} INFO - [2025-03-01T13:20:04.986+0000] {dag.py:2915} INFO - Sync 1 DAGs
[2025-03-01T13:20:05.001+0000] {logging_mixin.py:151} INFO - [2025-03-01T13:20:05.001+0000] {dag.py:3696} INFO - Setting next_dagrun for xkcd_dbt_dag to 2025-02-28T00:00:00+00:00, run_after=2025-03-01T00:00:00+00:00
[2025-03-01T13:20:05.014+0000] {processor.py:179} INFO - Processing /opt/airflow/dags/xkcd_dbt_dag.py took 0.068 seconds
[2025-03-01T14:37:23.353+0000] {processor.py:157} INFO - Started process (PID=21018) to work on /opt/airflow/dags/xkcd_dbt_dag.py
[2025-03-01T14:37:23.354+0000] {processor.py:829} INFO - Processing file /opt/airflow/dags/xkcd_dbt_dag.py for tasks to queue
[2025-03-01T14:37:23.354+0000] {logging_mixin.py:151} INFO - [2025-03-01T14:37:23.354+0000] {dagbag.py:539} INFO - Filling up the DagBag from /opt/airflow/dags/xkcd_dbt_dag.py
[2025-03-01T14:37:23.368+0000] {processor.py:839} INFO - DAG(s) dict_keys(['xkcd_dbt_dag']) retrieved from /opt/airflow/dags/xkcd_dbt_dag.py
[2025-03-01T14:37:23.384+0000] {logging_mixin.py:151} INFO - [2025-03-01T14:37:23.384+0000] {dag.py:2915} INFO - Sync 1 DAGs
[2025-03-01T14:37:23.400+0000] {logging_mixin.py:151} INFO - [2025-03-01T14:37:23.400+0000] {dag.py:3696} INFO - Setting next_dagrun for xkcd_dbt_dag to 2025-02-28T00:00:00+00:00, run_after=2025-03-01T00:00:00+00:00
[2025-03-01T14:37:23.413+0000] {processor.py:179} INFO - Processing /opt/airflow/dags/xkcd_dbt_dag.py took 0.063 seconds
[2025-03-01T15:53:47.543+0000] {processor.py:157} INFO - Started process (PID=21028) to work on /opt/airflow/dags/xkcd_dbt_dag.py
[2025-03-01T15:53:47.543+0000] {processor.py:829} INFO - Processing file /opt/airflow/dags/xkcd_dbt_dag.py for tasks to queue
[2025-03-01T15:53:47.545+0000] {logging_mixin.py:151} INFO - [2025-03-01T15:53:47.544+0000] {dagbag.py:539} INFO - Filling up the DagBag from /opt/airflow/dags/xkcd_dbt_dag.py
[2025-03-01T15:53:47.558+0000] {processor.py:839} INFO - DAG(s) dict_keys(['xkcd_dbt_dag']) retrieved from /opt/airflow/dags/xkcd_dbt_dag.py
[2025-03-01T15:53:47.573+0000] {logging_mixin.py:151} INFO - [2025-03-01T15:53:47.573+0000] {dag.py:2915} INFO - Sync 1 DAGs
[2025-03-01T15:53:47.584+0000] {logging_mixin.py:151} INFO - [2025-03-01T15:53:47.583+0000] {dag.py:3696} INFO - Setting next_dagrun for xkcd_dbt_dag to 2025-02-28T00:00:00+00:00, run_after=2025-03-01T00:00:00+00:00
[2025-03-01T15:53:47.594+0000] {processor.py:179} INFO - Processing /opt/airflow/dags/xkcd_dbt_dag.py took 0.053 seconds
[2025-03-01T17:16:00.904+0000] {processor.py:157} INFO - Started process (PID=21038) to work on /opt/airflow/dags/xkcd_dbt_dag.py
[2025-03-01T17:16:00.905+0000] {processor.py:829} INFO - Processing file /opt/airflow/dags/xkcd_dbt_dag.py for tasks to queue
[2025-03-01T17:16:00.906+0000] {logging_mixin.py:151} INFO - [2025-03-01T17:16:00.905+0000] {dagbag.py:539} INFO - Filling up the DagBag from /opt/airflow/dags/xkcd_dbt_dag.py
[2025-03-01T17:16:00.920+0000] {processor.py:839} INFO - DAG(s) dict_keys(['xkcd_dbt_dag']) retrieved from /opt/airflow/dags/xkcd_dbt_dag.py
[2025-03-01T17:16:00.939+0000] {logging_mixin.py:151} INFO - [2025-03-01T17:16:00.939+0000] {dag.py:2915} INFO - Sync 1 DAGs
[2025-03-01T17:16:00.949+0000] {logging_mixin.py:151} INFO - [2025-03-01T17:16:00.949+0000] {dag.py:3696} INFO - Setting next_dagrun for xkcd_dbt_dag to 2025-02-28T00:00:00+00:00, run_after=2025-03-01T00:00:00+00:00
[2025-03-01T17:16:00.959+0000] {processor.py:179} INFO - Processing /opt/airflow/dags/xkcd_dbt_dag.py took 0.057 seconds
[2025-03-01T18:25:05.055+0000] {processor.py:157} INFO - Started process (PID=21048) to work on /opt/airflow/dags/xkcd_dbt_dag.py
[2025-03-01T18:25:05.056+0000] {processor.py:829} INFO - Processing file /opt/airflow/dags/xkcd_dbt_dag.py for tasks to queue
[2025-03-01T18:25:05.056+0000] {logging_mixin.py:151} INFO - [2025-03-01T18:25:05.056+0000] {dagbag.py:539} INFO - Filling up the DagBag from /opt/airflow/dags/xkcd_dbt_dag.py
[2025-03-01T18:25:05.073+0000] {processor.py:839} INFO - DAG(s) dict_keys(['xkcd_dbt_dag']) retrieved from /opt/airflow/dags/xkcd_dbt_dag.py
[2025-03-01T18:25:05.089+0000] {logging_mixin.py:151} INFO - [2025-03-01T18:25:05.089+0000] {dag.py:2915} INFO - Sync 1 DAGs
[2025-03-01T18:25:05.101+0000] {logging_mixin.py:151} INFO - [2025-03-01T18:25:05.101+0000] {dag.py:3696} INFO - Setting next_dagrun for xkcd_dbt_dag to 2025-02-28T00:00:00+00:00, run_after=2025-03-01T00:00:00+00:00
[2025-03-01T18:25:05.112+0000] {processor.py:179} INFO - Processing /opt/airflow/dags/xkcd_dbt_dag.py took 0.059 seconds
[2025-03-01T19:44:00.210+0000] {processor.py:157} INFO - Started process (PID=21060) to work on /opt/airflow/dags/xkcd_dbt_dag.py
[2025-03-01T19:44:00.210+0000] {processor.py:829} INFO - Processing file /opt/airflow/dags/xkcd_dbt_dag.py for tasks to queue
[2025-03-01T19:44:00.212+0000] {logging_mixin.py:151} INFO - [2025-03-01T19:44:00.212+0000] {dagbag.py:539} INFO - Filling up the DagBag from /opt/airflow/dags/xkcd_dbt_dag.py
[2025-03-01T19:44:00.227+0000] {processor.py:839} INFO - DAG(s) dict_keys(['xkcd_dbt_dag']) retrieved from /opt/airflow/dags/xkcd_dbt_dag.py
[2025-03-01T19:44:00.243+0000] {logging_mixin.py:151} INFO - [2025-03-01T19:44:00.243+0000] {dag.py:2915} INFO - Sync 1 DAGs
[2025-03-01T19:44:00.257+0000] {logging_mixin.py:151} INFO - [2025-03-01T19:44:00.257+0000] {dag.py:3696} INFO - Setting next_dagrun for xkcd_dbt_dag to 2025-02-28T00:00:00+00:00, run_after=2025-03-01T00:00:00+00:00
[2025-03-01T19:44:00.267+0000] {processor.py:179} INFO - Processing /opt/airflow/dags/xkcd_dbt_dag.py took 0.059 seconds
[2025-03-01T21:01:03.224+0000] {processor.py:157} INFO - Started process (PID=21070) to work on /opt/airflow/dags/xkcd_dbt_dag.py
[2025-03-01T21:01:03.225+0000] {processor.py:829} INFO - Processing file /opt/airflow/dags/xkcd_dbt_dag.py for tasks to queue
[2025-03-01T21:01:03.226+0000] {logging_mixin.py:151} INFO - [2025-03-01T21:01:03.226+0000] {dagbag.py:539} INFO - Filling up the DagBag from /opt/airflow/dags/xkcd_dbt_dag.py
[2025-03-01T21:01:03.240+0000] {processor.py:839} INFO - DAG(s) dict_keys(['xkcd_dbt_dag']) retrieved from /opt/airflow/dags/xkcd_dbt_dag.py
[2025-03-01T21:01:03.260+0000] {logging_mixin.py:151} INFO - [2025-03-01T21:01:03.260+0000] {dag.py:2915} INFO - Sync 1 DAGs
[2025-03-01T21:01:03.273+0000] {logging_mixin.py:151} INFO - [2025-03-01T21:01:03.273+0000] {dag.py:3696} INFO - Setting next_dagrun for xkcd_dbt_dag to 2025-02-28T00:00:00+00:00, run_after=2025-03-01T00:00:00+00:00
[2025-03-01T21:01:03.284+0000] {processor.py:179} INFO - Processing /opt/airflow/dags/xkcd_dbt_dag.py took 0.062 seconds
[2025-03-01T22:29:02.834+0000] {processor.py:157} INFO - Started process (PID=21082) to work on /opt/airflow/dags/xkcd_dbt_dag.py
[2025-03-01T22:29:02.835+0000] {processor.py:829} INFO - Processing file /opt/airflow/dags/xkcd_dbt_dag.py for tasks to queue
[2025-03-01T22:29:02.835+0000] {logging_mixin.py:151} INFO - [2025-03-01T22:29:02.835+0000] {dagbag.py:539} INFO - Filling up the DagBag from /opt/airflow/dags/xkcd_dbt_dag.py
[2025-03-01T22:29:02.854+0000] {processor.py:839} INFO - DAG(s) dict_keys(['xkcd_dbt_dag']) retrieved from /opt/airflow/dags/xkcd_dbt_dag.py
[2025-03-01T22:29:02.873+0000] {logging_mixin.py:151} INFO - [2025-03-01T22:29:02.872+0000] {dag.py:2915} INFO - Sync 1 DAGs
[2025-03-01T22:29:02.884+0000] {logging_mixin.py:151} INFO - [2025-03-01T22:29:02.884+0000] {dag.py:3696} INFO - Setting next_dagrun for xkcd_dbt_dag to 2025-02-28T00:00:00+00:00, run_after=2025-03-01T00:00:00+00:00
[2025-03-01T22:29:02.897+0000] {processor.py:179} INFO - Processing /opt/airflow/dags/xkcd_dbt_dag.py took 0.065 seconds
[2025-03-01T23:21:45.720+0000] {processor.py:157} INFO - Started process (PID=21092) to work on /opt/airflow/dags/xkcd_dbt_dag.py
[2025-03-01T23:21:45.724+0000] {processor.py:829} INFO - Processing file /opt/airflow/dags/xkcd_dbt_dag.py for tasks to queue
[2025-03-01T23:21:45.725+0000] {logging_mixin.py:151} INFO - [2025-03-01T23:21:45.724+0000] {dagbag.py:539} INFO - Filling up the DagBag from /opt/airflow/dags/xkcd_dbt_dag.py
[2025-03-01T23:21:45.741+0000] {processor.py:839} INFO - DAG(s) dict_keys(['xkcd_dbt_dag']) retrieved from /opt/airflow/dags/xkcd_dbt_dag.py
[2025-03-01T23:21:45.763+0000] {logging_mixin.py:151} INFO - [2025-03-01T23:21:45.763+0000] {dag.py:2915} INFO - Sync 1 DAGs
[2025-03-01T23:21:45.780+0000] {logging_mixin.py:151} INFO - [2025-03-01T23:21:45.780+0000] {dag.py:3696} INFO - Setting next_dagrun for xkcd_dbt_dag to 2025-02-28T00:00:00+00:00, run_after=2025-03-01T00:00:00+00:00
[2025-03-01T23:21:45.794+0000] {processor.py:179} INFO - Processing /opt/airflow/dags/xkcd_dbt_dag.py took 0.078 seconds
