[2025-02-17T16:34:20.071+0000] {taskinstance.py:1157} INFO - Dependencies all met for dep_context=non-requeueable deps ti=<TaskInstance: xkcd_comics.fetch_and_store_comics scheduled__2025-02-14T10:00:00+00:00 [queued]>
[2025-02-17T16:34:20.075+0000] {taskinstance.py:1157} INFO - Dependencies all met for dep_context=requeueable deps ti=<TaskInstance: xkcd_comics.fetch_and_store_comics scheduled__2025-02-14T10:00:00+00:00 [queued]>
[2025-02-17T16:34:20.075+0000] {taskinstance.py:1359} INFO - Starting attempt 1 of 4
[2025-02-17T16:34:20.080+0000] {taskinstance.py:1380} INFO - Executing <Task(PythonOperator): fetch_and_store_comics> on 2025-02-14 10:00:00+00:00
[2025-02-17T16:34:20.082+0000] {standard_task_runner.py:57} INFO - Started process 326 to run task
[2025-02-17T16:34:20.083+0000] {standard_task_runner.py:84} INFO - Running: ['***', 'tasks', 'run', 'xkcd_comics', 'fetch_and_store_comics', 'scheduled__2025-02-14T10:00:00+00:00', '--job-id', '5', '--raw', '--subdir', 'DAGS_FOLDER/xkcd-comics-dag.py', '--cfg-path', '/tmp/tmp21ir2n3h']
[2025-02-17T16:34:20.084+0000] {standard_task_runner.py:85} INFO - Job 5: Subtask fetch_and_store_comics
[2025-02-17T16:34:20.090+0000] {logging_mixin.py:151} WARNING - /home/***/.local/lib/python3.8/site-packages/***/settings.py:195 DeprecationWarning: The sql_alchemy_conn option in [core] has been moved to the sql_alchemy_conn option in [database] - the old setting has been used, but please update your config.
[2025-02-17T16:34:20.105+0000] {task_command.py:415} INFO - Running <TaskInstance: xkcd_comics.fetch_and_store_comics scheduled__2025-02-14T10:00:00+00:00 [running]> on host 09ec2b1d5e6c
[2025-02-17T16:34:20.135+0000] {taskinstance.py:1660} INFO - Exporting env vars: AIRFLOW_CTX_DAG_OWNER='***' AIRFLOW_CTX_DAG_ID='xkcd_comics' AIRFLOW_CTX_TASK_ID='fetch_and_store_comics' AIRFLOW_CTX_EXECUTION_DATE='2025-02-14T10:00:00+00:00' AIRFLOW_CTX_TRY_NUMBER='1' AIRFLOW_CTX_DAG_RUN_ID='scheduled__2025-02-14T10:00:00+00:00'
[2025-02-17T16:34:20.244+0000] {xkcd-comics-dag.py:81} INFO - Found new comic: 3051
[2025-02-17T16:34:20.246+0000] {python.py:194} INFO - Done. Returned value was: None
[2025-02-17T16:34:20.250+0000] {taskinstance.py:1398} INFO - Marking task as SUCCESS. dag_id=xkcd_comics, task_id=fetch_and_store_comics, execution_date=20250214T100000, start_date=20250217T163420, end_date=20250217T163420
[2025-02-17T16:34:20.266+0000] {local_task_job_runner.py:228} INFO - Task exited with return code 0
[2025-02-17T16:34:20.275+0000] {taskinstance.py:2776} INFO - 0 downstream tasks scheduled from follow-on schedule check
[2025-02-17T17:01:21.616+0000] {taskinstance.py:1157} INFO - Dependencies all met for dep_context=non-requeueable deps ti=<TaskInstance: xkcd_comics.fetch_and_store_comics scheduled__2025-02-14T10:00:00+00:00 [queued]>
[2025-02-17T17:01:21.620+0000] {taskinstance.py:1157} INFO - Dependencies all met for dep_context=requeueable deps ti=<TaskInstance: xkcd_comics.fetch_and_store_comics scheduled__2025-02-14T10:00:00+00:00 [queued]>
[2025-02-17T17:01:21.620+0000] {taskinstance.py:1359} INFO - Starting attempt 1 of 4
[2025-02-17T17:01:21.626+0000] {taskinstance.py:1380} INFO - Executing <Task(PythonOperator): fetch_and_store_comics> on 2025-02-14 10:00:00+00:00
[2025-02-17T17:01:21.628+0000] {standard_task_runner.py:57} INFO - Started process 182 to run task
[2025-02-17T17:01:21.629+0000] {standard_task_runner.py:84} INFO - Running: ['***', 'tasks', 'run', 'xkcd_comics', 'fetch_and_store_comics', 'scheduled__2025-02-14T10:00:00+00:00', '--job-id', '3', '--raw', '--subdir', 'DAGS_FOLDER/xkcd-comics-dag.py', '--cfg-path', '/tmp/tmp9kdhmvxt']
[2025-02-17T17:01:21.631+0000] {standard_task_runner.py:85} INFO - Job 3: Subtask fetch_and_store_comics
[2025-02-17T17:01:21.637+0000] {logging_mixin.py:151} WARNING - /home/***/.local/lib/python3.8/site-packages/***/settings.py:195 DeprecationWarning: The sql_alchemy_conn option in [core] has been moved to the sql_alchemy_conn option in [database] - the old setting has been used, but please update your config.
[2025-02-17T17:01:21.652+0000] {task_command.py:415} INFO - Running <TaskInstance: xkcd_comics.fetch_and_store_comics scheduled__2025-02-14T10:00:00+00:00 [running]> on host 04f18e950738
[2025-02-17T17:01:21.681+0000] {taskinstance.py:1660} INFO - Exporting env vars: AIRFLOW_CTX_DAG_OWNER='***' AIRFLOW_CTX_DAG_ID='xkcd_comics' AIRFLOW_CTX_TASK_ID='fetch_and_store_comics' AIRFLOW_CTX_EXECUTION_DATE='2025-02-14T10:00:00+00:00' AIRFLOW_CTX_TRY_NUMBER='1' AIRFLOW_CTX_DAG_RUN_ID='scheduled__2025-02-14T10:00:00+00:00'
[2025-02-17T17:01:21.769+0000] {python.py:194} INFO - Done. Returned value was: None
[2025-02-17T17:01:21.772+0000] {taskinstance.py:1398} INFO - Marking task as SUCCESS. dag_id=xkcd_comics, task_id=fetch_and_store_comics, execution_date=20250214T100000, start_date=20250217T170121, end_date=20250217T170121
[2025-02-17T17:01:21.810+0000] {local_task_job_runner.py:228} INFO - Task exited with return code 0
[2025-02-17T17:01:21.817+0000] {taskinstance.py:2776} INFO - 0 downstream tasks scheduled from follow-on schedule check
[2025-02-17T17:33:26.733+0000] {taskinstance.py:1157} INFO - Dependencies all met for dep_context=non-requeueable deps ti=<TaskInstance: xkcd_comics.fetch_and_store_comics scheduled__2025-02-14T10:00:00+00:00 [queued]>
[2025-02-17T17:33:26.736+0000] {taskinstance.py:1157} INFO - Dependencies all met for dep_context=requeueable deps ti=<TaskInstance: xkcd_comics.fetch_and_store_comics scheduled__2025-02-14T10:00:00+00:00 [queued]>
[2025-02-17T17:33:26.736+0000] {taskinstance.py:1359} INFO - Starting attempt 1 of 4
[2025-02-17T17:33:26.741+0000] {taskinstance.py:1380} INFO - Executing <Task(PythonOperator): fetch_and_store_comics> on 2025-02-14 10:00:00+00:00
[2025-02-17T17:33:26.742+0000] {standard_task_runner.py:57} INFO - Started process 182 to run task
[2025-02-17T17:33:26.744+0000] {standard_task_runner.py:84} INFO - Running: ['***', 'tasks', 'run', 'xkcd_comics', 'fetch_and_store_comics', 'scheduled__2025-02-14T10:00:00+00:00', '--job-id', '3', '--raw', '--subdir', 'DAGS_FOLDER/xkcd-comics-dag.py', '--cfg-path', '/tmp/tmpv5buu1t6']
[2025-02-17T17:33:26.745+0000] {standard_task_runner.py:85} INFO - Job 3: Subtask fetch_and_store_comics
[2025-02-17T17:33:26.750+0000] {logging_mixin.py:151} WARNING - /home/***/.local/lib/python3.8/site-packages/***/settings.py:195 DeprecationWarning: The sql_alchemy_conn option in [core] has been moved to the sql_alchemy_conn option in [database] - the old setting has been used, but please update your config.
[2025-02-17T17:33:26.764+0000] {task_command.py:415} INFO - Running <TaskInstance: xkcd_comics.fetch_and_store_comics scheduled__2025-02-14T10:00:00+00:00 [running]> on host ec6302870777
[2025-02-17T17:33:26.789+0000] {taskinstance.py:1660} INFO - Exporting env vars: AIRFLOW_CTX_DAG_OWNER='***' AIRFLOW_CTX_DAG_ID='xkcd_comics' AIRFLOW_CTX_TASK_ID='fetch_and_store_comics' AIRFLOW_CTX_EXECUTION_DATE='2025-02-14T10:00:00+00:00' AIRFLOW_CTX_TRY_NUMBER='1' AIRFLOW_CTX_DAG_RUN_ID='scheduled__2025-02-14T10:00:00+00:00'
[2025-02-17T17:33:26.948+0000] {python.py:194} INFO - Done. Returned value was: None
[2025-02-17T17:33:26.953+0000] {taskinstance.py:1398} INFO - Marking task as SUCCESS. dag_id=xkcd_comics, task_id=fetch_and_store_comics, execution_date=20250214T100000, start_date=20250217T173326, end_date=20250217T173326
[2025-02-17T17:33:26.968+0000] {local_task_job_runner.py:228} INFO - Task exited with return code 0
[2025-02-17T17:33:26.976+0000] {taskinstance.py:2776} INFO - 0 downstream tasks scheduled from follow-on schedule check
