[2025-03-03T11:09:21.726+0000] {taskinstance.py:1157} INFO - Dependencies all met for dep_context=non-requeueable deps ti=<TaskInstance: xkcd_comic_datalake.save_comic scheduled__2025-02-28T05:00:00+00:00 [queued]>
[2025-03-03T11:09:21.732+0000] {taskinstance.py:1157} INFO - Dependencies all met for dep_context=requeueable deps ti=<TaskInstance: xkcd_comic_datalake.save_comic scheduled__2025-02-28T05:00:00+00:00 [queued]>
[2025-03-03T11:09:21.732+0000] {taskinstance.py:1359} INFO - Starting attempt 1 of 2
[2025-03-03T11:09:21.738+0000] {taskinstance.py:1380} INFO - Executing <Task(PythonOperator): save_comic> on 2025-02-28 05:00:00+00:00
[2025-03-03T11:09:21.741+0000] {standard_task_runner.py:57} INFO - Started process 276 to run task
[2025-03-03T11:09:21.743+0000] {standard_task_runner.py:84} INFO - Running: ['***', 'tasks', 'run', 'xkcd_comic_datalake', 'save_comic', 'scheduled__2025-02-28T05:00:00+00:00', '--job-id', '81', '--raw', '--subdir', 'DAGS_FOLDER/xkcd-comics-dag.py', '--cfg-path', '/tmp/tmpbscbul5j']
[2025-03-03T11:09:21.744+0000] {standard_task_runner.py:85} INFO - Job 81: Subtask save_comic
[2025-03-03T11:09:21.770+0000] {task_command.py:415} INFO - Running <TaskInstance: xkcd_comic_datalake.save_comic scheduled__2025-02-28T05:00:00+00:00 [running]> on host 55c4a45e8eaa
[2025-03-03T11:09:21.806+0000] {taskinstance.py:1660} INFO - Exporting env vars: AIRFLOW_CTX_DAG_OWNER='***' AIRFLOW_CTX_DAG_ID='xkcd_comic_datalake' AIRFLOW_CTX_TASK_ID='save_comic' AIRFLOW_CTX_EXECUTION_DATE='2025-02-28T05:00:00+00:00' AIRFLOW_CTX_TRY_NUMBER='1' AIRFLOW_CTX_DAG_RUN_ID='scheduled__2025-02-28T05:00:00+00:00'
[2025-03-03T11:09:21.811+0000] {crypto.py:82} WARNING - empty cryptography key - values will not be stored encrypted.
[2025-03-03T11:09:21.812+0000] {base.py:73} INFO - Using connection ID 'xkcd_db' for task execution.
[2025-03-03T11:09:21.814+0000] {sql.py:418} INFO - Running statement: 
        INSERT INTO comics 
        (comic_id, title, img, alt_text, publish_date, transcript, updated_at)
        VALUES (%s, %s, %s, %s, %s, %s, CURRENT_TIMESTAMP)
        ON CONFLICT (comic_id) 
        DO UPDATE SET 
            title = EXCLUDED.title,
            img = EXCLUDED.img,
            alt_text = EXCLUDED.alt_text,
            publish_date = EXCLUDED.publish_date,
            transcript = EXCLUDED.transcript,
            updated_at = CURRENT_TIMESTAMP;
    , parameters: (3057, 'Excusing Yourself', 'https://imgs.xkcd.com/comics/excusing_yourself.png', 'The most awkward part is when you have to pause to put on your shoes before you continue rolling out the door.', '2025-2-28', '')
[2025-03-03T11:09:21.815+0000] {sql.py:427} INFO - Rows affected: 1
[2025-03-03T11:09:21.816+0000] {python.py:194} INFO - Done. Returned value was: None
[2025-03-03T11:09:21.820+0000] {taskinstance.py:1398} INFO - Marking task as SUCCESS. dag_id=xkcd_comic_datalake, task_id=save_comic, execution_date=20250228T050000, start_date=20250303T110921, end_date=20250303T110921
[2025-03-03T11:09:21.843+0000] {local_task_job_runner.py:228} INFO - Task exited with return code 0
[2025-03-03T11:09:21.851+0000] {taskinstance.py:2776} INFO - 0 downstream tasks scheduled from follow-on schedule check
