[2025-02-23T01:26:53.327+0000] {processor.py:157} INFO - Started process (PID=2154) to work on /opt/airflow/dags/xkcd_dbt_dag.py
[2025-02-23T01:26:53.328+0000] {processor.py:829} INFO - Processing file /opt/airflow/dags/xkcd_dbt_dag.py for tasks to queue
[2025-02-23T01:26:53.329+0000] {logging_mixin.py:151} INFO - [2025-02-23T01:26:53.329+0000] {dagbag.py:539} INFO - Filling up the DagBag from /opt/airflow/dags/xkcd_dbt_dag.py
[2025-02-23T01:26:53.341+0000] {processor.py:839} INFO - DAG(s) dict_keys(['xkcd_dbt_dag']) retrieved from /opt/airflow/dags/xkcd_dbt_dag.py
[2025-02-23T01:26:53.367+0000] {logging_mixin.py:151} INFO - [2025-02-23T01:26:53.367+0000] {dag.py:2915} INFO - Sync 1 DAGs
[2025-02-23T01:26:53.390+0000] {logging_mixin.py:151} INFO - [2025-02-23T01:26:53.390+0000] {dag.py:3696} INFO - Setting next_dagrun for xkcd_dbt_dag to 2025-02-22T00:00:00+00:00, run_after=2025-02-23T00:00:00+00:00
[2025-02-23T01:26:53.412+0000] {processor.py:179} INFO - Processing /opt/airflow/dags/xkcd_dbt_dag.py took 0.087 seconds
[2025-02-23T02:02:48.830+0000] {processor.py:157} INFO - Started process (PID=2164) to work on /opt/airflow/dags/xkcd_dbt_dag.py
[2025-02-23T02:02:48.831+0000] {processor.py:829} INFO - Processing file /opt/airflow/dags/xkcd_dbt_dag.py for tasks to queue
[2025-02-23T02:02:48.833+0000] {logging_mixin.py:151} INFO - [2025-02-23T02:02:48.833+0000] {dagbag.py:539} INFO - Filling up the DagBag from /opt/airflow/dags/xkcd_dbt_dag.py
[2025-02-23T02:02:48.847+0000] {processor.py:839} INFO - DAG(s) dict_keys(['xkcd_dbt_dag']) retrieved from /opt/airflow/dags/xkcd_dbt_dag.py
[2025-02-23T02:02:48.869+0000] {logging_mixin.py:151} INFO - [2025-02-23T02:02:48.869+0000] {dag.py:2915} INFO - Sync 1 DAGs
[2025-02-23T02:02:48.883+0000] {logging_mixin.py:151} INFO - [2025-02-23T02:02:48.883+0000] {dag.py:3696} INFO - Setting next_dagrun for xkcd_dbt_dag to 2025-02-22T00:00:00+00:00, run_after=2025-02-23T00:00:00+00:00
[2025-02-23T02:02:48.896+0000] {processor.py:179} INFO - Processing /opt/airflow/dags/xkcd_dbt_dag.py took 0.069 seconds
[2025-02-23T03:01:43.025+0000] {processor.py:157} INFO - Started process (PID=2174) to work on /opt/airflow/dags/xkcd_dbt_dag.py
[2025-02-23T03:01:43.026+0000] {processor.py:829} INFO - Processing file /opt/airflow/dags/xkcd_dbt_dag.py for tasks to queue
[2025-02-23T03:01:43.027+0000] {logging_mixin.py:151} INFO - [2025-02-23T03:01:43.027+0000] {dagbag.py:539} INFO - Filling up the DagBag from /opt/airflow/dags/xkcd_dbt_dag.py
[2025-02-23T03:01:43.042+0000] {processor.py:839} INFO - DAG(s) dict_keys(['xkcd_dbt_dag']) retrieved from /opt/airflow/dags/xkcd_dbt_dag.py
[2025-02-23T03:01:43.060+0000] {logging_mixin.py:151} INFO - [2025-02-23T03:01:43.060+0000] {dag.py:2915} INFO - Sync 1 DAGs
[2025-02-23T03:01:43.073+0000] {logging_mixin.py:151} INFO - [2025-02-23T03:01:43.073+0000] {dag.py:3696} INFO - Setting next_dagrun for xkcd_dbt_dag to 2025-02-22T00:00:00+00:00, run_after=2025-02-23T00:00:00+00:00
[2025-02-23T03:01:43.084+0000] {processor.py:179} INFO - Processing /opt/airflow/dags/xkcd_dbt_dag.py took 0.061 seconds
[2025-02-23T04:19:23.199+0000] {processor.py:157} INFO - Started process (PID=2186) to work on /opt/airflow/dags/xkcd_dbt_dag.py
[2025-02-23T04:19:23.200+0000] {processor.py:829} INFO - Processing file /opt/airflow/dags/xkcd_dbt_dag.py for tasks to queue
[2025-02-23T04:19:23.201+0000] {logging_mixin.py:151} INFO - [2025-02-23T04:19:23.201+0000] {dagbag.py:539} INFO - Filling up the DagBag from /opt/airflow/dags/xkcd_dbt_dag.py
[2025-02-23T04:19:23.215+0000] {processor.py:839} INFO - DAG(s) dict_keys(['xkcd_dbt_dag']) retrieved from /opt/airflow/dags/xkcd_dbt_dag.py
[2025-02-23T04:19:23.232+0000] {logging_mixin.py:151} INFO - [2025-02-23T04:19:23.232+0000] {dag.py:2915} INFO - Sync 1 DAGs
[2025-02-23T04:19:23.244+0000] {logging_mixin.py:151} INFO - [2025-02-23T04:19:23.244+0000] {dag.py:3696} INFO - Setting next_dagrun for xkcd_dbt_dag to 2025-02-22T00:00:00+00:00, run_after=2025-02-23T00:00:00+00:00
[2025-02-23T04:19:23.254+0000] {processor.py:179} INFO - Processing /opt/airflow/dags/xkcd_dbt_dag.py took 0.057 seconds
[2025-02-23T05:37:52.825+0000] {processor.py:157} INFO - Started process (PID=2195) to work on /opt/airflow/dags/xkcd_dbt_dag.py
[2025-02-23T05:37:52.826+0000] {processor.py:829} INFO - Processing file /opt/airflow/dags/xkcd_dbt_dag.py for tasks to queue
[2025-02-23T05:37:52.827+0000] {logging_mixin.py:151} INFO - [2025-02-23T05:37:52.827+0000] {dagbag.py:539} INFO - Filling up the DagBag from /opt/airflow/dags/xkcd_dbt_dag.py
[2025-02-23T05:37:52.850+0000] {processor.py:839} INFO - DAG(s) dict_keys(['xkcd_dbt_dag']) retrieved from /opt/airflow/dags/xkcd_dbt_dag.py
[2025-02-23T05:37:52.890+0000] {logging_mixin.py:151} INFO - [2025-02-23T05:37:52.890+0000] {dag.py:2915} INFO - Sync 1 DAGs
[2025-02-23T05:37:52.909+0000] {logging_mixin.py:151} INFO - [2025-02-23T05:37:52.909+0000] {dag.py:3696} INFO - Setting next_dagrun for xkcd_dbt_dag to 2025-02-22T00:00:00+00:00, run_after=2025-02-23T00:00:00+00:00
[2025-02-23T05:37:52.940+0000] {processor.py:179} INFO - Processing /opt/airflow/dags/xkcd_dbt_dag.py took 0.118 seconds
[2025-02-23T07:12:08.164+0000] {processor.py:157} INFO - Started process (PID=2206) to work on /opt/airflow/dags/xkcd_dbt_dag.py
[2025-02-23T07:12:08.165+0000] {processor.py:829} INFO - Processing file /opt/airflow/dags/xkcd_dbt_dag.py for tasks to queue
[2025-02-23T07:12:08.166+0000] {logging_mixin.py:151} INFO - [2025-02-23T07:12:08.166+0000] {dagbag.py:539} INFO - Filling up the DagBag from /opt/airflow/dags/xkcd_dbt_dag.py
[2025-02-23T07:12:08.175+0000] {processor.py:839} INFO - DAG(s) dict_keys(['xkcd_dbt_dag']) retrieved from /opt/airflow/dags/xkcd_dbt_dag.py
[2025-02-23T07:12:08.191+0000] {logging_mixin.py:151} INFO - [2025-02-23T07:12:08.191+0000] {dag.py:2915} INFO - Sync 1 DAGs
[2025-02-23T07:12:08.204+0000] {logging_mixin.py:151} INFO - [2025-02-23T07:12:08.204+0000] {dag.py:3696} INFO - Setting next_dagrun for xkcd_dbt_dag to 2025-02-22T00:00:00+00:00, run_after=2025-02-23T00:00:00+00:00
[2025-02-23T07:12:08.215+0000] {processor.py:179} INFO - Processing /opt/airflow/dags/xkcd_dbt_dag.py took 0.052 seconds
[2025-02-23T08:23:20.736+0000] {processor.py:157} INFO - Started process (PID=2218) to work on /opt/airflow/dags/xkcd_dbt_dag.py
[2025-02-23T08:23:20.737+0000] {processor.py:829} INFO - Processing file /opt/airflow/dags/xkcd_dbt_dag.py for tasks to queue
[2025-02-23T08:23:20.740+0000] {logging_mixin.py:151} INFO - [2025-02-23T08:23:20.739+0000] {dagbag.py:539} INFO - Filling up the DagBag from /opt/airflow/dags/xkcd_dbt_dag.py
[2025-02-23T08:23:20.769+0000] {processor.py:839} INFO - DAG(s) dict_keys(['xkcd_dbt_dag']) retrieved from /opt/airflow/dags/xkcd_dbt_dag.py
[2025-02-23T08:23:20.804+0000] {logging_mixin.py:151} INFO - [2025-02-23T08:23:20.804+0000] {dag.py:2915} INFO - Sync 1 DAGs
[2025-02-23T08:23:20.821+0000] {logging_mixin.py:151} INFO - [2025-02-23T08:23:20.821+0000] {dag.py:3696} INFO - Setting next_dagrun for xkcd_dbt_dag to 2025-02-22T00:00:00+00:00, run_after=2025-02-23T00:00:00+00:00
[2025-02-23T08:23:20.838+0000] {processor.py:179} INFO - Processing /opt/airflow/dags/xkcd_dbt_dag.py took 0.112 seconds
[2025-02-23T09:41:35.207+0000] {processor.py:157} INFO - Started process (PID=2228) to work on /opt/airflow/dags/xkcd_dbt_dag.py
[2025-02-23T09:41:35.208+0000] {processor.py:829} INFO - Processing file /opt/airflow/dags/xkcd_dbt_dag.py for tasks to queue
[2025-02-23T09:41:35.209+0000] {logging_mixin.py:151} INFO - [2025-02-23T09:41:35.208+0000] {dagbag.py:539} INFO - Filling up the DagBag from /opt/airflow/dags/xkcd_dbt_dag.py
[2025-02-23T09:41:35.217+0000] {processor.py:839} INFO - DAG(s) dict_keys(['xkcd_dbt_dag']) retrieved from /opt/airflow/dags/xkcd_dbt_dag.py
[2025-02-23T09:41:35.234+0000] {logging_mixin.py:151} INFO - [2025-02-23T09:41:35.234+0000] {dag.py:2915} INFO - Sync 1 DAGs
[2025-02-23T09:41:35.250+0000] {logging_mixin.py:151} INFO - [2025-02-23T09:41:35.249+0000] {dag.py:3696} INFO - Setting next_dagrun for xkcd_dbt_dag to 2025-02-22T00:00:00+00:00, run_after=2025-02-23T00:00:00+00:00
[2025-02-23T09:41:35.264+0000] {processor.py:179} INFO - Processing /opt/airflow/dags/xkcd_dbt_dag.py took 0.058 seconds
[2025-02-23T10:57:26.087+0000] {processor.py:157} INFO - Started process (PID=2238) to work on /opt/airflow/dags/xkcd_dbt_dag.py
[2025-02-23T10:57:26.088+0000] {processor.py:829} INFO - Processing file /opt/airflow/dags/xkcd_dbt_dag.py for tasks to queue
[2025-02-23T10:57:26.089+0000] {logging_mixin.py:151} INFO - [2025-02-23T10:57:26.089+0000] {dagbag.py:539} INFO - Filling up the DagBag from /opt/airflow/dags/xkcd_dbt_dag.py
[2025-02-23T10:57:26.107+0000] {processor.py:839} INFO - DAG(s) dict_keys(['xkcd_dbt_dag']) retrieved from /opt/airflow/dags/xkcd_dbt_dag.py
[2025-02-23T10:57:26.136+0000] {logging_mixin.py:151} INFO - [2025-02-23T10:57:26.135+0000] {dag.py:2915} INFO - Sync 1 DAGs
[2025-02-23T10:57:26.153+0000] {logging_mixin.py:151} INFO - [2025-02-23T10:57:26.153+0000] {dag.py:3696} INFO - Setting next_dagrun for xkcd_dbt_dag to 2025-02-22T00:00:00+00:00, run_after=2025-02-23T00:00:00+00:00
[2025-02-23T10:57:26.184+0000] {processor.py:179} INFO - Processing /opt/airflow/dags/xkcd_dbt_dag.py took 0.098 seconds
[2025-02-23T11:26:34.343+0000] {processor.py:157} INFO - Started process (PID=2248) to work on /opt/airflow/dags/xkcd_dbt_dag.py
[2025-02-23T11:26:34.343+0000] {processor.py:829} INFO - Processing file /opt/airflow/dags/xkcd_dbt_dag.py for tasks to queue
[2025-02-23T11:26:34.344+0000] {logging_mixin.py:151} INFO - [2025-02-23T11:26:34.344+0000] {dagbag.py:539} INFO - Filling up the DagBag from /opt/airflow/dags/xkcd_dbt_dag.py
[2025-02-23T11:26:34.356+0000] {processor.py:839} INFO - DAG(s) dict_keys(['xkcd_dbt_dag']) retrieved from /opt/airflow/dags/xkcd_dbt_dag.py
[2025-02-23T11:26:34.370+0000] {logging_mixin.py:151} INFO - [2025-02-23T11:26:34.370+0000] {dag.py:2915} INFO - Sync 1 DAGs
[2025-02-23T11:26:34.386+0000] {logging_mixin.py:151} INFO - [2025-02-23T11:26:34.386+0000] {dag.py:3696} INFO - Setting next_dagrun for xkcd_dbt_dag to 2025-02-22T00:00:00+00:00, run_after=2025-02-23T00:00:00+00:00
[2025-02-23T11:26:34.410+0000] {processor.py:179} INFO - Processing /opt/airflow/dags/xkcd_dbt_dag.py took 0.069 seconds
[2025-02-23T12:45:04.163+0000] {processor.py:157} INFO - Started process (PID=2260) to work on /opt/airflow/dags/xkcd_dbt_dag.py
[2025-02-23T12:45:04.164+0000] {processor.py:829} INFO - Processing file /opt/airflow/dags/xkcd_dbt_dag.py for tasks to queue
[2025-02-23T12:45:04.164+0000] {logging_mixin.py:151} INFO - [2025-02-23T12:45:04.164+0000] {dagbag.py:539} INFO - Filling up the DagBag from /opt/airflow/dags/xkcd_dbt_dag.py
[2025-02-23T12:45:04.177+0000] {processor.py:839} INFO - DAG(s) dict_keys(['xkcd_dbt_dag']) retrieved from /opt/airflow/dags/xkcd_dbt_dag.py
[2025-02-23T12:45:04.191+0000] {logging_mixin.py:151} INFO - [2025-02-23T12:45:04.191+0000] {dag.py:2915} INFO - Sync 1 DAGs
[2025-02-23T12:45:04.201+0000] {logging_mixin.py:151} INFO - [2025-02-23T12:45:04.201+0000] {dag.py:3696} INFO - Setting next_dagrun for xkcd_dbt_dag to 2025-02-22T00:00:00+00:00, run_after=2025-02-23T00:00:00+00:00
[2025-02-23T12:45:04.212+0000] {processor.py:179} INFO - Processing /opt/airflow/dags/xkcd_dbt_dag.py took 0.050 seconds
[2025-02-23T14:01:19.082+0000] {processor.py:157} INFO - Started process (PID=2270) to work on /opt/airflow/dags/xkcd_dbt_dag.py
[2025-02-23T14:01:19.082+0000] {processor.py:829} INFO - Processing file /opt/airflow/dags/xkcd_dbt_dag.py for tasks to queue
[2025-02-23T14:01:19.083+0000] {logging_mixin.py:151} INFO - [2025-02-23T14:01:19.083+0000] {dagbag.py:539} INFO - Filling up the DagBag from /opt/airflow/dags/xkcd_dbt_dag.py
[2025-02-23T14:01:19.093+0000] {processor.py:839} INFO - DAG(s) dict_keys(['xkcd_dbt_dag']) retrieved from /opt/airflow/dags/xkcd_dbt_dag.py
[2025-02-23T14:01:19.108+0000] {logging_mixin.py:151} INFO - [2025-02-23T14:01:19.108+0000] {dag.py:2915} INFO - Sync 1 DAGs
[2025-02-23T14:01:19.120+0000] {logging_mixin.py:151} INFO - [2025-02-23T14:01:19.120+0000] {dag.py:3696} INFO - Setting next_dagrun for xkcd_dbt_dag to 2025-02-22T00:00:00+00:00, run_after=2025-02-23T00:00:00+00:00
[2025-02-23T14:01:19.132+0000] {processor.py:179} INFO - Processing /opt/airflow/dags/xkcd_dbt_dag.py took 0.052 seconds
[2025-02-23T15:20:06.294+0000] {processor.py:157} INFO - Started process (PID=2280) to work on /opt/airflow/dags/xkcd_dbt_dag.py
[2025-02-23T15:20:06.294+0000] {processor.py:829} INFO - Processing file /opt/airflow/dags/xkcd_dbt_dag.py for tasks to queue
[2025-02-23T15:20:06.295+0000] {logging_mixin.py:151} INFO - [2025-02-23T15:20:06.295+0000] {dagbag.py:539} INFO - Filling up the DagBag from /opt/airflow/dags/xkcd_dbt_dag.py
[2025-02-23T15:20:06.308+0000] {processor.py:839} INFO - DAG(s) dict_keys(['xkcd_dbt_dag']) retrieved from /opt/airflow/dags/xkcd_dbt_dag.py
[2025-02-23T15:20:06.329+0000] {logging_mixin.py:151} INFO - [2025-02-23T15:20:06.329+0000] {dag.py:2915} INFO - Sync 1 DAGs
[2025-02-23T15:20:06.350+0000] {logging_mixin.py:151} INFO - [2025-02-23T15:20:06.350+0000] {dag.py:3696} INFO - Setting next_dagrun for xkcd_dbt_dag to 2025-02-22T00:00:00+00:00, run_after=2025-02-23T00:00:00+00:00
[2025-02-23T15:20:06.371+0000] {processor.py:179} INFO - Processing /opt/airflow/dags/xkcd_dbt_dag.py took 0.079 seconds
[2025-02-23T16:31:29.641+0000] {processor.py:157} INFO - Started process (PID=2291) to work on /opt/airflow/dags/xkcd_dbt_dag.py
[2025-02-23T16:31:29.642+0000] {processor.py:829} INFO - Processing file /opt/airflow/dags/xkcd_dbt_dag.py for tasks to queue
[2025-02-23T16:31:29.642+0000] {logging_mixin.py:151} INFO - [2025-02-23T16:31:29.642+0000] {dagbag.py:539} INFO - Filling up the DagBag from /opt/airflow/dags/xkcd_dbt_dag.py
[2025-02-23T16:31:29.652+0000] {processor.py:839} INFO - DAG(s) dict_keys(['xkcd_dbt_dag']) retrieved from /opt/airflow/dags/xkcd_dbt_dag.py
[2025-02-23T16:31:29.669+0000] {logging_mixin.py:151} INFO - [2025-02-23T16:31:29.669+0000] {dag.py:2915} INFO - Sync 1 DAGs
[2025-02-23T16:31:29.680+0000] {logging_mixin.py:151} INFO - [2025-02-23T16:31:29.680+0000] {dag.py:3696} INFO - Setting next_dagrun for xkcd_dbt_dag to 2025-02-22T00:00:00+00:00, run_after=2025-02-23T00:00:00+00:00
[2025-02-23T16:31:29.692+0000] {processor.py:179} INFO - Processing /opt/airflow/dags/xkcd_dbt_dag.py took 0.052 seconds
[2025-02-23T17:17:29.840+0000] {processor.py:157} INFO - Started process (PID=2302) to work on /opt/airflow/dags/xkcd_dbt_dag.py
[2025-02-23T17:17:29.841+0000] {processor.py:829} INFO - Processing file /opt/airflow/dags/xkcd_dbt_dag.py for tasks to queue
[2025-02-23T17:17:29.842+0000] {logging_mixin.py:151} INFO - [2025-02-23T17:17:29.842+0000] {dagbag.py:539} INFO - Filling up the DagBag from /opt/airflow/dags/xkcd_dbt_dag.py
[2025-02-23T17:17:29.859+0000] {processor.py:839} INFO - DAG(s) dict_keys(['xkcd_dbt_dag']) retrieved from /opt/airflow/dags/xkcd_dbt_dag.py
[2025-02-23T17:17:29.879+0000] {logging_mixin.py:151} INFO - [2025-02-23T17:17:29.879+0000] {dag.py:2915} INFO - Sync 1 DAGs
[2025-02-23T17:17:29.893+0000] {logging_mixin.py:151} INFO - [2025-02-23T17:17:29.893+0000] {dag.py:3696} INFO - Setting next_dagrun for xkcd_dbt_dag to 2025-02-22T00:00:00+00:00, run_after=2025-02-23T00:00:00+00:00
[2025-02-23T17:17:29.917+0000] {processor.py:179} INFO - Processing /opt/airflow/dags/xkcd_dbt_dag.py took 0.078 seconds
[2025-02-23T17:18:00.104+0000] {processor.py:157} INFO - Started process (PID=2312) to work on /opt/airflow/dags/xkcd_dbt_dag.py
[2025-02-23T17:18:00.105+0000] {processor.py:829} INFO - Processing file /opt/airflow/dags/xkcd_dbt_dag.py for tasks to queue
[2025-02-23T17:18:00.109+0000] {logging_mixin.py:151} INFO - [2025-02-23T17:18:00.109+0000] {dagbag.py:539} INFO - Filling up the DagBag from /opt/airflow/dags/xkcd_dbt_dag.py
[2025-02-23T17:18:00.134+0000] {processor.py:839} INFO - DAG(s) dict_keys(['xkcd_dbt_dag']) retrieved from /opt/airflow/dags/xkcd_dbt_dag.py
[2025-02-23T17:18:00.169+0000] {logging_mixin.py:151} INFO - [2025-02-23T17:18:00.169+0000] {dag.py:2915} INFO - Sync 1 DAGs
[2025-02-23T17:18:00.188+0000] {logging_mixin.py:151} INFO - [2025-02-23T17:18:00.188+0000] {dag.py:3696} INFO - Setting next_dagrun for xkcd_dbt_dag to 2025-02-22T00:00:00+00:00, run_after=2025-02-23T00:00:00+00:00
[2025-02-23T17:18:00.204+0000] {processor.py:179} INFO - Processing /opt/airflow/dags/xkcd_dbt_dag.py took 0.103 seconds
[2025-02-23T17:18:30.375+0000] {processor.py:157} INFO - Started process (PID=2322) to work on /opt/airflow/dags/xkcd_dbt_dag.py
[2025-02-23T17:18:30.376+0000] {processor.py:829} INFO - Processing file /opt/airflow/dags/xkcd_dbt_dag.py for tasks to queue
[2025-02-23T17:18:30.378+0000] {logging_mixin.py:151} INFO - [2025-02-23T17:18:30.377+0000] {dagbag.py:539} INFO - Filling up the DagBag from /opt/airflow/dags/xkcd_dbt_dag.py
[2025-02-23T17:18:30.393+0000] {processor.py:839} INFO - DAG(s) dict_keys(['xkcd_dbt_dag']) retrieved from /opt/airflow/dags/xkcd_dbt_dag.py
[2025-02-23T17:18:30.411+0000] {logging_mixin.py:151} INFO - [2025-02-23T17:18:30.411+0000] {dag.py:2915} INFO - Sync 1 DAGs
[2025-02-23T17:18:30.425+0000] {logging_mixin.py:151} INFO - [2025-02-23T17:18:30.425+0000] {dag.py:3696} INFO - Setting next_dagrun for xkcd_dbt_dag to 2025-02-22T00:00:00+00:00, run_after=2025-02-23T00:00:00+00:00
[2025-02-23T17:18:30.439+0000] {processor.py:179} INFO - Processing /opt/airflow/dags/xkcd_dbt_dag.py took 0.066 seconds
[2025-02-23T17:19:00.692+0000] {processor.py:157} INFO - Started process (PID=2332) to work on /opt/airflow/dags/xkcd_dbt_dag.py
[2025-02-23T17:19:00.693+0000] {processor.py:829} INFO - Processing file /opt/airflow/dags/xkcd_dbt_dag.py for tasks to queue
[2025-02-23T17:19:00.693+0000] {logging_mixin.py:151} INFO - [2025-02-23T17:19:00.693+0000] {dagbag.py:539} INFO - Filling up the DagBag from /opt/airflow/dags/xkcd_dbt_dag.py
[2025-02-23T17:19:00.702+0000] {processor.py:839} INFO - DAG(s) dict_keys(['xkcd_dbt_dag']) retrieved from /opt/airflow/dags/xkcd_dbt_dag.py
[2025-02-23T17:19:00.717+0000] {logging_mixin.py:151} INFO - [2025-02-23T17:19:00.717+0000] {dag.py:2915} INFO - Sync 1 DAGs
[2025-02-23T17:19:00.732+0000] {logging_mixin.py:151} INFO - [2025-02-23T17:19:00.732+0000] {dag.py:3696} INFO - Setting next_dagrun for xkcd_dbt_dag to 2025-02-22T00:00:00+00:00, run_after=2025-02-23T00:00:00+00:00
[2025-02-23T17:19:00.744+0000] {processor.py:179} INFO - Processing /opt/airflow/dags/xkcd_dbt_dag.py took 0.054 seconds
[2025-02-23T17:19:30.970+0000] {processor.py:157} INFO - Started process (PID=2342) to work on /opt/airflow/dags/xkcd_dbt_dag.py
[2025-02-23T17:19:30.971+0000] {processor.py:829} INFO - Processing file /opt/airflow/dags/xkcd_dbt_dag.py for tasks to queue
[2025-02-23T17:19:30.971+0000] {logging_mixin.py:151} INFO - [2025-02-23T17:19:30.971+0000] {dagbag.py:539} INFO - Filling up the DagBag from /opt/airflow/dags/xkcd_dbt_dag.py
[2025-02-23T17:19:30.979+0000] {processor.py:839} INFO - DAG(s) dict_keys(['xkcd_dbt_dag']) retrieved from /opt/airflow/dags/xkcd_dbt_dag.py
[2025-02-23T17:19:30.993+0000] {logging_mixin.py:151} INFO - [2025-02-23T17:19:30.993+0000] {dag.py:2915} INFO - Sync 1 DAGs
[2025-02-23T17:19:31.009+0000] {logging_mixin.py:151} INFO - [2025-02-23T17:19:31.009+0000] {dag.py:3696} INFO - Setting next_dagrun for xkcd_dbt_dag to 2025-02-22T00:00:00+00:00, run_after=2025-02-23T00:00:00+00:00
[2025-02-23T17:19:31.021+0000] {processor.py:179} INFO - Processing /opt/airflow/dags/xkcd_dbt_dag.py took 0.053 seconds
[2025-02-23T17:20:01.276+0000] {processor.py:157} INFO - Started process (PID=2352) to work on /opt/airflow/dags/xkcd_dbt_dag.py
[2025-02-23T17:20:01.277+0000] {processor.py:829} INFO - Processing file /opt/airflow/dags/xkcd_dbt_dag.py for tasks to queue
[2025-02-23T17:20:01.279+0000] {logging_mixin.py:151} INFO - [2025-02-23T17:20:01.279+0000] {dagbag.py:539} INFO - Filling up the DagBag from /opt/airflow/dags/xkcd_dbt_dag.py
[2025-02-23T17:20:01.295+0000] {processor.py:839} INFO - DAG(s) dict_keys(['xkcd_dbt_dag']) retrieved from /opt/airflow/dags/xkcd_dbt_dag.py
[2025-02-23T17:20:01.330+0000] {logging_mixin.py:151} INFO - [2025-02-23T17:20:01.330+0000] {dag.py:2915} INFO - Sync 1 DAGs
[2025-02-23T17:20:01.342+0000] {logging_mixin.py:151} INFO - [2025-02-23T17:20:01.342+0000] {dag.py:3696} INFO - Setting next_dagrun for xkcd_dbt_dag to 2025-02-22T00:00:00+00:00, run_after=2025-02-23T00:00:00+00:00
[2025-02-23T17:20:01.352+0000] {processor.py:179} INFO - Processing /opt/airflow/dags/xkcd_dbt_dag.py took 0.077 seconds
[2025-02-23T17:20:31.632+0000] {processor.py:157} INFO - Started process (PID=2362) to work on /opt/airflow/dags/xkcd_dbt_dag.py
[2025-02-23T17:20:31.632+0000] {processor.py:829} INFO - Processing file /opt/airflow/dags/xkcd_dbt_dag.py for tasks to queue
[2025-02-23T17:20:31.633+0000] {logging_mixin.py:151} INFO - [2025-02-23T17:20:31.633+0000] {dagbag.py:539} INFO - Filling up the DagBag from /opt/airflow/dags/xkcd_dbt_dag.py
[2025-02-23T17:20:31.647+0000] {processor.py:839} INFO - DAG(s) dict_keys(['xkcd_dbt_dag']) retrieved from /opt/airflow/dags/xkcd_dbt_dag.py
[2025-02-23T17:20:31.664+0000] {logging_mixin.py:151} INFO - [2025-02-23T17:20:31.664+0000] {dag.py:2915} INFO - Sync 1 DAGs
[2025-02-23T17:20:31.678+0000] {logging_mixin.py:151} INFO - [2025-02-23T17:20:31.678+0000] {dag.py:3696} INFO - Setting next_dagrun for xkcd_dbt_dag to 2025-02-22T00:00:00+00:00, run_after=2025-02-23T00:00:00+00:00
[2025-02-23T17:20:31.692+0000] {processor.py:179} INFO - Processing /opt/airflow/dags/xkcd_dbt_dag.py took 0.063 seconds
[2025-02-23T17:21:01.991+0000] {processor.py:157} INFO - Started process (PID=2372) to work on /opt/airflow/dags/xkcd_dbt_dag.py
[2025-02-23T17:21:01.992+0000] {processor.py:829} INFO - Processing file /opt/airflow/dags/xkcd_dbt_dag.py for tasks to queue
[2025-02-23T17:21:01.994+0000] {logging_mixin.py:151} INFO - [2025-02-23T17:21:01.993+0000] {dagbag.py:539} INFO - Filling up the DagBag from /opt/airflow/dags/xkcd_dbt_dag.py
[2025-02-23T17:21:02.007+0000] {processor.py:839} INFO - DAG(s) dict_keys(['xkcd_dbt_dag']) retrieved from /opt/airflow/dags/xkcd_dbt_dag.py
[2025-02-23T17:21:02.022+0000] {logging_mixin.py:151} INFO - [2025-02-23T17:21:02.022+0000] {dag.py:2915} INFO - Sync 1 DAGs
[2025-02-23T17:21:02.033+0000] {logging_mixin.py:151} INFO - [2025-02-23T17:21:02.033+0000] {dag.py:3696} INFO - Setting next_dagrun for xkcd_dbt_dag to 2025-02-22T00:00:00+00:00, run_after=2025-02-23T00:00:00+00:00
[2025-02-23T17:21:02.044+0000] {processor.py:179} INFO - Processing /opt/airflow/dags/xkcd_dbt_dag.py took 0.055 seconds
[2025-02-23T17:21:32.303+0000] {processor.py:157} INFO - Started process (PID=2382) to work on /opt/airflow/dags/xkcd_dbt_dag.py
[2025-02-23T17:21:32.304+0000] {processor.py:829} INFO - Processing file /opt/airflow/dags/xkcd_dbt_dag.py for tasks to queue
[2025-02-23T17:21:32.304+0000] {logging_mixin.py:151} INFO - [2025-02-23T17:21:32.304+0000] {dagbag.py:539} INFO - Filling up the DagBag from /opt/airflow/dags/xkcd_dbt_dag.py
[2025-02-23T17:21:32.313+0000] {processor.py:839} INFO - DAG(s) dict_keys(['xkcd_dbt_dag']) retrieved from /opt/airflow/dags/xkcd_dbt_dag.py
[2025-02-23T17:21:32.328+0000] {logging_mixin.py:151} INFO - [2025-02-23T17:21:32.328+0000] {dag.py:2915} INFO - Sync 1 DAGs
[2025-02-23T17:21:32.343+0000] {logging_mixin.py:151} INFO - [2025-02-23T17:21:32.343+0000] {dag.py:3696} INFO - Setting next_dagrun for xkcd_dbt_dag to 2025-02-22T00:00:00+00:00, run_after=2025-02-23T00:00:00+00:00
[2025-02-23T17:21:32.358+0000] {processor.py:179} INFO - Processing /opt/airflow/dags/xkcd_dbt_dag.py took 0.057 seconds
[2025-02-23T17:22:02.623+0000] {processor.py:157} INFO - Started process (PID=2392) to work on /opt/airflow/dags/xkcd_dbt_dag.py
[2025-02-23T17:22:02.623+0000] {processor.py:829} INFO - Processing file /opt/airflow/dags/xkcd_dbt_dag.py for tasks to queue
[2025-02-23T17:22:02.624+0000] {logging_mixin.py:151} INFO - [2025-02-23T17:22:02.624+0000] {dagbag.py:539} INFO - Filling up the DagBag from /opt/airflow/dags/xkcd_dbt_dag.py
[2025-02-23T17:22:02.639+0000] {processor.py:839} INFO - DAG(s) dict_keys(['xkcd_dbt_dag']) retrieved from /opt/airflow/dags/xkcd_dbt_dag.py
[2025-02-23T17:22:02.658+0000] {logging_mixin.py:151} INFO - [2025-02-23T17:22:02.658+0000] {dag.py:2915} INFO - Sync 1 DAGs
[2025-02-23T17:22:02.677+0000] {logging_mixin.py:151} INFO - [2025-02-23T17:22:02.677+0000] {dag.py:3696} INFO - Setting next_dagrun for xkcd_dbt_dag to 2025-02-22T00:00:00+00:00, run_after=2025-02-23T00:00:00+00:00
[2025-02-23T17:22:02.688+0000] {processor.py:179} INFO - Processing /opt/airflow/dags/xkcd_dbt_dag.py took 0.068 seconds
[2025-02-23T17:22:32.960+0000] {processor.py:157} INFO - Started process (PID=2402) to work on /opt/airflow/dags/xkcd_dbt_dag.py
[2025-02-23T17:22:32.961+0000] {processor.py:829} INFO - Processing file /opt/airflow/dags/xkcd_dbt_dag.py for tasks to queue
[2025-02-23T17:22:32.961+0000] {logging_mixin.py:151} INFO - [2025-02-23T17:22:32.961+0000] {dagbag.py:539} INFO - Filling up the DagBag from /opt/airflow/dags/xkcd_dbt_dag.py
[2025-02-23T17:22:32.976+0000] {processor.py:839} INFO - DAG(s) dict_keys(['xkcd_dbt_dag']) retrieved from /opt/airflow/dags/xkcd_dbt_dag.py
[2025-02-23T17:22:32.997+0000] {logging_mixin.py:151} INFO - [2025-02-23T17:22:32.997+0000] {dag.py:2915} INFO - Sync 1 DAGs
[2025-02-23T17:22:33.013+0000] {logging_mixin.py:151} INFO - [2025-02-23T17:22:33.013+0000] {dag.py:3696} INFO - Setting next_dagrun for xkcd_dbt_dag to 2025-02-22T00:00:00+00:00, run_after=2025-02-23T00:00:00+00:00
[2025-02-23T17:22:33.025+0000] {processor.py:179} INFO - Processing /opt/airflow/dags/xkcd_dbt_dag.py took 0.067 seconds
[2025-02-23T17:23:03.217+0000] {processor.py:157} INFO - Started process (PID=2412) to work on /opt/airflow/dags/xkcd_dbt_dag.py
[2025-02-23T17:23:03.220+0000] {processor.py:829} INFO - Processing file /opt/airflow/dags/xkcd_dbt_dag.py for tasks to queue
[2025-02-23T17:23:03.221+0000] {logging_mixin.py:151} INFO - [2025-02-23T17:23:03.221+0000] {dagbag.py:539} INFO - Filling up the DagBag from /opt/airflow/dags/xkcd_dbt_dag.py
[2025-02-23T17:23:03.234+0000] {processor.py:839} INFO - DAG(s) dict_keys(['xkcd_dbt_dag']) retrieved from /opt/airflow/dags/xkcd_dbt_dag.py
[2025-02-23T17:23:03.257+0000] {logging_mixin.py:151} INFO - [2025-02-23T17:23:03.256+0000] {dag.py:2915} INFO - Sync 1 DAGs
[2025-02-23T17:23:03.271+0000] {logging_mixin.py:151} INFO - [2025-02-23T17:23:03.271+0000] {dag.py:3696} INFO - Setting next_dagrun for xkcd_dbt_dag to 2025-02-22T00:00:00+00:00, run_after=2025-02-23T00:00:00+00:00
[2025-02-23T17:23:03.284+0000] {processor.py:179} INFO - Processing /opt/airflow/dags/xkcd_dbt_dag.py took 0.069 seconds
[2025-02-23T17:23:33.487+0000] {processor.py:157} INFO - Started process (PID=2422) to work on /opt/airflow/dags/xkcd_dbt_dag.py
[2025-02-23T17:23:33.491+0000] {processor.py:829} INFO - Processing file /opt/airflow/dags/xkcd_dbt_dag.py for tasks to queue
[2025-02-23T17:23:33.492+0000] {logging_mixin.py:151} INFO - [2025-02-23T17:23:33.492+0000] {dagbag.py:539} INFO - Filling up the DagBag from /opt/airflow/dags/xkcd_dbt_dag.py
[2025-02-23T17:23:33.503+0000] {processor.py:839} INFO - DAG(s) dict_keys(['xkcd_dbt_dag']) retrieved from /opt/airflow/dags/xkcd_dbt_dag.py
[2025-02-23T17:23:33.521+0000] {logging_mixin.py:151} INFO - [2025-02-23T17:23:33.521+0000] {dag.py:2915} INFO - Sync 1 DAGs
[2025-02-23T17:23:33.536+0000] {logging_mixin.py:151} INFO - [2025-02-23T17:23:33.536+0000] {dag.py:3696} INFO - Setting next_dagrun for xkcd_dbt_dag to 2025-02-22T00:00:00+00:00, run_after=2025-02-23T00:00:00+00:00
[2025-02-23T17:23:33.547+0000] {processor.py:179} INFO - Processing /opt/airflow/dags/xkcd_dbt_dag.py took 0.062 seconds
[2025-02-23T17:24:03.825+0000] {processor.py:157} INFO - Started process (PID=2432) to work on /opt/airflow/dags/xkcd_dbt_dag.py
[2025-02-23T17:24:03.826+0000] {processor.py:829} INFO - Processing file /opt/airflow/dags/xkcd_dbt_dag.py for tasks to queue
[2025-02-23T17:24:03.826+0000] {logging_mixin.py:151} INFO - [2025-02-23T17:24:03.826+0000] {dagbag.py:539} INFO - Filling up the DagBag from /opt/airflow/dags/xkcd_dbt_dag.py
[2025-02-23T17:24:03.847+0000] {processor.py:839} INFO - DAG(s) dict_keys(['xkcd_dbt_dag']) retrieved from /opt/airflow/dags/xkcd_dbt_dag.py
[2025-02-23T17:24:03.874+0000] {logging_mixin.py:151} INFO - [2025-02-23T17:24:03.874+0000] {dag.py:2915} INFO - Sync 1 DAGs
[2025-02-23T17:24:03.895+0000] {logging_mixin.py:151} INFO - [2025-02-23T17:24:03.895+0000] {dag.py:3696} INFO - Setting next_dagrun for xkcd_dbt_dag to 2025-02-22T00:00:00+00:00, run_after=2025-02-23T00:00:00+00:00
[2025-02-23T17:24:04.084+0000] {processor.py:179} INFO - Processing /opt/airflow/dags/xkcd_dbt_dag.py took 0.262 seconds
[2025-02-23T18:49:11.072+0000] {processor.py:157} INFO - Started process (PID=2442) to work on /opt/airflow/dags/xkcd_dbt_dag.py
[2025-02-23T18:49:11.073+0000] {processor.py:829} INFO - Processing file /opt/airflow/dags/xkcd_dbt_dag.py for tasks to queue
[2025-02-23T18:49:11.074+0000] {logging_mixin.py:151} INFO - [2025-02-23T18:49:11.074+0000] {dagbag.py:539} INFO - Filling up the DagBag from /opt/airflow/dags/xkcd_dbt_dag.py
[2025-02-23T18:49:11.089+0000] {processor.py:839} INFO - DAG(s) dict_keys(['xkcd_dbt_dag']) retrieved from /opt/airflow/dags/xkcd_dbt_dag.py
[2025-02-23T18:49:11.111+0000] {logging_mixin.py:151} INFO - [2025-02-23T18:49:11.111+0000] {dag.py:2915} INFO - Sync 1 DAGs
[2025-02-23T18:49:11.129+0000] {logging_mixin.py:151} INFO - [2025-02-23T18:49:11.129+0000] {dag.py:3696} INFO - Setting next_dagrun for xkcd_dbt_dag to 2025-02-22T00:00:00+00:00, run_after=2025-02-23T00:00:00+00:00
[2025-02-23T18:49:11.146+0000] {processor.py:179} INFO - Processing /opt/airflow/dags/xkcd_dbt_dag.py took 0.076 seconds
[2025-02-23T19:43:28.085+0000] {processor.py:157} INFO - Started process (PID=2453) to work on /opt/airflow/dags/xkcd_dbt_dag.py
[2025-02-23T19:43:28.085+0000] {processor.py:829} INFO - Processing file /opt/airflow/dags/xkcd_dbt_dag.py for tasks to queue
[2025-02-23T19:43:28.087+0000] {logging_mixin.py:151} INFO - [2025-02-23T19:43:28.087+0000] {dagbag.py:539} INFO - Filling up the DagBag from /opt/airflow/dags/xkcd_dbt_dag.py
[2025-02-23T19:43:28.101+0000] {processor.py:839} INFO - DAG(s) dict_keys(['xkcd_dbt_dag']) retrieved from /opt/airflow/dags/xkcd_dbt_dag.py
[2025-02-23T19:43:28.115+0000] {logging_mixin.py:151} INFO - [2025-02-23T19:43:28.115+0000] {dag.py:2915} INFO - Sync 1 DAGs
[2025-02-23T19:43:28.128+0000] {logging_mixin.py:151} INFO - [2025-02-23T19:43:28.127+0000] {dag.py:3696} INFO - Setting next_dagrun for xkcd_dbt_dag to 2025-02-22T00:00:00+00:00, run_after=2025-02-23T00:00:00+00:00
[2025-02-23T19:43:28.147+0000] {processor.py:179} INFO - Processing /opt/airflow/dags/xkcd_dbt_dag.py took 0.064 seconds
[2025-02-23T20:59:22.992+0000] {processor.py:157} INFO - Started process (PID=2465) to work on /opt/airflow/dags/xkcd_dbt_dag.py
[2025-02-23T20:59:22.992+0000] {processor.py:829} INFO - Processing file /opt/airflow/dags/xkcd_dbt_dag.py for tasks to queue
[2025-02-23T20:59:22.993+0000] {logging_mixin.py:151} INFO - [2025-02-23T20:59:22.993+0000] {dagbag.py:539} INFO - Filling up the DagBag from /opt/airflow/dags/xkcd_dbt_dag.py
[2025-02-23T20:59:23.002+0000] {processor.py:839} INFO - DAG(s) dict_keys(['xkcd_dbt_dag']) retrieved from /opt/airflow/dags/xkcd_dbt_dag.py
[2025-02-23T20:59:23.018+0000] {logging_mixin.py:151} INFO - [2025-02-23T20:59:23.018+0000] {dag.py:2915} INFO - Sync 1 DAGs
[2025-02-23T20:59:23.028+0000] {logging_mixin.py:151} INFO - [2025-02-23T20:59:23.028+0000] {dag.py:3696} INFO - Setting next_dagrun for xkcd_dbt_dag to 2025-02-22T00:00:00+00:00, run_after=2025-02-23T00:00:00+00:00
[2025-02-23T20:59:23.038+0000] {processor.py:179} INFO - Processing /opt/airflow/dags/xkcd_dbt_dag.py took 0.048 seconds
[2025-02-23T22:18:41.757+0000] {processor.py:157} INFO - Started process (PID=2475) to work on /opt/airflow/dags/xkcd_dbt_dag.py
[2025-02-23T22:18:41.757+0000] {processor.py:829} INFO - Processing file /opt/airflow/dags/xkcd_dbt_dag.py for tasks to queue
[2025-02-23T22:18:41.758+0000] {logging_mixin.py:151} INFO - [2025-02-23T22:18:41.758+0000] {dagbag.py:539} INFO - Filling up the DagBag from /opt/airflow/dags/xkcd_dbt_dag.py
[2025-02-23T22:18:41.775+0000] {processor.py:839} INFO - DAG(s) dict_keys(['xkcd_dbt_dag']) retrieved from /opt/airflow/dags/xkcd_dbt_dag.py
[2025-02-23T22:18:41.794+0000] {logging_mixin.py:151} INFO - [2025-02-23T22:18:41.794+0000] {dag.py:2915} INFO - Sync 1 DAGs
[2025-02-23T22:18:41.806+0000] {logging_mixin.py:151} INFO - [2025-02-23T22:18:41.806+0000] {dag.py:3696} INFO - Setting next_dagrun for xkcd_dbt_dag to 2025-02-22T00:00:00+00:00, run_after=2025-02-23T00:00:00+00:00
[2025-02-23T22:18:41.817+0000] {processor.py:179} INFO - Processing /opt/airflow/dags/xkcd_dbt_dag.py took 0.064 seconds
[2025-02-23T23:29:03.651+0000] {processor.py:157} INFO - Started process (PID=2485) to work on /opt/airflow/dags/xkcd_dbt_dag.py
[2025-02-23T23:29:03.652+0000] {processor.py:829} INFO - Processing file /opt/airflow/dags/xkcd_dbt_dag.py for tasks to queue
[2025-02-23T23:29:03.654+0000] {logging_mixin.py:151} INFO - [2025-02-23T23:29:03.654+0000] {dagbag.py:539} INFO - Filling up the DagBag from /opt/airflow/dags/xkcd_dbt_dag.py
[2025-02-23T23:29:03.671+0000] {processor.py:839} INFO - DAG(s) dict_keys(['xkcd_dbt_dag']) retrieved from /opt/airflow/dags/xkcd_dbt_dag.py
[2025-02-23T23:29:03.702+0000] {logging_mixin.py:151} INFO - [2025-02-23T23:29:03.702+0000] {dag.py:2915} INFO - Sync 1 DAGs
[2025-02-23T23:29:03.725+0000] {logging_mixin.py:151} INFO - [2025-02-23T23:29:03.725+0000] {dag.py:3696} INFO - Setting next_dagrun for xkcd_dbt_dag to 2025-02-22T00:00:00+00:00, run_after=2025-02-23T00:00:00+00:00
[2025-02-23T23:29:03.743+0000] {processor.py:179} INFO - Processing /opt/airflow/dags/xkcd_dbt_dag.py took 0.096 seconds
