[2025-02-26T01:04:20.333+0000] {processor.py:157} INFO - Started process (PID=18207) to work on /opt/airflow/dags/xkcd_dbt_dag.py
[2025-02-26T01:04:20.334+0000] {processor.py:829} INFO - Processing file /opt/airflow/dags/xkcd_dbt_dag.py for tasks to queue
[2025-02-26T01:04:20.335+0000] {logging_mixin.py:151} INFO - [2025-02-26T01:04:20.334+0000] {dagbag.py:539} INFO - Filling up the DagBag from /opt/airflow/dags/xkcd_dbt_dag.py
[2025-02-26T01:04:20.349+0000] {processor.py:839} INFO - DAG(s) dict_keys(['xkcd_dbt_dag']) retrieved from /opt/airflow/dags/xkcd_dbt_dag.py
[2025-02-26T01:04:20.368+0000] {logging_mixin.py:151} INFO - [2025-02-26T01:04:20.367+0000] {dag.py:2915} INFO - Sync 1 DAGs
[2025-02-26T01:04:20.384+0000] {logging_mixin.py:151} INFO - [2025-02-26T01:04:20.384+0000] {dag.py:3696} INFO - Setting next_dagrun for xkcd_dbt_dag to 2025-02-25T00:00:00+00:00, run_after=2025-02-26T00:00:00+00:00
[2025-02-26T01:04:20.400+0000] {processor.py:179} INFO - Processing /opt/airflow/dags/xkcd_dbt_dag.py took 0.070 seconds
[2025-02-26T02:25:56.516+0000] {processor.py:157} INFO - Started process (PID=18219) to work on /opt/airflow/dags/xkcd_dbt_dag.py
[2025-02-26T02:25:56.516+0000] {processor.py:829} INFO - Processing file /opt/airflow/dags/xkcd_dbt_dag.py for tasks to queue
[2025-02-26T02:25:56.517+0000] {logging_mixin.py:151} INFO - [2025-02-26T02:25:56.517+0000] {dagbag.py:539} INFO - Filling up the DagBag from /opt/airflow/dags/xkcd_dbt_dag.py
[2025-02-26T02:25:56.535+0000] {processor.py:839} INFO - DAG(s) dict_keys(['xkcd_dbt_dag']) retrieved from /opt/airflow/dags/xkcd_dbt_dag.py
[2025-02-26T02:25:56.555+0000] {logging_mixin.py:151} INFO - [2025-02-26T02:25:56.555+0000] {dag.py:2915} INFO - Sync 1 DAGs
[2025-02-26T02:25:56.571+0000] {logging_mixin.py:151} INFO - [2025-02-26T02:25:56.571+0000] {dag.py:3696} INFO - Setting next_dagrun for xkcd_dbt_dag to 2025-02-25T00:00:00+00:00, run_after=2025-02-26T00:00:00+00:00
[2025-02-26T02:25:56.586+0000] {processor.py:179} INFO - Processing /opt/airflow/dags/xkcd_dbt_dag.py took 0.072 seconds
[2025-02-26T03:47:23.827+0000] {processor.py:157} INFO - Started process (PID=18229) to work on /opt/airflow/dags/xkcd_dbt_dag.py
[2025-02-26T03:47:23.833+0000] {processor.py:829} INFO - Processing file /opt/airflow/dags/xkcd_dbt_dag.py for tasks to queue
[2025-02-26T03:47:23.837+0000] {logging_mixin.py:151} INFO - [2025-02-26T03:47:23.836+0000] {dagbag.py:539} INFO - Filling up the DagBag from /opt/airflow/dags/xkcd_dbt_dag.py
[2025-02-26T03:47:23.856+0000] {processor.py:839} INFO - DAG(s) dict_keys(['xkcd_dbt_dag']) retrieved from /opt/airflow/dags/xkcd_dbt_dag.py
[2025-02-26T03:47:23.885+0000] {logging_mixin.py:151} INFO - [2025-02-26T03:47:23.885+0000] {dag.py:2915} INFO - Sync 1 DAGs
[2025-02-26T03:47:23.898+0000] {logging_mixin.py:151} INFO - [2025-02-26T03:47:23.898+0000] {dag.py:3696} INFO - Setting next_dagrun for xkcd_dbt_dag to 2025-02-25T00:00:00+00:00, run_after=2025-02-26T00:00:00+00:00
[2025-02-26T03:47:23.910+0000] {processor.py:179} INFO - Processing /opt/airflow/dags/xkcd_dbt_dag.py took 0.087 seconds
[2025-02-26T04:58:46.758+0000] {processor.py:157} INFO - Started process (PID=18239) to work on /opt/airflow/dags/xkcd_dbt_dag.py
[2025-02-26T04:58:46.759+0000] {processor.py:829} INFO - Processing file /opt/airflow/dags/xkcd_dbt_dag.py for tasks to queue
[2025-02-26T04:58:46.762+0000] {logging_mixin.py:151} INFO - [2025-02-26T04:58:46.762+0000] {dagbag.py:539} INFO - Filling up the DagBag from /opt/airflow/dags/xkcd_dbt_dag.py
[2025-02-26T04:58:46.774+0000] {processor.py:839} INFO - DAG(s) dict_keys(['xkcd_dbt_dag']) retrieved from /opt/airflow/dags/xkcd_dbt_dag.py
[2025-02-26T04:58:46.793+0000] {logging_mixin.py:151} INFO - [2025-02-26T04:58:46.793+0000] {dag.py:2915} INFO - Sync 1 DAGs
[2025-02-26T04:58:46.808+0000] {logging_mixin.py:151} INFO - [2025-02-26T04:58:46.808+0000] {dag.py:3696} INFO - Setting next_dagrun for xkcd_dbt_dag to 2025-02-25T00:00:00+00:00, run_after=2025-02-26T00:00:00+00:00
[2025-02-26T04:58:46.822+0000] {processor.py:179} INFO - Processing /opt/airflow/dags/xkcd_dbt_dag.py took 0.066 seconds
[2025-02-26T06:41:31.605+0000] {processor.py:157} INFO - Started process (PID=18249) to work on /opt/airflow/dags/xkcd_dbt_dag.py
[2025-02-26T06:41:31.605+0000] {processor.py:829} INFO - Processing file /opt/airflow/dags/xkcd_dbt_dag.py for tasks to queue
[2025-02-26T06:41:31.606+0000] {logging_mixin.py:151} INFO - [2025-02-26T06:41:31.606+0000] {dagbag.py:539} INFO - Filling up the DagBag from /opt/airflow/dags/xkcd_dbt_dag.py
[2025-02-26T06:41:31.618+0000] {processor.py:839} INFO - DAG(s) dict_keys(['xkcd_dbt_dag']) retrieved from /opt/airflow/dags/xkcd_dbt_dag.py
[2025-02-26T06:41:31.637+0000] {logging_mixin.py:151} INFO - [2025-02-26T06:41:31.637+0000] {dag.py:2915} INFO - Sync 1 DAGs
[2025-02-26T06:41:31.651+0000] {logging_mixin.py:151} INFO - [2025-02-26T06:41:31.651+0000] {dag.py:3696} INFO - Setting next_dagrun for xkcd_dbt_dag to 2025-02-25T00:00:00+00:00, run_after=2025-02-26T00:00:00+00:00
[2025-02-26T06:41:31.663+0000] {processor.py:179} INFO - Processing /opt/airflow/dags/xkcd_dbt_dag.py took 0.060 seconds
[2025-02-26T07:54:19.071+0000] {processor.py:157} INFO - Started process (PID=18263) to work on /opt/airflow/dags/xkcd_dbt_dag.py
[2025-02-26T07:54:19.072+0000] {processor.py:829} INFO - Processing file /opt/airflow/dags/xkcd_dbt_dag.py for tasks to queue
[2025-02-26T07:54:19.074+0000] {logging_mixin.py:151} INFO - [2025-02-26T07:54:19.074+0000] {dagbag.py:539} INFO - Filling up the DagBag from /opt/airflow/dags/xkcd_dbt_dag.py
[2025-02-26T07:54:19.101+0000] {processor.py:839} INFO - DAG(s) dict_keys(['xkcd_dbt_dag']) retrieved from /opt/airflow/dags/xkcd_dbt_dag.py
[2025-02-26T07:54:19.126+0000] {logging_mixin.py:151} INFO - [2025-02-26T07:54:19.126+0000] {dag.py:2915} INFO - Sync 1 DAGs
[2025-02-26T07:54:19.138+0000] {logging_mixin.py:151} INFO - [2025-02-26T07:54:19.138+0000] {dag.py:3696} INFO - Setting next_dagrun for xkcd_dbt_dag to 2025-02-25T00:00:00+00:00, run_after=2025-02-26T00:00:00+00:00
[2025-02-26T07:54:19.149+0000] {processor.py:179} INFO - Processing /opt/airflow/dags/xkcd_dbt_dag.py took 0.085 seconds
[2025-02-26T09:24:09.962+0000] {processor.py:157} INFO - Started process (PID=18278) to work on /opt/airflow/dags/xkcd_dbt_dag.py
[2025-02-26T09:24:09.963+0000] {processor.py:829} INFO - Processing file /opt/airflow/dags/xkcd_dbt_dag.py for tasks to queue
[2025-02-26T09:24:09.964+0000] {logging_mixin.py:151} INFO - [2025-02-26T09:24:09.964+0000] {dagbag.py:539} INFO - Filling up the DagBag from /opt/airflow/dags/xkcd_dbt_dag.py
[2025-02-26T09:24:09.974+0000] {processor.py:839} INFO - DAG(s) dict_keys(['xkcd_dbt_dag']) retrieved from /opt/airflow/dags/xkcd_dbt_dag.py
[2025-02-26T09:24:09.995+0000] {logging_mixin.py:151} INFO - [2025-02-26T09:24:09.995+0000] {dag.py:2915} INFO - Sync 1 DAGs
[2025-02-26T09:24:10.012+0000] {logging_mixin.py:151} INFO - [2025-02-26T09:24:10.011+0000] {dag.py:3696} INFO - Setting next_dagrun for xkcd_dbt_dag to 2025-02-25T00:00:00+00:00, run_after=2025-02-26T00:00:00+00:00
[2025-02-26T09:24:10.023+0000] {processor.py:179} INFO - Processing /opt/airflow/dags/xkcd_dbt_dag.py took 0.063 seconds
[2025-02-26T10:39:29.091+0000] {processor.py:157} INFO - Started process (PID=18288) to work on /opt/airflow/dags/xkcd_dbt_dag.py
[2025-02-26T10:39:29.092+0000] {processor.py:829} INFO - Processing file /opt/airflow/dags/xkcd_dbt_dag.py for tasks to queue
[2025-02-26T10:39:29.092+0000] {logging_mixin.py:151} INFO - [2025-02-26T10:39:29.092+0000] {dagbag.py:539} INFO - Filling up the DagBag from /opt/airflow/dags/xkcd_dbt_dag.py
[2025-02-26T10:39:29.107+0000] {processor.py:839} INFO - DAG(s) dict_keys(['xkcd_dbt_dag']) retrieved from /opt/airflow/dags/xkcd_dbt_dag.py
[2025-02-26T10:39:29.122+0000] {logging_mixin.py:151} INFO - [2025-02-26T10:39:29.121+0000] {dag.py:2915} INFO - Sync 1 DAGs
[2025-02-26T10:39:29.133+0000] {logging_mixin.py:151} INFO - [2025-02-26T10:39:29.133+0000] {dag.py:3696} INFO - Setting next_dagrun for xkcd_dbt_dag to 2025-02-25T00:00:00+00:00, run_after=2025-02-26T00:00:00+00:00
[2025-02-26T10:39:29.141+0000] {processor.py:179} INFO - Processing /opt/airflow/dags/xkcd_dbt_dag.py took 0.052 seconds
[2025-02-26T11:42:48.535+0000] {processor.py:157} INFO - Started process (PID=18298) to work on /opt/airflow/dags/xkcd_dbt_dag.py
[2025-02-26T11:42:48.536+0000] {processor.py:829} INFO - Processing file /opt/airflow/dags/xkcd_dbt_dag.py for tasks to queue
[2025-02-26T11:42:48.538+0000] {logging_mixin.py:151} INFO - [2025-02-26T11:42:48.538+0000] {dagbag.py:539} INFO - Filling up the DagBag from /opt/airflow/dags/xkcd_dbt_dag.py
[2025-02-26T11:42:48.550+0000] {processor.py:839} INFO - DAG(s) dict_keys(['xkcd_dbt_dag']) retrieved from /opt/airflow/dags/xkcd_dbt_dag.py
[2025-02-26T11:42:48.570+0000] {logging_mixin.py:151} INFO - [2025-02-26T11:42:48.570+0000] {dag.py:2915} INFO - Sync 1 DAGs
[2025-02-26T11:42:48.592+0000] {logging_mixin.py:151} INFO - [2025-02-26T11:42:48.591+0000] {dag.py:3696} INFO - Setting next_dagrun for xkcd_dbt_dag to 2025-02-25T00:00:00+00:00, run_after=2025-02-26T00:00:00+00:00
[2025-02-26T11:42:48.605+0000] {processor.py:179} INFO - Processing /opt/airflow/dags/xkcd_dbt_dag.py took 0.072 seconds
[2025-02-26T11:53:36.561+0000] {processor.py:157} INFO - Started process (PID=18310) to work on /opt/airflow/dags/xkcd_dbt_dag.py
[2025-02-26T11:53:36.562+0000] {processor.py:829} INFO - Processing file /opt/airflow/dags/xkcd_dbt_dag.py for tasks to queue
[2025-02-26T11:53:36.562+0000] {logging_mixin.py:151} INFO - [2025-02-26T11:53:36.562+0000] {dagbag.py:539} INFO - Filling up the DagBag from /opt/airflow/dags/xkcd_dbt_dag.py
[2025-02-26T11:53:36.580+0000] {processor.py:839} INFO - DAG(s) dict_keys(['xkcd_dbt_dag']) retrieved from /opt/airflow/dags/xkcd_dbt_dag.py
[2025-02-26T11:53:36.599+0000] {logging_mixin.py:151} INFO - [2025-02-26T11:53:36.599+0000] {dag.py:2915} INFO - Sync 1 DAGs
[2025-02-26T11:53:36.610+0000] {logging_mixin.py:151} INFO - [2025-02-26T11:53:36.610+0000] {dag.py:3696} INFO - Setting next_dagrun for xkcd_dbt_dag to 2025-02-25T00:00:00+00:00, run_after=2025-02-26T00:00:00+00:00
[2025-02-26T11:53:36.624+0000] {processor.py:179} INFO - Processing /opt/airflow/dags/xkcd_dbt_dag.py took 0.065 seconds
[2025-02-26T12:11:24.268+0000] {processor.py:157} INFO - Started process (PID=18320) to work on /opt/airflow/dags/xkcd_dbt_dag.py
[2025-02-26T12:11:24.269+0000] {processor.py:829} INFO - Processing file /opt/airflow/dags/xkcd_dbt_dag.py for tasks to queue
[2025-02-26T12:11:24.270+0000] {logging_mixin.py:151} INFO - [2025-02-26T12:11:24.270+0000] {dagbag.py:539} INFO - Filling up the DagBag from /opt/airflow/dags/xkcd_dbt_dag.py
[2025-02-26T12:11:24.283+0000] {processor.py:839} INFO - DAG(s) dict_keys(['xkcd_dbt_dag']) retrieved from /opt/airflow/dags/xkcd_dbt_dag.py
[2025-02-26T12:11:24.300+0000] {logging_mixin.py:151} INFO - [2025-02-26T12:11:24.300+0000] {dag.py:2915} INFO - Sync 1 DAGs
[2025-02-26T12:11:24.312+0000] {logging_mixin.py:151} INFO - [2025-02-26T12:11:24.312+0000] {dag.py:3696} INFO - Setting next_dagrun for xkcd_dbt_dag to 2025-02-25T00:00:00+00:00, run_after=2025-02-26T00:00:00+00:00
[2025-02-26T12:11:24.323+0000] {processor.py:179} INFO - Processing /opt/airflow/dags/xkcd_dbt_dag.py took 0.058 seconds
[2025-02-26T12:11:54.734+0000] {processor.py:157} INFO - Started process (PID=18330) to work on /opt/airflow/dags/xkcd_dbt_dag.py
[2025-02-26T12:11:54.735+0000] {processor.py:829} INFO - Processing file /opt/airflow/dags/xkcd_dbt_dag.py for tasks to queue
[2025-02-26T12:11:54.736+0000] {logging_mixin.py:151} INFO - [2025-02-26T12:11:54.735+0000] {dagbag.py:539} INFO - Filling up the DagBag from /opt/airflow/dags/xkcd_dbt_dag.py
[2025-02-26T12:11:54.753+0000] {processor.py:839} INFO - DAG(s) dict_keys(['xkcd_dbt_dag']) retrieved from /opt/airflow/dags/xkcd_dbt_dag.py
[2025-02-26T12:11:54.773+0000] {logging_mixin.py:151} INFO - [2025-02-26T12:11:54.773+0000] {dag.py:2915} INFO - Sync 1 DAGs
[2025-02-26T12:11:54.785+0000] {logging_mixin.py:151} INFO - [2025-02-26T12:11:54.785+0000] {dag.py:3696} INFO - Setting next_dagrun for xkcd_dbt_dag to 2025-02-25T00:00:00+00:00, run_after=2025-02-26T00:00:00+00:00
[2025-02-26T12:11:54.798+0000] {processor.py:179} INFO - Processing /opt/airflow/dags/xkcd_dbt_dag.py took 0.067 seconds
[2025-02-26T12:28:48.689+0000] {processor.py:157} INFO - Started process (PID=18340) to work on /opt/airflow/dags/xkcd_dbt_dag.py
[2025-02-26T12:28:48.690+0000] {processor.py:829} INFO - Processing file /opt/airflow/dags/xkcd_dbt_dag.py for tasks to queue
[2025-02-26T12:28:48.694+0000] {logging_mixin.py:151} INFO - [2025-02-26T12:28:48.694+0000] {dagbag.py:539} INFO - Filling up the DagBag from /opt/airflow/dags/xkcd_dbt_dag.py
[2025-02-26T12:28:48.708+0000] {processor.py:839} INFO - DAG(s) dict_keys(['xkcd_dbt_dag']) retrieved from /opt/airflow/dags/xkcd_dbt_dag.py
[2025-02-26T12:28:48.731+0000] {logging_mixin.py:151} INFO - [2025-02-26T12:28:48.730+0000] {dag.py:2915} INFO - Sync 1 DAGs
[2025-02-26T12:28:48.744+0000] {logging_mixin.py:151} INFO - [2025-02-26T12:28:48.744+0000] {dag.py:3696} INFO - Setting next_dagrun for xkcd_dbt_dag to 2025-02-25T00:00:00+00:00, run_after=2025-02-26T00:00:00+00:00
[2025-02-26T12:28:48.756+0000] {processor.py:179} INFO - Processing /opt/airflow/dags/xkcd_dbt_dag.py took 0.069 seconds
[2025-02-26T12:29:19.166+0000] {processor.py:157} INFO - Started process (PID=18350) to work on /opt/airflow/dags/xkcd_dbt_dag.py
[2025-02-26T12:29:19.167+0000] {processor.py:829} INFO - Processing file /opt/airflow/dags/xkcd_dbt_dag.py for tasks to queue
[2025-02-26T12:29:19.168+0000] {logging_mixin.py:151} INFO - [2025-02-26T12:29:19.168+0000] {dagbag.py:539} INFO - Filling up the DagBag from /opt/airflow/dags/xkcd_dbt_dag.py
[2025-02-26T12:29:19.184+0000] {processor.py:839} INFO - DAG(s) dict_keys(['xkcd_dbt_dag']) retrieved from /opt/airflow/dags/xkcd_dbt_dag.py
[2025-02-26T12:29:19.202+0000] {logging_mixin.py:151} INFO - [2025-02-26T12:29:19.202+0000] {dag.py:2915} INFO - Sync 1 DAGs
[2025-02-26T12:29:19.215+0000] {logging_mixin.py:151} INFO - [2025-02-26T12:29:19.215+0000] {dag.py:3696} INFO - Setting next_dagrun for xkcd_dbt_dag to 2025-02-25T00:00:00+00:00, run_after=2025-02-26T00:00:00+00:00
[2025-02-26T12:29:19.225+0000] {processor.py:179} INFO - Processing /opt/airflow/dags/xkcd_dbt_dag.py took 0.062 seconds
[2025-02-26T12:29:49.615+0000] {processor.py:157} INFO - Started process (PID=18360) to work on /opt/airflow/dags/xkcd_dbt_dag.py
[2025-02-26T12:29:49.616+0000] {processor.py:829} INFO - Processing file /opt/airflow/dags/xkcd_dbt_dag.py for tasks to queue
[2025-02-26T12:29:49.616+0000] {logging_mixin.py:151} INFO - [2025-02-26T12:29:49.616+0000] {dagbag.py:539} INFO - Filling up the DagBag from /opt/airflow/dags/xkcd_dbt_dag.py
[2025-02-26T12:29:49.632+0000] {processor.py:839} INFO - DAG(s) dict_keys(['xkcd_dbt_dag']) retrieved from /opt/airflow/dags/xkcd_dbt_dag.py
[2025-02-26T12:29:49.650+0000] {logging_mixin.py:151} INFO - [2025-02-26T12:29:49.649+0000] {dag.py:2915} INFO - Sync 1 DAGs
[2025-02-26T12:29:49.660+0000] {logging_mixin.py:151} INFO - [2025-02-26T12:29:49.660+0000] {dag.py:3696} INFO - Setting next_dagrun for xkcd_dbt_dag to 2025-02-25T00:00:00+00:00, run_after=2025-02-26T00:00:00+00:00
[2025-02-26T12:29:49.671+0000] {processor.py:179} INFO - Processing /opt/airflow/dags/xkcd_dbt_dag.py took 0.059 seconds
[2025-02-26T12:47:53.886+0000] {processor.py:157} INFO - Started process (PID=18370) to work on /opt/airflow/dags/xkcd_dbt_dag.py
[2025-02-26T12:47:53.887+0000] {processor.py:829} INFO - Processing file /opt/airflow/dags/xkcd_dbt_dag.py for tasks to queue
[2025-02-26T12:47:53.888+0000] {logging_mixin.py:151} INFO - [2025-02-26T12:47:53.887+0000] {dagbag.py:539} INFO - Filling up the DagBag from /opt/airflow/dags/xkcd_dbt_dag.py
[2025-02-26T12:47:53.901+0000] {processor.py:839} INFO - DAG(s) dict_keys(['xkcd_dbt_dag']) retrieved from /opt/airflow/dags/xkcd_dbt_dag.py
[2025-02-26T12:47:53.915+0000] {logging_mixin.py:151} INFO - [2025-02-26T12:47:53.915+0000] {dag.py:2915} INFO - Sync 1 DAGs
[2025-02-26T12:47:53.928+0000] {logging_mixin.py:151} INFO - [2025-02-26T12:47:53.928+0000] {dag.py:3696} INFO - Setting next_dagrun for xkcd_dbt_dag to 2025-02-25T00:00:00+00:00, run_after=2025-02-26T00:00:00+00:00
[2025-02-26T12:47:53.937+0000] {processor.py:179} INFO - Processing /opt/airflow/dags/xkcd_dbt_dag.py took 0.052 seconds
[2025-02-26T12:54:24.363+0000] {processor.py:157} INFO - Started process (PID=18380) to work on /opt/airflow/dags/xkcd_dbt_dag.py
[2025-02-26T12:54:24.367+0000] {processor.py:829} INFO - Processing file /opt/airflow/dags/xkcd_dbt_dag.py for tasks to queue
[2025-02-26T12:54:24.369+0000] {logging_mixin.py:151} INFO - [2025-02-26T12:54:24.368+0000] {dagbag.py:539} INFO - Filling up the DagBag from /opt/airflow/dags/xkcd_dbt_dag.py
[2025-02-26T12:54:24.396+0000] {processor.py:839} INFO - DAG(s) dict_keys(['xkcd_dbt_dag']) retrieved from /opt/airflow/dags/xkcd_dbt_dag.py
[2025-02-26T12:54:24.414+0000] {logging_mixin.py:151} INFO - [2025-02-26T12:54:24.414+0000] {dag.py:2915} INFO - Sync 1 DAGs
[2025-02-26T12:54:24.425+0000] {logging_mixin.py:151} INFO - [2025-02-26T12:54:24.425+0000] {dag.py:3696} INFO - Setting next_dagrun for xkcd_dbt_dag to 2025-02-25T00:00:00+00:00, run_after=2025-02-26T00:00:00+00:00
[2025-02-26T12:54:24.438+0000] {processor.py:179} INFO - Processing /opt/airflow/dags/xkcd_dbt_dag.py took 0.084 seconds
[2025-02-26T12:54:54.761+0000] {processor.py:157} INFO - Started process (PID=18390) to work on /opt/airflow/dags/xkcd_dbt_dag.py
[2025-02-26T12:54:54.761+0000] {processor.py:829} INFO - Processing file /opt/airflow/dags/xkcd_dbt_dag.py for tasks to queue
[2025-02-26T12:54:54.762+0000] {logging_mixin.py:151} INFO - [2025-02-26T12:54:54.762+0000] {dagbag.py:539} INFO - Filling up the DagBag from /opt/airflow/dags/xkcd_dbt_dag.py
[2025-02-26T12:54:54.776+0000] {processor.py:839} INFO - DAG(s) dict_keys(['xkcd_dbt_dag']) retrieved from /opt/airflow/dags/xkcd_dbt_dag.py
[2025-02-26T12:54:54.795+0000] {logging_mixin.py:151} INFO - [2025-02-26T12:54:54.795+0000] {dag.py:2915} INFO - Sync 1 DAGs
[2025-02-26T12:54:54.811+0000] {logging_mixin.py:151} INFO - [2025-02-26T12:54:54.811+0000] {dag.py:3696} INFO - Setting next_dagrun for xkcd_dbt_dag to 2025-02-25T00:00:00+00:00, run_after=2025-02-26T00:00:00+00:00
[2025-02-26T12:54:54.822+0000] {processor.py:179} INFO - Processing /opt/airflow/dags/xkcd_dbt_dag.py took 0.064 seconds
[2025-02-26T13:11:23.732+0000] {processor.py:157} INFO - Started process (PID=18402) to work on /opt/airflow/dags/xkcd_dbt_dag.py
[2025-02-26T13:11:23.733+0000] {processor.py:829} INFO - Processing file /opt/airflow/dags/xkcd_dbt_dag.py for tasks to queue
[2025-02-26T13:11:23.735+0000] {logging_mixin.py:151} INFO - [2025-02-26T13:11:23.735+0000] {dagbag.py:539} INFO - Filling up the DagBag from /opt/airflow/dags/xkcd_dbt_dag.py
[2025-02-26T13:11:23.756+0000] {processor.py:839} INFO - DAG(s) dict_keys(['xkcd_dbt_dag']) retrieved from /opt/airflow/dags/xkcd_dbt_dag.py
[2025-02-26T13:11:23.781+0000] {logging_mixin.py:151} INFO - [2025-02-26T13:11:23.781+0000] {dag.py:2915} INFO - Sync 1 DAGs
[2025-02-26T13:11:23.798+0000] {logging_mixin.py:151} INFO - [2025-02-26T13:11:23.798+0000] {dag.py:3696} INFO - Setting next_dagrun for xkcd_dbt_dag to 2025-02-25T00:00:00+00:00, run_after=2025-02-26T00:00:00+00:00
[2025-02-26T13:11:23.810+0000] {processor.py:179} INFO - Processing /opt/airflow/dags/xkcd_dbt_dag.py took 0.080 seconds
[2025-02-26T13:11:54.144+0000] {processor.py:157} INFO - Started process (PID=18412) to work on /opt/airflow/dags/xkcd_dbt_dag.py
[2025-02-26T13:11:54.146+0000] {processor.py:829} INFO - Processing file /opt/airflow/dags/xkcd_dbt_dag.py for tasks to queue
[2025-02-26T13:11:54.147+0000] {logging_mixin.py:151} INFO - [2025-02-26T13:11:54.147+0000] {dagbag.py:539} INFO - Filling up the DagBag from /opt/airflow/dags/xkcd_dbt_dag.py
[2025-02-26T13:11:54.166+0000] {processor.py:839} INFO - DAG(s) dict_keys(['xkcd_dbt_dag']) retrieved from /opt/airflow/dags/xkcd_dbt_dag.py
[2025-02-26T13:11:54.184+0000] {logging_mixin.py:151} INFO - [2025-02-26T13:11:54.184+0000] {dag.py:2915} INFO - Sync 1 DAGs
[2025-02-26T13:11:54.195+0000] {logging_mixin.py:151} INFO - [2025-02-26T13:11:54.195+0000] {dag.py:3696} INFO - Setting next_dagrun for xkcd_dbt_dag to 2025-02-25T00:00:00+00:00, run_after=2025-02-26T00:00:00+00:00
[2025-02-26T13:11:54.206+0000] {processor.py:179} INFO - Processing /opt/airflow/dags/xkcd_dbt_dag.py took 0.065 seconds
[2025-02-26T13:27:39.777+0000] {processor.py:157} INFO - Started process (PID=18422) to work on /opt/airflow/dags/xkcd_dbt_dag.py
[2025-02-26T13:27:39.778+0000] {processor.py:829} INFO - Processing file /opt/airflow/dags/xkcd_dbt_dag.py for tasks to queue
[2025-02-26T13:27:39.779+0000] {logging_mixin.py:151} INFO - [2025-02-26T13:27:39.779+0000] {dagbag.py:539} INFO - Filling up the DagBag from /opt/airflow/dags/xkcd_dbt_dag.py
[2025-02-26T13:27:39.792+0000] {processor.py:839} INFO - DAG(s) dict_keys(['xkcd_dbt_dag']) retrieved from /opt/airflow/dags/xkcd_dbt_dag.py
[2025-02-26T13:27:39.809+0000] {logging_mixin.py:151} INFO - [2025-02-26T13:27:39.809+0000] {dag.py:2915} INFO - Sync 1 DAGs
[2025-02-26T13:27:39.823+0000] {logging_mixin.py:151} INFO - [2025-02-26T13:27:39.823+0000] {dag.py:3696} INFO - Setting next_dagrun for xkcd_dbt_dag to 2025-02-25T00:00:00+00:00, run_after=2025-02-26T00:00:00+00:00
[2025-02-26T13:27:39.831+0000] {processor.py:179} INFO - Processing /opt/airflow/dags/xkcd_dbt_dag.py took 0.056 seconds
[2025-02-26T13:28:10.273+0000] {processor.py:157} INFO - Started process (PID=18432) to work on /opt/airflow/dags/xkcd_dbt_dag.py
[2025-02-26T13:28:10.274+0000] {processor.py:829} INFO - Processing file /opt/airflow/dags/xkcd_dbt_dag.py for tasks to queue
[2025-02-26T13:28:10.276+0000] {logging_mixin.py:151} INFO - [2025-02-26T13:28:10.275+0000] {dagbag.py:539} INFO - Filling up the DagBag from /opt/airflow/dags/xkcd_dbt_dag.py
[2025-02-26T13:28:10.286+0000] {processor.py:839} INFO - DAG(s) dict_keys(['xkcd_dbt_dag']) retrieved from /opt/airflow/dags/xkcd_dbt_dag.py
[2025-02-26T13:28:10.305+0000] {logging_mixin.py:151} INFO - [2025-02-26T13:28:10.305+0000] {dag.py:2915} INFO - Sync 1 DAGs
[2025-02-26T13:28:10.319+0000] {logging_mixin.py:151} INFO - [2025-02-26T13:28:10.319+0000] {dag.py:3696} INFO - Setting next_dagrun for xkcd_dbt_dag to 2025-02-25T00:00:00+00:00, run_after=2025-02-26T00:00:00+00:00
[2025-02-26T13:28:10.332+0000] {processor.py:179} INFO - Processing /opt/airflow/dags/xkcd_dbt_dag.py took 0.062 seconds
[2025-02-26T13:44:53.679+0000] {processor.py:157} INFO - Started process (PID=18443) to work on /opt/airflow/dags/xkcd_dbt_dag.py
[2025-02-26T13:44:53.680+0000] {processor.py:829} INFO - Processing file /opt/airflow/dags/xkcd_dbt_dag.py for tasks to queue
[2025-02-26T13:44:53.680+0000] {logging_mixin.py:151} INFO - [2025-02-26T13:44:53.680+0000] {dagbag.py:539} INFO - Filling up the DagBag from /opt/airflow/dags/xkcd_dbt_dag.py
[2025-02-26T13:44:53.690+0000] {processor.py:839} INFO - DAG(s) dict_keys(['xkcd_dbt_dag']) retrieved from /opt/airflow/dags/xkcd_dbt_dag.py
[2025-02-26T13:44:53.707+0000] {logging_mixin.py:151} INFO - [2025-02-26T13:44:53.707+0000] {dag.py:2915} INFO - Sync 1 DAGs
[2025-02-26T13:44:53.718+0000] {logging_mixin.py:151} INFO - [2025-02-26T13:44:53.718+0000] {dag.py:3696} INFO - Setting next_dagrun for xkcd_dbt_dag to 2025-02-25T00:00:00+00:00, run_after=2025-02-26T00:00:00+00:00
[2025-02-26T13:44:53.729+0000] {processor.py:179} INFO - Processing /opt/airflow/dags/xkcd_dbt_dag.py took 0.052 seconds
[2025-02-26T13:45:24.014+0000] {processor.py:157} INFO - Started process (PID=18453) to work on /opt/airflow/dags/xkcd_dbt_dag.py
[2025-02-26T13:45:24.016+0000] {processor.py:829} INFO - Processing file /opt/airflow/dags/xkcd_dbt_dag.py for tasks to queue
[2025-02-26T13:45:24.018+0000] {logging_mixin.py:151} INFO - [2025-02-26T13:45:24.017+0000] {dagbag.py:539} INFO - Filling up the DagBag from /opt/airflow/dags/xkcd_dbt_dag.py
[2025-02-26T13:45:24.032+0000] {processor.py:839} INFO - DAG(s) dict_keys(['xkcd_dbt_dag']) retrieved from /opt/airflow/dags/xkcd_dbt_dag.py
[2025-02-26T13:45:24.052+0000] {logging_mixin.py:151} INFO - [2025-02-26T13:45:24.052+0000] {dag.py:2915} INFO - Sync 1 DAGs
[2025-02-26T13:45:24.064+0000] {logging_mixin.py:151} INFO - [2025-02-26T13:45:24.063+0000] {dag.py:3696} INFO - Setting next_dagrun for xkcd_dbt_dag to 2025-02-25T00:00:00+00:00, run_after=2025-02-26T00:00:00+00:00
[2025-02-26T13:45:24.074+0000] {processor.py:179} INFO - Processing /opt/airflow/dags/xkcd_dbt_dag.py took 0.063 seconds
[2025-02-26T13:55:37.032+0000] {processor.py:157} INFO - Started process (PID=18463) to work on /opt/airflow/dags/xkcd_dbt_dag.py
[2025-02-26T13:55:37.033+0000] {processor.py:829} INFO - Processing file /opt/airflow/dags/xkcd_dbt_dag.py for tasks to queue
[2025-02-26T13:55:37.033+0000] {logging_mixin.py:151} INFO - [2025-02-26T13:55:37.033+0000] {dagbag.py:539} INFO - Filling up the DagBag from /opt/airflow/dags/xkcd_dbt_dag.py
[2025-02-26T13:55:37.046+0000] {processor.py:839} INFO - DAG(s) dict_keys(['xkcd_dbt_dag']) retrieved from /opt/airflow/dags/xkcd_dbt_dag.py
[2025-02-26T13:55:37.061+0000] {logging_mixin.py:151} INFO - [2025-02-26T13:55:37.061+0000] {dag.py:2915} INFO - Sync 1 DAGs
[2025-02-26T13:55:37.076+0000] {logging_mixin.py:151} INFO - [2025-02-26T13:55:37.075+0000] {dag.py:3696} INFO - Setting next_dagrun for xkcd_dbt_dag to 2025-02-25T00:00:00+00:00, run_after=2025-02-26T00:00:00+00:00
[2025-02-26T13:55:37.090+0000] {processor.py:179} INFO - Processing /opt/airflow/dags/xkcd_dbt_dag.py took 0.060 seconds
[2025-02-26T13:56:07.461+0000] {processor.py:157} INFO - Started process (PID=18473) to work on /opt/airflow/dags/xkcd_dbt_dag.py
[2025-02-26T13:56:07.462+0000] {processor.py:829} INFO - Processing file /opt/airflow/dags/xkcd_dbt_dag.py for tasks to queue
[2025-02-26T13:56:07.463+0000] {logging_mixin.py:151} INFO - [2025-02-26T13:56:07.463+0000] {dagbag.py:539} INFO - Filling up the DagBag from /opt/airflow/dags/xkcd_dbt_dag.py
[2025-02-26T13:56:07.478+0000] {processor.py:839} INFO - DAG(s) dict_keys(['xkcd_dbt_dag']) retrieved from /opt/airflow/dags/xkcd_dbt_dag.py
[2025-02-26T13:56:07.496+0000] {logging_mixin.py:151} INFO - [2025-02-26T13:56:07.495+0000] {dag.py:2915} INFO - Sync 1 DAGs
[2025-02-26T13:56:07.507+0000] {logging_mixin.py:151} INFO - [2025-02-26T13:56:07.507+0000] {dag.py:3696} INFO - Setting next_dagrun for xkcd_dbt_dag to 2025-02-25T00:00:00+00:00, run_after=2025-02-26T00:00:00+00:00
[2025-02-26T13:56:07.516+0000] {processor.py:179} INFO - Processing /opt/airflow/dags/xkcd_dbt_dag.py took 0.058 seconds
[2025-02-26T13:56:37.942+0000] {processor.py:157} INFO - Started process (PID=18483) to work on /opt/airflow/dags/xkcd_dbt_dag.py
[2025-02-26T13:56:37.943+0000] {processor.py:829} INFO - Processing file /opt/airflow/dags/xkcd_dbt_dag.py for tasks to queue
[2025-02-26T13:56:37.944+0000] {logging_mixin.py:151} INFO - [2025-02-26T13:56:37.944+0000] {dagbag.py:539} INFO - Filling up the DagBag from /opt/airflow/dags/xkcd_dbt_dag.py
[2025-02-26T13:56:37.957+0000] {processor.py:839} INFO - DAG(s) dict_keys(['xkcd_dbt_dag']) retrieved from /opt/airflow/dags/xkcd_dbt_dag.py
[2025-02-26T13:56:37.981+0000] {logging_mixin.py:151} INFO - [2025-02-26T13:56:37.981+0000] {dag.py:2915} INFO - Sync 1 DAGs
[2025-02-26T13:56:37.994+0000] {logging_mixin.py:151} INFO - [2025-02-26T13:56:37.994+0000] {dag.py:3696} INFO - Setting next_dagrun for xkcd_dbt_dag to 2025-02-25T00:00:00+00:00, run_after=2025-02-26T00:00:00+00:00
[2025-02-26T13:56:38.005+0000] {processor.py:179} INFO - Processing /opt/airflow/dags/xkcd_dbt_dag.py took 0.066 seconds
[2025-02-26T14:14:38.502+0000] {processor.py:157} INFO - Started process (PID=18493) to work on /opt/airflow/dags/xkcd_dbt_dag.py
[2025-02-26T14:14:38.503+0000] {processor.py:829} INFO - Processing file /opt/airflow/dags/xkcd_dbt_dag.py for tasks to queue
[2025-02-26T14:14:38.504+0000] {logging_mixin.py:151} INFO - [2025-02-26T14:14:38.504+0000] {dagbag.py:539} INFO - Filling up the DagBag from /opt/airflow/dags/xkcd_dbt_dag.py
[2025-02-26T14:14:38.514+0000] {processor.py:839} INFO - DAG(s) dict_keys(['xkcd_dbt_dag']) retrieved from /opt/airflow/dags/xkcd_dbt_dag.py
[2025-02-26T14:14:38.531+0000] {logging_mixin.py:151} INFO - [2025-02-26T14:14:38.530+0000] {dag.py:2915} INFO - Sync 1 DAGs
[2025-02-26T14:14:38.543+0000] {logging_mixin.py:151} INFO - [2025-02-26T14:14:38.543+0000] {dag.py:3696} INFO - Setting next_dagrun for xkcd_dbt_dag to 2025-02-25T00:00:00+00:00, run_after=2025-02-26T00:00:00+00:00
[2025-02-26T14:14:38.553+0000] {processor.py:179} INFO - Processing /opt/airflow/dags/xkcd_dbt_dag.py took 0.053 seconds
[2025-02-26T14:31:46.505+0000] {processor.py:157} INFO - Started process (PID=18503) to work on /opt/airflow/dags/xkcd_dbt_dag.py
[2025-02-26T14:31:46.506+0000] {processor.py:829} INFO - Processing file /opt/airflow/dags/xkcd_dbt_dag.py for tasks to queue
[2025-02-26T14:31:46.507+0000] {logging_mixin.py:151} INFO - [2025-02-26T14:31:46.507+0000] {dagbag.py:539} INFO - Filling up the DagBag from /opt/airflow/dags/xkcd_dbt_dag.py
[2025-02-26T14:31:46.522+0000] {processor.py:839} INFO - DAG(s) dict_keys(['xkcd_dbt_dag']) retrieved from /opt/airflow/dags/xkcd_dbt_dag.py
[2025-02-26T14:31:46.538+0000] {logging_mixin.py:151} INFO - [2025-02-26T14:31:46.538+0000] {dag.py:2915} INFO - Sync 1 DAGs
[2025-02-26T14:31:46.550+0000] {logging_mixin.py:151} INFO - [2025-02-26T14:31:46.550+0000] {dag.py:3696} INFO - Setting next_dagrun for xkcd_dbt_dag to 2025-02-25T00:00:00+00:00, run_after=2025-02-26T00:00:00+00:00
[2025-02-26T14:31:46.560+0000] {processor.py:179} INFO - Processing /opt/airflow/dags/xkcd_dbt_dag.py took 0.058 seconds
[2025-02-26T14:32:16.919+0000] {processor.py:157} INFO - Started process (PID=18513) to work on /opt/airflow/dags/xkcd_dbt_dag.py
[2025-02-26T14:32:16.924+0000] {processor.py:829} INFO - Processing file /opt/airflow/dags/xkcd_dbt_dag.py for tasks to queue
[2025-02-26T14:32:16.925+0000] {logging_mixin.py:151} INFO - [2025-02-26T14:32:16.925+0000] {dagbag.py:539} INFO - Filling up the DagBag from /opt/airflow/dags/xkcd_dbt_dag.py
[2025-02-26T14:32:16.946+0000] {processor.py:839} INFO - DAG(s) dict_keys(['xkcd_dbt_dag']) retrieved from /opt/airflow/dags/xkcd_dbt_dag.py
[2025-02-26T14:32:16.964+0000] {logging_mixin.py:151} INFO - [2025-02-26T14:32:16.964+0000] {dag.py:2915} INFO - Sync 1 DAGs
[2025-02-26T14:32:16.976+0000] {logging_mixin.py:151} INFO - [2025-02-26T14:32:16.976+0000] {dag.py:3696} INFO - Setting next_dagrun for xkcd_dbt_dag to 2025-02-25T00:00:00+00:00, run_after=2025-02-26T00:00:00+00:00
[2025-02-26T14:32:16.985+0000] {processor.py:179} INFO - Processing /opt/airflow/dags/xkcd_dbt_dag.py took 0.069 seconds
[2025-02-26T14:49:22.525+0000] {processor.py:157} INFO - Started process (PID=18525) to work on /opt/airflow/dags/xkcd_dbt_dag.py
[2025-02-26T14:49:22.529+0000] {processor.py:829} INFO - Processing file /opt/airflow/dags/xkcd_dbt_dag.py for tasks to queue
[2025-02-26T14:49:22.531+0000] {logging_mixin.py:151} INFO - [2025-02-26T14:49:22.531+0000] {dagbag.py:539} INFO - Filling up the DagBag from /opt/airflow/dags/xkcd_dbt_dag.py
[2025-02-26T14:49:22.547+0000] {processor.py:839} INFO - DAG(s) dict_keys(['xkcd_dbt_dag']) retrieved from /opt/airflow/dags/xkcd_dbt_dag.py
[2025-02-26T14:49:22.568+0000] {logging_mixin.py:151} INFO - [2025-02-26T14:49:22.568+0000] {dag.py:2915} INFO - Sync 1 DAGs
[2025-02-26T14:49:22.581+0000] {logging_mixin.py:151} INFO - [2025-02-26T14:49:22.581+0000] {dag.py:3696} INFO - Setting next_dagrun for xkcd_dbt_dag to 2025-02-25T00:00:00+00:00, run_after=2025-02-26T00:00:00+00:00
[2025-02-26T14:49:22.593+0000] {processor.py:179} INFO - Processing /opt/airflow/dags/xkcd_dbt_dag.py took 0.071 seconds
[2025-02-26T14:49:52.952+0000] {processor.py:157} INFO - Started process (PID=18535) to work on /opt/airflow/dags/xkcd_dbt_dag.py
[2025-02-26T14:49:52.953+0000] {processor.py:829} INFO - Processing file /opt/airflow/dags/xkcd_dbt_dag.py for tasks to queue
[2025-02-26T14:49:52.954+0000] {logging_mixin.py:151} INFO - [2025-02-26T14:49:52.954+0000] {dagbag.py:539} INFO - Filling up the DagBag from /opt/airflow/dags/xkcd_dbt_dag.py
[2025-02-26T14:49:52.973+0000] {processor.py:839} INFO - DAG(s) dict_keys(['xkcd_dbt_dag']) retrieved from /opt/airflow/dags/xkcd_dbt_dag.py
[2025-02-26T14:49:52.991+0000] {logging_mixin.py:151} INFO - [2025-02-26T14:49:52.991+0000] {dag.py:2915} INFO - Sync 1 DAGs
[2025-02-26T14:49:53.005+0000] {logging_mixin.py:151} INFO - [2025-02-26T14:49:53.005+0000] {dag.py:3696} INFO - Setting next_dagrun for xkcd_dbt_dag to 2025-02-25T00:00:00+00:00, run_after=2025-02-26T00:00:00+00:00
[2025-02-26T14:49:53.014+0000] {processor.py:179} INFO - Processing /opt/airflow/dags/xkcd_dbt_dag.py took 0.066 seconds
[2025-02-26T14:50:23.360+0000] {processor.py:157} INFO - Started process (PID=18545) to work on /opt/airflow/dags/xkcd_dbt_dag.py
[2025-02-26T14:50:23.364+0000] {processor.py:829} INFO - Processing file /opt/airflow/dags/xkcd_dbt_dag.py for tasks to queue
[2025-02-26T14:50:23.365+0000] {logging_mixin.py:151} INFO - [2025-02-26T14:50:23.364+0000] {dagbag.py:539} INFO - Filling up the DagBag from /opt/airflow/dags/xkcd_dbt_dag.py
[2025-02-26T14:50:23.378+0000] {processor.py:839} INFO - DAG(s) dict_keys(['xkcd_dbt_dag']) retrieved from /opt/airflow/dags/xkcd_dbt_dag.py
[2025-02-26T14:50:23.397+0000] {logging_mixin.py:151} INFO - [2025-02-26T14:50:23.397+0000] {dag.py:2915} INFO - Sync 1 DAGs
[2025-02-26T14:50:23.410+0000] {logging_mixin.py:151} INFO - [2025-02-26T14:50:23.410+0000] {dag.py:3696} INFO - Setting next_dagrun for xkcd_dbt_dag to 2025-02-25T00:00:00+00:00, run_after=2025-02-26T00:00:00+00:00
[2025-02-26T14:50:23.421+0000] {processor.py:179} INFO - Processing /opt/airflow/dags/xkcd_dbt_dag.py took 0.065 seconds
[2025-02-26T14:56:47.772+0000] {processor.py:157} INFO - Started process (PID=18555) to work on /opt/airflow/dags/xkcd_dbt_dag.py
[2025-02-26T14:56:47.776+0000] {processor.py:829} INFO - Processing file /opt/airflow/dags/xkcd_dbt_dag.py for tasks to queue
[2025-02-26T14:56:47.777+0000] {logging_mixin.py:151} INFO - [2025-02-26T14:56:47.777+0000] {dagbag.py:539} INFO - Filling up the DagBag from /opt/airflow/dags/xkcd_dbt_dag.py
[2025-02-26T14:56:47.789+0000] {processor.py:839} INFO - DAG(s) dict_keys(['xkcd_dbt_dag']) retrieved from /opt/airflow/dags/xkcd_dbt_dag.py
[2025-02-26T14:56:47.807+0000] {logging_mixin.py:151} INFO - [2025-02-26T14:56:47.807+0000] {dag.py:2915} INFO - Sync 1 DAGs
[2025-02-26T14:56:47.820+0000] {logging_mixin.py:151} INFO - [2025-02-26T14:56:47.820+0000] {dag.py:3696} INFO - Setting next_dagrun for xkcd_dbt_dag to 2025-02-25T00:00:00+00:00, run_after=2025-02-26T00:00:00+00:00
[2025-02-26T14:56:47.832+0000] {processor.py:179} INFO - Processing /opt/airflow/dags/xkcd_dbt_dag.py took 0.061 seconds
[2025-02-26T14:57:18.268+0000] {processor.py:157} INFO - Started process (PID=18565) to work on /opt/airflow/dags/xkcd_dbt_dag.py
[2025-02-26T14:57:18.270+0000] {processor.py:829} INFO - Processing file /opt/airflow/dags/xkcd_dbt_dag.py for tasks to queue
[2025-02-26T14:57:18.270+0000] {logging_mixin.py:151} INFO - [2025-02-26T14:57:18.270+0000] {dagbag.py:539} INFO - Filling up the DagBag from /opt/airflow/dags/xkcd_dbt_dag.py
[2025-02-26T14:57:18.285+0000] {processor.py:839} INFO - DAG(s) dict_keys(['xkcd_dbt_dag']) retrieved from /opt/airflow/dags/xkcd_dbt_dag.py
[2025-02-26T14:57:18.308+0000] {logging_mixin.py:151} INFO - [2025-02-26T14:57:18.308+0000] {dag.py:2915} INFO - Sync 1 DAGs
[2025-02-26T14:57:18.319+0000] {logging_mixin.py:151} INFO - [2025-02-26T14:57:18.319+0000] {dag.py:3696} INFO - Setting next_dagrun for xkcd_dbt_dag to 2025-02-25T00:00:00+00:00, run_after=2025-02-26T00:00:00+00:00
[2025-02-26T14:57:18.332+0000] {processor.py:179} INFO - Processing /opt/airflow/dags/xkcd_dbt_dag.py took 0.067 seconds
[2025-02-26T15:15:44.981+0000] {processor.py:157} INFO - Started process (PID=18575) to work on /opt/airflow/dags/xkcd_dbt_dag.py
[2025-02-26T15:15:44.981+0000] {processor.py:829} INFO - Processing file /opt/airflow/dags/xkcd_dbt_dag.py for tasks to queue
[2025-02-26T15:15:44.983+0000] {logging_mixin.py:151} INFO - [2025-02-26T15:15:44.982+0000] {dagbag.py:539} INFO - Filling up the DagBag from /opt/airflow/dags/xkcd_dbt_dag.py
[2025-02-26T15:15:44.997+0000] {processor.py:839} INFO - DAG(s) dict_keys(['xkcd_dbt_dag']) retrieved from /opt/airflow/dags/xkcd_dbt_dag.py
[2025-02-26T15:15:45.019+0000] {logging_mixin.py:151} INFO - [2025-02-26T15:15:45.019+0000] {dag.py:2915} INFO - Sync 1 DAGs
[2025-02-26T15:15:45.038+0000] {logging_mixin.py:151} INFO - [2025-02-26T15:15:45.037+0000] {dag.py:3696} INFO - Setting next_dagrun for xkcd_dbt_dag to 2025-02-25T00:00:00+00:00, run_after=2025-02-26T00:00:00+00:00
[2025-02-26T15:15:45.054+0000] {processor.py:179} INFO - Processing /opt/airflow/dags/xkcd_dbt_dag.py took 0.076 seconds
[2025-02-26T15:16:15.430+0000] {processor.py:157} INFO - Started process (PID=18585) to work on /opt/airflow/dags/xkcd_dbt_dag.py
[2025-02-26T15:16:15.430+0000] {processor.py:829} INFO - Processing file /opt/airflow/dags/xkcd_dbt_dag.py for tasks to queue
[2025-02-26T15:16:15.431+0000] {logging_mixin.py:151} INFO - [2025-02-26T15:16:15.431+0000] {dagbag.py:539} INFO - Filling up the DagBag from /opt/airflow/dags/xkcd_dbt_dag.py
[2025-02-26T15:16:15.442+0000] {processor.py:839} INFO - DAG(s) dict_keys(['xkcd_dbt_dag']) retrieved from /opt/airflow/dags/xkcd_dbt_dag.py
[2025-02-26T15:16:15.460+0000] {logging_mixin.py:151} INFO - [2025-02-26T15:16:15.460+0000] {dag.py:2915} INFO - Sync 1 DAGs
[2025-02-26T15:16:15.471+0000] {logging_mixin.py:151} INFO - [2025-02-26T15:16:15.471+0000] {dag.py:3696} INFO - Setting next_dagrun for xkcd_dbt_dag to 2025-02-25T00:00:00+00:00, run_after=2025-02-26T00:00:00+00:00
[2025-02-26T15:16:15.479+0000] {processor.py:179} INFO - Processing /opt/airflow/dags/xkcd_dbt_dag.py took 0.051 seconds
[2025-02-26T15:32:37.293+0000] {processor.py:157} INFO - Started process (PID=18595) to work on /opt/airflow/dags/xkcd_dbt_dag.py
[2025-02-26T15:32:37.294+0000] {processor.py:829} INFO - Processing file /opt/airflow/dags/xkcd_dbt_dag.py for tasks to queue
[2025-02-26T15:32:37.296+0000] {logging_mixin.py:151} INFO - [2025-02-26T15:32:37.295+0000] {dagbag.py:539} INFO - Filling up the DagBag from /opt/airflow/dags/xkcd_dbt_dag.py
[2025-02-26T15:32:37.309+0000] {processor.py:839} INFO - DAG(s) dict_keys(['xkcd_dbt_dag']) retrieved from /opt/airflow/dags/xkcd_dbt_dag.py
[2025-02-26T15:32:37.325+0000] {logging_mixin.py:151} INFO - [2025-02-26T15:32:37.325+0000] {dag.py:2915} INFO - Sync 1 DAGs
[2025-02-26T15:32:37.339+0000] {logging_mixin.py:151} INFO - [2025-02-26T15:32:37.339+0000] {dag.py:3696} INFO - Setting next_dagrun for xkcd_dbt_dag to 2025-02-25T00:00:00+00:00, run_after=2025-02-26T00:00:00+00:00
[2025-02-26T15:32:37.351+0000] {processor.py:179} INFO - Processing /opt/airflow/dags/xkcd_dbt_dag.py took 0.061 seconds
[2025-02-26T15:33:07.774+0000] {processor.py:157} INFO - Started process (PID=18605) to work on /opt/airflow/dags/xkcd_dbt_dag.py
[2025-02-26T15:33:07.775+0000] {processor.py:829} INFO - Processing file /opt/airflow/dags/xkcd_dbt_dag.py for tasks to queue
[2025-02-26T15:33:07.776+0000] {logging_mixin.py:151} INFO - [2025-02-26T15:33:07.776+0000] {dagbag.py:539} INFO - Filling up the DagBag from /opt/airflow/dags/xkcd_dbt_dag.py
[2025-02-26T15:33:07.790+0000] {processor.py:839} INFO - DAG(s) dict_keys(['xkcd_dbt_dag']) retrieved from /opt/airflow/dags/xkcd_dbt_dag.py
[2025-02-26T15:33:07.808+0000] {logging_mixin.py:151} INFO - [2025-02-26T15:33:07.808+0000] {dag.py:2915} INFO - Sync 1 DAGs
[2025-02-26T15:33:07.820+0000] {logging_mixin.py:151} INFO - [2025-02-26T15:33:07.820+0000] {dag.py:3696} INFO - Setting next_dagrun for xkcd_dbt_dag to 2025-02-25T00:00:00+00:00, run_after=2025-02-26T00:00:00+00:00
[2025-02-26T15:33:07.833+0000] {processor.py:179} INFO - Processing /opt/airflow/dags/xkcd_dbt_dag.py took 0.062 seconds
[2025-02-26T15:48:57.464+0000] {processor.py:157} INFO - Started process (PID=18617) to work on /opt/airflow/dags/xkcd_dbt_dag.py
[2025-02-26T15:48:57.469+0000] {processor.py:829} INFO - Processing file /opt/airflow/dags/xkcd_dbt_dag.py for tasks to queue
[2025-02-26T15:48:57.470+0000] {logging_mixin.py:151} INFO - [2025-02-26T15:48:57.470+0000] {dagbag.py:539} INFO - Filling up the DagBag from /opt/airflow/dags/xkcd_dbt_dag.py
[2025-02-26T15:48:57.482+0000] {processor.py:839} INFO - DAG(s) dict_keys(['xkcd_dbt_dag']) retrieved from /opt/airflow/dags/xkcd_dbt_dag.py
[2025-02-26T15:48:57.500+0000] {logging_mixin.py:151} INFO - [2025-02-26T15:48:57.500+0000] {dag.py:2915} INFO - Sync 1 DAGs
[2025-02-26T15:48:57.512+0000] {logging_mixin.py:151} INFO - [2025-02-26T15:48:57.512+0000] {dag.py:3696} INFO - Setting next_dagrun for xkcd_dbt_dag to 2025-02-25T00:00:00+00:00, run_after=2025-02-26T00:00:00+00:00
[2025-02-26T15:48:57.523+0000] {processor.py:179} INFO - Processing /opt/airflow/dags/xkcd_dbt_dag.py took 0.063 seconds
[2025-02-26T15:49:27.850+0000] {processor.py:157} INFO - Started process (PID=18627) to work on /opt/airflow/dags/xkcd_dbt_dag.py
[2025-02-26T15:49:27.851+0000] {processor.py:829} INFO - Processing file /opt/airflow/dags/xkcd_dbt_dag.py for tasks to queue
[2025-02-26T15:49:27.852+0000] {logging_mixin.py:151} INFO - [2025-02-26T15:49:27.851+0000] {dagbag.py:539} INFO - Filling up the DagBag from /opt/airflow/dags/xkcd_dbt_dag.py
[2025-02-26T15:49:27.861+0000] {processor.py:839} INFO - DAG(s) dict_keys(['xkcd_dbt_dag']) retrieved from /opt/airflow/dags/xkcd_dbt_dag.py
[2025-02-26T15:49:27.879+0000] {logging_mixin.py:151} INFO - [2025-02-26T15:49:27.879+0000] {dag.py:2915} INFO - Sync 1 DAGs
[2025-02-26T15:49:27.893+0000] {logging_mixin.py:151} INFO - [2025-02-26T15:49:27.892+0000] {dag.py:3696} INFO - Setting next_dagrun for xkcd_dbt_dag to 2025-02-25T00:00:00+00:00, run_after=2025-02-26T00:00:00+00:00
[2025-02-26T15:49:27.903+0000] {processor.py:179} INFO - Processing /opt/airflow/dags/xkcd_dbt_dag.py took 0.056 seconds
[2025-02-26T15:49:58.244+0000] {processor.py:157} INFO - Started process (PID=18637) to work on /opt/airflow/dags/xkcd_dbt_dag.py
[2025-02-26T15:49:58.245+0000] {processor.py:829} INFO - Processing file /opt/airflow/dags/xkcd_dbt_dag.py for tasks to queue
[2025-02-26T15:49:58.246+0000] {logging_mixin.py:151} INFO - [2025-02-26T15:49:58.245+0000] {dagbag.py:539} INFO - Filling up the DagBag from /opt/airflow/dags/xkcd_dbt_dag.py
[2025-02-26T15:49:58.265+0000] {processor.py:839} INFO - DAG(s) dict_keys(['xkcd_dbt_dag']) retrieved from /opt/airflow/dags/xkcd_dbt_dag.py
[2025-02-26T15:49:58.285+0000] {logging_mixin.py:151} INFO - [2025-02-26T15:49:58.285+0000] {dag.py:2915} INFO - Sync 1 DAGs
[2025-02-26T15:49:58.298+0000] {logging_mixin.py:151} INFO - [2025-02-26T15:49:58.298+0000] {dag.py:3696} INFO - Setting next_dagrun for xkcd_dbt_dag to 2025-02-25T00:00:00+00:00, run_after=2025-02-26T00:00:00+00:00
[2025-02-26T15:49:58.308+0000] {processor.py:179} INFO - Processing /opt/airflow/dags/xkcd_dbt_dag.py took 0.067 seconds
[2025-02-26T15:57:48.402+0000] {processor.py:157} INFO - Started process (PID=18647) to work on /opt/airflow/dags/xkcd_dbt_dag.py
[2025-02-26T15:57:48.403+0000] {processor.py:829} INFO - Processing file /opt/airflow/dags/xkcd_dbt_dag.py for tasks to queue
[2025-02-26T15:57:48.404+0000] {logging_mixin.py:151} INFO - [2025-02-26T15:57:48.404+0000] {dagbag.py:539} INFO - Filling up the DagBag from /opt/airflow/dags/xkcd_dbt_dag.py
[2025-02-26T15:57:48.415+0000] {processor.py:839} INFO - DAG(s) dict_keys(['xkcd_dbt_dag']) retrieved from /opt/airflow/dags/xkcd_dbt_dag.py
[2025-02-26T15:57:48.436+0000] {logging_mixin.py:151} INFO - [2025-02-26T15:57:48.436+0000] {dag.py:2915} INFO - Sync 1 DAGs
[2025-02-26T15:57:48.453+0000] {logging_mixin.py:151} INFO - [2025-02-26T15:57:48.453+0000] {dag.py:3696} INFO - Setting next_dagrun for xkcd_dbt_dag to 2025-02-25T00:00:00+00:00, run_after=2025-02-26T00:00:00+00:00
[2025-02-26T15:57:48.464+0000] {processor.py:179} INFO - Processing /opt/airflow/dags/xkcd_dbt_dag.py took 0.065 seconds
[2025-02-26T16:13:44.479+0000] {processor.py:157} INFO - Started process (PID=18659) to work on /opt/airflow/dags/xkcd_dbt_dag.py
[2025-02-26T16:13:44.480+0000] {processor.py:829} INFO - Processing file /opt/airflow/dags/xkcd_dbt_dag.py for tasks to queue
[2025-02-26T16:13:44.481+0000] {logging_mixin.py:151} INFO - [2025-02-26T16:13:44.481+0000] {dagbag.py:539} INFO - Filling up the DagBag from /opt/airflow/dags/xkcd_dbt_dag.py
[2025-02-26T16:13:44.496+0000] {processor.py:839} INFO - DAG(s) dict_keys(['xkcd_dbt_dag']) retrieved from /opt/airflow/dags/xkcd_dbt_dag.py
[2025-02-26T16:13:44.514+0000] {logging_mixin.py:151} INFO - [2025-02-26T16:13:44.514+0000] {dag.py:2915} INFO - Sync 1 DAGs
[2025-02-26T16:13:44.531+0000] {logging_mixin.py:151} INFO - [2025-02-26T16:13:44.531+0000] {dag.py:3696} INFO - Setting next_dagrun for xkcd_dbt_dag to 2025-02-25T00:00:00+00:00, run_after=2025-02-26T00:00:00+00:00
[2025-02-26T16:13:44.543+0000] {processor.py:179} INFO - Processing /opt/airflow/dags/xkcd_dbt_dag.py took 0.066 seconds
[2025-02-26T16:14:14.920+0000] {processor.py:157} INFO - Started process (PID=18669) to work on /opt/airflow/dags/xkcd_dbt_dag.py
[2025-02-26T16:14:14.921+0000] {processor.py:829} INFO - Processing file /opt/airflow/dags/xkcd_dbt_dag.py for tasks to queue
[2025-02-26T16:14:14.922+0000] {logging_mixin.py:151} INFO - [2025-02-26T16:14:14.922+0000] {dagbag.py:539} INFO - Filling up the DagBag from /opt/airflow/dags/xkcd_dbt_dag.py
[2025-02-26T16:14:14.937+0000] {processor.py:839} INFO - DAG(s) dict_keys(['xkcd_dbt_dag']) retrieved from /opt/airflow/dags/xkcd_dbt_dag.py
[2025-02-26T16:14:14.960+0000] {logging_mixin.py:151} INFO - [2025-02-26T16:14:14.960+0000] {dag.py:2915} INFO - Sync 1 DAGs
[2025-02-26T16:14:14.974+0000] {logging_mixin.py:151} INFO - [2025-02-26T16:14:14.974+0000] {dag.py:3696} INFO - Setting next_dagrun for xkcd_dbt_dag to 2025-02-25T00:00:00+00:00, run_after=2025-02-26T00:00:00+00:00
[2025-02-26T16:14:14.986+0000] {processor.py:179} INFO - Processing /opt/airflow/dags/xkcd_dbt_dag.py took 0.069 seconds
[2025-02-26T16:32:21.479+0000] {processor.py:157} INFO - Started process (PID=18679) to work on /opt/airflow/dags/xkcd_dbt_dag.py
[2025-02-26T16:32:21.480+0000] {processor.py:829} INFO - Processing file /opt/airflow/dags/xkcd_dbt_dag.py for tasks to queue
[2025-02-26T16:32:21.480+0000] {logging_mixin.py:151} INFO - [2025-02-26T16:32:21.480+0000] {dagbag.py:539} INFO - Filling up the DagBag from /opt/airflow/dags/xkcd_dbt_dag.py
[2025-02-26T16:32:21.492+0000] {processor.py:839} INFO - DAG(s) dict_keys(['xkcd_dbt_dag']) retrieved from /opt/airflow/dags/xkcd_dbt_dag.py
[2025-02-26T16:32:21.511+0000] {logging_mixin.py:151} INFO - [2025-02-26T16:32:21.511+0000] {dag.py:2915} INFO - Sync 1 DAGs
[2025-02-26T16:32:21.521+0000] {logging_mixin.py:151} INFO - [2025-02-26T16:32:21.521+0000] {dag.py:3696} INFO - Setting next_dagrun for xkcd_dbt_dag to 2025-02-25T00:00:00+00:00, run_after=2025-02-26T00:00:00+00:00
[2025-02-26T16:32:21.532+0000] {processor.py:179} INFO - Processing /opt/airflow/dags/xkcd_dbt_dag.py took 0.055 seconds
[2025-02-26T16:32:51.914+0000] {processor.py:157} INFO - Started process (PID=18689) to work on /opt/airflow/dags/xkcd_dbt_dag.py
[2025-02-26T16:32:51.915+0000] {processor.py:829} INFO - Processing file /opt/airflow/dags/xkcd_dbt_dag.py for tasks to queue
[2025-02-26T16:32:51.916+0000] {logging_mixin.py:151} INFO - [2025-02-26T16:32:51.915+0000] {dagbag.py:539} INFO - Filling up the DagBag from /opt/airflow/dags/xkcd_dbt_dag.py
[2025-02-26T16:32:51.932+0000] {processor.py:839} INFO - DAG(s) dict_keys(['xkcd_dbt_dag']) retrieved from /opt/airflow/dags/xkcd_dbt_dag.py
[2025-02-26T16:32:51.953+0000] {logging_mixin.py:151} INFO - [2025-02-26T16:32:51.952+0000] {dag.py:2915} INFO - Sync 1 DAGs
[2025-02-26T16:32:51.966+0000] {logging_mixin.py:151} INFO - [2025-02-26T16:32:51.965+0000] {dag.py:3696} INFO - Setting next_dagrun for xkcd_dbt_dag to 2025-02-25T00:00:00+00:00, run_after=2025-02-26T00:00:00+00:00
[2025-02-26T16:32:51.978+0000] {processor.py:179} INFO - Processing /opt/airflow/dags/xkcd_dbt_dag.py took 0.067 seconds
[2025-02-26T16:33:22.302+0000] {processor.py:157} INFO - Started process (PID=18699) to work on /opt/airflow/dags/xkcd_dbt_dag.py
[2025-02-26T16:33:22.304+0000] {processor.py:829} INFO - Processing file /opt/airflow/dags/xkcd_dbt_dag.py for tasks to queue
[2025-02-26T16:33:22.305+0000] {logging_mixin.py:151} INFO - [2025-02-26T16:33:22.304+0000] {dagbag.py:539} INFO - Filling up the DagBag from /opt/airflow/dags/xkcd_dbt_dag.py
[2025-02-26T16:33:22.317+0000] {processor.py:839} INFO - DAG(s) dict_keys(['xkcd_dbt_dag']) retrieved from /opt/airflow/dags/xkcd_dbt_dag.py
[2025-02-26T16:33:22.341+0000] {logging_mixin.py:151} INFO - [2025-02-26T16:33:22.340+0000] {dag.py:2915} INFO - Sync 1 DAGs
[2025-02-26T16:33:22.354+0000] {logging_mixin.py:151} INFO - [2025-02-26T16:33:22.354+0000] {dag.py:3696} INFO - Setting next_dagrun for xkcd_dbt_dag to 2025-02-25T00:00:00+00:00, run_after=2025-02-26T00:00:00+00:00
[2025-02-26T16:33:22.367+0000] {processor.py:179} INFO - Processing /opt/airflow/dags/xkcd_dbt_dag.py took 0.068 seconds
[2025-02-26T16:49:16.344+0000] {processor.py:157} INFO - Started process (PID=18711) to work on /opt/airflow/dags/xkcd_dbt_dag.py
[2025-02-26T16:49:16.345+0000] {processor.py:829} INFO - Processing file /opt/airflow/dags/xkcd_dbt_dag.py for tasks to queue
[2025-02-26T16:49:16.345+0000] {logging_mixin.py:151} INFO - [2025-02-26T16:49:16.345+0000] {dagbag.py:539} INFO - Filling up the DagBag from /opt/airflow/dags/xkcd_dbt_dag.py
[2025-02-26T16:49:16.357+0000] {processor.py:839} INFO - DAG(s) dict_keys(['xkcd_dbt_dag']) retrieved from /opt/airflow/dags/xkcd_dbt_dag.py
[2025-02-26T16:49:16.374+0000] {logging_mixin.py:151} INFO - [2025-02-26T16:49:16.374+0000] {dag.py:2915} INFO - Sync 1 DAGs
[2025-02-26T16:49:16.388+0000] {logging_mixin.py:151} INFO - [2025-02-26T16:49:16.388+0000] {dag.py:3696} INFO - Setting next_dagrun for xkcd_dbt_dag to 2025-02-25T00:00:00+00:00, run_after=2025-02-26T00:00:00+00:00
[2025-02-26T16:49:16.397+0000] {processor.py:179} INFO - Processing /opt/airflow/dags/xkcd_dbt_dag.py took 0.056 seconds
[2025-02-26T16:58:22.271+0000] {processor.py:157} INFO - Started process (PID=18721) to work on /opt/airflow/dags/xkcd_dbt_dag.py
[2025-02-26T16:58:22.272+0000] {processor.py:829} INFO - Processing file /opt/airflow/dags/xkcd_dbt_dag.py for tasks to queue
[2025-02-26T16:58:22.273+0000] {logging_mixin.py:151} INFO - [2025-02-26T16:58:22.272+0000] {dagbag.py:539} INFO - Filling up the DagBag from /opt/airflow/dags/xkcd_dbt_dag.py
[2025-02-26T16:58:22.283+0000] {processor.py:839} INFO - DAG(s) dict_keys(['xkcd_dbt_dag']) retrieved from /opt/airflow/dags/xkcd_dbt_dag.py
[2025-02-26T16:58:22.302+0000] {logging_mixin.py:151} INFO - [2025-02-26T16:58:22.301+0000] {dag.py:2915} INFO - Sync 1 DAGs
[2025-02-26T16:58:22.313+0000] {logging_mixin.py:151} INFO - [2025-02-26T16:58:22.313+0000] {dag.py:3696} INFO - Setting next_dagrun for xkcd_dbt_dag to 2025-02-25T00:00:00+00:00, run_after=2025-02-26T00:00:00+00:00
[2025-02-26T16:58:22.326+0000] {processor.py:179} INFO - Processing /opt/airflow/dags/xkcd_dbt_dag.py took 0.058 seconds
[2025-02-26T16:58:52.683+0000] {processor.py:157} INFO - Started process (PID=18731) to work on /opt/airflow/dags/xkcd_dbt_dag.py
[2025-02-26T16:58:52.684+0000] {processor.py:829} INFO - Processing file /opt/airflow/dags/xkcd_dbt_dag.py for tasks to queue
[2025-02-26T16:58:52.685+0000] {logging_mixin.py:151} INFO - [2025-02-26T16:58:52.684+0000] {dagbag.py:539} INFO - Filling up the DagBag from /opt/airflow/dags/xkcd_dbt_dag.py
[2025-02-26T16:58:52.701+0000] {processor.py:839} INFO - DAG(s) dict_keys(['xkcd_dbt_dag']) retrieved from /opt/airflow/dags/xkcd_dbt_dag.py
[2025-02-26T16:58:52.721+0000] {logging_mixin.py:151} INFO - [2025-02-26T16:58:52.721+0000] {dag.py:2915} INFO - Sync 1 DAGs
[2025-02-26T16:58:52.733+0000] {logging_mixin.py:151} INFO - [2025-02-26T16:58:52.733+0000] {dag.py:3696} INFO - Setting next_dagrun for xkcd_dbt_dag to 2025-02-25T00:00:00+00:00, run_after=2025-02-26T00:00:00+00:00
[2025-02-26T16:58:52.746+0000] {processor.py:179} INFO - Processing /opt/airflow/dags/xkcd_dbt_dag.py took 0.065 seconds
[2025-02-26T17:15:19.970+0000] {processor.py:157} INFO - Started process (PID=18743) to work on /opt/airflow/dags/xkcd_dbt_dag.py
[2025-02-26T17:15:19.974+0000] {processor.py:829} INFO - Processing file /opt/airflow/dags/xkcd_dbt_dag.py for tasks to queue
[2025-02-26T17:15:19.974+0000] {logging_mixin.py:151} INFO - [2025-02-26T17:15:19.974+0000] {dagbag.py:539} INFO - Filling up the DagBag from /opt/airflow/dags/xkcd_dbt_dag.py
[2025-02-26T17:15:19.985+0000] {processor.py:839} INFO - DAG(s) dict_keys(['xkcd_dbt_dag']) retrieved from /opt/airflow/dags/xkcd_dbt_dag.py
[2025-02-26T17:15:20.006+0000] {logging_mixin.py:151} INFO - [2025-02-26T17:15:20.006+0000] {dag.py:2915} INFO - Sync 1 DAGs
[2025-02-26T17:15:20.024+0000] {logging_mixin.py:151} INFO - [2025-02-26T17:15:20.023+0000] {dag.py:3696} INFO - Setting next_dagrun for xkcd_dbt_dag to 2025-02-25T00:00:00+00:00, run_after=2025-02-26T00:00:00+00:00
[2025-02-26T17:15:20.036+0000] {processor.py:179} INFO - Processing /opt/airflow/dags/xkcd_dbt_dag.py took 0.068 seconds
[2025-02-26T17:31:23.946+0000] {processor.py:157} INFO - Started process (PID=18753) to work on /opt/airflow/dags/xkcd_dbt_dag.py
[2025-02-26T17:31:23.947+0000] {processor.py:829} INFO - Processing file /opt/airflow/dags/xkcd_dbt_dag.py for tasks to queue
[2025-02-26T17:31:23.948+0000] {logging_mixin.py:151} INFO - [2025-02-26T17:31:23.948+0000] {dagbag.py:539} INFO - Filling up the DagBag from /opt/airflow/dags/xkcd_dbt_dag.py
[2025-02-26T17:31:23.964+0000] {processor.py:839} INFO - DAG(s) dict_keys(['xkcd_dbt_dag']) retrieved from /opt/airflow/dags/xkcd_dbt_dag.py
[2025-02-26T17:31:23.978+0000] {logging_mixin.py:151} INFO - [2025-02-26T17:31:23.978+0000] {dag.py:2915} INFO - Sync 1 DAGs
[2025-02-26T17:31:23.988+0000] {logging_mixin.py:151} INFO - [2025-02-26T17:31:23.988+0000] {dag.py:3696} INFO - Setting next_dagrun for xkcd_dbt_dag to 2025-02-25T00:00:00+00:00, run_after=2025-02-26T00:00:00+00:00
[2025-02-26T17:31:24.000+0000] {processor.py:179} INFO - Processing /opt/airflow/dags/xkcd_dbt_dag.py took 0.055 seconds
[2025-02-26T17:31:54.353+0000] {processor.py:157} INFO - Started process (PID=18763) to work on /opt/airflow/dags/xkcd_dbt_dag.py
[2025-02-26T17:31:54.354+0000] {processor.py:829} INFO - Processing file /opt/airflow/dags/xkcd_dbt_dag.py for tasks to queue
[2025-02-26T17:31:54.354+0000] {logging_mixin.py:151} INFO - [2025-02-26T17:31:54.354+0000] {dagbag.py:539} INFO - Filling up the DagBag from /opt/airflow/dags/xkcd_dbt_dag.py
[2025-02-26T17:31:54.368+0000] {processor.py:839} INFO - DAG(s) dict_keys(['xkcd_dbt_dag']) retrieved from /opt/airflow/dags/xkcd_dbt_dag.py
[2025-02-26T17:31:54.387+0000] {logging_mixin.py:151} INFO - [2025-02-26T17:31:54.386+0000] {dag.py:2915} INFO - Sync 1 DAGs
[2025-02-26T17:31:54.400+0000] {logging_mixin.py:151} INFO - [2025-02-26T17:31:54.400+0000] {dag.py:3696} INFO - Setting next_dagrun for xkcd_dbt_dag to 2025-02-25T00:00:00+00:00, run_after=2025-02-26T00:00:00+00:00
[2025-02-26T17:31:54.412+0000] {processor.py:179} INFO - Processing /opt/airflow/dags/xkcd_dbt_dag.py took 0.060 seconds
[2025-02-26T17:49:38.453+0000] {processor.py:157} INFO - Started process (PID=18773) to work on /opt/airflow/dags/xkcd_dbt_dag.py
[2025-02-26T17:49:38.454+0000] {processor.py:829} INFO - Processing file /opt/airflow/dags/xkcd_dbt_dag.py for tasks to queue
[2025-02-26T17:49:38.454+0000] {logging_mixin.py:151} INFO - [2025-02-26T17:49:38.454+0000] {dagbag.py:539} INFO - Filling up the DagBag from /opt/airflow/dags/xkcd_dbt_dag.py
[2025-02-26T17:49:38.471+0000] {processor.py:839} INFO - DAG(s) dict_keys(['xkcd_dbt_dag']) retrieved from /opt/airflow/dags/xkcd_dbt_dag.py
[2025-02-26T17:49:38.491+0000] {logging_mixin.py:151} INFO - [2025-02-26T17:49:38.491+0000] {dag.py:2915} INFO - Sync 1 DAGs
[2025-02-26T17:49:38.503+0000] {logging_mixin.py:151} INFO - [2025-02-26T17:49:38.503+0000] {dag.py:3696} INFO - Setting next_dagrun for xkcd_dbt_dag to 2025-02-25T00:00:00+00:00, run_after=2025-02-26T00:00:00+00:00
[2025-02-26T17:49:38.514+0000] {processor.py:179} INFO - Processing /opt/airflow/dags/xkcd_dbt_dag.py took 0.063 seconds
[2025-02-26T18:30:31.229+0000] {processor.py:157} INFO - Started process (PID=18785) to work on /opt/airflow/dags/xkcd_dbt_dag.py
[2025-02-26T18:30:31.231+0000] {processor.py:829} INFO - Processing file /opt/airflow/dags/xkcd_dbt_dag.py for tasks to queue
[2025-02-26T18:30:31.232+0000] {logging_mixin.py:151} INFO - [2025-02-26T18:30:31.232+0000] {dagbag.py:539} INFO - Filling up the DagBag from /opt/airflow/dags/xkcd_dbt_dag.py
[2025-02-26T18:30:31.245+0000] {processor.py:839} INFO - DAG(s) dict_keys(['xkcd_dbt_dag']) retrieved from /opt/airflow/dags/xkcd_dbt_dag.py
[2025-02-26T18:30:31.261+0000] {logging_mixin.py:151} INFO - [2025-02-26T18:30:31.261+0000] {dag.py:2915} INFO - Sync 1 DAGs
[2025-02-26T18:30:31.275+0000] {logging_mixin.py:151} INFO - [2025-02-26T18:30:31.275+0000] {dag.py:3696} INFO - Setting next_dagrun for xkcd_dbt_dag to 2025-02-25T00:00:00+00:00, run_after=2025-02-26T00:00:00+00:00
[2025-02-26T18:30:31.286+0000] {processor.py:179} INFO - Processing /opt/airflow/dags/xkcd_dbt_dag.py took 0.071 seconds
[2025-02-26T19:53:01.876+0000] {processor.py:157} INFO - Started process (PID=18795) to work on /opt/airflow/dags/xkcd_dbt_dag.py
[2025-02-26T19:53:01.876+0000] {processor.py:829} INFO - Processing file /opt/airflow/dags/xkcd_dbt_dag.py for tasks to queue
[2025-02-26T19:53:01.877+0000] {logging_mixin.py:151} INFO - [2025-02-26T19:53:01.877+0000] {dagbag.py:539} INFO - Filling up the DagBag from /opt/airflow/dags/xkcd_dbt_dag.py
[2025-02-26T19:53:01.888+0000] {processor.py:839} INFO - DAG(s) dict_keys(['xkcd_dbt_dag']) retrieved from /opt/airflow/dags/xkcd_dbt_dag.py
[2025-02-26T19:53:01.905+0000] {logging_mixin.py:151} INFO - [2025-02-26T19:53:01.905+0000] {dag.py:2915} INFO - Sync 1 DAGs
[2025-02-26T19:53:01.916+0000] {logging_mixin.py:151} INFO - [2025-02-26T19:53:01.915+0000] {dag.py:3696} INFO - Setting next_dagrun for xkcd_dbt_dag to 2025-02-25T00:00:00+00:00, run_after=2025-02-26T00:00:00+00:00
[2025-02-26T19:53:01.925+0000] {processor.py:179} INFO - Processing /opt/airflow/dags/xkcd_dbt_dag.py took 0.051 seconds
[2025-02-26T21:02:33.784+0000] {processor.py:157} INFO - Started process (PID=18805) to work on /opt/airflow/dags/xkcd_dbt_dag.py
[2025-02-26T21:02:33.785+0000] {processor.py:829} INFO - Processing file /opt/airflow/dags/xkcd_dbt_dag.py for tasks to queue
[2025-02-26T21:02:33.785+0000] {logging_mixin.py:151} INFO - [2025-02-26T21:02:33.785+0000] {dagbag.py:539} INFO - Filling up the DagBag from /opt/airflow/dags/xkcd_dbt_dag.py
[2025-02-26T21:02:33.802+0000] {processor.py:839} INFO - DAG(s) dict_keys(['xkcd_dbt_dag']) retrieved from /opt/airflow/dags/xkcd_dbt_dag.py
[2025-02-26T21:02:33.826+0000] {logging_mixin.py:151} INFO - [2025-02-26T21:02:33.826+0000] {dag.py:2915} INFO - Sync 1 DAGs
[2025-02-26T21:02:33.844+0000] {logging_mixin.py:151} INFO - [2025-02-26T21:02:33.844+0000] {dag.py:3696} INFO - Setting next_dagrun for xkcd_dbt_dag to 2025-02-25T00:00:00+00:00, run_after=2025-02-26T00:00:00+00:00
[2025-02-26T21:02:33.859+0000] {processor.py:179} INFO - Processing /opt/airflow/dags/xkcd_dbt_dag.py took 0.077 seconds
[2025-02-26T21:43:00.788+0000] {processor.py:157} INFO - Started process (PID=18815) to work on /opt/airflow/dags/xkcd_dbt_dag.py
[2025-02-26T21:43:00.789+0000] {processor.py:829} INFO - Processing file /opt/airflow/dags/xkcd_dbt_dag.py for tasks to queue
[2025-02-26T21:43:00.790+0000] {logging_mixin.py:151} INFO - [2025-02-26T21:43:00.790+0000] {dagbag.py:539} INFO - Filling up the DagBag from /opt/airflow/dags/xkcd_dbt_dag.py
[2025-02-26T21:43:00.810+0000] {processor.py:839} INFO - DAG(s) dict_keys(['xkcd_dbt_dag']) retrieved from /opt/airflow/dags/xkcd_dbt_dag.py
[2025-02-26T21:43:00.839+0000] {logging_mixin.py:151} INFO - [2025-02-26T21:43:00.839+0000] {dag.py:2915} INFO - Sync 1 DAGs
[2025-02-26T21:43:00.857+0000] {logging_mixin.py:151} INFO - [2025-02-26T21:43:00.857+0000] {dag.py:3696} INFO - Setting next_dagrun for xkcd_dbt_dag to 2025-02-25T00:00:00+00:00, run_after=2025-02-26T00:00:00+00:00
[2025-02-26T21:43:00.870+0000] {processor.py:179} INFO - Processing /opt/airflow/dags/xkcd_dbt_dag.py took 0.086 seconds
[2025-02-26T21:59:16.097+0000] {processor.py:157} INFO - Started process (PID=18825) to work on /opt/airflow/dags/xkcd_dbt_dag.py
[2025-02-26T21:59:16.098+0000] {processor.py:829} INFO - Processing file /opt/airflow/dags/xkcd_dbt_dag.py for tasks to queue
[2025-02-26T21:59:16.099+0000] {logging_mixin.py:151} INFO - [2025-02-26T21:59:16.099+0000] {dagbag.py:539} INFO - Filling up the DagBag from /opt/airflow/dags/xkcd_dbt_dag.py
[2025-02-26T21:59:16.109+0000] {processor.py:839} INFO - DAG(s) dict_keys(['xkcd_dbt_dag']) retrieved from /opt/airflow/dags/xkcd_dbt_dag.py
[2025-02-26T21:59:16.138+0000] {logging_mixin.py:151} INFO - [2025-02-26T21:59:16.138+0000] {dag.py:2915} INFO - Sync 1 DAGs
[2025-02-26T21:59:16.154+0000] {logging_mixin.py:151} INFO - [2025-02-26T21:59:16.154+0000] {dag.py:3696} INFO - Setting next_dagrun for xkcd_dbt_dag to 2025-02-25T00:00:00+00:00, run_after=2025-02-26T00:00:00+00:00
[2025-02-26T21:59:16.170+0000] {processor.py:179} INFO - Processing /opt/airflow/dags/xkcd_dbt_dag.py took 0.075 seconds
[2025-02-26T21:59:46.627+0000] {processor.py:157} INFO - Started process (PID=18835) to work on /opt/airflow/dags/xkcd_dbt_dag.py
[2025-02-26T21:59:46.628+0000] {processor.py:829} INFO - Processing file /opt/airflow/dags/xkcd_dbt_dag.py for tasks to queue
[2025-02-26T21:59:46.629+0000] {logging_mixin.py:151} INFO - [2025-02-26T21:59:46.629+0000] {dagbag.py:539} INFO - Filling up the DagBag from /opt/airflow/dags/xkcd_dbt_dag.py
[2025-02-26T21:59:46.642+0000] {processor.py:839} INFO - DAG(s) dict_keys(['xkcd_dbt_dag']) retrieved from /opt/airflow/dags/xkcd_dbt_dag.py
[2025-02-26T21:59:46.659+0000] {logging_mixin.py:151} INFO - [2025-02-26T21:59:46.659+0000] {dag.py:2915} INFO - Sync 1 DAGs
[2025-02-26T21:59:46.670+0000] {logging_mixin.py:151} INFO - [2025-02-26T21:59:46.670+0000] {dag.py:3696} INFO - Setting next_dagrun for xkcd_dbt_dag to 2025-02-25T00:00:00+00:00, run_after=2025-02-26T00:00:00+00:00
[2025-02-26T21:59:46.684+0000] {processor.py:179} INFO - Processing /opt/airflow/dags/xkcd_dbt_dag.py took 0.060 seconds
[2025-02-26T22:03:38.428+0000] {processor.py:157} INFO - Started process (PID=18845) to work on /opt/airflow/dags/xkcd_dbt_dag.py
[2025-02-26T22:03:38.429+0000] {processor.py:829} INFO - Processing file /opt/airflow/dags/xkcd_dbt_dag.py for tasks to queue
[2025-02-26T22:03:38.430+0000] {logging_mixin.py:151} INFO - [2025-02-26T22:03:38.429+0000] {dagbag.py:539} INFO - Filling up the DagBag from /opt/airflow/dags/xkcd_dbt_dag.py
[2025-02-26T22:03:38.445+0000] {processor.py:839} INFO - DAG(s) dict_keys(['xkcd_dbt_dag']) retrieved from /opt/airflow/dags/xkcd_dbt_dag.py
[2025-02-26T22:03:38.463+0000] {logging_mixin.py:151} INFO - [2025-02-26T22:03:38.463+0000] {dag.py:2915} INFO - Sync 1 DAGs
[2025-02-26T22:03:38.474+0000] {logging_mixin.py:151} INFO - [2025-02-26T22:03:38.474+0000] {dag.py:3696} INFO - Setting next_dagrun for xkcd_dbt_dag to 2025-02-25T00:00:00+00:00, run_after=2025-02-26T00:00:00+00:00
[2025-02-26T22:03:38.484+0000] {processor.py:179} INFO - Processing /opt/airflow/dags/xkcd_dbt_dag.py took 0.058 seconds
[2025-02-26T22:19:25.929+0000] {processor.py:157} INFO - Started process (PID=18857) to work on /opt/airflow/dags/xkcd_dbt_dag.py
[2025-02-26T22:19:25.931+0000] {processor.py:829} INFO - Processing file /opt/airflow/dags/xkcd_dbt_dag.py for tasks to queue
[2025-02-26T22:19:25.932+0000] {logging_mixin.py:151} INFO - [2025-02-26T22:19:25.931+0000] {dagbag.py:539} INFO - Filling up the DagBag from /opt/airflow/dags/xkcd_dbt_dag.py
[2025-02-26T22:19:25.946+0000] {processor.py:839} INFO - DAG(s) dict_keys(['xkcd_dbt_dag']) retrieved from /opt/airflow/dags/xkcd_dbt_dag.py
[2025-02-26T22:19:25.961+0000] {logging_mixin.py:151} INFO - [2025-02-26T22:19:25.961+0000] {dag.py:2915} INFO - Sync 1 DAGs
[2025-02-26T22:19:25.978+0000] {logging_mixin.py:151} INFO - [2025-02-26T22:19:25.978+0000] {dag.py:3696} INFO - Setting next_dagrun for xkcd_dbt_dag to 2025-02-25T00:00:00+00:00, run_after=2025-02-26T00:00:00+00:00
[2025-02-26T22:19:25.993+0000] {processor.py:179} INFO - Processing /opt/airflow/dags/xkcd_dbt_dag.py took 0.068 seconds
[2025-02-26T22:19:56.402+0000] {processor.py:157} INFO - Started process (PID=18867) to work on /opt/airflow/dags/xkcd_dbt_dag.py
[2025-02-26T22:19:56.403+0000] {processor.py:829} INFO - Processing file /opt/airflow/dags/xkcd_dbt_dag.py for tasks to queue
[2025-02-26T22:19:56.404+0000] {logging_mixin.py:151} INFO - [2025-02-26T22:19:56.403+0000] {dagbag.py:539} INFO - Filling up the DagBag from /opt/airflow/dags/xkcd_dbt_dag.py
[2025-02-26T22:19:56.417+0000] {processor.py:839} INFO - DAG(s) dict_keys(['xkcd_dbt_dag']) retrieved from /opt/airflow/dags/xkcd_dbt_dag.py
[2025-02-26T22:19:56.437+0000] {logging_mixin.py:151} INFO - [2025-02-26T22:19:56.437+0000] {dag.py:2915} INFO - Sync 1 DAGs
[2025-02-26T22:19:56.448+0000] {logging_mixin.py:151} INFO - [2025-02-26T22:19:56.448+0000] {dag.py:3696} INFO - Setting next_dagrun for xkcd_dbt_dag to 2025-02-25T00:00:00+00:00, run_after=2025-02-26T00:00:00+00:00
[2025-02-26T22:19:56.459+0000] {processor.py:179} INFO - Processing /opt/airflow/dags/xkcd_dbt_dag.py took 0.060 seconds
[2025-02-26T22:36:12.049+0000] {processor.py:157} INFO - Started process (PID=18877) to work on /opt/airflow/dags/xkcd_dbt_dag.py
[2025-02-26T22:36:12.049+0000] {processor.py:829} INFO - Processing file /opt/airflow/dags/xkcd_dbt_dag.py for tasks to queue
[2025-02-26T22:36:12.050+0000] {logging_mixin.py:151} INFO - [2025-02-26T22:36:12.050+0000] {dagbag.py:539} INFO - Filling up the DagBag from /opt/airflow/dags/xkcd_dbt_dag.py
[2025-02-26T22:36:12.061+0000] {processor.py:839} INFO - DAG(s) dict_keys(['xkcd_dbt_dag']) retrieved from /opt/airflow/dags/xkcd_dbt_dag.py
[2025-02-26T22:36:12.077+0000] {logging_mixin.py:151} INFO - [2025-02-26T22:36:12.077+0000] {dag.py:2915} INFO - Sync 1 DAGs
[2025-02-26T22:36:12.088+0000] {logging_mixin.py:151} INFO - [2025-02-26T22:36:12.088+0000] {dag.py:3696} INFO - Setting next_dagrun for xkcd_dbt_dag to 2025-02-25T00:00:00+00:00, run_after=2025-02-26T00:00:00+00:00
[2025-02-26T22:36:12.102+0000] {processor.py:179} INFO - Processing /opt/airflow/dags/xkcd_dbt_dag.py took 0.055 seconds
[2025-02-26T22:52:25.452+0000] {processor.py:157} INFO - Started process (PID=18889) to work on /opt/airflow/dags/xkcd_dbt_dag.py
[2025-02-26T22:52:25.456+0000] {processor.py:829} INFO - Processing file /opt/airflow/dags/xkcd_dbt_dag.py for tasks to queue
[2025-02-26T22:52:25.457+0000] {logging_mixin.py:151} INFO - [2025-02-26T22:52:25.457+0000] {dagbag.py:539} INFO - Filling up the DagBag from /opt/airflow/dags/xkcd_dbt_dag.py
[2025-02-26T22:52:25.466+0000] {processor.py:839} INFO - DAG(s) dict_keys(['xkcd_dbt_dag']) retrieved from /opt/airflow/dags/xkcd_dbt_dag.py
[2025-02-26T22:52:25.483+0000] {logging_mixin.py:151} INFO - [2025-02-26T22:52:25.483+0000] {dag.py:2915} INFO - Sync 1 DAGs
[2025-02-26T22:52:25.496+0000] {logging_mixin.py:151} INFO - [2025-02-26T22:52:25.495+0000] {dag.py:3696} INFO - Setting next_dagrun for xkcd_dbt_dag to 2025-02-25T00:00:00+00:00, run_after=2025-02-26T00:00:00+00:00
[2025-02-26T22:52:25.510+0000] {processor.py:179} INFO - Processing /opt/airflow/dags/xkcd_dbt_dag.py took 0.060 seconds
[2025-02-26T22:52:55.822+0000] {processor.py:157} INFO - Started process (PID=18899) to work on /opt/airflow/dags/xkcd_dbt_dag.py
[2025-02-26T22:52:55.823+0000] {processor.py:829} INFO - Processing file /opt/airflow/dags/xkcd_dbt_dag.py for tasks to queue
[2025-02-26T22:52:55.823+0000] {logging_mixin.py:151} INFO - [2025-02-26T22:52:55.823+0000] {dagbag.py:539} INFO - Filling up the DagBag from /opt/airflow/dags/xkcd_dbt_dag.py
[2025-02-26T22:52:55.840+0000] {processor.py:839} INFO - DAG(s) dict_keys(['xkcd_dbt_dag']) retrieved from /opt/airflow/dags/xkcd_dbt_dag.py
[2025-02-26T22:52:55.860+0000] {logging_mixin.py:151} INFO - [2025-02-26T22:52:55.860+0000] {dag.py:2915} INFO - Sync 1 DAGs
[2025-02-26T22:52:55.873+0000] {logging_mixin.py:151} INFO - [2025-02-26T22:52:55.872+0000] {dag.py:3696} INFO - Setting next_dagrun for xkcd_dbt_dag to 2025-02-25T00:00:00+00:00, run_after=2025-02-26T00:00:00+00:00
[2025-02-26T22:52:55.883+0000] {processor.py:179} INFO - Processing /opt/airflow/dags/xkcd_dbt_dag.py took 0.064 seconds
[2025-02-26T23:04:34.178+0000] {processor.py:157} INFO - Started process (PID=18909) to work on /opt/airflow/dags/xkcd_dbt_dag.py
[2025-02-26T23:04:34.178+0000] {processor.py:829} INFO - Processing file /opt/airflow/dags/xkcd_dbt_dag.py for tasks to queue
[2025-02-26T23:04:34.179+0000] {logging_mixin.py:151} INFO - [2025-02-26T23:04:34.179+0000] {dagbag.py:539} INFO - Filling up the DagBag from /opt/airflow/dags/xkcd_dbt_dag.py
[2025-02-26T23:04:34.194+0000] {processor.py:839} INFO - DAG(s) dict_keys(['xkcd_dbt_dag']) retrieved from /opt/airflow/dags/xkcd_dbt_dag.py
[2025-02-26T23:04:34.211+0000] {logging_mixin.py:151} INFO - [2025-02-26T23:04:34.211+0000] {dag.py:2915} INFO - Sync 1 DAGs
[2025-02-26T23:04:34.227+0000] {logging_mixin.py:151} INFO - [2025-02-26T23:04:34.227+0000] {dag.py:3696} INFO - Setting next_dagrun for xkcd_dbt_dag to 2025-02-25T00:00:00+00:00, run_after=2025-02-26T00:00:00+00:00
[2025-02-26T23:04:34.240+0000] {processor.py:179} INFO - Processing /opt/airflow/dags/xkcd_dbt_dag.py took 0.064 seconds
[2025-02-26T23:05:04.669+0000] {processor.py:157} INFO - Started process (PID=18919) to work on /opt/airflow/dags/xkcd_dbt_dag.py
[2025-02-26T23:05:04.670+0000] {processor.py:829} INFO - Processing file /opt/airflow/dags/xkcd_dbt_dag.py for tasks to queue
[2025-02-26T23:05:04.671+0000] {logging_mixin.py:151} INFO - [2025-02-26T23:05:04.671+0000] {dagbag.py:539} INFO - Filling up the DagBag from /opt/airflow/dags/xkcd_dbt_dag.py
[2025-02-26T23:05:04.690+0000] {processor.py:839} INFO - DAG(s) dict_keys(['xkcd_dbt_dag']) retrieved from /opt/airflow/dags/xkcd_dbt_dag.py
[2025-02-26T23:05:04.707+0000] {logging_mixin.py:151} INFO - [2025-02-26T23:05:04.707+0000] {dag.py:2915} INFO - Sync 1 DAGs
[2025-02-26T23:05:04.719+0000] {logging_mixin.py:151} INFO - [2025-02-26T23:05:04.718+0000] {dag.py:3696} INFO - Setting next_dagrun for xkcd_dbt_dag to 2025-02-25T00:00:00+00:00, run_after=2025-02-26T00:00:00+00:00
[2025-02-26T23:05:04.730+0000] {processor.py:179} INFO - Processing /opt/airflow/dags/xkcd_dbt_dag.py took 0.064 seconds
[2025-02-26T23:22:17.542+0000] {processor.py:157} INFO - Started process (PID=18929) to work on /opt/airflow/dags/xkcd_dbt_dag.py
[2025-02-26T23:22:17.543+0000] {processor.py:829} INFO - Processing file /opt/airflow/dags/xkcd_dbt_dag.py for tasks to queue
[2025-02-26T23:22:17.543+0000] {logging_mixin.py:151} INFO - [2025-02-26T23:22:17.543+0000] {dagbag.py:539} INFO - Filling up the DagBag from /opt/airflow/dags/xkcd_dbt_dag.py
[2025-02-26T23:22:17.560+0000] {processor.py:839} INFO - DAG(s) dict_keys(['xkcd_dbt_dag']) retrieved from /opt/airflow/dags/xkcd_dbt_dag.py
[2025-02-26T23:22:17.578+0000] {logging_mixin.py:151} INFO - [2025-02-26T23:22:17.578+0000] {dag.py:2915} INFO - Sync 1 DAGs
[2025-02-26T23:22:17.588+0000] {logging_mixin.py:151} INFO - [2025-02-26T23:22:17.588+0000] {dag.py:3696} INFO - Setting next_dagrun for xkcd_dbt_dag to 2025-02-25T00:00:00+00:00, run_after=2025-02-26T00:00:00+00:00
[2025-02-26T23:22:17.598+0000] {processor.py:179} INFO - Processing /opt/airflow/dags/xkcd_dbt_dag.py took 0.058 seconds
[2025-02-26T23:22:47.990+0000] {processor.py:157} INFO - Started process (PID=18941) to work on /opt/airflow/dags/xkcd_dbt_dag.py
[2025-02-26T23:22:47.992+0000] {processor.py:829} INFO - Processing file /opt/airflow/dags/xkcd_dbt_dag.py for tasks to queue
[2025-02-26T23:22:47.992+0000] {logging_mixin.py:151} INFO - [2025-02-26T23:22:47.992+0000] {dagbag.py:539} INFO - Filling up the DagBag from /opt/airflow/dags/xkcd_dbt_dag.py
[2025-02-26T23:22:48.006+0000] {processor.py:839} INFO - DAG(s) dict_keys(['xkcd_dbt_dag']) retrieved from /opt/airflow/dags/xkcd_dbt_dag.py
[2025-02-26T23:22:48.025+0000] {logging_mixin.py:151} INFO - [2025-02-26T23:22:48.025+0000] {dag.py:2915} INFO - Sync 1 DAGs
[2025-02-26T23:22:48.036+0000] {logging_mixin.py:151} INFO - [2025-02-26T23:22:48.036+0000] {dag.py:3696} INFO - Setting next_dagrun for xkcd_dbt_dag to 2025-02-25T00:00:00+00:00, run_after=2025-02-26T00:00:00+00:00
[2025-02-26T23:22:48.049+0000] {processor.py:179} INFO - Processing /opt/airflow/dags/xkcd_dbt_dag.py took 0.062 seconds
[2025-02-26T23:38:34.030+0000] {processor.py:157} INFO - Started process (PID=18951) to work on /opt/airflow/dags/xkcd_dbt_dag.py
[2025-02-26T23:38:34.031+0000] {processor.py:829} INFO - Processing file /opt/airflow/dags/xkcd_dbt_dag.py for tasks to queue
[2025-02-26T23:38:34.033+0000] {logging_mixin.py:151} INFO - [2025-02-26T23:38:34.032+0000] {dagbag.py:539} INFO - Filling up the DagBag from /opt/airflow/dags/xkcd_dbt_dag.py
[2025-02-26T23:38:34.047+0000] {processor.py:839} INFO - DAG(s) dict_keys(['xkcd_dbt_dag']) retrieved from /opt/airflow/dags/xkcd_dbt_dag.py
[2025-02-26T23:38:34.067+0000] {logging_mixin.py:151} INFO - [2025-02-26T23:38:34.067+0000] {dag.py:2915} INFO - Sync 1 DAGs
[2025-02-26T23:38:34.081+0000] {logging_mixin.py:151} INFO - [2025-02-26T23:38:34.081+0000] {dag.py:3696} INFO - Setting next_dagrun for xkcd_dbt_dag to 2025-02-25T00:00:00+00:00, run_after=2025-02-26T00:00:00+00:00
[2025-02-26T23:38:34.095+0000] {processor.py:179} INFO - Processing /opt/airflow/dags/xkcd_dbt_dag.py took 0.066 seconds
[2025-02-26T23:55:28.177+0000] {processor.py:157} INFO - Started process (PID=18963) to work on /opt/airflow/dags/xkcd_dbt_dag.py
[2025-02-26T23:55:28.181+0000] {processor.py:829} INFO - Processing file /opt/airflow/dags/xkcd_dbt_dag.py for tasks to queue
[2025-02-26T23:55:28.182+0000] {logging_mixin.py:151} INFO - [2025-02-26T23:55:28.181+0000] {dagbag.py:539} INFO - Filling up the DagBag from /opt/airflow/dags/xkcd_dbt_dag.py
[2025-02-26T23:55:28.222+0000] {processor.py:839} INFO - DAG(s) dict_keys(['xkcd_dbt_dag']) retrieved from /opt/airflow/dags/xkcd_dbt_dag.py
[2025-02-26T23:55:28.272+0000] {logging_mixin.py:151} INFO - [2025-02-26T23:55:28.272+0000] {dag.py:2915} INFO - Sync 1 DAGs
[2025-02-26T23:55:28.307+0000] {logging_mixin.py:151} INFO - [2025-02-26T23:55:28.307+0000] {dag.py:3696} INFO - Setting next_dagrun for xkcd_dbt_dag to 2025-02-25T00:00:00+00:00, run_after=2025-02-26T00:00:00+00:00
[2025-02-26T23:55:28.343+0000] {processor.py:179} INFO - Processing /opt/airflow/dags/xkcd_dbt_dag.py took 0.169 seconds
