[2025-02-26T01:04:20.333+0000] {processor.py:157} INFO - Started process (PID=18204) to work on /opt/airflow/dags/xkcd-comics-dag.py
[2025-02-26T01:04:20.334+0000] {processor.py:829} INFO - Processing file /opt/airflow/dags/xkcd-comics-dag.py for tasks to queue
[2025-02-26T01:04:20.335+0000] {logging_mixin.py:151} INFO - [2025-02-26T01:04:20.335+0000] {dagbag.py:539} INFO - Filling up the DagBag from /opt/airflow/dags/xkcd-comics-dag.py
[2025-02-26T01:04:20.348+0000] {processor.py:839} INFO - DAG(s) dict_keys(['xkcd_comic_fetcher']) retrieved from /opt/airflow/dags/xkcd-comics-dag.py
[2025-02-26T01:04:20.368+0000] {logging_mixin.py:151} INFO - [2025-02-26T01:04:20.368+0000] {dag.py:2915} INFO - Sync 1 DAGs
[2025-02-26T01:04:20.387+0000] {logging_mixin.py:151} INFO - [2025-02-26T01:04:20.387+0000] {dag.py:3696} INFO - Setting next_dagrun for xkcd_comic_fetcher to 2025-02-24T05:00:00+00:00, run_after=2025-02-26T05:00:00+00:00
[2025-02-26T01:04:20.401+0000] {processor.py:179} INFO - Processing /opt/airflow/dags/xkcd-comics-dag.py took 0.070 seconds
[2025-02-26T02:25:56.513+0000] {processor.py:157} INFO - Started process (PID=18216) to work on /opt/airflow/dags/xkcd-comics-dag.py
[2025-02-26T02:25:56.514+0000] {processor.py:829} INFO - Processing file /opt/airflow/dags/xkcd-comics-dag.py for tasks to queue
[2025-02-26T02:25:56.515+0000] {logging_mixin.py:151} INFO - [2025-02-26T02:25:56.515+0000] {dagbag.py:539} INFO - Filling up the DagBag from /opt/airflow/dags/xkcd-comics-dag.py
[2025-02-26T02:25:56.527+0000] {processor.py:839} INFO - DAG(s) dict_keys(['xkcd_comic_fetcher']) retrieved from /opt/airflow/dags/xkcd-comics-dag.py
[2025-02-26T02:25:56.546+0000] {logging_mixin.py:151} INFO - [2025-02-26T02:25:56.546+0000] {dag.py:2915} INFO - Sync 1 DAGs
[2025-02-26T02:25:56.562+0000] {logging_mixin.py:151} INFO - [2025-02-26T02:25:56.562+0000] {dag.py:3696} INFO - Setting next_dagrun for xkcd_comic_fetcher to 2025-02-24T05:00:00+00:00, run_after=2025-02-26T05:00:00+00:00
[2025-02-26T02:25:56.578+0000] {processor.py:179} INFO - Processing /opt/airflow/dags/xkcd-comics-dag.py took 0.067 seconds
[2025-02-26T03:47:23.820+0000] {processor.py:157} INFO - Started process (PID=18226) to work on /opt/airflow/dags/xkcd-comics-dag.py
[2025-02-26T03:47:23.822+0000] {processor.py:829} INFO - Processing file /opt/airflow/dags/xkcd-comics-dag.py for tasks to queue
[2025-02-26T03:47:23.823+0000] {logging_mixin.py:151} INFO - [2025-02-26T03:47:23.823+0000] {dagbag.py:539} INFO - Filling up the DagBag from /opt/airflow/dags/xkcd-comics-dag.py
[2025-02-26T03:47:23.853+0000] {processor.py:839} INFO - DAG(s) dict_keys(['xkcd_comic_fetcher']) retrieved from /opt/airflow/dags/xkcd-comics-dag.py
[2025-02-26T03:47:23.885+0000] {logging_mixin.py:151} INFO - [2025-02-26T03:47:23.885+0000] {dag.py:2915} INFO - Sync 1 DAGs
[2025-02-26T03:47:23.898+0000] {logging_mixin.py:151} INFO - [2025-02-26T03:47:23.898+0000] {dag.py:3696} INFO - Setting next_dagrun for xkcd_comic_fetcher to 2025-02-24T05:00:00+00:00, run_after=2025-02-26T05:00:00+00:00
[2025-02-26T03:47:23.911+0000] {processor.py:179} INFO - Processing /opt/airflow/dags/xkcd-comics-dag.py took 0.096 seconds
[2025-02-26T04:58:46.756+0000] {processor.py:157} INFO - Started process (PID=18236) to work on /opt/airflow/dags/xkcd-comics-dag.py
[2025-02-26T04:58:46.757+0000] {processor.py:829} INFO - Processing file /opt/airflow/dags/xkcd-comics-dag.py for tasks to queue
[2025-02-26T04:58:46.757+0000] {logging_mixin.py:151} INFO - [2025-02-26T04:58:46.757+0000] {dagbag.py:539} INFO - Filling up the DagBag from /opt/airflow/dags/xkcd-comics-dag.py
[2025-02-26T04:58:46.772+0000] {processor.py:839} INFO - DAG(s) dict_keys(['xkcd_comic_fetcher']) retrieved from /opt/airflow/dags/xkcd-comics-dag.py
[2025-02-26T04:58:46.790+0000] {logging_mixin.py:151} INFO - [2025-02-26T04:58:46.790+0000] {dag.py:2915} INFO - Sync 1 DAGs
[2025-02-26T04:58:46.802+0000] {logging_mixin.py:151} INFO - [2025-02-26T04:58:46.802+0000] {dag.py:3696} INFO - Setting next_dagrun for xkcd_comic_fetcher to 2025-02-24T05:00:00+00:00, run_after=2025-02-26T05:00:00+00:00
[2025-02-26T04:58:46.817+0000] {processor.py:179} INFO - Processing /opt/airflow/dags/xkcd-comics-dag.py took 0.063 seconds
[2025-02-26T06:41:31.603+0000] {processor.py:157} INFO - Started process (PID=18246) to work on /opt/airflow/dags/xkcd-comics-dag.py
[2025-02-26T06:41:31.604+0000] {processor.py:829} INFO - Processing file /opt/airflow/dags/xkcd-comics-dag.py for tasks to queue
[2025-02-26T06:41:31.604+0000] {logging_mixin.py:151} INFO - [2025-02-26T06:41:31.604+0000] {dagbag.py:539} INFO - Filling up the DagBag from /opt/airflow/dags/xkcd-comics-dag.py
[2025-02-26T06:41:31.618+0000] {processor.py:839} INFO - DAG(s) dict_keys(['xkcd_comic_fetcher']) retrieved from /opt/airflow/dags/xkcd-comics-dag.py
[2025-02-26T06:41:31.636+0000] {logging_mixin.py:151} INFO - [2025-02-26T06:41:31.635+0000] {dag.py:2915} INFO - Sync 1 DAGs
[2025-02-26T06:41:31.647+0000] {logging_mixin.py:151} INFO - [2025-02-26T06:41:31.647+0000] {dag.py:3696} INFO - Setting next_dagrun for xkcd_comic_fetcher to 2025-02-26T05:00:00+00:00, run_after=2025-02-28T05:00:00+00:00
[2025-02-26T06:41:31.658+0000] {processor.py:179} INFO - Processing /opt/airflow/dags/xkcd-comics-dag.py took 0.056 seconds
[2025-02-26T07:54:19.066+0000] {processor.py:157} INFO - Started process (PID=18260) to work on /opt/airflow/dags/xkcd-comics-dag.py
[2025-02-26T07:54:19.069+0000] {processor.py:829} INFO - Processing file /opt/airflow/dags/xkcd-comics-dag.py for tasks to queue
[2025-02-26T07:54:19.070+0000] {logging_mixin.py:151} INFO - [2025-02-26T07:54:19.070+0000] {dagbag.py:539} INFO - Filling up the DagBag from /opt/airflow/dags/xkcd-comics-dag.py
[2025-02-26T07:54:19.107+0000] {processor.py:839} INFO - DAG(s) dict_keys(['xkcd_comic_fetcher']) retrieved from /opt/airflow/dags/xkcd-comics-dag.py
[2025-02-26T07:54:19.129+0000] {logging_mixin.py:151} INFO - [2025-02-26T07:54:19.129+0000] {dag.py:2915} INFO - Sync 1 DAGs
[2025-02-26T07:54:19.143+0000] {logging_mixin.py:151} INFO - [2025-02-26T07:54:19.143+0000] {dag.py:3696} INFO - Setting next_dagrun for xkcd_comic_fetcher to 2025-02-26T05:00:00+00:00, run_after=2025-02-28T05:00:00+00:00
[2025-02-26T07:54:19.157+0000] {processor.py:179} INFO - Processing /opt/airflow/dags/xkcd-comics-dag.py took 0.099 seconds
[2025-02-26T07:54:24.193+0000] {processor.py:157} INFO - Started process (PID=18270) to work on /opt/airflow/dags/xkcd-comics-dag.py
[2025-02-26T07:54:24.194+0000] {processor.py:829} INFO - Processing file /opt/airflow/dags/xkcd-comics-dag.py for tasks to queue
[2025-02-26T07:54:24.194+0000] {logging_mixin.py:151} INFO - [2025-02-26T07:54:24.194+0000] {dagbag.py:539} INFO - Filling up the DagBag from /opt/airflow/dags/xkcd-comics-dag.py
[2025-02-26T07:54:24.208+0000] {processor.py:839} INFO - DAG(s) dict_keys(['xkcd_comic_fetcher']) retrieved from /opt/airflow/dags/xkcd-comics-dag.py
[2025-02-26T07:54:24.220+0000] {logging_mixin.py:151} INFO - [2025-02-26T07:54:24.219+0000] {taskinstance.py:1937} ERROR - {'DAG Id': 'xkcd_comic_fetcher', 'Task Id': 'wait_for_comic', 'Run Id': 'scheduled__2025-02-24T05:00:00+00:00', 'Hostname': '25ffd23c4844'}
[2025-02-26T07:54:24.229+0000] {logging_mixin.py:151} INFO - [2025-02-26T07:54:24.228+0000] {taskinstance.py:1398} INFO - Marking task as UP_FOR_RETRY. dag_id=xkcd_comic_fetcher, task_id=wait_for_comic, execution_date=20250224T050000, start_date=20250226T064132, end_date=20250226T075424
[2025-02-26T07:54:24.232+0000] {processor.py:790} INFO - Executed failure callback for <TaskInstance: xkcd_comic_fetcher.wait_for_comic scheduled__2025-02-24T05:00:00+00:00 [up_for_retry]> in state up_for_retry
[2025-02-26T07:54:24.241+0000] {logging_mixin.py:151} INFO - [2025-02-26T07:54:24.241+0000] {dag.py:2915} INFO - Sync 1 DAGs
[2025-02-26T07:54:24.249+0000] {logging_mixin.py:151} INFO - [2025-02-26T07:54:24.249+0000] {dag.py:3696} INFO - Setting next_dagrun for xkcd_comic_fetcher to 2025-02-26T05:00:00+00:00, run_after=2025-02-28T05:00:00+00:00
[2025-02-26T07:54:24.254+0000] {processor.py:179} INFO - Processing /opt/airflow/dags/xkcd-comics-dag.py took 0.064 seconds
[2025-02-26T09:24:09.962+0000] {processor.py:157} INFO - Started process (PID=18275) to work on /opt/airflow/dags/xkcd-comics-dag.py
[2025-02-26T09:24:09.963+0000] {processor.py:829} INFO - Processing file /opt/airflow/dags/xkcd-comics-dag.py for tasks to queue
[2025-02-26T09:24:09.964+0000] {logging_mixin.py:151} INFO - [2025-02-26T09:24:09.964+0000] {dagbag.py:539} INFO - Filling up the DagBag from /opt/airflow/dags/xkcd-comics-dag.py
[2025-02-26T09:24:09.980+0000] {processor.py:839} INFO - DAG(s) dict_keys(['xkcd_comic_fetcher']) retrieved from /opt/airflow/dags/xkcd-comics-dag.py
[2025-02-26T09:24:09.998+0000] {logging_mixin.py:151} INFO - [2025-02-26T09:24:09.998+0000] {dag.py:2915} INFO - Sync 1 DAGs
[2025-02-26T09:24:10.016+0000] {logging_mixin.py:151} INFO - [2025-02-26T09:24:10.015+0000] {dag.py:3696} INFO - Setting next_dagrun for xkcd_comic_fetcher to 2025-02-26T05:00:00+00:00, run_after=2025-02-28T05:00:00+00:00
[2025-02-26T09:24:10.027+0000] {processor.py:179} INFO - Processing /opt/airflow/dags/xkcd-comics-dag.py took 0.067 seconds
[2025-02-26T10:39:29.089+0000] {processor.py:157} INFO - Started process (PID=18285) to work on /opt/airflow/dags/xkcd-comics-dag.py
[2025-02-26T10:39:29.090+0000] {processor.py:829} INFO - Processing file /opt/airflow/dags/xkcd-comics-dag.py for tasks to queue
[2025-02-26T10:39:29.090+0000] {logging_mixin.py:151} INFO - [2025-02-26T10:39:29.090+0000] {dagbag.py:539} INFO - Filling up the DagBag from /opt/airflow/dags/xkcd-comics-dag.py
[2025-02-26T10:39:29.104+0000] {processor.py:839} INFO - DAG(s) dict_keys(['xkcd_comic_fetcher']) retrieved from /opt/airflow/dags/xkcd-comics-dag.py
[2025-02-26T10:39:29.121+0000] {logging_mixin.py:151} INFO - [2025-02-26T10:39:29.121+0000] {dag.py:2915} INFO - Sync 1 DAGs
[2025-02-26T10:39:29.133+0000] {logging_mixin.py:151} INFO - [2025-02-26T10:39:29.133+0000] {dag.py:3696} INFO - Setting next_dagrun for xkcd_comic_fetcher to 2025-02-26T05:00:00+00:00, run_after=2025-02-28T05:00:00+00:00
[2025-02-26T10:39:29.141+0000] {processor.py:179} INFO - Processing /opt/airflow/dags/xkcd-comics-dag.py took 0.054 seconds
[2025-02-26T11:42:48.532+0000] {processor.py:157} INFO - Started process (PID=18295) to work on /opt/airflow/dags/xkcd-comics-dag.py
[2025-02-26T11:42:48.533+0000] {processor.py:829} INFO - Processing file /opt/airflow/dags/xkcd-comics-dag.py for tasks to queue
[2025-02-26T11:42:48.533+0000] {logging_mixin.py:151} INFO - [2025-02-26T11:42:48.533+0000] {dagbag.py:539} INFO - Filling up the DagBag from /opt/airflow/dags/xkcd-comics-dag.py
[2025-02-26T11:42:48.548+0000] {processor.py:839} INFO - DAG(s) dict_keys(['xkcd_comic_fetcher']) retrieved from /opt/airflow/dags/xkcd-comics-dag.py
[2025-02-26T11:42:48.573+0000] {logging_mixin.py:151} INFO - [2025-02-26T11:42:48.573+0000] {dag.py:2915} INFO - Sync 1 DAGs
[2025-02-26T11:42:48.591+0000] {logging_mixin.py:151} INFO - [2025-02-26T11:42:48.591+0000] {dag.py:3696} INFO - Setting next_dagrun for xkcd_comic_fetcher to 2025-02-26T05:00:00+00:00, run_after=2025-02-28T05:00:00+00:00
[2025-02-26T11:42:48.604+0000] {processor.py:179} INFO - Processing /opt/airflow/dags/xkcd-comics-dag.py took 0.075 seconds
[2025-02-26T11:53:36.559+0000] {processor.py:157} INFO - Started process (PID=18307) to work on /opt/airflow/dags/xkcd-comics-dag.py
[2025-02-26T11:53:36.560+0000] {processor.py:829} INFO - Processing file /opt/airflow/dags/xkcd-comics-dag.py for tasks to queue
[2025-02-26T11:53:36.560+0000] {logging_mixin.py:151} INFO - [2025-02-26T11:53:36.560+0000] {dagbag.py:539} INFO - Filling up the DagBag from /opt/airflow/dags/xkcd-comics-dag.py
[2025-02-26T11:53:36.580+0000] {processor.py:839} INFO - DAG(s) dict_keys(['xkcd_comic_fetcher']) retrieved from /opt/airflow/dags/xkcd-comics-dag.py
[2025-02-26T11:53:36.600+0000] {logging_mixin.py:151} INFO - [2025-02-26T11:53:36.600+0000] {dag.py:2915} INFO - Sync 1 DAGs
[2025-02-26T11:53:36.613+0000] {logging_mixin.py:151} INFO - [2025-02-26T11:53:36.613+0000] {dag.py:3696} INFO - Setting next_dagrun for xkcd_comic_fetcher to 2025-02-26T05:00:00+00:00, run_after=2025-02-28T05:00:00+00:00
[2025-02-26T11:53:36.626+0000] {processor.py:179} INFO - Processing /opt/airflow/dags/xkcd-comics-dag.py took 0.070 seconds
[2025-02-26T12:11:24.264+0000] {processor.py:157} INFO - Started process (PID=18317) to work on /opt/airflow/dags/xkcd-comics-dag.py
[2025-02-26T12:11:24.265+0000] {processor.py:829} INFO - Processing file /opt/airflow/dags/xkcd-comics-dag.py for tasks to queue
[2025-02-26T12:11:24.266+0000] {logging_mixin.py:151} INFO - [2025-02-26T12:11:24.266+0000] {dagbag.py:539} INFO - Filling up the DagBag from /opt/airflow/dags/xkcd-comics-dag.py
[2025-02-26T12:11:24.284+0000] {processor.py:839} INFO - DAG(s) dict_keys(['xkcd_comic_fetcher']) retrieved from /opt/airflow/dags/xkcd-comics-dag.py
[2025-02-26T12:11:24.300+0000] {logging_mixin.py:151} INFO - [2025-02-26T12:11:24.300+0000] {dag.py:2915} INFO - Sync 1 DAGs
[2025-02-26T12:11:24.312+0000] {logging_mixin.py:151} INFO - [2025-02-26T12:11:24.312+0000] {dag.py:3696} INFO - Setting next_dagrun for xkcd_comic_fetcher to 2025-02-26T05:00:00+00:00, run_after=2025-02-28T05:00:00+00:00
[2025-02-26T12:11:24.322+0000] {processor.py:179} INFO - Processing /opt/airflow/dags/xkcd-comics-dag.py took 0.062 seconds
[2025-02-26T12:11:54.728+0000] {processor.py:157} INFO - Started process (PID=18327) to work on /opt/airflow/dags/xkcd-comics-dag.py
[2025-02-26T12:11:54.730+0000] {processor.py:829} INFO - Processing file /opt/airflow/dags/xkcd-comics-dag.py for tasks to queue
[2025-02-26T12:11:54.731+0000] {logging_mixin.py:151} INFO - [2025-02-26T12:11:54.731+0000] {dagbag.py:539} INFO - Filling up the DagBag from /opt/airflow/dags/xkcd-comics-dag.py
[2025-02-26T12:11:54.755+0000] {processor.py:839} INFO - DAG(s) dict_keys(['xkcd_comic_fetcher']) retrieved from /opt/airflow/dags/xkcd-comics-dag.py
[2025-02-26T12:11:54.777+0000] {logging_mixin.py:151} INFO - [2025-02-26T12:11:54.777+0000] {dag.py:2915} INFO - Sync 1 DAGs
[2025-02-26T12:11:54.789+0000] {logging_mixin.py:151} INFO - [2025-02-26T12:11:54.789+0000] {dag.py:3696} INFO - Setting next_dagrun for xkcd_comic_fetcher to 2025-02-26T05:00:00+00:00, run_after=2025-02-28T05:00:00+00:00
[2025-02-26T12:11:54.799+0000] {processor.py:179} INFO - Processing /opt/airflow/dags/xkcd-comics-dag.py took 0.075 seconds
[2025-02-26T12:28:48.689+0000] {processor.py:157} INFO - Started process (PID=18337) to work on /opt/airflow/dags/xkcd-comics-dag.py
[2025-02-26T12:28:48.690+0000] {processor.py:829} INFO - Processing file /opt/airflow/dags/xkcd-comics-dag.py for tasks to queue
[2025-02-26T12:28:48.694+0000] {logging_mixin.py:151} INFO - [2025-02-26T12:28:48.694+0000] {dagbag.py:539} INFO - Filling up the DagBag from /opt/airflow/dags/xkcd-comics-dag.py
[2025-02-26T12:28:48.712+0000] {processor.py:839} INFO - DAG(s) dict_keys(['xkcd_comic_fetcher']) retrieved from /opt/airflow/dags/xkcd-comics-dag.py
[2025-02-26T12:28:48.732+0000] {logging_mixin.py:151} INFO - [2025-02-26T12:28:48.732+0000] {dag.py:2915} INFO - Sync 1 DAGs
[2025-02-26T12:28:48.745+0000] {logging_mixin.py:151} INFO - [2025-02-26T12:28:48.745+0000] {dag.py:3696} INFO - Setting next_dagrun for xkcd_comic_fetcher to 2025-02-26T05:00:00+00:00, run_after=2025-02-28T05:00:00+00:00
[2025-02-26T12:28:48.760+0000] {processor.py:179} INFO - Processing /opt/airflow/dags/xkcd-comics-dag.py took 0.073 seconds
[2025-02-26T12:29:19.160+0000] {processor.py:157} INFO - Started process (PID=18347) to work on /opt/airflow/dags/xkcd-comics-dag.py
[2025-02-26T12:29:19.162+0000] {processor.py:829} INFO - Processing file /opt/airflow/dags/xkcd-comics-dag.py for tasks to queue
[2025-02-26T12:29:19.163+0000] {logging_mixin.py:151} INFO - [2025-02-26T12:29:19.163+0000] {dagbag.py:539} INFO - Filling up the DagBag from /opt/airflow/dags/xkcd-comics-dag.py
[2025-02-26T12:29:19.184+0000] {processor.py:839} INFO - DAG(s) dict_keys(['xkcd_comic_fetcher']) retrieved from /opt/airflow/dags/xkcd-comics-dag.py
[2025-02-26T12:29:19.201+0000] {logging_mixin.py:151} INFO - [2025-02-26T12:29:19.201+0000] {dag.py:2915} INFO - Sync 1 DAGs
[2025-02-26T12:29:19.214+0000] {logging_mixin.py:151} INFO - [2025-02-26T12:29:19.214+0000] {dag.py:3696} INFO - Setting next_dagrun for xkcd_comic_fetcher to 2025-02-26T05:00:00+00:00, run_after=2025-02-28T05:00:00+00:00
[2025-02-26T12:29:19.223+0000] {processor.py:179} INFO - Processing /opt/airflow/dags/xkcd-comics-dag.py took 0.068 seconds
[2025-02-26T12:29:49.612+0000] {processor.py:157} INFO - Started process (PID=18357) to work on /opt/airflow/dags/xkcd-comics-dag.py
[2025-02-26T12:29:49.613+0000] {processor.py:829} INFO - Processing file /opt/airflow/dags/xkcd-comics-dag.py for tasks to queue
[2025-02-26T12:29:49.614+0000] {logging_mixin.py:151} INFO - [2025-02-26T12:29:49.614+0000] {dagbag.py:539} INFO - Filling up the DagBag from /opt/airflow/dags/xkcd-comics-dag.py
[2025-02-26T12:29:49.634+0000] {processor.py:839} INFO - DAG(s) dict_keys(['xkcd_comic_fetcher']) retrieved from /opt/airflow/dags/xkcd-comics-dag.py
[2025-02-26T12:29:49.652+0000] {logging_mixin.py:151} INFO - [2025-02-26T12:29:49.652+0000] {dag.py:2915} INFO - Sync 1 DAGs
[2025-02-26T12:29:49.665+0000] {logging_mixin.py:151} INFO - [2025-02-26T12:29:49.664+0000] {dag.py:3696} INFO - Setting next_dagrun for xkcd_comic_fetcher to 2025-02-26T05:00:00+00:00, run_after=2025-02-28T05:00:00+00:00
[2025-02-26T12:29:49.677+0000] {processor.py:179} INFO - Processing /opt/airflow/dags/xkcd-comics-dag.py took 0.069 seconds
[2025-02-26T12:47:53.885+0000] {processor.py:157} INFO - Started process (PID=18367) to work on /opt/airflow/dags/xkcd-comics-dag.py
[2025-02-26T12:47:53.886+0000] {processor.py:829} INFO - Processing file /opt/airflow/dags/xkcd-comics-dag.py for tasks to queue
[2025-02-26T12:47:53.886+0000] {logging_mixin.py:151} INFO - [2025-02-26T12:47:53.886+0000] {dagbag.py:539} INFO - Filling up the DagBag from /opt/airflow/dags/xkcd-comics-dag.py
[2025-02-26T12:47:53.898+0000] {processor.py:839} INFO - DAG(s) dict_keys(['xkcd_comic_fetcher']) retrieved from /opt/airflow/dags/xkcd-comics-dag.py
[2025-02-26T12:47:53.915+0000] {logging_mixin.py:151} INFO - [2025-02-26T12:47:53.915+0000] {dag.py:2915} INFO - Sync 1 DAGs
[2025-02-26T12:47:53.927+0000] {logging_mixin.py:151} INFO - [2025-02-26T12:47:53.927+0000] {dag.py:3696} INFO - Setting next_dagrun for xkcd_comic_fetcher to 2025-02-26T05:00:00+00:00, run_after=2025-02-28T05:00:00+00:00
[2025-02-26T12:47:53.937+0000] {processor.py:179} INFO - Processing /opt/airflow/dags/xkcd-comics-dag.py took 0.054 seconds
[2025-02-26T12:54:24.351+0000] {processor.py:157} INFO - Started process (PID=18377) to work on /opt/airflow/dags/xkcd-comics-dag.py
[2025-02-26T12:54:24.354+0000] {processor.py:829} INFO - Processing file /opt/airflow/dags/xkcd-comics-dag.py for tasks to queue
[2025-02-26T12:54:24.355+0000] {logging_mixin.py:151} INFO - [2025-02-26T12:54:24.355+0000] {dagbag.py:539} INFO - Filling up the DagBag from /opt/airflow/dags/xkcd-comics-dag.py
[2025-02-26T12:54:24.389+0000] {processor.py:839} INFO - DAG(s) dict_keys(['xkcd_comic_fetcher']) retrieved from /opt/airflow/dags/xkcd-comics-dag.py
[2025-02-26T12:54:24.414+0000] {logging_mixin.py:151} INFO - [2025-02-26T12:54:24.414+0000] {dag.py:2915} INFO - Sync 1 DAGs
[2025-02-26T12:54:24.426+0000] {logging_mixin.py:151} INFO - [2025-02-26T12:54:24.426+0000] {dag.py:3696} INFO - Setting next_dagrun for xkcd_comic_fetcher to 2025-02-26T05:00:00+00:00, run_after=2025-02-28T05:00:00+00:00
[2025-02-26T12:54:24.439+0000] {processor.py:179} INFO - Processing /opt/airflow/dags/xkcd-comics-dag.py took 0.093 seconds
[2025-02-26T12:54:54.755+0000] {processor.py:157} INFO - Started process (PID=18387) to work on /opt/airflow/dags/xkcd-comics-dag.py
[2025-02-26T12:54:54.757+0000] {processor.py:829} INFO - Processing file /opt/airflow/dags/xkcd-comics-dag.py for tasks to queue
[2025-02-26T12:54:54.759+0000] {logging_mixin.py:151} INFO - [2025-02-26T12:54:54.758+0000] {dagbag.py:539} INFO - Filling up the DagBag from /opt/airflow/dags/xkcd-comics-dag.py
[2025-02-26T12:54:54.775+0000] {processor.py:839} INFO - DAG(s) dict_keys(['xkcd_comic_fetcher']) retrieved from /opt/airflow/dags/xkcd-comics-dag.py
[2025-02-26T12:54:54.796+0000] {logging_mixin.py:151} INFO - [2025-02-26T12:54:54.796+0000] {dag.py:2915} INFO - Sync 1 DAGs
[2025-02-26T12:54:54.808+0000] {logging_mixin.py:151} INFO - [2025-02-26T12:54:54.808+0000] {dag.py:3696} INFO - Setting next_dagrun for xkcd_comic_fetcher to 2025-02-26T05:00:00+00:00, run_after=2025-02-28T05:00:00+00:00
[2025-02-26T12:54:54.823+0000] {processor.py:179} INFO - Processing /opt/airflow/dags/xkcd-comics-dag.py took 0.070 seconds
[2025-02-26T13:11:23.731+0000] {processor.py:157} INFO - Started process (PID=18399) to work on /opt/airflow/dags/xkcd-comics-dag.py
[2025-02-26T13:11:23.732+0000] {processor.py:829} INFO - Processing file /opt/airflow/dags/xkcd-comics-dag.py for tasks to queue
[2025-02-26T13:11:23.732+0000] {logging_mixin.py:151} INFO - [2025-02-26T13:11:23.732+0000] {dagbag.py:539} INFO - Filling up the DagBag from /opt/airflow/dags/xkcd-comics-dag.py
[2025-02-26T13:11:23.751+0000] {processor.py:839} INFO - DAG(s) dict_keys(['xkcd_comic_fetcher']) retrieved from /opt/airflow/dags/xkcd-comics-dag.py
[2025-02-26T13:11:23.778+0000] {logging_mixin.py:151} INFO - [2025-02-26T13:11:23.778+0000] {dag.py:2915} INFO - Sync 1 DAGs
[2025-02-26T13:11:23.795+0000] {logging_mixin.py:151} INFO - [2025-02-26T13:11:23.795+0000] {dag.py:3696} INFO - Setting next_dagrun for xkcd_comic_fetcher to 2025-02-26T05:00:00+00:00, run_after=2025-02-28T05:00:00+00:00
[2025-02-26T13:11:23.808+0000] {processor.py:179} INFO - Processing /opt/airflow/dags/xkcd-comics-dag.py took 0.079 seconds
[2025-02-26T13:11:54.142+0000] {processor.py:157} INFO - Started process (PID=18409) to work on /opt/airflow/dags/xkcd-comics-dag.py
[2025-02-26T13:11:54.143+0000] {processor.py:829} INFO - Processing file /opt/airflow/dags/xkcd-comics-dag.py for tasks to queue
[2025-02-26T13:11:54.144+0000] {logging_mixin.py:151} INFO - [2025-02-26T13:11:54.144+0000] {dagbag.py:539} INFO - Filling up the DagBag from /opt/airflow/dags/xkcd-comics-dag.py
[2025-02-26T13:11:54.167+0000] {processor.py:839} INFO - DAG(s) dict_keys(['xkcd_comic_fetcher']) retrieved from /opt/airflow/dags/xkcd-comics-dag.py
[2025-02-26T13:11:54.184+0000] {logging_mixin.py:151} INFO - [2025-02-26T13:11:54.184+0000] {dag.py:2915} INFO - Sync 1 DAGs
[2025-02-26T13:11:54.196+0000] {logging_mixin.py:151} INFO - [2025-02-26T13:11:54.196+0000] {dag.py:3696} INFO - Setting next_dagrun for xkcd_comic_fetcher to 2025-02-26T05:00:00+00:00, run_after=2025-02-28T05:00:00+00:00
[2025-02-26T13:11:54.206+0000] {processor.py:179} INFO - Processing /opt/airflow/dags/xkcd-comics-dag.py took 0.068 seconds
[2025-02-26T13:27:39.776+0000] {processor.py:157} INFO - Started process (PID=18419) to work on /opt/airflow/dags/xkcd-comics-dag.py
[2025-02-26T13:27:39.776+0000] {processor.py:829} INFO - Processing file /opt/airflow/dags/xkcd-comics-dag.py for tasks to queue
[2025-02-26T13:27:39.777+0000] {logging_mixin.py:151} INFO - [2025-02-26T13:27:39.777+0000] {dagbag.py:539} INFO - Filling up the DagBag from /opt/airflow/dags/xkcd-comics-dag.py
[2025-02-26T13:27:39.789+0000] {processor.py:839} INFO - DAG(s) dict_keys(['xkcd_comic_fetcher']) retrieved from /opt/airflow/dags/xkcd-comics-dag.py
[2025-02-26T13:27:39.808+0000] {logging_mixin.py:151} INFO - [2025-02-26T13:27:39.808+0000] {dag.py:2915} INFO - Sync 1 DAGs
[2025-02-26T13:27:39.819+0000] {logging_mixin.py:151} INFO - [2025-02-26T13:27:39.819+0000] {dag.py:3696} INFO - Setting next_dagrun for xkcd_comic_fetcher to 2025-02-26T05:00:00+00:00, run_after=2025-02-28T05:00:00+00:00
[2025-02-26T13:27:39.829+0000] {processor.py:179} INFO - Processing /opt/airflow/dags/xkcd-comics-dag.py took 0.056 seconds
[2025-02-26T13:28:10.273+0000] {processor.py:157} INFO - Started process (PID=18429) to work on /opt/airflow/dags/xkcd-comics-dag.py
[2025-02-26T13:28:10.274+0000] {processor.py:829} INFO - Processing file /opt/airflow/dags/xkcd-comics-dag.py for tasks to queue
[2025-02-26T13:28:10.275+0000] {logging_mixin.py:151} INFO - [2025-02-26T13:28:10.275+0000] {dagbag.py:539} INFO - Filling up the DagBag from /opt/airflow/dags/xkcd-comics-dag.py
[2025-02-26T13:28:10.287+0000] {processor.py:839} INFO - DAG(s) dict_keys(['xkcd_comic_fetcher']) retrieved from /opt/airflow/dags/xkcd-comics-dag.py
[2025-02-26T13:28:10.305+0000] {logging_mixin.py:151} INFO - [2025-02-26T13:28:10.304+0000] {dag.py:2915} INFO - Sync 1 DAGs
[2025-02-26T13:28:10.316+0000] {logging_mixin.py:151} INFO - [2025-02-26T13:28:10.316+0000] {dag.py:3696} INFO - Setting next_dagrun for xkcd_comic_fetcher to 2025-02-26T05:00:00+00:00, run_after=2025-02-28T05:00:00+00:00
[2025-02-26T13:28:10.326+0000] {processor.py:179} INFO - Processing /opt/airflow/dags/xkcd-comics-dag.py took 0.056 seconds
[2025-02-26T13:44:53.677+0000] {processor.py:157} INFO - Started process (PID=18440) to work on /opt/airflow/dags/xkcd-comics-dag.py
[2025-02-26T13:44:53.679+0000] {processor.py:829} INFO - Processing file /opt/airflow/dags/xkcd-comics-dag.py for tasks to queue
[2025-02-26T13:44:53.680+0000] {logging_mixin.py:151} INFO - [2025-02-26T13:44:53.680+0000] {dagbag.py:539} INFO - Filling up the DagBag from /opt/airflow/dags/xkcd-comics-dag.py
[2025-02-26T13:44:53.692+0000] {processor.py:839} INFO - DAG(s) dict_keys(['xkcd_comic_fetcher']) retrieved from /opt/airflow/dags/xkcd-comics-dag.py
[2025-02-26T13:44:53.707+0000] {logging_mixin.py:151} INFO - [2025-02-26T13:44:53.707+0000] {dag.py:2915} INFO - Sync 1 DAGs
[2025-02-26T13:44:53.719+0000] {logging_mixin.py:151} INFO - [2025-02-26T13:44:53.719+0000] {dag.py:3696} INFO - Setting next_dagrun for xkcd_comic_fetcher to 2025-02-26T05:00:00+00:00, run_after=2025-02-28T05:00:00+00:00
[2025-02-26T13:44:53.729+0000] {processor.py:179} INFO - Processing /opt/airflow/dags/xkcd-comics-dag.py took 0.054 seconds
[2025-02-26T13:45:24.005+0000] {processor.py:157} INFO - Started process (PID=18450) to work on /opt/airflow/dags/xkcd-comics-dag.py
[2025-02-26T13:45:24.007+0000] {processor.py:829} INFO - Processing file /opt/airflow/dags/xkcd-comics-dag.py for tasks to queue
[2025-02-26T13:45:24.008+0000] {logging_mixin.py:151} INFO - [2025-02-26T13:45:24.007+0000] {dagbag.py:539} INFO - Filling up the DagBag from /opt/airflow/dags/xkcd-comics-dag.py
[2025-02-26T13:45:24.031+0000] {processor.py:839} INFO - DAG(s) dict_keys(['xkcd_comic_fetcher']) retrieved from /opt/airflow/dags/xkcd-comics-dag.py
[2025-02-26T13:45:24.052+0000] {logging_mixin.py:151} INFO - [2025-02-26T13:45:24.052+0000] {dag.py:2915} INFO - Sync 1 DAGs
[2025-02-26T13:45:24.066+0000] {logging_mixin.py:151} INFO - [2025-02-26T13:45:24.066+0000] {dag.py:3696} INFO - Setting next_dagrun for xkcd_comic_fetcher to 2025-02-26T05:00:00+00:00, run_after=2025-02-28T05:00:00+00:00
[2025-02-26T13:45:24.077+0000] {processor.py:179} INFO - Processing /opt/airflow/dags/xkcd-comics-dag.py took 0.076 seconds
[2025-02-26T13:55:37.030+0000] {processor.py:157} INFO - Started process (PID=18460) to work on /opt/airflow/dags/xkcd-comics-dag.py
[2025-02-26T13:55:37.030+0000] {processor.py:829} INFO - Processing file /opt/airflow/dags/xkcd-comics-dag.py for tasks to queue
[2025-02-26T13:55:37.031+0000] {logging_mixin.py:151} INFO - [2025-02-26T13:55:37.031+0000] {dagbag.py:539} INFO - Filling up the DagBag from /opt/airflow/dags/xkcd-comics-dag.py
[2025-02-26T13:55:37.044+0000] {processor.py:839} INFO - DAG(s) dict_keys(['xkcd_comic_fetcher']) retrieved from /opt/airflow/dags/xkcd-comics-dag.py
[2025-02-26T13:55:37.062+0000] {logging_mixin.py:151} INFO - [2025-02-26T13:55:37.062+0000] {dag.py:2915} INFO - Sync 1 DAGs
[2025-02-26T13:55:37.074+0000] {logging_mixin.py:151} INFO - [2025-02-26T13:55:37.074+0000] {dag.py:3696} INFO - Setting next_dagrun for xkcd_comic_fetcher to 2025-02-26T05:00:00+00:00, run_after=2025-02-28T05:00:00+00:00
[2025-02-26T13:55:37.087+0000] {processor.py:179} INFO - Processing /opt/airflow/dags/xkcd-comics-dag.py took 0.060 seconds
[2025-02-26T13:56:07.460+0000] {processor.py:157} INFO - Started process (PID=18470) to work on /opt/airflow/dags/xkcd-comics-dag.py
[2025-02-26T13:56:07.462+0000] {processor.py:829} INFO - Processing file /opt/airflow/dags/xkcd-comics-dag.py for tasks to queue
[2025-02-26T13:56:07.464+0000] {logging_mixin.py:151} INFO - [2025-02-26T13:56:07.463+0000] {dagbag.py:539} INFO - Filling up the DagBag from /opt/airflow/dags/xkcd-comics-dag.py
[2025-02-26T13:56:07.479+0000] {processor.py:839} INFO - DAG(s) dict_keys(['xkcd_comic_fetcher']) retrieved from /opt/airflow/dags/xkcd-comics-dag.py
[2025-02-26T13:56:07.496+0000] {logging_mixin.py:151} INFO - [2025-02-26T13:56:07.496+0000] {dag.py:2915} INFO - Sync 1 DAGs
[2025-02-26T13:56:07.511+0000] {logging_mixin.py:151} INFO - [2025-02-26T13:56:07.511+0000] {dag.py:3696} INFO - Setting next_dagrun for xkcd_comic_fetcher to 2025-02-26T05:00:00+00:00, run_after=2025-02-28T05:00:00+00:00
[2025-02-26T13:56:07.522+0000] {processor.py:179} INFO - Processing /opt/airflow/dags/xkcd-comics-dag.py took 0.065 seconds
[2025-02-26T13:56:37.942+0000] {processor.py:157} INFO - Started process (PID=18480) to work on /opt/airflow/dags/xkcd-comics-dag.py
[2025-02-26T13:56:37.943+0000] {processor.py:829} INFO - Processing file /opt/airflow/dags/xkcd-comics-dag.py for tasks to queue
[2025-02-26T13:56:37.944+0000] {logging_mixin.py:151} INFO - [2025-02-26T13:56:37.944+0000] {dagbag.py:539} INFO - Filling up the DagBag from /opt/airflow/dags/xkcd-comics-dag.py
[2025-02-26T13:56:37.968+0000] {processor.py:839} INFO - DAG(s) dict_keys(['xkcd_comic_fetcher']) retrieved from /opt/airflow/dags/xkcd-comics-dag.py
[2025-02-26T13:56:37.985+0000] {logging_mixin.py:151} INFO - [2025-02-26T13:56:37.985+0000] {dag.py:2915} INFO - Sync 1 DAGs
[2025-02-26T13:56:37.998+0000] {logging_mixin.py:151} INFO - [2025-02-26T13:56:37.998+0000] {dag.py:3696} INFO - Setting next_dagrun for xkcd_comic_fetcher to 2025-02-26T05:00:00+00:00, run_after=2025-02-28T05:00:00+00:00
[2025-02-26T13:56:38.006+0000] {processor.py:179} INFO - Processing /opt/airflow/dags/xkcd-comics-dag.py took 0.068 seconds
[2025-02-26T14:14:38.502+0000] {processor.py:157} INFO - Started process (PID=18490) to work on /opt/airflow/dags/xkcd-comics-dag.py
[2025-02-26T14:14:38.503+0000] {processor.py:829} INFO - Processing file /opt/airflow/dags/xkcd-comics-dag.py for tasks to queue
[2025-02-26T14:14:38.504+0000] {logging_mixin.py:151} INFO - [2025-02-26T14:14:38.503+0000] {dagbag.py:539} INFO - Filling up the DagBag from /opt/airflow/dags/xkcd-comics-dag.py
[2025-02-26T14:14:38.520+0000] {processor.py:839} INFO - DAG(s) dict_keys(['xkcd_comic_fetcher']) retrieved from /opt/airflow/dags/xkcd-comics-dag.py
[2025-02-26T14:14:38.534+0000] {logging_mixin.py:151} INFO - [2025-02-26T14:14:38.534+0000] {dag.py:2915} INFO - Sync 1 DAGs
[2025-02-26T14:14:38.547+0000] {logging_mixin.py:151} INFO - [2025-02-26T14:14:38.547+0000] {dag.py:3696} INFO - Setting next_dagrun for xkcd_comic_fetcher to 2025-02-26T05:00:00+00:00, run_after=2025-02-28T05:00:00+00:00
[2025-02-26T14:14:38.557+0000] {processor.py:179} INFO - Processing /opt/airflow/dags/xkcd-comics-dag.py took 0.057 seconds
[2025-02-26T14:31:46.503+0000] {processor.py:157} INFO - Started process (PID=18500) to work on /opt/airflow/dags/xkcd-comics-dag.py
[2025-02-26T14:31:46.504+0000] {processor.py:829} INFO - Processing file /opt/airflow/dags/xkcd-comics-dag.py for tasks to queue
[2025-02-26T14:31:46.505+0000] {logging_mixin.py:151} INFO - [2025-02-26T14:31:46.505+0000] {dagbag.py:539} INFO - Filling up the DagBag from /opt/airflow/dags/xkcd-comics-dag.py
[2025-02-26T14:31:46.520+0000] {processor.py:839} INFO - DAG(s) dict_keys(['xkcd_comic_fetcher']) retrieved from /opt/airflow/dags/xkcd-comics-dag.py
[2025-02-26T14:31:46.538+0000] {logging_mixin.py:151} INFO - [2025-02-26T14:31:46.538+0000] {dag.py:2915} INFO - Sync 1 DAGs
[2025-02-26T14:31:46.551+0000] {logging_mixin.py:151} INFO - [2025-02-26T14:31:46.550+0000] {dag.py:3696} INFO - Setting next_dagrun for xkcd_comic_fetcher to 2025-02-26T05:00:00+00:00, run_after=2025-02-28T05:00:00+00:00
[2025-02-26T14:31:46.561+0000] {processor.py:179} INFO - Processing /opt/airflow/dags/xkcd-comics-dag.py took 0.061 seconds
[2025-02-26T14:32:16.915+0000] {processor.py:157} INFO - Started process (PID=18510) to work on /opt/airflow/dags/xkcd-comics-dag.py
[2025-02-26T14:32:16.916+0000] {processor.py:829} INFO - Processing file /opt/airflow/dags/xkcd-comics-dag.py for tasks to queue
[2025-02-26T14:32:16.917+0000] {logging_mixin.py:151} INFO - [2025-02-26T14:32:16.917+0000] {dagbag.py:539} INFO - Filling up the DagBag from /opt/airflow/dags/xkcd-comics-dag.py
[2025-02-26T14:32:16.933+0000] {processor.py:839} INFO - DAG(s) dict_keys(['xkcd_comic_fetcher']) retrieved from /opt/airflow/dags/xkcd-comics-dag.py
[2025-02-26T14:32:16.953+0000] {logging_mixin.py:151} INFO - [2025-02-26T14:32:16.953+0000] {dag.py:2915} INFO - Sync 1 DAGs
[2025-02-26T14:32:16.963+0000] {logging_mixin.py:151} INFO - [2025-02-26T14:32:16.963+0000] {dag.py:3696} INFO - Setting next_dagrun for xkcd_comic_fetcher to 2025-02-26T05:00:00+00:00, run_after=2025-02-28T05:00:00+00:00
[2025-02-26T14:32:16.974+0000] {processor.py:179} INFO - Processing /opt/airflow/dags/xkcd-comics-dag.py took 0.064 seconds
[2025-02-26T14:49:22.520+0000] {processor.py:157} INFO - Started process (PID=18522) to work on /opt/airflow/dags/xkcd-comics-dag.py
[2025-02-26T14:49:22.521+0000] {processor.py:829} INFO - Processing file /opt/airflow/dags/xkcd-comics-dag.py for tasks to queue
[2025-02-26T14:49:22.522+0000] {logging_mixin.py:151} INFO - [2025-02-26T14:49:22.522+0000] {dagbag.py:539} INFO - Filling up the DagBag from /opt/airflow/dags/xkcd-comics-dag.py
[2025-02-26T14:49:22.536+0000] {processor.py:839} INFO - DAG(s) dict_keys(['xkcd_comic_fetcher']) retrieved from /opt/airflow/dags/xkcd-comics-dag.py
[2025-02-26T14:49:22.553+0000] {logging_mixin.py:151} INFO - [2025-02-26T14:49:22.553+0000] {dag.py:2915} INFO - Sync 1 DAGs
[2025-02-26T14:49:22.568+0000] {logging_mixin.py:151} INFO - [2025-02-26T14:49:22.568+0000] {dag.py:3696} INFO - Setting next_dagrun for xkcd_comic_fetcher to 2025-02-26T05:00:00+00:00, run_after=2025-02-28T05:00:00+00:00
[2025-02-26T14:49:22.587+0000] {processor.py:179} INFO - Processing /opt/airflow/dags/xkcd-comics-dag.py took 0.070 seconds
[2025-02-26T14:49:52.952+0000] {processor.py:157} INFO - Started process (PID=18532) to work on /opt/airflow/dags/xkcd-comics-dag.py
[2025-02-26T14:49:52.953+0000] {processor.py:829} INFO - Processing file /opt/airflow/dags/xkcd-comics-dag.py for tasks to queue
[2025-02-26T14:49:52.953+0000] {logging_mixin.py:151} INFO - [2025-02-26T14:49:52.953+0000] {dagbag.py:539} INFO - Filling up the DagBag from /opt/airflow/dags/xkcd-comics-dag.py
[2025-02-26T14:49:52.975+0000] {processor.py:839} INFO - DAG(s) dict_keys(['xkcd_comic_fetcher']) retrieved from /opt/airflow/dags/xkcd-comics-dag.py
[2025-02-26T14:49:52.991+0000] {logging_mixin.py:151} INFO - [2025-02-26T14:49:52.991+0000] {dag.py:2915} INFO - Sync 1 DAGs
[2025-02-26T14:49:53.002+0000] {logging_mixin.py:151} INFO - [2025-02-26T14:49:53.002+0000] {dag.py:3696} INFO - Setting next_dagrun for xkcd_comic_fetcher to 2025-02-26T05:00:00+00:00, run_after=2025-02-28T05:00:00+00:00
[2025-02-26T14:49:53.013+0000] {processor.py:179} INFO - Processing /opt/airflow/dags/xkcd-comics-dag.py took 0.066 seconds
[2025-02-26T14:50:23.355+0000] {processor.py:157} INFO - Started process (PID=18542) to work on /opt/airflow/dags/xkcd-comics-dag.py
[2025-02-26T14:50:23.356+0000] {processor.py:829} INFO - Processing file /opt/airflow/dags/xkcd-comics-dag.py for tasks to queue
[2025-02-26T14:50:23.357+0000] {logging_mixin.py:151} INFO - [2025-02-26T14:50:23.357+0000] {dagbag.py:539} INFO - Filling up the DagBag from /opt/airflow/dags/xkcd-comics-dag.py
[2025-02-26T14:50:23.376+0000] {processor.py:839} INFO - DAG(s) dict_keys(['xkcd_comic_fetcher']) retrieved from /opt/airflow/dags/xkcd-comics-dag.py
[2025-02-26T14:50:23.395+0000] {logging_mixin.py:151} INFO - [2025-02-26T14:50:23.395+0000] {dag.py:2915} INFO - Sync 1 DAGs
[2025-02-26T14:50:23.408+0000] {logging_mixin.py:151} INFO - [2025-02-26T14:50:23.408+0000] {dag.py:3696} INFO - Setting next_dagrun for xkcd_comic_fetcher to 2025-02-26T05:00:00+00:00, run_after=2025-02-28T05:00:00+00:00
[2025-02-26T14:50:23.420+0000] {processor.py:179} INFO - Processing /opt/airflow/dags/xkcd-comics-dag.py took 0.069 seconds
[2025-02-26T14:56:47.769+0000] {processor.py:157} INFO - Started process (PID=18552) to work on /opt/airflow/dags/xkcd-comics-dag.py
[2025-02-26T14:56:47.770+0000] {processor.py:829} INFO - Processing file /opt/airflow/dags/xkcd-comics-dag.py for tasks to queue
[2025-02-26T14:56:47.770+0000] {logging_mixin.py:151} INFO - [2025-02-26T14:56:47.770+0000] {dagbag.py:539} INFO - Filling up the DagBag from /opt/airflow/dags/xkcd-comics-dag.py
[2025-02-26T14:56:47.788+0000] {processor.py:839} INFO - DAG(s) dict_keys(['xkcd_comic_fetcher']) retrieved from /opt/airflow/dags/xkcd-comics-dag.py
[2025-02-26T14:56:47.807+0000] {logging_mixin.py:151} INFO - [2025-02-26T14:56:47.807+0000] {dag.py:2915} INFO - Sync 1 DAGs
[2025-02-26T14:56:47.821+0000] {logging_mixin.py:151} INFO - [2025-02-26T14:56:47.821+0000] {dag.py:3696} INFO - Setting next_dagrun for xkcd_comic_fetcher to 2025-02-26T05:00:00+00:00, run_after=2025-02-28T05:00:00+00:00
[2025-02-26T14:56:47.832+0000] {processor.py:179} INFO - Processing /opt/airflow/dags/xkcd-comics-dag.py took 0.066 seconds
[2025-02-26T14:57:18.268+0000] {processor.py:157} INFO - Started process (PID=18562) to work on /opt/airflow/dags/xkcd-comics-dag.py
[2025-02-26T14:57:18.269+0000] {processor.py:829} INFO - Processing file /opt/airflow/dags/xkcd-comics-dag.py for tasks to queue
[2025-02-26T14:57:18.271+0000] {logging_mixin.py:151} INFO - [2025-02-26T14:57:18.270+0000] {dagbag.py:539} INFO - Filling up the DagBag from /opt/airflow/dags/xkcd-comics-dag.py
[2025-02-26T14:57:18.288+0000] {processor.py:839} INFO - DAG(s) dict_keys(['xkcd_comic_fetcher']) retrieved from /opt/airflow/dags/xkcd-comics-dag.py
[2025-02-26T14:57:18.306+0000] {logging_mixin.py:151} INFO - [2025-02-26T14:57:18.306+0000] {dag.py:2915} INFO - Sync 1 DAGs
[2025-02-26T14:57:18.318+0000] {logging_mixin.py:151} INFO - [2025-02-26T14:57:18.317+0000] {dag.py:3696} INFO - Setting next_dagrun for xkcd_comic_fetcher to 2025-02-26T05:00:00+00:00, run_after=2025-02-28T05:00:00+00:00
[2025-02-26T14:57:18.331+0000] {processor.py:179} INFO - Processing /opt/airflow/dags/xkcd-comics-dag.py took 0.066 seconds
[2025-02-26T15:15:44.978+0000] {processor.py:157} INFO - Started process (PID=18572) to work on /opt/airflow/dags/xkcd-comics-dag.py
[2025-02-26T15:15:44.979+0000] {processor.py:829} INFO - Processing file /opt/airflow/dags/xkcd-comics-dag.py for tasks to queue
[2025-02-26T15:15:44.980+0000] {logging_mixin.py:151} INFO - [2025-02-26T15:15:44.980+0000] {dagbag.py:539} INFO - Filling up the DagBag from /opt/airflow/dags/xkcd-comics-dag.py
[2025-02-26T15:15:44.994+0000] {processor.py:839} INFO - DAG(s) dict_keys(['xkcd_comic_fetcher']) retrieved from /opt/airflow/dags/xkcd-comics-dag.py
[2025-02-26T15:15:45.021+0000] {logging_mixin.py:151} INFO - [2025-02-26T15:15:45.021+0000] {dag.py:2915} INFO - Sync 1 DAGs
[2025-02-26T15:15:45.037+0000] {logging_mixin.py:151} INFO - [2025-02-26T15:15:45.037+0000] {dag.py:3696} INFO - Setting next_dagrun for xkcd_comic_fetcher to 2025-02-26T05:00:00+00:00, run_after=2025-02-28T05:00:00+00:00
[2025-02-26T15:15:45.049+0000] {processor.py:179} INFO - Processing /opt/airflow/dags/xkcd-comics-dag.py took 0.074 seconds
[2025-02-26T15:16:15.428+0000] {processor.py:157} INFO - Started process (PID=18582) to work on /opt/airflow/dags/xkcd-comics-dag.py
[2025-02-26T15:16:15.429+0000] {processor.py:829} INFO - Processing file /opt/airflow/dags/xkcd-comics-dag.py for tasks to queue
[2025-02-26T15:16:15.429+0000] {logging_mixin.py:151} INFO - [2025-02-26T15:16:15.429+0000] {dagbag.py:539} INFO - Filling up the DagBag from /opt/airflow/dags/xkcd-comics-dag.py
[2025-02-26T15:16:15.447+0000] {processor.py:839} INFO - DAG(s) dict_keys(['xkcd_comic_fetcher']) retrieved from /opt/airflow/dags/xkcd-comics-dag.py
[2025-02-26T15:16:15.464+0000] {logging_mixin.py:151} INFO - [2025-02-26T15:16:15.464+0000] {dag.py:2915} INFO - Sync 1 DAGs
[2025-02-26T15:16:15.474+0000] {logging_mixin.py:151} INFO - [2025-02-26T15:16:15.474+0000] {dag.py:3696} INFO - Setting next_dagrun for xkcd_comic_fetcher to 2025-02-26T05:00:00+00:00, run_after=2025-02-28T05:00:00+00:00
[2025-02-26T15:16:15.484+0000] {processor.py:179} INFO - Processing /opt/airflow/dags/xkcd-comics-dag.py took 0.058 seconds
[2025-02-26T15:32:37.287+0000] {processor.py:157} INFO - Started process (PID=18592) to work on /opt/airflow/dags/xkcd-comics-dag.py
[2025-02-26T15:32:37.289+0000] {processor.py:829} INFO - Processing file /opt/airflow/dags/xkcd-comics-dag.py for tasks to queue
[2025-02-26T15:32:37.290+0000] {logging_mixin.py:151} INFO - [2025-02-26T15:32:37.290+0000] {dagbag.py:539} INFO - Filling up the DagBag from /opt/airflow/dags/xkcd-comics-dag.py
[2025-02-26T15:32:37.305+0000] {processor.py:839} INFO - DAG(s) dict_keys(['xkcd_comic_fetcher']) retrieved from /opt/airflow/dags/xkcd-comics-dag.py
[2025-02-26T15:32:37.322+0000] {logging_mixin.py:151} INFO - [2025-02-26T15:32:37.322+0000] {dag.py:2915} INFO - Sync 1 DAGs
[2025-02-26T15:32:37.334+0000] {logging_mixin.py:151} INFO - [2025-02-26T15:32:37.334+0000] {dag.py:3696} INFO - Setting next_dagrun for xkcd_comic_fetcher to 2025-02-26T05:00:00+00:00, run_after=2025-02-28T05:00:00+00:00
[2025-02-26T15:32:37.345+0000] {processor.py:179} INFO - Processing /opt/airflow/dags/xkcd-comics-dag.py took 0.062 seconds
[2025-02-26T15:33:07.774+0000] {processor.py:157} INFO - Started process (PID=18602) to work on /opt/airflow/dags/xkcd-comics-dag.py
[2025-02-26T15:33:07.775+0000] {processor.py:829} INFO - Processing file /opt/airflow/dags/xkcd-comics-dag.py for tasks to queue
[2025-02-26T15:33:07.776+0000] {logging_mixin.py:151} INFO - [2025-02-26T15:33:07.776+0000] {dagbag.py:539} INFO - Filling up the DagBag from /opt/airflow/dags/xkcd-comics-dag.py
[2025-02-26T15:33:07.792+0000] {processor.py:839} INFO - DAG(s) dict_keys(['xkcd_comic_fetcher']) retrieved from /opt/airflow/dags/xkcd-comics-dag.py
[2025-02-26T15:33:07.808+0000] {logging_mixin.py:151} INFO - [2025-02-26T15:33:07.808+0000] {dag.py:2915} INFO - Sync 1 DAGs
[2025-02-26T15:33:07.821+0000] {logging_mixin.py:151} INFO - [2025-02-26T15:33:07.821+0000] {dag.py:3696} INFO - Setting next_dagrun for xkcd_comic_fetcher to 2025-02-26T05:00:00+00:00, run_after=2025-02-28T05:00:00+00:00
[2025-02-26T15:33:07.833+0000] {processor.py:179} INFO - Processing /opt/airflow/dags/xkcd-comics-dag.py took 0.063 seconds
[2025-02-26T15:48:57.460+0000] {processor.py:157} INFO - Started process (PID=18614) to work on /opt/airflow/dags/xkcd-comics-dag.py
[2025-02-26T15:48:57.461+0000] {processor.py:829} INFO - Processing file /opt/airflow/dags/xkcd-comics-dag.py for tasks to queue
[2025-02-26T15:48:57.461+0000] {logging_mixin.py:151} INFO - [2025-02-26T15:48:57.461+0000] {dagbag.py:539} INFO - Filling up the DagBag from /opt/airflow/dags/xkcd-comics-dag.py
[2025-02-26T15:48:57.480+0000] {processor.py:839} INFO - DAG(s) dict_keys(['xkcd_comic_fetcher']) retrieved from /opt/airflow/dags/xkcd-comics-dag.py
[2025-02-26T15:48:57.500+0000] {logging_mixin.py:151} INFO - [2025-02-26T15:48:57.500+0000] {dag.py:2915} INFO - Sync 1 DAGs
[2025-02-26T15:48:57.512+0000] {logging_mixin.py:151} INFO - [2025-02-26T15:48:57.512+0000] {dag.py:3696} INFO - Setting next_dagrun for xkcd_comic_fetcher to 2025-02-26T05:00:00+00:00, run_after=2025-02-28T05:00:00+00:00
[2025-02-26T15:48:57.522+0000] {processor.py:179} INFO - Processing /opt/airflow/dags/xkcd-comics-dag.py took 0.067 seconds
[2025-02-26T15:49:27.850+0000] {processor.py:157} INFO - Started process (PID=18624) to work on /opt/airflow/dags/xkcd-comics-dag.py
[2025-02-26T15:49:27.851+0000] {processor.py:829} INFO - Processing file /opt/airflow/dags/xkcd-comics-dag.py for tasks to queue
[2025-02-26T15:49:27.851+0000] {logging_mixin.py:151} INFO - [2025-02-26T15:49:27.851+0000] {dagbag.py:539} INFO - Filling up the DagBag from /opt/airflow/dags/xkcd-comics-dag.py
[2025-02-26T15:49:27.872+0000] {processor.py:839} INFO - DAG(s) dict_keys(['xkcd_comic_fetcher']) retrieved from /opt/airflow/dags/xkcd-comics-dag.py
[2025-02-26T15:49:27.890+0000] {logging_mixin.py:151} INFO - [2025-02-26T15:49:27.890+0000] {dag.py:2915} INFO - Sync 1 DAGs
[2025-02-26T15:49:27.900+0000] {logging_mixin.py:151} INFO - [2025-02-26T15:49:27.900+0000] {dag.py:3696} INFO - Setting next_dagrun for xkcd_comic_fetcher to 2025-02-26T05:00:00+00:00, run_after=2025-02-28T05:00:00+00:00
[2025-02-26T15:49:27.909+0000] {processor.py:179} INFO - Processing /opt/airflow/dags/xkcd-comics-dag.py took 0.062 seconds
[2025-02-26T15:49:58.242+0000] {processor.py:157} INFO - Started process (PID=18634) to work on /opt/airflow/dags/xkcd-comics-dag.py
[2025-02-26T15:49:58.243+0000] {processor.py:829} INFO - Processing file /opt/airflow/dags/xkcd-comics-dag.py for tasks to queue
[2025-02-26T15:49:58.243+0000] {logging_mixin.py:151} INFO - [2025-02-26T15:49:58.243+0000] {dagbag.py:539} INFO - Filling up the DagBag from /opt/airflow/dags/xkcd-comics-dag.py
[2025-02-26T15:49:58.270+0000] {processor.py:839} INFO - DAG(s) dict_keys(['xkcd_comic_fetcher']) retrieved from /opt/airflow/dags/xkcd-comics-dag.py
[2025-02-26T15:49:58.289+0000] {logging_mixin.py:151} INFO - [2025-02-26T15:49:58.288+0000] {dag.py:2915} INFO - Sync 1 DAGs
[2025-02-26T15:49:58.302+0000] {logging_mixin.py:151} INFO - [2025-02-26T15:49:58.302+0000] {dag.py:3696} INFO - Setting next_dagrun for xkcd_comic_fetcher to 2025-02-26T05:00:00+00:00, run_after=2025-02-28T05:00:00+00:00
[2025-02-26T15:49:58.313+0000] {processor.py:179} INFO - Processing /opt/airflow/dags/xkcd-comics-dag.py took 0.075 seconds
[2025-02-26T15:57:48.404+0000] {processor.py:157} INFO - Started process (PID=18644) to work on /opt/airflow/dags/xkcd-comics-dag.py
[2025-02-26T15:57:48.406+0000] {processor.py:829} INFO - Processing file /opt/airflow/dags/xkcd-comics-dag.py for tasks to queue
[2025-02-26T15:57:48.406+0000] {logging_mixin.py:151} INFO - [2025-02-26T15:57:48.406+0000] {dagbag.py:539} INFO - Filling up the DagBag from /opt/airflow/dags/xkcd-comics-dag.py
[2025-02-26T15:57:48.425+0000] {processor.py:839} INFO - DAG(s) dict_keys(['xkcd_comic_fetcher']) retrieved from /opt/airflow/dags/xkcd-comics-dag.py
[2025-02-26T15:57:48.444+0000] {logging_mixin.py:151} INFO - [2025-02-26T15:57:48.444+0000] {dag.py:2915} INFO - Sync 1 DAGs
[2025-02-26T15:57:48.455+0000] {logging_mixin.py:151} INFO - [2025-02-26T15:57:48.455+0000] {dag.py:3696} INFO - Setting next_dagrun for xkcd_comic_fetcher to 2025-02-26T05:00:00+00:00, run_after=2025-02-28T05:00:00+00:00
[2025-02-26T15:57:48.468+0000] {processor.py:179} INFO - Processing /opt/airflow/dags/xkcd-comics-dag.py took 0.069 seconds
[2025-02-26T16:13:44.479+0000] {processor.py:157} INFO - Started process (PID=18656) to work on /opt/airflow/dags/xkcd-comics-dag.py
[2025-02-26T16:13:44.479+0000] {processor.py:829} INFO - Processing file /opt/airflow/dags/xkcd-comics-dag.py for tasks to queue
[2025-02-26T16:13:44.480+0000] {logging_mixin.py:151} INFO - [2025-02-26T16:13:44.480+0000] {dagbag.py:539} INFO - Filling up the DagBag from /opt/airflow/dags/xkcd-comics-dag.py
[2025-02-26T16:13:44.493+0000] {processor.py:839} INFO - DAG(s) dict_keys(['xkcd_comic_fetcher']) retrieved from /opt/airflow/dags/xkcd-comics-dag.py
[2025-02-26T16:13:44.511+0000] {logging_mixin.py:151} INFO - [2025-02-26T16:13:44.511+0000] {dag.py:2915} INFO - Sync 1 DAGs
[2025-02-26T16:13:44.527+0000] {logging_mixin.py:151} INFO - [2025-02-26T16:13:44.527+0000] {dag.py:3696} INFO - Setting next_dagrun for xkcd_comic_fetcher to 2025-02-26T05:00:00+00:00, run_after=2025-02-28T05:00:00+00:00
[2025-02-26T16:13:44.538+0000] {processor.py:179} INFO - Processing /opt/airflow/dags/xkcd-comics-dag.py took 0.062 seconds
[2025-02-26T16:14:14.915+0000] {processor.py:157} INFO - Started process (PID=18666) to work on /opt/airflow/dags/xkcd-comics-dag.py
[2025-02-26T16:14:14.917+0000] {processor.py:829} INFO - Processing file /opt/airflow/dags/xkcd-comics-dag.py for tasks to queue
[2025-02-26T16:14:14.918+0000] {logging_mixin.py:151} INFO - [2025-02-26T16:14:14.917+0000] {dagbag.py:539} INFO - Filling up the DagBag from /opt/airflow/dags/xkcd-comics-dag.py
[2025-02-26T16:14:14.942+0000] {processor.py:839} INFO - DAG(s) dict_keys(['xkcd_comic_fetcher']) retrieved from /opt/airflow/dags/xkcd-comics-dag.py
[2025-02-26T16:14:14.964+0000] {logging_mixin.py:151} INFO - [2025-02-26T16:14:14.963+0000] {dag.py:2915} INFO - Sync 1 DAGs
[2025-02-26T16:14:14.978+0000] {logging_mixin.py:151} INFO - [2025-02-26T16:14:14.978+0000] {dag.py:3696} INFO - Setting next_dagrun for xkcd_comic_fetcher to 2025-02-26T05:00:00+00:00, run_after=2025-02-28T05:00:00+00:00
[2025-02-26T16:14:14.988+0000] {processor.py:179} INFO - Processing /opt/airflow/dags/xkcd-comics-dag.py took 0.077 seconds
[2025-02-26T16:32:21.476+0000] {processor.py:157} INFO - Started process (PID=18676) to work on /opt/airflow/dags/xkcd-comics-dag.py
[2025-02-26T16:32:21.477+0000] {processor.py:829} INFO - Processing file /opt/airflow/dags/xkcd-comics-dag.py for tasks to queue
[2025-02-26T16:32:21.478+0000] {logging_mixin.py:151} INFO - [2025-02-26T16:32:21.478+0000] {dagbag.py:539} INFO - Filling up the DagBag from /opt/airflow/dags/xkcd-comics-dag.py
[2025-02-26T16:32:21.490+0000] {processor.py:839} INFO - DAG(s) dict_keys(['xkcd_comic_fetcher']) retrieved from /opt/airflow/dags/xkcd-comics-dag.py
[2025-02-26T16:32:21.510+0000] {logging_mixin.py:151} INFO - [2025-02-26T16:32:21.510+0000] {dag.py:2915} INFO - Sync 1 DAGs
[2025-02-26T16:32:21.523+0000] {logging_mixin.py:151} INFO - [2025-02-26T16:32:21.522+0000] {dag.py:3696} INFO - Setting next_dagrun for xkcd_comic_fetcher to 2025-02-26T05:00:00+00:00, run_after=2025-02-28T05:00:00+00:00
[2025-02-26T16:32:21.533+0000] {processor.py:179} INFO - Processing /opt/airflow/dags/xkcd-comics-dag.py took 0.061 seconds
[2025-02-26T16:32:51.914+0000] {processor.py:157} INFO - Started process (PID=18686) to work on /opt/airflow/dags/xkcd-comics-dag.py
[2025-02-26T16:32:51.915+0000] {processor.py:829} INFO - Processing file /opt/airflow/dags/xkcd-comics-dag.py for tasks to queue
[2025-02-26T16:32:51.916+0000] {logging_mixin.py:151} INFO - [2025-02-26T16:32:51.916+0000] {dagbag.py:539} INFO - Filling up the DagBag from /opt/airflow/dags/xkcd-comics-dag.py
[2025-02-26T16:32:51.934+0000] {processor.py:839} INFO - DAG(s) dict_keys(['xkcd_comic_fetcher']) retrieved from /opt/airflow/dags/xkcd-comics-dag.py
[2025-02-26T16:32:51.952+0000] {logging_mixin.py:151} INFO - [2025-02-26T16:32:51.952+0000] {dag.py:2915} INFO - Sync 1 DAGs
[2025-02-26T16:32:51.966+0000] {logging_mixin.py:151} INFO - [2025-02-26T16:32:51.966+0000] {dag.py:3696} INFO - Setting next_dagrun for xkcd_comic_fetcher to 2025-02-26T05:00:00+00:00, run_after=2025-02-28T05:00:00+00:00
[2025-02-26T16:32:51.978+0000] {processor.py:179} INFO - Processing /opt/airflow/dags/xkcd-comics-dag.py took 0.068 seconds
[2025-02-26T16:33:22.303+0000] {processor.py:157} INFO - Started process (PID=18696) to work on /opt/airflow/dags/xkcd-comics-dag.py
[2025-02-26T16:33:22.305+0000] {processor.py:829} INFO - Processing file /opt/airflow/dags/xkcd-comics-dag.py for tasks to queue
[2025-02-26T16:33:22.305+0000] {logging_mixin.py:151} INFO - [2025-02-26T16:33:22.305+0000] {dagbag.py:539} INFO - Filling up the DagBag from /opt/airflow/dags/xkcd-comics-dag.py
[2025-02-26T16:33:22.327+0000] {processor.py:839} INFO - DAG(s) dict_keys(['xkcd_comic_fetcher']) retrieved from /opt/airflow/dags/xkcd-comics-dag.py
[2025-02-26T16:33:22.349+0000] {logging_mixin.py:151} INFO - [2025-02-26T16:33:22.348+0000] {dag.py:2915} INFO - Sync 1 DAGs
[2025-02-26T16:33:22.362+0000] {logging_mixin.py:151} INFO - [2025-02-26T16:33:22.362+0000] {dag.py:3696} INFO - Setting next_dagrun for xkcd_comic_fetcher to 2025-02-26T05:00:00+00:00, run_after=2025-02-28T05:00:00+00:00
[2025-02-26T16:33:22.374+0000] {processor.py:179} INFO - Processing /opt/airflow/dags/xkcd-comics-dag.py took 0.075 seconds
[2025-02-26T16:49:16.342+0000] {processor.py:157} INFO - Started process (PID=18708) to work on /opt/airflow/dags/xkcd-comics-dag.py
[2025-02-26T16:49:16.343+0000] {processor.py:829} INFO - Processing file /opt/airflow/dags/xkcd-comics-dag.py for tasks to queue
[2025-02-26T16:49:16.344+0000] {logging_mixin.py:151} INFO - [2025-02-26T16:49:16.343+0000] {dagbag.py:539} INFO - Filling up the DagBag from /opt/airflow/dags/xkcd-comics-dag.py
[2025-02-26T16:49:16.358+0000] {processor.py:839} INFO - DAG(s) dict_keys(['xkcd_comic_fetcher']) retrieved from /opt/airflow/dags/xkcd-comics-dag.py
[2025-02-26T16:49:16.378+0000] {logging_mixin.py:151} INFO - [2025-02-26T16:49:16.378+0000] {dag.py:2915} INFO - Sync 1 DAGs
[2025-02-26T16:49:16.391+0000] {logging_mixin.py:151} INFO - [2025-02-26T16:49:16.391+0000] {dag.py:3696} INFO - Setting next_dagrun for xkcd_comic_fetcher to 2025-02-26T05:00:00+00:00, run_after=2025-02-28T05:00:00+00:00
[2025-02-26T16:49:16.402+0000] {processor.py:179} INFO - Processing /opt/airflow/dags/xkcd-comics-dag.py took 0.062 seconds
[2025-02-26T16:58:22.269+0000] {processor.py:157} INFO - Started process (PID=18718) to work on /opt/airflow/dags/xkcd-comics-dag.py
[2025-02-26T16:58:22.269+0000] {processor.py:829} INFO - Processing file /opt/airflow/dags/xkcd-comics-dag.py for tasks to queue
[2025-02-26T16:58:22.270+0000] {logging_mixin.py:151} INFO - [2025-02-26T16:58:22.270+0000] {dagbag.py:539} INFO - Filling up the DagBag from /opt/airflow/dags/xkcd-comics-dag.py
[2025-02-26T16:58:22.288+0000] {processor.py:839} INFO - DAG(s) dict_keys(['xkcd_comic_fetcher']) retrieved from /opt/airflow/dags/xkcd-comics-dag.py
[2025-02-26T16:58:22.307+0000] {logging_mixin.py:151} INFO - [2025-02-26T16:58:22.307+0000] {dag.py:2915} INFO - Sync 1 DAGs
[2025-02-26T16:58:22.319+0000] {logging_mixin.py:151} INFO - [2025-02-26T16:58:22.319+0000] {dag.py:3696} INFO - Setting next_dagrun for xkcd_comic_fetcher to 2025-02-26T05:00:00+00:00, run_after=2025-02-28T05:00:00+00:00
[2025-02-26T16:58:22.330+0000] {processor.py:179} INFO - Processing /opt/airflow/dags/xkcd-comics-dag.py took 0.064 seconds
[2025-02-26T16:58:52.680+0000] {processor.py:157} INFO - Started process (PID=18728) to work on /opt/airflow/dags/xkcd-comics-dag.py
[2025-02-26T16:58:52.681+0000] {processor.py:829} INFO - Processing file /opt/airflow/dags/xkcd-comics-dag.py for tasks to queue
[2025-02-26T16:58:52.681+0000] {logging_mixin.py:151} INFO - [2025-02-26T16:58:52.681+0000] {dagbag.py:539} INFO - Filling up the DagBag from /opt/airflow/dags/xkcd-comics-dag.py
[2025-02-26T16:58:52.703+0000] {processor.py:839} INFO - DAG(s) dict_keys(['xkcd_comic_fetcher']) retrieved from /opt/airflow/dags/xkcd-comics-dag.py
[2025-02-26T16:58:52.721+0000] {logging_mixin.py:151} INFO - [2025-02-26T16:58:52.721+0000] {dag.py:2915} INFO - Sync 1 DAGs
[2025-02-26T16:58:52.733+0000] {logging_mixin.py:151} INFO - [2025-02-26T16:58:52.732+0000] {dag.py:3696} INFO - Setting next_dagrun for xkcd_comic_fetcher to 2025-02-26T05:00:00+00:00, run_after=2025-02-28T05:00:00+00:00
[2025-02-26T16:58:52.746+0000] {processor.py:179} INFO - Processing /opt/airflow/dags/xkcd-comics-dag.py took 0.069 seconds
[2025-02-26T17:15:19.967+0000] {processor.py:157} INFO - Started process (PID=18740) to work on /opt/airflow/dags/xkcd-comics-dag.py
[2025-02-26T17:15:19.968+0000] {processor.py:829} INFO - Processing file /opt/airflow/dags/xkcd-comics-dag.py for tasks to queue
[2025-02-26T17:15:19.969+0000] {logging_mixin.py:151} INFO - [2025-02-26T17:15:19.968+0000] {dagbag.py:539} INFO - Filling up the DagBag from /opt/airflow/dags/xkcd-comics-dag.py
[2025-02-26T17:15:19.983+0000] {processor.py:839} INFO - DAG(s) dict_keys(['xkcd_comic_fetcher']) retrieved from /opt/airflow/dags/xkcd-comics-dag.py
[2025-02-26T17:15:20.006+0000] {logging_mixin.py:151} INFO - [2025-02-26T17:15:20.006+0000] {dag.py:2915} INFO - Sync 1 DAGs
[2025-02-26T17:15:20.020+0000] {logging_mixin.py:151} INFO - [2025-02-26T17:15:20.020+0000] {dag.py:3696} INFO - Setting next_dagrun for xkcd_comic_fetcher to 2025-02-26T05:00:00+00:00, run_after=2025-02-28T05:00:00+00:00
[2025-02-26T17:15:20.034+0000] {processor.py:179} INFO - Processing /opt/airflow/dags/xkcd-comics-dag.py took 0.069 seconds
[2025-02-26T17:31:23.945+0000] {processor.py:157} INFO - Started process (PID=18750) to work on /opt/airflow/dags/xkcd-comics-dag.py
[2025-02-26T17:31:23.946+0000] {processor.py:829} INFO - Processing file /opt/airflow/dags/xkcd-comics-dag.py for tasks to queue
[2025-02-26T17:31:23.946+0000] {logging_mixin.py:151} INFO - [2025-02-26T17:31:23.946+0000] {dagbag.py:539} INFO - Filling up the DagBag from /opt/airflow/dags/xkcd-comics-dag.py
[2025-02-26T17:31:23.957+0000] {processor.py:839} INFO - DAG(s) dict_keys(['xkcd_comic_fetcher']) retrieved from /opt/airflow/dags/xkcd-comics-dag.py
[2025-02-26T17:31:23.971+0000] {logging_mixin.py:151} INFO - [2025-02-26T17:31:23.971+0000] {dag.py:2915} INFO - Sync 1 DAGs
[2025-02-26T17:31:23.986+0000] {logging_mixin.py:151} INFO - [2025-02-26T17:31:23.985+0000] {dag.py:3696} INFO - Setting next_dagrun for xkcd_comic_fetcher to 2025-02-26T05:00:00+00:00, run_after=2025-02-28T05:00:00+00:00
[2025-02-26T17:31:23.996+0000] {processor.py:179} INFO - Processing /opt/airflow/dags/xkcd-comics-dag.py took 0.053 seconds
[2025-02-26T17:31:54.352+0000] {processor.py:157} INFO - Started process (PID=18760) to work on /opt/airflow/dags/xkcd-comics-dag.py
[2025-02-26T17:31:54.352+0000] {processor.py:829} INFO - Processing file /opt/airflow/dags/xkcd-comics-dag.py for tasks to queue
[2025-02-26T17:31:54.353+0000] {logging_mixin.py:151} INFO - [2025-02-26T17:31:54.353+0000] {dagbag.py:539} INFO - Filling up the DagBag from /opt/airflow/dags/xkcd-comics-dag.py
[2025-02-26T17:31:54.368+0000] {processor.py:839} INFO - DAG(s) dict_keys(['xkcd_comic_fetcher']) retrieved from /opt/airflow/dags/xkcd-comics-dag.py
[2025-02-26T17:31:54.387+0000] {logging_mixin.py:151} INFO - [2025-02-26T17:31:54.387+0000] {dag.py:2915} INFO - Sync 1 DAGs
[2025-02-26T17:31:54.403+0000] {logging_mixin.py:151} INFO - [2025-02-26T17:31:54.403+0000] {dag.py:3696} INFO - Setting next_dagrun for xkcd_comic_fetcher to 2025-02-26T05:00:00+00:00, run_after=2025-02-28T05:00:00+00:00
[2025-02-26T17:31:54.413+0000] {processor.py:179} INFO - Processing /opt/airflow/dags/xkcd-comics-dag.py took 0.064 seconds
[2025-02-26T17:49:38.451+0000] {processor.py:157} INFO - Started process (PID=18770) to work on /opt/airflow/dags/xkcd-comics-dag.py
[2025-02-26T17:49:38.451+0000] {processor.py:829} INFO - Processing file /opt/airflow/dags/xkcd-comics-dag.py for tasks to queue
[2025-02-26T17:49:38.452+0000] {logging_mixin.py:151} INFO - [2025-02-26T17:49:38.452+0000] {dagbag.py:539} INFO - Filling up the DagBag from /opt/airflow/dags/xkcd-comics-dag.py
[2025-02-26T17:49:38.464+0000] {processor.py:839} INFO - DAG(s) dict_keys(['xkcd_comic_fetcher']) retrieved from /opt/airflow/dags/xkcd-comics-dag.py
[2025-02-26T17:49:38.487+0000] {logging_mixin.py:151} INFO - [2025-02-26T17:49:38.487+0000] {dag.py:2915} INFO - Sync 1 DAGs
[2025-02-26T17:49:38.499+0000] {logging_mixin.py:151} INFO - [2025-02-26T17:49:38.499+0000] {dag.py:3696} INFO - Setting next_dagrun for xkcd_comic_fetcher to 2025-02-26T05:00:00+00:00, run_after=2025-02-28T05:00:00+00:00
[2025-02-26T17:49:38.510+0000] {processor.py:179} INFO - Processing /opt/airflow/dags/xkcd-comics-dag.py took 0.062 seconds
[2025-02-26T18:30:31.218+0000] {processor.py:157} INFO - Started process (PID=18782) to work on /opt/airflow/dags/xkcd-comics-dag.py
[2025-02-26T18:30:31.221+0000] {processor.py:829} INFO - Processing file /opt/airflow/dags/xkcd-comics-dag.py for tasks to queue
[2025-02-26T18:30:31.224+0000] {logging_mixin.py:151} INFO - [2025-02-26T18:30:31.223+0000] {dagbag.py:539} INFO - Filling up the DagBag from /opt/airflow/dags/xkcd-comics-dag.py
[2025-02-26T18:30:31.243+0000] {processor.py:839} INFO - DAG(s) dict_keys(['xkcd_comic_fetcher']) retrieved from /opt/airflow/dags/xkcd-comics-dag.py
[2025-02-26T18:30:31.261+0000] {logging_mixin.py:151} INFO - [2025-02-26T18:30:31.261+0000] {dag.py:2915} INFO - Sync 1 DAGs
[2025-02-26T18:30:31.279+0000] {logging_mixin.py:151} INFO - [2025-02-26T18:30:31.279+0000] {dag.py:3696} INFO - Setting next_dagrun for xkcd_comic_fetcher to 2025-02-26T05:00:00+00:00, run_after=2025-02-28T05:00:00+00:00
[2025-02-26T18:30:31.292+0000] {processor.py:179} INFO - Processing /opt/airflow/dags/xkcd-comics-dag.py took 0.087 seconds
[2025-02-26T19:53:01.876+0000] {processor.py:157} INFO - Started process (PID=18792) to work on /opt/airflow/dags/xkcd-comics-dag.py
[2025-02-26T19:53:01.876+0000] {processor.py:829} INFO - Processing file /opt/airflow/dags/xkcd-comics-dag.py for tasks to queue
[2025-02-26T19:53:01.877+0000] {logging_mixin.py:151} INFO - [2025-02-26T19:53:01.877+0000] {dagbag.py:539} INFO - Filling up the DagBag from /opt/airflow/dags/xkcd-comics-dag.py
[2025-02-26T19:53:01.889+0000] {processor.py:839} INFO - DAG(s) dict_keys(['xkcd_comic_fetcher']) retrieved from /opt/airflow/dags/xkcd-comics-dag.py
[2025-02-26T19:53:01.905+0000] {logging_mixin.py:151} INFO - [2025-02-26T19:53:01.905+0000] {dag.py:2915} INFO - Sync 1 DAGs
[2025-02-26T19:53:01.916+0000] {logging_mixin.py:151} INFO - [2025-02-26T19:53:01.916+0000] {dag.py:3696} INFO - Setting next_dagrun for xkcd_comic_fetcher to 2025-02-26T05:00:00+00:00, run_after=2025-02-28T05:00:00+00:00
[2025-02-26T19:53:01.925+0000] {processor.py:179} INFO - Processing /opt/airflow/dags/xkcd-comics-dag.py took 0.051 seconds
[2025-02-26T21:02:33.781+0000] {processor.py:157} INFO - Started process (PID=18802) to work on /opt/airflow/dags/xkcd-comics-dag.py
[2025-02-26T21:02:33.782+0000] {processor.py:829} INFO - Processing file /opt/airflow/dags/xkcd-comics-dag.py for tasks to queue
[2025-02-26T21:02:33.783+0000] {logging_mixin.py:151} INFO - [2025-02-26T21:02:33.783+0000] {dagbag.py:539} INFO - Filling up the DagBag from /opt/airflow/dags/xkcd-comics-dag.py
[2025-02-26T21:02:33.802+0000] {processor.py:839} INFO - DAG(s) dict_keys(['xkcd_comic_fetcher']) retrieved from /opt/airflow/dags/xkcd-comics-dag.py
[2025-02-26T21:02:33.825+0000] {logging_mixin.py:151} INFO - [2025-02-26T21:02:33.825+0000] {dag.py:2915} INFO - Sync 1 DAGs
[2025-02-26T21:02:33.840+0000] {logging_mixin.py:151} INFO - [2025-02-26T21:02:33.840+0000] {dag.py:3696} INFO - Setting next_dagrun for xkcd_comic_fetcher to 2025-02-26T05:00:00+00:00, run_after=2025-02-28T05:00:00+00:00
[2025-02-26T21:02:33.855+0000] {processor.py:179} INFO - Processing /opt/airflow/dags/xkcd-comics-dag.py took 0.076 seconds
[2025-02-26T21:43:00.781+0000] {processor.py:157} INFO - Started process (PID=18812) to work on /opt/airflow/dags/xkcd-comics-dag.py
[2025-02-26T21:43:00.784+0000] {processor.py:829} INFO - Processing file /opt/airflow/dags/xkcd-comics-dag.py for tasks to queue
[2025-02-26T21:43:00.785+0000] {logging_mixin.py:151} INFO - [2025-02-26T21:43:00.785+0000] {dagbag.py:539} INFO - Filling up the DagBag from /opt/airflow/dags/xkcd-comics-dag.py
[2025-02-26T21:43:00.809+0000] {processor.py:839} INFO - DAG(s) dict_keys(['xkcd_comic_fetcher']) retrieved from /opt/airflow/dags/xkcd-comics-dag.py
[2025-02-26T21:43:00.839+0000] {logging_mixin.py:151} INFO - [2025-02-26T21:43:00.839+0000] {dag.py:2915} INFO - Sync 1 DAGs
[2025-02-26T21:43:00.852+0000] {logging_mixin.py:151} INFO - [2025-02-26T21:43:00.852+0000] {dag.py:3696} INFO - Setting next_dagrun for xkcd_comic_fetcher to 2025-02-26T05:00:00+00:00, run_after=2025-02-28T05:00:00+00:00
[2025-02-26T21:43:00.863+0000] {processor.py:179} INFO - Processing /opt/airflow/dags/xkcd-comics-dag.py took 0.085 seconds
[2025-02-26T21:59:16.094+0000] {processor.py:157} INFO - Started process (PID=18822) to work on /opt/airflow/dags/xkcd-comics-dag.py
[2025-02-26T21:59:16.095+0000] {processor.py:829} INFO - Processing file /opt/airflow/dags/xkcd-comics-dag.py for tasks to queue
[2025-02-26T21:59:16.096+0000] {logging_mixin.py:151} INFO - [2025-02-26T21:59:16.096+0000] {dagbag.py:539} INFO - Filling up the DagBag from /opt/airflow/dags/xkcd-comics-dag.py
[2025-02-26T21:59:16.116+0000] {processor.py:839} INFO - DAG(s) dict_keys(['xkcd_comic_fetcher']) retrieved from /opt/airflow/dags/xkcd-comics-dag.py
[2025-02-26T21:59:16.138+0000] {logging_mixin.py:151} INFO - [2025-02-26T21:59:16.138+0000] {dag.py:2915} INFO - Sync 1 DAGs
[2025-02-26T21:59:16.155+0000] {logging_mixin.py:151} INFO - [2025-02-26T21:59:16.155+0000] {dag.py:3696} INFO - Setting next_dagrun for xkcd_comic_fetcher to 2025-02-26T05:00:00+00:00, run_after=2025-02-28T05:00:00+00:00
[2025-02-26T21:59:16.169+0000] {processor.py:179} INFO - Processing /opt/airflow/dags/xkcd-comics-dag.py took 0.079 seconds
[2025-02-26T21:59:46.627+0000] {processor.py:157} INFO - Started process (PID=18832) to work on /opt/airflow/dags/xkcd-comics-dag.py
[2025-02-26T21:59:46.628+0000] {processor.py:829} INFO - Processing file /opt/airflow/dags/xkcd-comics-dag.py for tasks to queue
[2025-02-26T21:59:46.629+0000] {logging_mixin.py:151} INFO - [2025-02-26T21:59:46.628+0000] {dagbag.py:539} INFO - Filling up the DagBag from /opt/airflow/dags/xkcd-comics-dag.py
[2025-02-26T21:59:46.650+0000] {processor.py:839} INFO - DAG(s) dict_keys(['xkcd_comic_fetcher']) retrieved from /opt/airflow/dags/xkcd-comics-dag.py
[2025-02-26T21:59:46.667+0000] {logging_mixin.py:151} INFO - [2025-02-26T21:59:46.667+0000] {dag.py:2915} INFO - Sync 1 DAGs
[2025-02-26T21:59:46.679+0000] {logging_mixin.py:151} INFO - [2025-02-26T21:59:46.679+0000] {dag.py:3696} INFO - Setting next_dagrun for xkcd_comic_fetcher to 2025-02-26T05:00:00+00:00, run_after=2025-02-28T05:00:00+00:00
[2025-02-26T21:59:46.689+0000] {processor.py:179} INFO - Processing /opt/airflow/dags/xkcd-comics-dag.py took 0.065 seconds
[2025-02-26T22:03:38.425+0000] {processor.py:157} INFO - Started process (PID=18842) to work on /opt/airflow/dags/xkcd-comics-dag.py
[2025-02-26T22:03:38.426+0000] {processor.py:829} INFO - Processing file /opt/airflow/dags/xkcd-comics-dag.py for tasks to queue
[2025-02-26T22:03:38.427+0000] {logging_mixin.py:151} INFO - [2025-02-26T22:03:38.427+0000] {dagbag.py:539} INFO - Filling up the DagBag from /opt/airflow/dags/xkcd-comics-dag.py
[2025-02-26T22:03:38.447+0000] {processor.py:839} INFO - DAG(s) dict_keys(['xkcd_comic_fetcher']) retrieved from /opt/airflow/dags/xkcd-comics-dag.py
[2025-02-26T22:03:38.465+0000] {logging_mixin.py:151} INFO - [2025-02-26T22:03:38.465+0000] {dag.py:2915} INFO - Sync 1 DAGs
[2025-02-26T22:03:38.478+0000] {logging_mixin.py:151} INFO - [2025-02-26T22:03:38.478+0000] {dag.py:3696} INFO - Setting next_dagrun for xkcd_comic_fetcher to 2025-02-26T05:00:00+00:00, run_after=2025-02-28T05:00:00+00:00
[2025-02-26T22:03:38.487+0000] {processor.py:179} INFO - Processing /opt/airflow/dags/xkcd-comics-dag.py took 0.067 seconds
[2025-02-26T22:19:25.921+0000] {processor.py:157} INFO - Started process (PID=18854) to work on /opt/airflow/dags/xkcd-comics-dag.py
[2025-02-26T22:19:25.922+0000] {processor.py:829} INFO - Processing file /opt/airflow/dags/xkcd-comics-dag.py for tasks to queue
[2025-02-26T22:19:25.924+0000] {logging_mixin.py:151} INFO - [2025-02-26T22:19:25.923+0000] {dagbag.py:539} INFO - Filling up the DagBag from /opt/airflow/dags/xkcd-comics-dag.py
[2025-02-26T22:19:25.943+0000] {processor.py:839} INFO - DAG(s) dict_keys(['xkcd_comic_fetcher']) retrieved from /opt/airflow/dags/xkcd-comics-dag.py
[2025-02-26T22:19:25.961+0000] {logging_mixin.py:151} INFO - [2025-02-26T22:19:25.961+0000] {dag.py:2915} INFO - Sync 1 DAGs
[2025-02-26T22:19:25.974+0000] {logging_mixin.py:151} INFO - [2025-02-26T22:19:25.974+0000] {dag.py:3696} INFO - Setting next_dagrun for xkcd_comic_fetcher to 2025-02-26T05:00:00+00:00, run_after=2025-02-28T05:00:00+00:00
[2025-02-26T22:19:25.988+0000] {processor.py:179} INFO - Processing /opt/airflow/dags/xkcd-comics-dag.py took 0.072 seconds
[2025-02-26T22:19:56.402+0000] {processor.py:157} INFO - Started process (PID=18864) to work on /opt/airflow/dags/xkcd-comics-dag.py
[2025-02-26T22:19:56.403+0000] {processor.py:829} INFO - Processing file /opt/airflow/dags/xkcd-comics-dag.py for tasks to queue
[2025-02-26T22:19:56.404+0000] {logging_mixin.py:151} INFO - [2025-02-26T22:19:56.404+0000] {dagbag.py:539} INFO - Filling up the DagBag from /opt/airflow/dags/xkcd-comics-dag.py
[2025-02-26T22:19:56.419+0000] {processor.py:839} INFO - DAG(s) dict_keys(['xkcd_comic_fetcher']) retrieved from /opt/airflow/dags/xkcd-comics-dag.py
[2025-02-26T22:19:56.437+0000] {logging_mixin.py:151} INFO - [2025-02-26T22:19:56.437+0000] {dag.py:2915} INFO - Sync 1 DAGs
[2025-02-26T22:19:56.450+0000] {logging_mixin.py:151} INFO - [2025-02-26T22:19:56.450+0000] {dag.py:3696} INFO - Setting next_dagrun for xkcd_comic_fetcher to 2025-02-26T05:00:00+00:00, run_after=2025-02-28T05:00:00+00:00
[2025-02-26T22:19:56.460+0000] {processor.py:179} INFO - Processing /opt/airflow/dags/xkcd-comics-dag.py took 0.062 seconds
[2025-02-26T22:36:12.047+0000] {processor.py:157} INFO - Started process (PID=18874) to work on /opt/airflow/dags/xkcd-comics-dag.py
[2025-02-26T22:36:12.048+0000] {processor.py:829} INFO - Processing file /opt/airflow/dags/xkcd-comics-dag.py for tasks to queue
[2025-02-26T22:36:12.048+0000] {logging_mixin.py:151} INFO - [2025-02-26T22:36:12.048+0000] {dagbag.py:539} INFO - Filling up the DagBag from /opt/airflow/dags/xkcd-comics-dag.py
[2025-02-26T22:36:12.068+0000] {processor.py:839} INFO - DAG(s) dict_keys(['xkcd_comic_fetcher']) retrieved from /opt/airflow/dags/xkcd-comics-dag.py
[2025-02-26T22:36:12.083+0000] {logging_mixin.py:151} INFO - [2025-02-26T22:36:12.083+0000] {dag.py:2915} INFO - Sync 1 DAGs
[2025-02-26T22:36:12.098+0000] {logging_mixin.py:151} INFO - [2025-02-26T22:36:12.098+0000] {dag.py:3696} INFO - Setting next_dagrun for xkcd_comic_fetcher to 2025-02-26T05:00:00+00:00, run_after=2025-02-28T05:00:00+00:00
[2025-02-26T22:36:12.111+0000] {processor.py:179} INFO - Processing /opt/airflow/dags/xkcd-comics-dag.py took 0.066 seconds
[2025-02-26T22:52:25.449+0000] {processor.py:157} INFO - Started process (PID=18886) to work on /opt/airflow/dags/xkcd-comics-dag.py
[2025-02-26T22:52:25.449+0000] {processor.py:829} INFO - Processing file /opt/airflow/dags/xkcd-comics-dag.py for tasks to queue
[2025-02-26T22:52:25.450+0000] {logging_mixin.py:151} INFO - [2025-02-26T22:52:25.450+0000] {dagbag.py:539} INFO - Filling up the DagBag from /opt/airflow/dags/xkcd-comics-dag.py
[2025-02-26T22:52:25.465+0000] {processor.py:839} INFO - DAG(s) dict_keys(['xkcd_comic_fetcher']) retrieved from /opt/airflow/dags/xkcd-comics-dag.py
[2025-02-26T22:52:25.484+0000] {logging_mixin.py:151} INFO - [2025-02-26T22:52:25.484+0000] {dag.py:2915} INFO - Sync 1 DAGs
[2025-02-26T22:52:25.496+0000] {logging_mixin.py:151} INFO - [2025-02-26T22:52:25.496+0000] {dag.py:3696} INFO - Setting next_dagrun for xkcd_comic_fetcher to 2025-02-26T05:00:00+00:00, run_after=2025-02-28T05:00:00+00:00
[2025-02-26T22:52:25.509+0000] {processor.py:179} INFO - Processing /opt/airflow/dags/xkcd-comics-dag.py took 0.063 seconds
[2025-02-26T22:52:55.819+0000] {processor.py:157} INFO - Started process (PID=18896) to work on /opt/airflow/dags/xkcd-comics-dag.py
[2025-02-26T22:52:55.820+0000] {processor.py:829} INFO - Processing file /opt/airflow/dags/xkcd-comics-dag.py for tasks to queue
[2025-02-26T22:52:55.821+0000] {logging_mixin.py:151} INFO - [2025-02-26T22:52:55.821+0000] {dagbag.py:539} INFO - Filling up the DagBag from /opt/airflow/dags/xkcd-comics-dag.py
[2025-02-26T22:52:55.842+0000] {processor.py:839} INFO - DAG(s) dict_keys(['xkcd_comic_fetcher']) retrieved from /opt/airflow/dags/xkcd-comics-dag.py
[2025-02-26T22:52:55.860+0000] {logging_mixin.py:151} INFO - [2025-02-26T22:52:55.860+0000] {dag.py:2915} INFO - Sync 1 DAGs
[2025-02-26T22:52:55.872+0000] {logging_mixin.py:151} INFO - [2025-02-26T22:52:55.871+0000] {dag.py:3696} INFO - Setting next_dagrun for xkcd_comic_fetcher to 2025-02-26T05:00:00+00:00, run_after=2025-02-28T05:00:00+00:00
[2025-02-26T22:52:55.883+0000] {processor.py:179} INFO - Processing /opt/airflow/dags/xkcd-comics-dag.py took 0.068 seconds
[2025-02-26T23:04:34.175+0000] {processor.py:157} INFO - Started process (PID=18906) to work on /opt/airflow/dags/xkcd-comics-dag.py
[2025-02-26T23:04:34.176+0000] {processor.py:829} INFO - Processing file /opt/airflow/dags/xkcd-comics-dag.py for tasks to queue
[2025-02-26T23:04:34.176+0000] {logging_mixin.py:151} INFO - [2025-02-26T23:04:34.176+0000] {dagbag.py:539} INFO - Filling up the DagBag from /opt/airflow/dags/xkcd-comics-dag.py
[2025-02-26T23:04:34.193+0000] {processor.py:839} INFO - DAG(s) dict_keys(['xkcd_comic_fetcher']) retrieved from /opt/airflow/dags/xkcd-comics-dag.py
[2025-02-26T23:04:34.210+0000] {logging_mixin.py:151} INFO - [2025-02-26T23:04:34.210+0000] {dag.py:2915} INFO - Sync 1 DAGs
[2025-02-26T23:04:34.223+0000] {logging_mixin.py:151} INFO - [2025-02-26T23:04:34.223+0000] {dag.py:3696} INFO - Setting next_dagrun for xkcd_comic_fetcher to 2025-02-26T05:00:00+00:00, run_after=2025-02-28T05:00:00+00:00
[2025-02-26T23:04:34.239+0000] {processor.py:179} INFO - Processing /opt/airflow/dags/xkcd-comics-dag.py took 0.067 seconds
[2025-02-26T23:05:04.669+0000] {processor.py:157} INFO - Started process (PID=18916) to work on /opt/airflow/dags/xkcd-comics-dag.py
[2025-02-26T23:05:04.670+0000] {processor.py:829} INFO - Processing file /opt/airflow/dags/xkcd-comics-dag.py for tasks to queue
[2025-02-26T23:05:04.671+0000] {logging_mixin.py:151} INFO - [2025-02-26T23:05:04.671+0000] {dagbag.py:539} INFO - Filling up the DagBag from /opt/airflow/dags/xkcd-comics-dag.py
[2025-02-26T23:05:04.690+0000] {processor.py:839} INFO - DAG(s) dict_keys(['xkcd_comic_fetcher']) retrieved from /opt/airflow/dags/xkcd-comics-dag.py
[2025-02-26T23:05:04.707+0000] {logging_mixin.py:151} INFO - [2025-02-26T23:05:04.706+0000] {dag.py:2915} INFO - Sync 1 DAGs
[2025-02-26T23:05:04.720+0000] {logging_mixin.py:151} INFO - [2025-02-26T23:05:04.720+0000] {dag.py:3696} INFO - Setting next_dagrun for xkcd_comic_fetcher to 2025-02-26T05:00:00+00:00, run_after=2025-02-28T05:00:00+00:00
[2025-02-26T23:05:04.729+0000] {processor.py:179} INFO - Processing /opt/airflow/dags/xkcd-comics-dag.py took 0.064 seconds
[2025-02-26T23:22:17.540+0000] {processor.py:157} INFO - Started process (PID=18926) to work on /opt/airflow/dags/xkcd-comics-dag.py
[2025-02-26T23:22:17.541+0000] {processor.py:829} INFO - Processing file /opt/airflow/dags/xkcd-comics-dag.py for tasks to queue
[2025-02-26T23:22:17.542+0000] {logging_mixin.py:151} INFO - [2025-02-26T23:22:17.542+0000] {dagbag.py:539} INFO - Filling up the DagBag from /opt/airflow/dags/xkcd-comics-dag.py
[2025-02-26T23:22:17.554+0000] {processor.py:839} INFO - DAG(s) dict_keys(['xkcd_comic_fetcher']) retrieved from /opt/airflow/dags/xkcd-comics-dag.py
[2025-02-26T23:22:17.574+0000] {logging_mixin.py:151} INFO - [2025-02-26T23:22:17.574+0000] {dag.py:2915} INFO - Sync 1 DAGs
[2025-02-26T23:22:17.585+0000] {logging_mixin.py:151} INFO - [2025-02-26T23:22:17.585+0000] {dag.py:3696} INFO - Setting next_dagrun for xkcd_comic_fetcher to 2025-02-26T05:00:00+00:00, run_after=2025-02-28T05:00:00+00:00
[2025-02-26T23:22:17.595+0000] {processor.py:179} INFO - Processing /opt/airflow/dags/xkcd-comics-dag.py took 0.057 seconds
[2025-02-26T23:22:47.986+0000] {processor.py:157} INFO - Started process (PID=18938) to work on /opt/airflow/dags/xkcd-comics-dag.py
[2025-02-26T23:22:47.989+0000] {processor.py:829} INFO - Processing file /opt/airflow/dags/xkcd-comics-dag.py for tasks to queue
[2025-02-26T23:22:47.991+0000] {logging_mixin.py:151} INFO - [2025-02-26T23:22:47.991+0000] {dagbag.py:539} INFO - Filling up the DagBag from /opt/airflow/dags/xkcd-comics-dag.py
[2025-02-26T23:22:48.010+0000] {processor.py:839} INFO - DAG(s) dict_keys(['xkcd_comic_fetcher']) retrieved from /opt/airflow/dags/xkcd-comics-dag.py
[2025-02-26T23:22:48.028+0000] {logging_mixin.py:151} INFO - [2025-02-26T23:22:48.028+0000] {dag.py:2915} INFO - Sync 1 DAGs
[2025-02-26T23:22:48.042+0000] {logging_mixin.py:151} INFO - [2025-02-26T23:22:48.042+0000] {dag.py:3696} INFO - Setting next_dagrun for xkcd_comic_fetcher to 2025-02-26T05:00:00+00:00, run_after=2025-02-28T05:00:00+00:00
[2025-02-26T23:22:48.052+0000] {processor.py:179} INFO - Processing /opt/airflow/dags/xkcd-comics-dag.py took 0.070 seconds
[2025-02-26T23:38:34.030+0000] {processor.py:157} INFO - Started process (PID=18948) to work on /opt/airflow/dags/xkcd-comics-dag.py
[2025-02-26T23:38:34.031+0000] {processor.py:829} INFO - Processing file /opt/airflow/dags/xkcd-comics-dag.py for tasks to queue
[2025-02-26T23:38:34.032+0000] {logging_mixin.py:151} INFO - [2025-02-26T23:38:34.031+0000] {dagbag.py:539} INFO - Filling up the DagBag from /opt/airflow/dags/xkcd-comics-dag.py
[2025-02-26T23:38:34.049+0000] {processor.py:839} INFO - DAG(s) dict_keys(['xkcd_comic_fetcher']) retrieved from /opt/airflow/dags/xkcd-comics-dag.py
[2025-02-26T23:38:34.068+0000] {logging_mixin.py:151} INFO - [2025-02-26T23:38:34.068+0000] {dag.py:2915} INFO - Sync 1 DAGs
[2025-02-26T23:38:34.088+0000] {logging_mixin.py:151} INFO - [2025-02-26T23:38:34.088+0000] {dag.py:3696} INFO - Setting next_dagrun for xkcd_comic_fetcher to 2025-02-26T05:00:00+00:00, run_after=2025-02-28T05:00:00+00:00
[2025-02-26T23:38:34.100+0000] {processor.py:179} INFO - Processing /opt/airflow/dags/xkcd-comics-dag.py took 0.072 seconds
[2025-02-26T23:55:28.166+0000] {processor.py:157} INFO - Started process (PID=18960) to work on /opt/airflow/dags/xkcd-comics-dag.py
[2025-02-26T23:55:28.168+0000] {processor.py:829} INFO - Processing file /opt/airflow/dags/xkcd-comics-dag.py for tasks to queue
[2025-02-26T23:55:28.170+0000] {logging_mixin.py:151} INFO - [2025-02-26T23:55:28.169+0000] {dagbag.py:539} INFO - Filling up the DagBag from /opt/airflow/dags/xkcd-comics-dag.py
[2025-02-26T23:55:28.215+0000] {processor.py:839} INFO - DAG(s) dict_keys(['xkcd_comic_fetcher']) retrieved from /opt/airflow/dags/xkcd-comics-dag.py
[2025-02-26T23:55:28.269+0000] {logging_mixin.py:151} INFO - [2025-02-26T23:55:28.269+0000] {dag.py:2915} INFO - Sync 1 DAGs
[2025-02-26T23:55:28.300+0000] {logging_mixin.py:151} INFO - [2025-02-26T23:55:28.300+0000] {dag.py:3696} INFO - Setting next_dagrun for xkcd_comic_fetcher to 2025-02-26T05:00:00+00:00, run_after=2025-02-28T05:00:00+00:00
[2025-02-26T23:55:28.326+0000] {processor.py:179} INFO - Processing /opt/airflow/dags/xkcd-comics-dag.py took 0.161 seconds
