[2025-02-17T16:34:18.823+0000] {taskinstance.py:1157} INFO - Dependencies all met for dep_context=non-requeueable deps ti=<TaskInstance: xkcd_comics.setup_database scheduled__2025-02-14T10:00:00+00:00 [queued]>
[2025-02-17T16:34:18.827+0000] {taskinstance.py:1157} INFO - Dependencies all met for dep_context=requeueable deps ti=<TaskInstance: xkcd_comics.setup_database scheduled__2025-02-14T10:00:00+00:00 [queued]>
[2025-02-17T16:34:18.827+0000] {taskinstance.py:1359} INFO - Starting attempt 1 of 4
[2025-02-17T16:34:18.833+0000] {taskinstance.py:1380} INFO - Executing <Task(PythonOperator): setup_database> on 2025-02-14 10:00:00+00:00
[2025-02-17T16:34:18.835+0000] {standard_task_runner.py:57} INFO - Started process 324 to run task
[2025-02-17T16:34:18.837+0000] {standard_task_runner.py:84} INFO - Running: ['***', 'tasks', 'run', 'xkcd_comics', 'setup_database', 'scheduled__2025-02-14T10:00:00+00:00', '--job-id', '4', '--raw', '--subdir', 'DAGS_FOLDER/xkcd-comics-dag.py', '--cfg-path', '/tmp/tmpaldvy845']
[2025-02-17T16:34:18.838+0000] {standard_task_runner.py:85} INFO - Job 4: Subtask setup_database
[2025-02-17T16:34:18.845+0000] {logging_mixin.py:151} WARNING - /home/***/.local/lib/python3.8/site-packages/***/settings.py:195 DeprecationWarning: The sql_alchemy_conn option in [core] has been moved to the sql_alchemy_conn option in [database] - the old setting has been used, but please update your config.
[2025-02-17T16:34:18.862+0000] {task_command.py:415} INFO - Running <TaskInstance: xkcd_comics.setup_database scheduled__2025-02-14T10:00:00+00:00 [running]> on host 09ec2b1d5e6c
[2025-02-17T16:34:18.895+0000] {taskinstance.py:1660} INFO - Exporting env vars: AIRFLOW_CTX_DAG_OWNER='***' AIRFLOW_CTX_DAG_ID='xkcd_comics' AIRFLOW_CTX_TASK_ID='setup_database' AIRFLOW_CTX_EXECUTION_DATE='2025-02-14T10:00:00+00:00' AIRFLOW_CTX_TRY_NUMBER='1' AIRFLOW_CTX_DAG_RUN_ID='scheduled__2025-02-14T10:00:00+00:00'
[2025-02-17T16:34:18.899+0000] {python.py:194} INFO - Done. Returned value was: None
[2025-02-17T16:34:18.903+0000] {taskinstance.py:1398} INFO - Marking task as SUCCESS. dag_id=xkcd_comics, task_id=setup_database, execution_date=20250214T100000, start_date=20250217T163418, end_date=20250217T163418
[2025-02-17T16:34:18.937+0000] {local_task_job_runner.py:228} INFO - Task exited with return code 0
[2025-02-17T16:34:18.945+0000] {taskinstance.py:2776} INFO - 1 downstream tasks scheduled from follow-on schedule check
[2025-02-17T17:01:21.004+0000] {taskinstance.py:1157} INFO - Dependencies all met for dep_context=non-requeueable deps ti=<TaskInstance: xkcd_comics.setup_database scheduled__2025-02-14T10:00:00+00:00 [queued]>
[2025-02-17T17:01:21.007+0000] {taskinstance.py:1157} INFO - Dependencies all met for dep_context=requeueable deps ti=<TaskInstance: xkcd_comics.setup_database scheduled__2025-02-14T10:00:00+00:00 [queued]>
[2025-02-17T17:01:21.007+0000] {taskinstance.py:1359} INFO - Starting attempt 1 of 4
[2025-02-17T17:01:21.012+0000] {taskinstance.py:1380} INFO - Executing <Task(PythonOperator): setup_database> on 2025-02-14 10:00:00+00:00
[2025-02-17T17:01:21.014+0000] {standard_task_runner.py:57} INFO - Started process 180 to run task
[2025-02-17T17:01:21.016+0000] {standard_task_runner.py:84} INFO - Running: ['***', 'tasks', 'run', 'xkcd_comics', 'setup_database', 'scheduled__2025-02-14T10:00:00+00:00', '--job-id', '2', '--raw', '--subdir', 'DAGS_FOLDER/xkcd-comics-dag.py', '--cfg-path', '/tmp/tmpgafcjxww']
[2025-02-17T17:01:21.017+0000] {standard_task_runner.py:85} INFO - Job 2: Subtask setup_database
[2025-02-17T17:01:21.023+0000] {logging_mixin.py:151} WARNING - /home/***/.local/lib/python3.8/site-packages/***/settings.py:195 DeprecationWarning: The sql_alchemy_conn option in [core] has been moved to the sql_alchemy_conn option in [database] - the old setting has been used, but please update your config.
[2025-02-17T17:01:21.039+0000] {task_command.py:415} INFO - Running <TaskInstance: xkcd_comics.setup_database scheduled__2025-02-14T10:00:00+00:00 [running]> on host 04f18e950738
[2025-02-17T17:01:21.070+0000] {taskinstance.py:1660} INFO - Exporting env vars: AIRFLOW_CTX_DAG_OWNER='***' AIRFLOW_CTX_DAG_ID='xkcd_comics' AIRFLOW_CTX_TASK_ID='setup_database' AIRFLOW_CTX_EXECUTION_DATE='2025-02-14T10:00:00+00:00' AIRFLOW_CTX_TRY_NUMBER='1' AIRFLOW_CTX_DAG_RUN_ID='scheduled__2025-02-14T10:00:00+00:00'
[2025-02-17T17:01:21.077+0000] {python.py:194} INFO - Done. Returned value was: None
[2025-02-17T17:01:21.082+0000] {taskinstance.py:1398} INFO - Marking task as SUCCESS. dag_id=xkcd_comics, task_id=setup_database, execution_date=20250214T100000, start_date=20250217T170121, end_date=20250217T170121
[2025-02-17T17:01:21.117+0000] {local_task_job_runner.py:228} INFO - Task exited with return code 0
[2025-02-17T17:01:21.134+0000] {taskinstance.py:2776} INFO - 1 downstream tasks scheduled from follow-on schedule check
