[2025-02-18T20:47:24.464+0000] {processor.py:157} INFO - Started process (PID=1771) to work on /opt/airflow/dags/xkcd-comics-dagold.py
[2025-02-18T20:47:24.465+0000] {processor.py:829} INFO - Processing file /opt/airflow/dags/xkcd-comics-dagold.py for tasks to queue
[2025-02-18T20:47:24.465+0000] {logging_mixin.py:151} INFO - [2025-02-18T20:47:24.465+0000] {dagbag.py:539} INFO - Filling up the DagBag from /opt/airflow/dags/xkcd-comics-dagold.py
[2025-02-18T20:47:24.474+0000] {processor.py:839} INFO - DAG(s) dict_keys(['xkcd_comics']) retrieved from /opt/airflow/dags/xkcd-comics-dagold.py
[2025-02-18T20:47:24.481+0000] {logging_mixin.py:151} INFO - [2025-02-18T20:47:24.481+0000] {dag.py:2915} INFO - Sync 1 DAGs
[2025-02-18T20:47:24.496+0000] {logging_mixin.py:151} INFO - [2025-02-18T20:47:24.495+0000] {dag.py:3696} INFO - Setting next_dagrun for xkcd_comics to 2025-02-17T10:00:00+00:00, run_after=2025-02-19T10:00:00+00:00
[2025-02-18T20:47:24.505+0000] {processor.py:179} INFO - Processing /opt/airflow/dags/xkcd-comics-dagold.py took 0.043 seconds
[2025-02-18T20:47:54.764+0000] {processor.py:157} INFO - Started process (PID=1786) to work on /opt/airflow/dags/xkcd-comics-dagold.py
[2025-02-18T20:47:54.764+0000] {processor.py:829} INFO - Processing file /opt/airflow/dags/xkcd-comics-dagold.py for tasks to queue
[2025-02-18T20:47:54.765+0000] {logging_mixin.py:151} INFO - [2025-02-18T20:47:54.765+0000] {dagbag.py:539} INFO - Filling up the DagBag from /opt/airflow/dags/xkcd-comics-dagold.py
[2025-02-18T20:47:54.779+0000] {processor.py:839} INFO - DAG(s) dict_keys(['xkcd_comics']) retrieved from /opt/airflow/dags/xkcd-comics-dagold.py
[2025-02-18T20:47:54.789+0000] {logging_mixin.py:151} INFO - [2025-02-18T20:47:54.789+0000] {dag.py:2915} INFO - Sync 1 DAGs
[2025-02-18T20:47:54.800+0000] {logging_mixin.py:151} INFO - [2025-02-18T20:47:54.800+0000] {dag.py:3696} INFO - Setting next_dagrun for xkcd_comics to 2025-02-17T10:00:00+00:00, run_after=2025-02-19T10:00:00+00:00
[2025-02-18T20:47:54.810+0000] {processor.py:179} INFO - Processing /opt/airflow/dags/xkcd-comics-dagold.py took 0.048 seconds
[2025-02-18T20:48:25.069+0000] {processor.py:157} INFO - Started process (PID=1801) to work on /opt/airflow/dags/xkcd-comics-dagold.py
[2025-02-18T20:48:25.070+0000] {processor.py:829} INFO - Processing file /opt/airflow/dags/xkcd-comics-dagold.py for tasks to queue
[2025-02-18T20:48:25.070+0000] {logging_mixin.py:151} INFO - [2025-02-18T20:48:25.070+0000] {dagbag.py:539} INFO - Filling up the DagBag from /opt/airflow/dags/xkcd-comics-dagold.py
[2025-02-18T20:48:25.080+0000] {processor.py:839} INFO - DAG(s) dict_keys(['xkcd_comics']) retrieved from /opt/airflow/dags/xkcd-comics-dagold.py
[2025-02-18T20:48:25.094+0000] {logging_mixin.py:151} INFO - [2025-02-18T20:48:25.094+0000] {dag.py:2915} INFO - Sync 1 DAGs
[2025-02-18T20:48:25.109+0000] {logging_mixin.py:151} INFO - [2025-02-18T20:48:25.109+0000] {dag.py:3696} INFO - Setting next_dagrun for xkcd_comics to 2025-02-17T10:00:00+00:00, run_after=2025-02-19T10:00:00+00:00
[2025-02-18T20:48:25.120+0000] {processor.py:179} INFO - Processing /opt/airflow/dags/xkcd-comics-dagold.py took 0.052 seconds
[2025-02-18T20:48:55.407+0000] {processor.py:157} INFO - Started process (PID=1816) to work on /opt/airflow/dags/xkcd-comics-dagold.py
[2025-02-18T20:48:55.408+0000] {processor.py:829} INFO - Processing file /opt/airflow/dags/xkcd-comics-dagold.py for tasks to queue
[2025-02-18T20:48:55.409+0000] {logging_mixin.py:151} INFO - [2025-02-18T20:48:55.409+0000] {dagbag.py:539} INFO - Filling up the DagBag from /opt/airflow/dags/xkcd-comics-dagold.py
[2025-02-18T20:48:55.419+0000] {processor.py:839} INFO - DAG(s) dict_keys(['xkcd_comics']) retrieved from /opt/airflow/dags/xkcd-comics-dagold.py
[2025-02-18T20:48:55.426+0000] {logging_mixin.py:151} INFO - [2025-02-18T20:48:55.426+0000] {dag.py:2915} INFO - Sync 1 DAGs
[2025-02-18T20:48:55.438+0000] {logging_mixin.py:151} INFO - [2025-02-18T20:48:55.438+0000] {dag.py:3696} INFO - Setting next_dagrun for xkcd_comics to 2025-02-17T10:00:00+00:00, run_after=2025-02-19T10:00:00+00:00
[2025-02-18T20:48:55.449+0000] {processor.py:179} INFO - Processing /opt/airflow/dags/xkcd-comics-dagold.py took 0.044 seconds
[2025-02-18T20:49:25.751+0000] {processor.py:157} INFO - Started process (PID=1831) to work on /opt/airflow/dags/xkcd-comics-dagold.py
[2025-02-18T20:49:25.755+0000] {processor.py:829} INFO - Processing file /opt/airflow/dags/xkcd-comics-dagold.py for tasks to queue
[2025-02-18T20:49:25.757+0000] {logging_mixin.py:151} INFO - [2025-02-18T20:49:25.757+0000] {dagbag.py:539} INFO - Filling up the DagBag from /opt/airflow/dags/xkcd-comics-dagold.py
[2025-02-18T20:49:25.768+0000] {processor.py:839} INFO - DAG(s) dict_keys(['xkcd_comics']) retrieved from /opt/airflow/dags/xkcd-comics-dagold.py
[2025-02-18T20:49:25.783+0000] {logging_mixin.py:151} INFO - [2025-02-18T20:49:25.782+0000] {dag.py:2915} INFO - Sync 1 DAGs
[2025-02-18T20:49:25.793+0000] {logging_mixin.py:151} INFO - [2025-02-18T20:49:25.793+0000] {dag.py:3696} INFO - Setting next_dagrun for xkcd_comics to 2025-02-17T10:00:00+00:00, run_after=2025-02-19T10:00:00+00:00
[2025-02-18T20:49:25.803+0000] {processor.py:179} INFO - Processing /opt/airflow/dags/xkcd-comics-dagold.py took 0.054 seconds
[2025-02-18T20:49:56.047+0000] {processor.py:157} INFO - Started process (PID=1846) to work on /opt/airflow/dags/xkcd-comics-dagold.py
[2025-02-18T20:49:56.048+0000] {processor.py:829} INFO - Processing file /opt/airflow/dags/xkcd-comics-dagold.py for tasks to queue
[2025-02-18T20:49:56.048+0000] {logging_mixin.py:151} INFO - [2025-02-18T20:49:56.048+0000] {dagbag.py:539} INFO - Filling up the DagBag from /opt/airflow/dags/xkcd-comics-dagold.py
[2025-02-18T20:49:56.057+0000] {processor.py:839} INFO - DAG(s) dict_keys(['xkcd_comics']) retrieved from /opt/airflow/dags/xkcd-comics-dagold.py
[2025-02-18T20:49:56.066+0000] {logging_mixin.py:151} INFO - [2025-02-18T20:49:56.066+0000] {dag.py:2915} INFO - Sync 1 DAGs
[2025-02-18T20:49:56.076+0000] {logging_mixin.py:151} INFO - [2025-02-18T20:49:56.076+0000] {dag.py:3696} INFO - Setting next_dagrun for xkcd_comics to 2025-02-17T10:00:00+00:00, run_after=2025-02-19T10:00:00+00:00
[2025-02-18T20:49:56.086+0000] {processor.py:179} INFO - Processing /opt/airflow/dags/xkcd-comics-dagold.py took 0.040 seconds
[2025-02-18T20:50:26.333+0000] {processor.py:157} INFO - Started process (PID=1863) to work on /opt/airflow/dags/xkcd-comics-dagold.py
[2025-02-18T20:50:26.333+0000] {processor.py:829} INFO - Processing file /opt/airflow/dags/xkcd-comics-dagold.py for tasks to queue
[2025-02-18T20:50:26.334+0000] {logging_mixin.py:151} INFO - [2025-02-18T20:50:26.333+0000] {dagbag.py:539} INFO - Filling up the DagBag from /opt/airflow/dags/xkcd-comics-dagold.py
[2025-02-18T20:50:26.346+0000] {processor.py:839} INFO - DAG(s) dict_keys(['xkcd_comics']) retrieved from /opt/airflow/dags/xkcd-comics-dagold.py
[2025-02-18T20:50:26.360+0000] {logging_mixin.py:151} INFO - [2025-02-18T20:50:26.360+0000] {dag.py:2915} INFO - Sync 1 DAGs
[2025-02-18T20:50:26.370+0000] {logging_mixin.py:151} INFO - [2025-02-18T20:50:26.370+0000] {dag.py:3696} INFO - Setting next_dagrun for xkcd_comics to 2025-02-17T10:00:00+00:00, run_after=2025-02-19T10:00:00+00:00
[2025-02-18T20:50:26.380+0000] {processor.py:179} INFO - Processing /opt/airflow/dags/xkcd-comics-dagold.py took 0.049 seconds
[2025-02-18T20:50:56.643+0000] {processor.py:157} INFO - Started process (PID=1878) to work on /opt/airflow/dags/xkcd-comics-dagold.py
[2025-02-18T20:50:56.647+0000] {processor.py:829} INFO - Processing file /opt/airflow/dags/xkcd-comics-dagold.py for tasks to queue
[2025-02-18T20:50:56.648+0000] {logging_mixin.py:151} INFO - [2025-02-18T20:50:56.648+0000] {dagbag.py:539} INFO - Filling up the DagBag from /opt/airflow/dags/xkcd-comics-dagold.py
[2025-02-18T20:50:56.656+0000] {processor.py:839} INFO - DAG(s) dict_keys(['xkcd_comics']) retrieved from /opt/airflow/dags/xkcd-comics-dagold.py
[2025-02-18T20:50:56.662+0000] {logging_mixin.py:151} INFO - [2025-02-18T20:50:56.661+0000] {dag.py:2915} INFO - Sync 1 DAGs
[2025-02-18T20:50:56.672+0000] {logging_mixin.py:151} INFO - [2025-02-18T20:50:56.672+0000] {dag.py:3696} INFO - Setting next_dagrun for xkcd_comics to 2025-02-17T10:00:00+00:00, run_after=2025-02-19T10:00:00+00:00
[2025-02-18T20:50:56.680+0000] {processor.py:179} INFO - Processing /opt/airflow/dags/xkcd-comics-dagold.py took 0.039 seconds
[2025-02-18T20:51:26.918+0000] {processor.py:157} INFO - Started process (PID=1893) to work on /opt/airflow/dags/xkcd-comics-dagold.py
[2025-02-18T20:51:26.919+0000] {processor.py:829} INFO - Processing file /opt/airflow/dags/xkcd-comics-dagold.py for tasks to queue
[2025-02-18T20:51:26.919+0000] {logging_mixin.py:151} INFO - [2025-02-18T20:51:26.919+0000] {dagbag.py:539} INFO - Filling up the DagBag from /opt/airflow/dags/xkcd-comics-dagold.py
[2025-02-18T20:51:26.933+0000] {processor.py:839} INFO - DAG(s) dict_keys(['xkcd_comics']) retrieved from /opt/airflow/dags/xkcd-comics-dagold.py
[2025-02-18T20:51:26.945+0000] {logging_mixin.py:151} INFO - [2025-02-18T20:51:26.945+0000] {dag.py:2915} INFO - Sync 1 DAGs
[2025-02-18T20:51:26.955+0000] {logging_mixin.py:151} INFO - [2025-02-18T20:51:26.955+0000] {dag.py:3696} INFO - Setting next_dagrun for xkcd_comics to 2025-02-17T10:00:00+00:00, run_after=2025-02-19T10:00:00+00:00
[2025-02-18T20:51:26.963+0000] {processor.py:179} INFO - Processing /opt/airflow/dags/xkcd-comics-dagold.py took 0.047 seconds
[2025-02-18T20:51:57.203+0000] {processor.py:157} INFO - Started process (PID=1908) to work on /opt/airflow/dags/xkcd-comics-dagold.py
[2025-02-18T20:51:57.203+0000] {processor.py:829} INFO - Processing file /opt/airflow/dags/xkcd-comics-dagold.py for tasks to queue
[2025-02-18T20:51:57.204+0000] {logging_mixin.py:151} INFO - [2025-02-18T20:51:57.203+0000] {dagbag.py:539} INFO - Filling up the DagBag from /opt/airflow/dags/xkcd-comics-dagold.py
[2025-02-18T20:51:57.214+0000] {processor.py:839} INFO - DAG(s) dict_keys(['xkcd_comics']) retrieved from /opt/airflow/dags/xkcd-comics-dagold.py
[2025-02-18T20:51:57.220+0000] {logging_mixin.py:151} INFO - [2025-02-18T20:51:57.219+0000] {dag.py:2915} INFO - Sync 1 DAGs
[2025-02-18T20:51:57.232+0000] {logging_mixin.py:151} INFO - [2025-02-18T20:51:57.232+0000] {dag.py:3696} INFO - Setting next_dagrun for xkcd_comics to 2025-02-17T10:00:00+00:00, run_after=2025-02-19T10:00:00+00:00
[2025-02-18T20:51:57.241+0000] {processor.py:179} INFO - Processing /opt/airflow/dags/xkcd-comics-dagold.py took 0.040 seconds
[2025-02-18T20:52:27.499+0000] {processor.py:157} INFO - Started process (PID=1923) to work on /opt/airflow/dags/xkcd-comics-dagold.py
[2025-02-18T20:52:27.499+0000] {processor.py:829} INFO - Processing file /opt/airflow/dags/xkcd-comics-dagold.py for tasks to queue
[2025-02-18T20:52:27.500+0000] {logging_mixin.py:151} INFO - [2025-02-18T20:52:27.500+0000] {dagbag.py:539} INFO - Filling up the DagBag from /opt/airflow/dags/xkcd-comics-dagold.py
[2025-02-18T20:52:27.509+0000] {processor.py:839} INFO - DAG(s) dict_keys(['xkcd_comics']) retrieved from /opt/airflow/dags/xkcd-comics-dagold.py
[2025-02-18T20:52:27.525+0000] {logging_mixin.py:151} INFO - [2025-02-18T20:52:27.525+0000] {dag.py:2915} INFO - Sync 1 DAGs
[2025-02-18T20:52:27.537+0000] {logging_mixin.py:151} INFO - [2025-02-18T20:52:27.537+0000] {dag.py:3696} INFO - Setting next_dagrun for xkcd_comics to 2025-02-17T10:00:00+00:00, run_after=2025-02-19T10:00:00+00:00
[2025-02-18T20:52:27.546+0000] {processor.py:179} INFO - Processing /opt/airflow/dags/xkcd-comics-dagold.py took 0.049 seconds
[2025-02-18T20:52:57.770+0000] {processor.py:157} INFO - Started process (PID=1938) to work on /opt/airflow/dags/xkcd-comics-dagold.py
[2025-02-18T20:52:57.771+0000] {processor.py:829} INFO - Processing file /opt/airflow/dags/xkcd-comics-dagold.py for tasks to queue
[2025-02-18T20:52:57.771+0000] {logging_mixin.py:151} INFO - [2025-02-18T20:52:57.771+0000] {dagbag.py:539} INFO - Filling up the DagBag from /opt/airflow/dags/xkcd-comics-dagold.py
[2025-02-18T20:52:57.783+0000] {processor.py:839} INFO - DAG(s) dict_keys(['xkcd_comics']) retrieved from /opt/airflow/dags/xkcd-comics-dagold.py
[2025-02-18T20:52:57.789+0000] {logging_mixin.py:151} INFO - [2025-02-18T20:52:57.789+0000] {dag.py:2915} INFO - Sync 1 DAGs
[2025-02-18T20:52:57.800+0000] {logging_mixin.py:151} INFO - [2025-02-18T20:52:57.800+0000] {dag.py:3696} INFO - Setting next_dagrun for xkcd_comics to 2025-02-17T10:00:00+00:00, run_after=2025-02-19T10:00:00+00:00
[2025-02-18T20:52:57.808+0000] {processor.py:179} INFO - Processing /opt/airflow/dags/xkcd-comics-dagold.py took 0.040 seconds
[2025-02-18T20:53:28.071+0000] {processor.py:157} INFO - Started process (PID=1953) to work on /opt/airflow/dags/xkcd-comics-dagold.py
[2025-02-18T20:53:28.072+0000] {processor.py:829} INFO - Processing file /opt/airflow/dags/xkcd-comics-dagold.py for tasks to queue
[2025-02-18T20:53:28.073+0000] {logging_mixin.py:151} INFO - [2025-02-18T20:53:28.073+0000] {dagbag.py:539} INFO - Filling up the DagBag from /opt/airflow/dags/xkcd-comics-dagold.py
[2025-02-18T20:53:28.083+0000] {processor.py:839} INFO - DAG(s) dict_keys(['xkcd_comics']) retrieved from /opt/airflow/dags/xkcd-comics-dagold.py
[2025-02-18T20:53:28.100+0000] {logging_mixin.py:151} INFO - [2025-02-18T20:53:28.100+0000] {dag.py:2915} INFO - Sync 1 DAGs
[2025-02-18T20:53:28.111+0000] {logging_mixin.py:151} INFO - [2025-02-18T20:53:28.111+0000] {dag.py:3696} INFO - Setting next_dagrun for xkcd_comics to 2025-02-17T10:00:00+00:00, run_after=2025-02-19T10:00:00+00:00
[2025-02-18T20:53:28.121+0000] {processor.py:179} INFO - Processing /opt/airflow/dags/xkcd-comics-dagold.py took 0.052 seconds
[2025-02-18T20:53:58.332+0000] {processor.py:157} INFO - Started process (PID=1968) to work on /opt/airflow/dags/xkcd-comics-dagold.py
[2025-02-18T20:53:58.333+0000] {processor.py:829} INFO - Processing file /opt/airflow/dags/xkcd-comics-dagold.py for tasks to queue
[2025-02-18T20:53:58.333+0000] {logging_mixin.py:151} INFO - [2025-02-18T20:53:58.333+0000] {dagbag.py:539} INFO - Filling up the DagBag from /opt/airflow/dags/xkcd-comics-dagold.py
[2025-02-18T20:53:58.346+0000] {processor.py:839} INFO - DAG(s) dict_keys(['xkcd_comics']) retrieved from /opt/airflow/dags/xkcd-comics-dagold.py
[2025-02-18T20:53:58.353+0000] {logging_mixin.py:151} INFO - [2025-02-18T20:53:58.353+0000] {dag.py:2915} INFO - Sync 1 DAGs
[2025-02-18T20:53:58.366+0000] {logging_mixin.py:151} INFO - [2025-02-18T20:53:58.366+0000] {dag.py:3696} INFO - Setting next_dagrun for xkcd_comics to 2025-02-17T10:00:00+00:00, run_after=2025-02-19T10:00:00+00:00
[2025-02-18T20:53:58.376+0000] {processor.py:179} INFO - Processing /opt/airflow/dags/xkcd-comics-dagold.py took 0.045 seconds
[2025-02-18T20:54:28.684+0000] {processor.py:157} INFO - Started process (PID=1983) to work on /opt/airflow/dags/xkcd-comics-dagold.py
[2025-02-18T20:54:28.684+0000] {processor.py:829} INFO - Processing file /opt/airflow/dags/xkcd-comics-dagold.py for tasks to queue
[2025-02-18T20:54:28.685+0000] {logging_mixin.py:151} INFO - [2025-02-18T20:54:28.684+0000] {dagbag.py:539} INFO - Filling up the DagBag from /opt/airflow/dags/xkcd-comics-dagold.py
[2025-02-18T20:54:28.694+0000] {processor.py:839} INFO - DAG(s) dict_keys(['xkcd_comics']) retrieved from /opt/airflow/dags/xkcd-comics-dagold.py
[2025-02-18T20:54:28.708+0000] {logging_mixin.py:151} INFO - [2025-02-18T20:54:28.708+0000] {dag.py:2915} INFO - Sync 1 DAGs
[2025-02-18T20:54:28.719+0000] {logging_mixin.py:151} INFO - [2025-02-18T20:54:28.719+0000] {dag.py:3696} INFO - Setting next_dagrun for xkcd_comics to 2025-02-17T10:00:00+00:00, run_after=2025-02-19T10:00:00+00:00
[2025-02-18T20:54:28.729+0000] {processor.py:179} INFO - Processing /opt/airflow/dags/xkcd-comics-dagold.py took 0.047 seconds
[2025-02-18T20:54:58.992+0000] {processor.py:157} INFO - Started process (PID=1998) to work on /opt/airflow/dags/xkcd-comics-dagold.py
[2025-02-18T20:54:58.993+0000] {processor.py:829} INFO - Processing file /opt/airflow/dags/xkcd-comics-dagold.py for tasks to queue
[2025-02-18T20:54:58.993+0000] {logging_mixin.py:151} INFO - [2025-02-18T20:54:58.993+0000] {dagbag.py:539} INFO - Filling up the DagBag from /opt/airflow/dags/xkcd-comics-dagold.py
[2025-02-18T20:54:59.006+0000] {processor.py:839} INFO - DAG(s) dict_keys(['xkcd_comics']) retrieved from /opt/airflow/dags/xkcd-comics-dagold.py
[2025-02-18T20:54:59.015+0000] {logging_mixin.py:151} INFO - [2025-02-18T20:54:59.015+0000] {dag.py:2915} INFO - Sync 1 DAGs
[2025-02-18T20:54:59.029+0000] {logging_mixin.py:151} INFO - [2025-02-18T20:54:59.029+0000] {dag.py:3696} INFO - Setting next_dagrun for xkcd_comics to 2025-02-17T10:00:00+00:00, run_after=2025-02-19T10:00:00+00:00
[2025-02-18T20:54:59.040+0000] {processor.py:179} INFO - Processing /opt/airflow/dags/xkcd-comics-dagold.py took 0.050 seconds
[2025-02-18T20:55:29.307+0000] {processor.py:157} INFO - Started process (PID=2015) to work on /opt/airflow/dags/xkcd-comics-dagold.py
[2025-02-18T20:55:29.307+0000] {processor.py:829} INFO - Processing file /opt/airflow/dags/xkcd-comics-dagold.py for tasks to queue
[2025-02-18T20:55:29.308+0000] {logging_mixin.py:151} INFO - [2025-02-18T20:55:29.308+0000] {dagbag.py:539} INFO - Filling up the DagBag from /opt/airflow/dags/xkcd-comics-dagold.py
[2025-02-18T20:55:29.320+0000] {processor.py:839} INFO - DAG(s) dict_keys(['xkcd_comics']) retrieved from /opt/airflow/dags/xkcd-comics-dagold.py
[2025-02-18T20:55:29.334+0000] {logging_mixin.py:151} INFO - [2025-02-18T20:55:29.334+0000] {dag.py:2915} INFO - Sync 1 DAGs
[2025-02-18T20:55:29.344+0000] {logging_mixin.py:151} INFO - [2025-02-18T20:55:29.344+0000] {dag.py:3696} INFO - Setting next_dagrun for xkcd_comics to 2025-02-17T10:00:00+00:00, run_after=2025-02-19T10:00:00+00:00
[2025-02-18T20:55:29.353+0000] {processor.py:179} INFO - Processing /opt/airflow/dags/xkcd-comics-dagold.py took 0.047 seconds
[2025-02-18T20:55:59.618+0000] {processor.py:157} INFO - Started process (PID=2030) to work on /opt/airflow/dags/xkcd-comics-dagold.py
[2025-02-18T20:55:59.619+0000] {processor.py:829} INFO - Processing file /opt/airflow/dags/xkcd-comics-dagold.py for tasks to queue
[2025-02-18T20:55:59.619+0000] {logging_mixin.py:151} INFO - [2025-02-18T20:55:59.619+0000] {dagbag.py:539} INFO - Filling up the DagBag from /opt/airflow/dags/xkcd-comics-dagold.py
[2025-02-18T20:55:59.628+0000] {processor.py:839} INFO - DAG(s) dict_keys(['xkcd_comics']) retrieved from /opt/airflow/dags/xkcd-comics-dagold.py
[2025-02-18T20:55:59.635+0000] {logging_mixin.py:151} INFO - [2025-02-18T20:55:59.635+0000] {dag.py:2915} INFO - Sync 1 DAGs
[2025-02-18T20:55:59.647+0000] {logging_mixin.py:151} INFO - [2025-02-18T20:55:59.647+0000] {dag.py:3696} INFO - Setting next_dagrun for xkcd_comics to 2025-02-17T10:00:00+00:00, run_after=2025-02-19T10:00:00+00:00
[2025-02-18T20:55:59.657+0000] {processor.py:179} INFO - Processing /opt/airflow/dags/xkcd-comics-dagold.py took 0.041 seconds
[2025-02-18T20:56:29.928+0000] {processor.py:157} INFO - Started process (PID=2045) to work on /opt/airflow/dags/xkcd-comics-dagold.py
[2025-02-18T20:56:29.929+0000] {processor.py:829} INFO - Processing file /opt/airflow/dags/xkcd-comics-dagold.py for tasks to queue
[2025-02-18T20:56:29.929+0000] {logging_mixin.py:151} INFO - [2025-02-18T20:56:29.929+0000] {dagbag.py:539} INFO - Filling up the DagBag from /opt/airflow/dags/xkcd-comics-dagold.py
[2025-02-18T20:56:29.945+0000] {processor.py:839} INFO - DAG(s) dict_keys(['xkcd_comics']) retrieved from /opt/airflow/dags/xkcd-comics-dagold.py
[2025-02-18T20:56:29.959+0000] {logging_mixin.py:151} INFO - [2025-02-18T20:56:29.959+0000] {dag.py:2915} INFO - Sync 1 DAGs
[2025-02-18T20:56:29.971+0000] {logging_mixin.py:151} INFO - [2025-02-18T20:56:29.971+0000] {dag.py:3696} INFO - Setting next_dagrun for xkcd_comics to 2025-02-17T10:00:00+00:00, run_after=2025-02-19T10:00:00+00:00
[2025-02-18T20:56:29.981+0000] {processor.py:179} INFO - Processing /opt/airflow/dags/xkcd-comics-dagold.py took 0.055 seconds
[2025-02-18T20:57:00.275+0000] {processor.py:157} INFO - Started process (PID=2060) to work on /opt/airflow/dags/xkcd-comics-dagold.py
[2025-02-18T20:57:00.275+0000] {processor.py:829} INFO - Processing file /opt/airflow/dags/xkcd-comics-dagold.py for tasks to queue
[2025-02-18T20:57:00.276+0000] {logging_mixin.py:151} INFO - [2025-02-18T20:57:00.276+0000] {dagbag.py:539} INFO - Filling up the DagBag from /opt/airflow/dags/xkcd-comics-dagold.py
[2025-02-18T20:57:00.286+0000] {processor.py:839} INFO - DAG(s) dict_keys(['xkcd_comics']) retrieved from /opt/airflow/dags/xkcd-comics-dagold.py
[2025-02-18T20:57:00.293+0000] {logging_mixin.py:151} INFO - [2025-02-18T20:57:00.293+0000] {dag.py:2915} INFO - Sync 1 DAGs
[2025-02-18T20:57:00.304+0000] {logging_mixin.py:151} INFO - [2025-02-18T20:57:00.304+0000] {dag.py:3696} INFO - Setting next_dagrun for xkcd_comics to 2025-02-17T10:00:00+00:00, run_after=2025-02-19T10:00:00+00:00
[2025-02-18T20:57:00.313+0000] {processor.py:179} INFO - Processing /opt/airflow/dags/xkcd-comics-dagold.py took 0.040 seconds
[2025-02-18T20:57:30.646+0000] {processor.py:157} INFO - Started process (PID=2075) to work on /opt/airflow/dags/xkcd-comics-dagold.py
[2025-02-18T20:57:30.646+0000] {processor.py:829} INFO - Processing file /opt/airflow/dags/xkcd-comics-dagold.py for tasks to queue
[2025-02-18T20:57:30.647+0000] {logging_mixin.py:151} INFO - [2025-02-18T20:57:30.647+0000] {dagbag.py:539} INFO - Filling up the DagBag from /opt/airflow/dags/xkcd-comics-dagold.py
[2025-02-18T20:57:30.656+0000] {processor.py:839} INFO - DAG(s) dict_keys(['xkcd_comics']) retrieved from /opt/airflow/dags/xkcd-comics-dagold.py
[2025-02-18T20:57:30.671+0000] {logging_mixin.py:151} INFO - [2025-02-18T20:57:30.671+0000] {dag.py:2915} INFO - Sync 1 DAGs
[2025-02-18T20:57:30.681+0000] {logging_mixin.py:151} INFO - [2025-02-18T20:57:30.681+0000] {dag.py:3696} INFO - Setting next_dagrun for xkcd_comics to 2025-02-17T10:00:00+00:00, run_after=2025-02-19T10:00:00+00:00
[2025-02-18T20:57:30.690+0000] {processor.py:179} INFO - Processing /opt/airflow/dags/xkcd-comics-dagold.py took 0.046 seconds
[2025-02-18T20:58:00.984+0000] {processor.py:157} INFO - Started process (PID=2090) to work on /opt/airflow/dags/xkcd-comics-dagold.py
[2025-02-18T20:58:00.984+0000] {processor.py:829} INFO - Processing file /opt/airflow/dags/xkcd-comics-dagold.py for tasks to queue
[2025-02-18T20:58:00.985+0000] {logging_mixin.py:151} INFO - [2025-02-18T20:58:00.985+0000] {dagbag.py:539} INFO - Filling up the DagBag from /opt/airflow/dags/xkcd-comics-dagold.py
[2025-02-18T20:58:00.993+0000] {processor.py:839} INFO - DAG(s) dict_keys(['xkcd_comics']) retrieved from /opt/airflow/dags/xkcd-comics-dagold.py
[2025-02-18T20:58:01.001+0000] {logging_mixin.py:151} INFO - [2025-02-18T20:58:01.001+0000] {dag.py:2915} INFO - Sync 1 DAGs
[2025-02-18T20:58:01.016+0000] {logging_mixin.py:151} INFO - [2025-02-18T20:58:01.016+0000] {dag.py:3696} INFO - Setting next_dagrun for xkcd_comics to 2025-02-17T10:00:00+00:00, run_after=2025-02-19T10:00:00+00:00
[2025-02-18T20:58:01.026+0000] {processor.py:179} INFO - Processing /opt/airflow/dags/xkcd-comics-dagold.py took 0.044 seconds
[2025-02-18T20:58:31.374+0000] {processor.py:157} INFO - Started process (PID=2105) to work on /opt/airflow/dags/xkcd-comics-dagold.py
[2025-02-18T20:58:31.375+0000] {processor.py:829} INFO - Processing file /opt/airflow/dags/xkcd-comics-dagold.py for tasks to queue
[2025-02-18T20:58:31.375+0000] {logging_mixin.py:151} INFO - [2025-02-18T20:58:31.375+0000] {dagbag.py:539} INFO - Filling up the DagBag from /opt/airflow/dags/xkcd-comics-dagold.py
[2025-02-18T20:58:31.385+0000] {processor.py:839} INFO - DAG(s) dict_keys(['xkcd_comics']) retrieved from /opt/airflow/dags/xkcd-comics-dagold.py
[2025-02-18T20:58:31.398+0000] {logging_mixin.py:151} INFO - [2025-02-18T20:58:31.398+0000] {dag.py:2915} INFO - Sync 1 DAGs
[2025-02-18T20:58:31.411+0000] {logging_mixin.py:151} INFO - [2025-02-18T20:58:31.411+0000] {dag.py:3696} INFO - Setting next_dagrun for xkcd_comics to 2025-02-17T10:00:00+00:00, run_after=2025-02-19T10:00:00+00:00
[2025-02-18T20:58:31.422+0000] {processor.py:179} INFO - Processing /opt/airflow/dags/xkcd-comics-dagold.py took 0.050 seconds
[2025-02-18T20:59:01.721+0000] {processor.py:157} INFO - Started process (PID=2120) to work on /opt/airflow/dags/xkcd-comics-dagold.py
[2025-02-18T20:59:01.722+0000] {processor.py:829} INFO - Processing file /opt/airflow/dags/xkcd-comics-dagold.py for tasks to queue
[2025-02-18T20:59:01.723+0000] {logging_mixin.py:151} INFO - [2025-02-18T20:59:01.722+0000] {dagbag.py:539} INFO - Filling up the DagBag from /opt/airflow/dags/xkcd-comics-dagold.py
[2025-02-18T20:59:01.733+0000] {processor.py:839} INFO - DAG(s) dict_keys(['xkcd_comics']) retrieved from /opt/airflow/dags/xkcd-comics-dagold.py
[2025-02-18T20:59:01.743+0000] {logging_mixin.py:151} INFO - [2025-02-18T20:59:01.743+0000] {dag.py:2915} INFO - Sync 1 DAGs
[2025-02-18T20:59:01.755+0000] {logging_mixin.py:151} INFO - [2025-02-18T20:59:01.755+0000] {dag.py:3696} INFO - Setting next_dagrun for xkcd_comics to 2025-02-17T10:00:00+00:00, run_after=2025-02-19T10:00:00+00:00
[2025-02-18T20:59:01.767+0000] {processor.py:179} INFO - Processing /opt/airflow/dags/xkcd-comics-dagold.py took 0.047 seconds
[2025-02-18T20:59:32.048+0000] {processor.py:157} INFO - Started process (PID=2135) to work on /opt/airflow/dags/xkcd-comics-dagold.py
[2025-02-18T20:59:32.049+0000] {processor.py:829} INFO - Processing file /opt/airflow/dags/xkcd-comics-dagold.py for tasks to queue
[2025-02-18T20:59:32.049+0000] {logging_mixin.py:151} INFO - [2025-02-18T20:59:32.049+0000] {dagbag.py:539} INFO - Filling up the DagBag from /opt/airflow/dags/xkcd-comics-dagold.py
[2025-02-18T20:59:32.063+0000] {processor.py:839} INFO - DAG(s) dict_keys(['xkcd_comics']) retrieved from /opt/airflow/dags/xkcd-comics-dagold.py
[2025-02-18T20:59:32.078+0000] {logging_mixin.py:151} INFO - [2025-02-18T20:59:32.077+0000] {dag.py:2915} INFO - Sync 1 DAGs
[2025-02-18T20:59:32.089+0000] {logging_mixin.py:151} INFO - [2025-02-18T20:59:32.089+0000] {dag.py:3696} INFO - Setting next_dagrun for xkcd_comics to 2025-02-17T10:00:00+00:00, run_after=2025-02-19T10:00:00+00:00
[2025-02-18T20:59:32.101+0000] {processor.py:179} INFO - Processing /opt/airflow/dags/xkcd-comics-dagold.py took 0.054 seconds
[2025-02-18T21:00:02.397+0000] {processor.py:157} INFO - Started process (PID=2152) to work on /opt/airflow/dags/xkcd-comics-dagold.py
[2025-02-18T21:00:02.397+0000] {processor.py:829} INFO - Processing file /opt/airflow/dags/xkcd-comics-dagold.py for tasks to queue
[2025-02-18T21:00:02.398+0000] {logging_mixin.py:151} INFO - [2025-02-18T21:00:02.398+0000] {dagbag.py:539} INFO - Filling up the DagBag from /opt/airflow/dags/xkcd-comics-dagold.py
[2025-02-18T21:00:02.408+0000] {processor.py:839} INFO - DAG(s) dict_keys(['xkcd_comics']) retrieved from /opt/airflow/dags/xkcd-comics-dagold.py
[2025-02-18T21:00:02.414+0000] {logging_mixin.py:151} INFO - [2025-02-18T21:00:02.414+0000] {dag.py:2915} INFO - Sync 1 DAGs
[2025-02-18T21:00:02.425+0000] {logging_mixin.py:151} INFO - [2025-02-18T21:00:02.425+0000] {dag.py:3696} INFO - Setting next_dagrun for xkcd_comics to 2025-02-17T10:00:00+00:00, run_after=2025-02-19T10:00:00+00:00
[2025-02-18T21:00:02.435+0000] {processor.py:179} INFO - Processing /opt/airflow/dags/xkcd-comics-dagold.py took 0.041 seconds
[2025-02-18T21:00:32.792+0000] {processor.py:157} INFO - Started process (PID=2167) to work on /opt/airflow/dags/xkcd-comics-dagold.py
[2025-02-18T21:00:32.793+0000] {processor.py:829} INFO - Processing file /opt/airflow/dags/xkcd-comics-dagold.py for tasks to queue
[2025-02-18T21:00:32.794+0000] {logging_mixin.py:151} INFO - [2025-02-18T21:00:32.794+0000] {dagbag.py:539} INFO - Filling up the DagBag from /opt/airflow/dags/xkcd-comics-dagold.py
[2025-02-18T21:00:32.812+0000] {processor.py:839} INFO - DAG(s) dict_keys(['xkcd_comics']) retrieved from /opt/airflow/dags/xkcd-comics-dagold.py
[2025-02-18T21:00:32.829+0000] {logging_mixin.py:151} INFO - [2025-02-18T21:00:32.829+0000] {dag.py:2915} INFO - Sync 1 DAGs
[2025-02-18T21:00:32.840+0000] {logging_mixin.py:151} INFO - [2025-02-18T21:00:32.840+0000] {dag.py:3696} INFO - Setting next_dagrun for xkcd_comics to 2025-02-17T10:00:00+00:00, run_after=2025-02-19T10:00:00+00:00
[2025-02-18T21:00:32.851+0000] {processor.py:179} INFO - Processing /opt/airflow/dags/xkcd-comics-dagold.py took 0.060 seconds
[2025-02-18T21:01:03.165+0000] {processor.py:157} INFO - Started process (PID=2182) to work on /opt/airflow/dags/xkcd-comics-dagold.py
[2025-02-18T21:01:03.165+0000] {processor.py:829} INFO - Processing file /opt/airflow/dags/xkcd-comics-dagold.py for tasks to queue
[2025-02-18T21:01:03.166+0000] {logging_mixin.py:151} INFO - [2025-02-18T21:01:03.166+0000] {dagbag.py:539} INFO - Filling up the DagBag from /opt/airflow/dags/xkcd-comics-dagold.py
[2025-02-18T21:01:03.179+0000] {processor.py:839} INFO - DAG(s) dict_keys(['xkcd_comics']) retrieved from /opt/airflow/dags/xkcd-comics-dagold.py
[2025-02-18T21:01:03.190+0000] {logging_mixin.py:151} INFO - [2025-02-18T21:01:03.190+0000] {dag.py:2915} INFO - Sync 1 DAGs
[2025-02-18T21:01:03.200+0000] {logging_mixin.py:151} INFO - [2025-02-18T21:01:03.200+0000] {dag.py:3696} INFO - Setting next_dagrun for xkcd_comics to 2025-02-17T10:00:00+00:00, run_after=2025-02-19T10:00:00+00:00
[2025-02-18T21:01:03.211+0000] {processor.py:179} INFO - Processing /opt/airflow/dags/xkcd-comics-dagold.py took 0.048 seconds
[2025-02-18T21:01:33.495+0000] {processor.py:157} INFO - Started process (PID=2197) to work on /opt/airflow/dags/xkcd-comics-dagold.py
[2025-02-18T21:01:33.495+0000] {processor.py:829} INFO - Processing file /opt/airflow/dags/xkcd-comics-dagold.py for tasks to queue
[2025-02-18T21:01:33.496+0000] {logging_mixin.py:151} INFO - [2025-02-18T21:01:33.496+0000] {dagbag.py:539} INFO - Filling up the DagBag from /opt/airflow/dags/xkcd-comics-dagold.py
[2025-02-18T21:01:33.508+0000] {processor.py:839} INFO - DAG(s) dict_keys(['xkcd_comics']) retrieved from /opt/airflow/dags/xkcd-comics-dagold.py
[2025-02-18T21:01:33.523+0000] {logging_mixin.py:151} INFO - [2025-02-18T21:01:33.523+0000] {dag.py:2915} INFO - Sync 1 DAGs
[2025-02-18T21:01:33.536+0000] {logging_mixin.py:151} INFO - [2025-02-18T21:01:33.536+0000] {dag.py:3696} INFO - Setting next_dagrun for xkcd_comics to 2025-02-17T10:00:00+00:00, run_after=2025-02-19T10:00:00+00:00
[2025-02-18T21:01:33.546+0000] {processor.py:179} INFO - Processing /opt/airflow/dags/xkcd-comics-dagold.py took 0.053 seconds
[2025-02-18T21:02:03.872+0000] {processor.py:157} INFO - Started process (PID=2212) to work on /opt/airflow/dags/xkcd-comics-dagold.py
[2025-02-18T21:02:03.873+0000] {processor.py:829} INFO - Processing file /opt/airflow/dags/xkcd-comics-dagold.py for tasks to queue
[2025-02-18T21:02:03.873+0000] {logging_mixin.py:151} INFO - [2025-02-18T21:02:03.873+0000] {dagbag.py:539} INFO - Filling up the DagBag from /opt/airflow/dags/xkcd-comics-dagold.py
[2025-02-18T21:02:03.886+0000] {processor.py:839} INFO - DAG(s) dict_keys(['xkcd_comics']) retrieved from /opt/airflow/dags/xkcd-comics-dagold.py
[2025-02-18T21:02:03.903+0000] {logging_mixin.py:151} INFO - [2025-02-18T21:02:03.903+0000] {dag.py:2915} INFO - Sync 1 DAGs
[2025-02-18T21:02:03.915+0000] {logging_mixin.py:151} INFO - [2025-02-18T21:02:03.915+0000] {dag.py:3696} INFO - Setting next_dagrun for xkcd_comics to 2025-02-17T10:00:00+00:00, run_after=2025-02-19T10:00:00+00:00
[2025-02-18T21:02:03.928+0000] {processor.py:179} INFO - Processing /opt/airflow/dags/xkcd-comics-dagold.py took 0.058 seconds
[2025-02-18T21:02:34.212+0000] {processor.py:157} INFO - Started process (PID=2227) to work on /opt/airflow/dags/xkcd-comics-dagold.py
[2025-02-18T21:02:34.212+0000] {processor.py:829} INFO - Processing file /opt/airflow/dags/xkcd-comics-dagold.py for tasks to queue
[2025-02-18T21:02:34.213+0000] {logging_mixin.py:151} INFO - [2025-02-18T21:02:34.213+0000] {dagbag.py:539} INFO - Filling up the DagBag from /opt/airflow/dags/xkcd-comics-dagold.py
[2025-02-18T21:02:34.221+0000] {processor.py:839} INFO - DAG(s) dict_keys(['xkcd_comics']) retrieved from /opt/airflow/dags/xkcd-comics-dagold.py
[2025-02-18T21:02:34.228+0000] {logging_mixin.py:151} INFO - [2025-02-18T21:02:34.228+0000] {dag.py:2915} INFO - Sync 1 DAGs
[2025-02-18T21:02:34.239+0000] {logging_mixin.py:151} INFO - [2025-02-18T21:02:34.239+0000] {dag.py:3696} INFO - Setting next_dagrun for xkcd_comics to 2025-02-17T10:00:00+00:00, run_after=2025-02-19T10:00:00+00:00
[2025-02-18T21:02:34.250+0000] {processor.py:179} INFO - Processing /opt/airflow/dags/xkcd-comics-dagold.py took 0.039 seconds
[2025-02-18T21:29:29.954+0000] {processor.py:157} INFO - Started process (PID=2242) to work on /opt/airflow/dags/xkcd-comics-dagold.py
[2025-02-18T21:29:29.955+0000] {processor.py:829} INFO - Processing file /opt/airflow/dags/xkcd-comics-dagold.py for tasks to queue
[2025-02-18T21:29:29.955+0000] {logging_mixin.py:151} INFO - [2025-02-18T21:29:29.955+0000] {dagbag.py:539} INFO - Filling up the DagBag from /opt/airflow/dags/xkcd-comics-dagold.py
[2025-02-18T21:29:29.967+0000] {processor.py:839} INFO - DAG(s) dict_keys(['xkcd_comics']) retrieved from /opt/airflow/dags/xkcd-comics-dagold.py
[2025-02-18T21:29:29.982+0000] {logging_mixin.py:151} INFO - [2025-02-18T21:29:29.982+0000] {dag.py:2915} INFO - Sync 1 DAGs
[2025-02-18T21:29:29.993+0000] {logging_mixin.py:151} INFO - [2025-02-18T21:29:29.993+0000] {dag.py:3696} INFO - Setting next_dagrun for xkcd_comics to 2025-02-17T10:00:00+00:00, run_after=2025-02-19T10:00:00+00:00
[2025-02-18T21:29:30.005+0000] {processor.py:179} INFO - Processing /opt/airflow/dags/xkcd-comics-dagold.py took 0.053 seconds
[2025-02-18T23:08:24.779+0000] {processor.py:157} INFO - Started process (PID=2259) to work on /opt/airflow/dags/xkcd-comics-dagold.py
[2025-02-18T23:08:24.784+0000] {processor.py:829} INFO - Processing file /opt/airflow/dags/xkcd-comics-dagold.py for tasks to queue
[2025-02-18T23:08:24.787+0000] {logging_mixin.py:151} INFO - [2025-02-18T23:08:24.786+0000] {dagbag.py:539} INFO - Filling up the DagBag from /opt/airflow/dags/xkcd-comics-dagold.py
[2025-02-18T23:08:24.803+0000] {processor.py:839} INFO - DAG(s) dict_keys(['xkcd_comics']) retrieved from /opt/airflow/dags/xkcd-comics-dagold.py
[2025-02-18T23:08:24.841+0000] {logging_mixin.py:151} INFO - [2025-02-18T23:08:24.841+0000] {dag.py:2915} INFO - Sync 1 DAGs
[2025-02-18T23:08:24.863+0000] {logging_mixin.py:151} INFO - [2025-02-18T23:08:24.863+0000] {dag.py:3696} INFO - Setting next_dagrun for xkcd_comics to 2025-02-17T10:00:00+00:00, run_after=2025-02-19T10:00:00+00:00
[2025-02-18T23:08:24.881+0000] {processor.py:179} INFO - Processing /opt/airflow/dags/xkcd-comics-dagold.py took 0.106 seconds
