[2025-02-28T00:56:03.927+0000] {processor.py:157} INFO - Started process (PID=20702) to work on /opt/airflow/dags/xkcd-comics-dag.py
[2025-02-28T00:56:03.927+0000] {processor.py:829} INFO - Processing file /opt/airflow/dags/xkcd-comics-dag.py for tasks to queue
[2025-02-28T00:56:03.928+0000] {logging_mixin.py:151} INFO - [2025-02-28T00:56:03.928+0000] {dagbag.py:539} INFO - Filling up the DagBag from /opt/airflow/dags/xkcd-comics-dag.py
[2025-02-28T00:56:03.941+0000] {processor.py:839} INFO - DAG(s) dict_keys(['xkcd_comic_fetcher']) retrieved from /opt/airflow/dags/xkcd-comics-dag.py
[2025-02-28T00:56:03.958+0000] {logging_mixin.py:151} INFO - [2025-02-28T00:56:03.958+0000] {dag.py:2915} INFO - Sync 1 DAGs
[2025-02-28T00:56:03.970+0000] {logging_mixin.py:151} INFO - [2025-02-28T00:56:03.970+0000] {dag.py:3696} INFO - Setting next_dagrun for xkcd_comic_fetcher to 2025-02-26T05:00:00+00:00, run_after=2025-02-28T05:00:00+00:00
[2025-02-28T00:56:03.980+0000] {processor.py:179} INFO - Processing /opt/airflow/dags/xkcd-comics-dag.py took 0.055 seconds
[2025-02-28T02:33:37.739+0000] {processor.py:157} INFO - Started process (PID=20712) to work on /opt/airflow/dags/xkcd-comics-dag.py
[2025-02-28T02:33:37.740+0000] {processor.py:829} INFO - Processing file /opt/airflow/dags/xkcd-comics-dag.py for tasks to queue
[2025-02-28T02:33:37.740+0000] {logging_mixin.py:151} INFO - [2025-02-28T02:33:37.740+0000] {dagbag.py:539} INFO - Filling up the DagBag from /opt/airflow/dags/xkcd-comics-dag.py
[2025-02-28T02:33:37.756+0000] {processor.py:839} INFO - DAG(s) dict_keys(['xkcd_comic_fetcher']) retrieved from /opt/airflow/dags/xkcd-comics-dag.py
[2025-02-28T02:33:37.776+0000] {logging_mixin.py:151} INFO - [2025-02-28T02:33:37.776+0000] {dag.py:2915} INFO - Sync 1 DAGs
[2025-02-28T02:33:37.790+0000] {logging_mixin.py:151} INFO - [2025-02-28T02:33:37.790+0000] {dag.py:3696} INFO - Setting next_dagrun for xkcd_comic_fetcher to 2025-02-26T05:00:00+00:00, run_after=2025-02-28T05:00:00+00:00
[2025-02-28T02:33:37.801+0000] {processor.py:179} INFO - Processing /opt/airflow/dags/xkcd-comics-dag.py took 0.067 seconds
[2025-02-28T04:11:35.712+0000] {processor.py:157} INFO - Started process (PID=20724) to work on /opt/airflow/dags/xkcd-comics-dag.py
[2025-02-28T04:11:35.712+0000] {processor.py:829} INFO - Processing file /opt/airflow/dags/xkcd-comics-dag.py for tasks to queue
[2025-02-28T04:11:35.713+0000] {logging_mixin.py:151} INFO - [2025-02-28T04:11:35.713+0000] {dagbag.py:539} INFO - Filling up the DagBag from /opt/airflow/dags/xkcd-comics-dag.py
[2025-02-28T04:11:35.728+0000] {processor.py:839} INFO - DAG(s) dict_keys(['xkcd_comic_fetcher']) retrieved from /opt/airflow/dags/xkcd-comics-dag.py
[2025-02-28T04:11:35.749+0000] {logging_mixin.py:151} INFO - [2025-02-28T04:11:35.748+0000] {dag.py:2915} INFO - Sync 1 DAGs
[2025-02-28T04:11:35.761+0000] {logging_mixin.py:151} INFO - [2025-02-28T04:11:35.761+0000] {dag.py:3696} INFO - Setting next_dagrun for xkcd_comic_fetcher to 2025-02-26T05:00:00+00:00, run_after=2025-02-28T05:00:00+00:00
[2025-02-28T04:11:35.771+0000] {processor.py:179} INFO - Processing /opt/airflow/dags/xkcd-comics-dag.py took 0.063 seconds
[2025-02-28T05:39:18.856+0000] {processor.py:157} INFO - Started process (PID=20736) to work on /opt/airflow/dags/xkcd-comics-dag.py
[2025-02-28T05:39:18.857+0000] {processor.py:829} INFO - Processing file /opt/airflow/dags/xkcd-comics-dag.py for tasks to queue
[2025-02-28T05:39:18.858+0000] {logging_mixin.py:151} INFO - [2025-02-28T05:39:18.857+0000] {dagbag.py:539} INFO - Filling up the DagBag from /opt/airflow/dags/xkcd-comics-dag.py
[2025-02-28T05:39:18.872+0000] {processor.py:839} INFO - DAG(s) dict_keys(['xkcd_comic_fetcher']) retrieved from /opt/airflow/dags/xkcd-comics-dag.py
[2025-02-28T05:39:18.893+0000] {logging_mixin.py:151} INFO - [2025-02-28T05:39:18.893+0000] {dag.py:2915} INFO - Sync 1 DAGs
[2025-02-28T05:39:18.908+0000] {logging_mixin.py:151} INFO - [2025-02-28T05:39:18.908+0000] {dag.py:3696} INFO - Setting next_dagrun for xkcd_comic_fetcher to 2025-02-28T05:00:00+00:00, run_after=2025-03-03T05:00:00+00:00
[2025-02-28T05:39:18.920+0000] {processor.py:179} INFO - Processing /opt/airflow/dags/xkcd-comics-dag.py took 0.066 seconds
[2025-02-28T06:49:12.394+0000] {processor.py:157} INFO - Started process (PID=20748) to work on /opt/airflow/dags/xkcd-comics-dag.py
[2025-02-28T06:49:12.395+0000] {processor.py:829} INFO - Processing file /opt/airflow/dags/xkcd-comics-dag.py for tasks to queue
[2025-02-28T06:49:12.398+0000] {logging_mixin.py:151} INFO - [2025-02-28T06:49:12.397+0000] {dagbag.py:539} INFO - Filling up the DagBag from /opt/airflow/dags/xkcd-comics-dag.py
[2025-02-28T06:49:12.424+0000] {processor.py:839} INFO - DAG(s) dict_keys(['xkcd_comic_fetcher']) retrieved from /opt/airflow/dags/xkcd-comics-dag.py
[2025-02-28T06:49:12.449+0000] {logging_mixin.py:151} INFO - [2025-02-28T06:49:12.449+0000] {dag.py:2915} INFO - Sync 1 DAGs
[2025-02-28T06:49:12.463+0000] {logging_mixin.py:151} INFO - [2025-02-28T06:49:12.463+0000] {dag.py:3696} INFO - Setting next_dagrun for xkcd_comic_fetcher to 2025-02-28T05:00:00+00:00, run_after=2025-03-03T05:00:00+00:00
[2025-02-28T06:49:12.471+0000] {processor.py:179} INFO - Processing /opt/airflow/dags/xkcd-comics-dag.py took 0.082 seconds
[2025-02-28T06:49:16.654+0000] {processor.py:157} INFO - Started process (PID=20758) to work on /opt/airflow/dags/xkcd-comics-dag.py
[2025-02-28T06:49:16.654+0000] {processor.py:829} INFO - Processing file /opt/airflow/dags/xkcd-comics-dag.py for tasks to queue
[2025-02-28T06:49:16.655+0000] {logging_mixin.py:151} INFO - [2025-02-28T06:49:16.654+0000] {dagbag.py:539} INFO - Filling up the DagBag from /opt/airflow/dags/xkcd-comics-dag.py
[2025-02-28T06:49:16.665+0000] {processor.py:839} INFO - DAG(s) dict_keys(['xkcd_comic_fetcher']) retrieved from /opt/airflow/dags/xkcd-comics-dag.py
[2025-02-28T06:49:16.796+0000] {logging_mixin.py:151} INFO - [2025-02-28T06:49:16.795+0000] {taskinstance.py:1937} ERROR - {'DAG Id': 'xkcd_comic_fetcher', 'Task Id': 'wait_for_comic', 'Run Id': 'scheduled__2025-02-26T05:00:00+00:00', 'Hostname': '25ffd23c4844'}
[2025-02-28T06:49:16.811+0000] {logging_mixin.py:151} INFO - [2025-02-28T06:49:16.811+0000] {taskinstance.py:1398} INFO - Marking task as UP_FOR_RETRY. dag_id=xkcd_comic_fetcher, task_id=wait_for_comic, execution_date=20250226T050000, start_date=20250228T053919, end_date=20250228T064916
[2025-02-28T06:49:16.818+0000] {processor.py:790} INFO - Executed failure callback for <TaskInstance: xkcd_comic_fetcher.wait_for_comic scheduled__2025-02-26T05:00:00+00:00 [up_for_retry]> in state up_for_retry
[2025-02-28T06:49:16.842+0000] {logging_mixin.py:151} INFO - [2025-02-28T06:49:16.842+0000] {dag.py:2915} INFO - Sync 1 DAGs
[2025-02-28T06:49:16.854+0000] {logging_mixin.py:151} INFO - [2025-02-28T06:49:16.854+0000] {dag.py:3696} INFO - Setting next_dagrun for xkcd_comic_fetcher to 2025-02-28T05:00:00+00:00, run_after=2025-03-03T05:00:00+00:00
[2025-02-28T06:49:16.861+0000] {processor.py:179} INFO - Processing /opt/airflow/dags/xkcd-comics-dag.py took 0.210 seconds
[2025-02-28T08:04:44.572+0000] {processor.py:157} INFO - Started process (PID=20763) to work on /opt/airflow/dags/xkcd-comics-dag.py
[2025-02-28T08:04:44.572+0000] {processor.py:829} INFO - Processing file /opt/airflow/dags/xkcd-comics-dag.py for tasks to queue
[2025-02-28T08:04:44.573+0000] {logging_mixin.py:151} INFO - [2025-02-28T08:04:44.573+0000] {dagbag.py:539} INFO - Filling up the DagBag from /opt/airflow/dags/xkcd-comics-dag.py
[2025-02-28T08:04:44.585+0000] {processor.py:839} INFO - DAG(s) dict_keys(['xkcd_comic_fetcher']) retrieved from /opt/airflow/dags/xkcd-comics-dag.py
[2025-02-28T08:04:44.604+0000] {logging_mixin.py:151} INFO - [2025-02-28T08:04:44.604+0000] {dag.py:2915} INFO - Sync 1 DAGs
[2025-02-28T08:04:44.615+0000] {logging_mixin.py:151} INFO - [2025-02-28T08:04:44.615+0000] {dag.py:3696} INFO - Setting next_dagrun for xkcd_comic_fetcher to 2025-02-28T05:00:00+00:00, run_after=2025-03-03T05:00:00+00:00
[2025-02-28T08:04:44.626+0000] {processor.py:179} INFO - Processing /opt/airflow/dags/xkcd-comics-dag.py took 0.057 seconds
[2025-02-28T09:15:37.934+0000] {processor.py:157} INFO - Started process (PID=20775) to work on /opt/airflow/dags/xkcd-comics-dag.py
[2025-02-28T09:15:37.935+0000] {processor.py:829} INFO - Processing file /opt/airflow/dags/xkcd-comics-dag.py for tasks to queue
[2025-02-28T09:15:37.935+0000] {logging_mixin.py:151} INFO - [2025-02-28T09:15:37.935+0000] {dagbag.py:539} INFO - Filling up the DagBag from /opt/airflow/dags/xkcd-comics-dag.py
[2025-02-28T09:15:37.960+0000] {processor.py:839} INFO - DAG(s) dict_keys(['xkcd_comic_fetcher']) retrieved from /opt/airflow/dags/xkcd-comics-dag.py
[2025-02-28T09:15:37.988+0000] {logging_mixin.py:151} INFO - [2025-02-28T09:15:37.988+0000] {dag.py:2915} INFO - Sync 1 DAGs
[2025-02-28T09:15:38.007+0000] {logging_mixin.py:151} INFO - [2025-02-28T09:15:38.006+0000] {dag.py:3696} INFO - Setting next_dagrun for xkcd_comic_fetcher to 2025-02-28T05:00:00+00:00, run_after=2025-03-03T05:00:00+00:00
[2025-02-28T09:15:38.021+0000] {processor.py:179} INFO - Processing /opt/airflow/dags/xkcd-comics-dag.py took 0.091 seconds
[2025-02-28T10:32:15.030+0000] {processor.py:157} INFO - Started process (PID=20785) to work on /opt/airflow/dags/xkcd-comics-dag.py
[2025-02-28T10:32:15.030+0000] {processor.py:829} INFO - Processing file /opt/airflow/dags/xkcd-comics-dag.py for tasks to queue
[2025-02-28T10:32:15.031+0000] {logging_mixin.py:151} INFO - [2025-02-28T10:32:15.031+0000] {dagbag.py:539} INFO - Filling up the DagBag from /opt/airflow/dags/xkcd-comics-dag.py
[2025-02-28T10:32:15.046+0000] {processor.py:839} INFO - DAG(s) dict_keys(['xkcd_comic_fetcher']) retrieved from /opt/airflow/dags/xkcd-comics-dag.py
[2025-02-28T10:32:15.064+0000] {logging_mixin.py:151} INFO - [2025-02-28T10:32:15.064+0000] {dag.py:2915} INFO - Sync 1 DAGs
[2025-02-28T10:32:15.075+0000] {logging_mixin.py:151} INFO - [2025-02-28T10:32:15.075+0000] {dag.py:3696} INFO - Setting next_dagrun for xkcd_comic_fetcher to 2025-02-28T05:00:00+00:00, run_after=2025-03-03T05:00:00+00:00
[2025-02-28T10:32:15.085+0000] {processor.py:179} INFO - Processing /opt/airflow/dags/xkcd-comics-dag.py took 0.058 seconds
[2025-02-28T11:34:09.104+0000] {processor.py:157} INFO - Started process (PID=20795) to work on /opt/airflow/dags/xkcd-comics-dag.py
[2025-02-28T11:34:09.105+0000] {processor.py:829} INFO - Processing file /opt/airflow/dags/xkcd-comics-dag.py for tasks to queue
[2025-02-28T11:34:09.107+0000] {logging_mixin.py:151} INFO - [2025-02-28T11:34:09.106+0000] {dagbag.py:539} INFO - Filling up the DagBag from /opt/airflow/dags/xkcd-comics-dag.py
[2025-02-28T11:34:09.119+0000] {processor.py:839} INFO - DAG(s) dict_keys(['xkcd_comic_fetcher']) retrieved from /opt/airflow/dags/xkcd-comics-dag.py
[2025-02-28T11:34:09.137+0000] {logging_mixin.py:151} INFO - [2025-02-28T11:34:09.137+0000] {dag.py:2915} INFO - Sync 1 DAGs
[2025-02-28T11:34:09.155+0000] {logging_mixin.py:151} INFO - [2025-02-28T11:34:09.154+0000] {dag.py:3696} INFO - Setting next_dagrun for xkcd_comic_fetcher to 2025-02-28T05:00:00+00:00, run_after=2025-03-03T05:00:00+00:00
[2025-02-28T11:34:09.175+0000] {processor.py:179} INFO - Processing /opt/airflow/dags/xkcd-comics-dag.py took 0.074 seconds
[2025-02-28T13:07:28.914+0000] {processor.py:157} INFO - Started process (PID=20805) to work on /opt/airflow/dags/xkcd-comics-dag.py
[2025-02-28T13:07:28.915+0000] {processor.py:829} INFO - Processing file /opt/airflow/dags/xkcd-comics-dag.py for tasks to queue
[2025-02-28T13:07:28.916+0000] {logging_mixin.py:151} INFO - [2025-02-28T13:07:28.916+0000] {dagbag.py:539} INFO - Filling up the DagBag from /opt/airflow/dags/xkcd-comics-dag.py
[2025-02-28T13:07:28.929+0000] {processor.py:839} INFO - DAG(s) dict_keys(['xkcd_comic_fetcher']) retrieved from /opt/airflow/dags/xkcd-comics-dag.py
[2025-02-28T13:07:28.946+0000] {logging_mixin.py:151} INFO - [2025-02-28T13:07:28.946+0000] {dag.py:2915} INFO - Sync 1 DAGs
[2025-02-28T13:07:28.956+0000] {logging_mixin.py:151} INFO - [2025-02-28T13:07:28.956+0000] {dag.py:3696} INFO - Setting next_dagrun for xkcd_comic_fetcher to 2025-02-28T05:00:00+00:00, run_after=2025-03-03T05:00:00+00:00
[2025-02-28T13:07:28.969+0000] {processor.py:179} INFO - Processing /opt/airflow/dags/xkcd-comics-dag.py took 0.058 seconds
[2025-02-28T14:20:38.129+0000] {processor.py:157} INFO - Started process (PID=20817) to work on /opt/airflow/dags/xkcd-comics-dag.py
[2025-02-28T14:20:38.131+0000] {processor.py:829} INFO - Processing file /opt/airflow/dags/xkcd-comics-dag.py for tasks to queue
[2025-02-28T14:20:38.132+0000] {logging_mixin.py:151} INFO - [2025-02-28T14:20:38.131+0000] {dagbag.py:539} INFO - Filling up the DagBag from /opt/airflow/dags/xkcd-comics-dag.py
[2025-02-28T14:20:38.154+0000] {processor.py:839} INFO - DAG(s) dict_keys(['xkcd_comic_fetcher']) retrieved from /opt/airflow/dags/xkcd-comics-dag.py
[2025-02-28T14:20:38.190+0000] {logging_mixin.py:151} INFO - [2025-02-28T14:20:38.190+0000] {dag.py:2915} INFO - Sync 1 DAGs
[2025-02-28T14:20:38.206+0000] {logging_mixin.py:151} INFO - [2025-02-28T14:20:38.206+0000] {dag.py:3696} INFO - Setting next_dagrun for xkcd_comic_fetcher to 2025-02-28T05:00:00+00:00, run_after=2025-03-03T05:00:00+00:00
[2025-02-28T14:20:38.223+0000] {processor.py:179} INFO - Processing /opt/airflow/dags/xkcd-comics-dag.py took 0.098 seconds
[2025-02-28T15:21:37.395+0000] {processor.py:157} INFO - Started process (PID=20827) to work on /opt/airflow/dags/xkcd-comics-dag.py
[2025-02-28T15:21:37.396+0000] {processor.py:829} INFO - Processing file /opt/airflow/dags/xkcd-comics-dag.py for tasks to queue
[2025-02-28T15:21:37.396+0000] {logging_mixin.py:151} INFO - [2025-02-28T15:21:37.396+0000] {dagbag.py:539} INFO - Filling up the DagBag from /opt/airflow/dags/xkcd-comics-dag.py
[2025-02-28T15:21:37.410+0000] {processor.py:839} INFO - DAG(s) dict_keys(['xkcd_comic_fetcher']) retrieved from /opt/airflow/dags/xkcd-comics-dag.py
[2025-02-28T15:21:37.430+0000] {logging_mixin.py:151} INFO - [2025-02-28T15:21:37.429+0000] {dag.py:2915} INFO - Sync 1 DAGs
[2025-02-28T15:21:37.441+0000] {logging_mixin.py:151} INFO - [2025-02-28T15:21:37.441+0000] {dag.py:3696} INFO - Setting next_dagrun for xkcd_comic_fetcher to 2025-02-28T05:00:00+00:00, run_after=2025-03-03T05:00:00+00:00
[2025-02-28T15:21:37.452+0000] {processor.py:179} INFO - Processing /opt/airflow/dags/xkcd-comics-dag.py took 0.059 seconds
[2025-02-28T16:22:41.393+0000] {processor.py:157} INFO - Started process (PID=20837) to work on /opt/airflow/dags/xkcd-comics-dag.py
[2025-02-28T16:22:41.394+0000] {processor.py:829} INFO - Processing file /opt/airflow/dags/xkcd-comics-dag.py for tasks to queue
[2025-02-28T16:22:41.395+0000] {logging_mixin.py:151} INFO - [2025-02-28T16:22:41.395+0000] {dagbag.py:539} INFO - Filling up the DagBag from /opt/airflow/dags/xkcd-comics-dag.py
[2025-02-28T16:22:41.416+0000] {processor.py:839} INFO - DAG(s) dict_keys(['xkcd_comic_fetcher']) retrieved from /opt/airflow/dags/xkcd-comics-dag.py
[2025-02-28T16:22:41.440+0000] {logging_mixin.py:151} INFO - [2025-02-28T16:22:41.440+0000] {dag.py:2915} INFO - Sync 1 DAGs
[2025-02-28T16:22:41.453+0000] {logging_mixin.py:151} INFO - [2025-02-28T16:22:41.453+0000] {dag.py:3696} INFO - Setting next_dagrun for xkcd_comic_fetcher to 2025-02-28T05:00:00+00:00, run_after=2025-03-03T05:00:00+00:00
[2025-02-28T16:22:41.468+0000] {processor.py:179} INFO - Processing /opt/airflow/dags/xkcd-comics-dag.py took 0.077 seconds
[2025-02-28T17:55:51.923+0000] {processor.py:157} INFO - Started process (PID=20849) to work on /opt/airflow/dags/xkcd-comics-dag.py
[2025-02-28T17:55:51.924+0000] {processor.py:829} INFO - Processing file /opt/airflow/dags/xkcd-comics-dag.py for tasks to queue
[2025-02-28T17:55:51.924+0000] {logging_mixin.py:151} INFO - [2025-02-28T17:55:51.924+0000] {dagbag.py:539} INFO - Filling up the DagBag from /opt/airflow/dags/xkcd-comics-dag.py
[2025-02-28T17:55:51.937+0000] {processor.py:839} INFO - DAG(s) dict_keys(['xkcd_comic_fetcher']) retrieved from /opt/airflow/dags/xkcd-comics-dag.py
[2025-02-28T17:55:51.953+0000] {logging_mixin.py:151} INFO - [2025-02-28T17:55:51.953+0000] {dag.py:2915} INFO - Sync 1 DAGs
[2025-02-28T17:55:51.967+0000] {logging_mixin.py:151} INFO - [2025-02-28T17:55:51.967+0000] {dag.py:3696} INFO - Setting next_dagrun for xkcd_comic_fetcher to 2025-02-28T05:00:00+00:00, run_after=2025-03-03T05:00:00+00:00
[2025-02-28T17:55:51.981+0000] {processor.py:179} INFO - Processing /opt/airflow/dags/xkcd-comics-dag.py took 0.060 seconds
[2025-02-28T19:13:57.958+0000] {processor.py:157} INFO - Started process (PID=20859) to work on /opt/airflow/dags/xkcd-comics-dag.py
[2025-02-28T19:13:57.959+0000] {processor.py:829} INFO - Processing file /opt/airflow/dags/xkcd-comics-dag.py for tasks to queue
[2025-02-28T19:13:57.960+0000] {logging_mixin.py:151} INFO - [2025-02-28T19:13:57.959+0000] {dagbag.py:539} INFO - Filling up the DagBag from /opt/airflow/dags/xkcd-comics-dag.py
[2025-02-28T19:13:57.975+0000] {processor.py:839} INFO - DAG(s) dict_keys(['xkcd_comic_fetcher']) retrieved from /opt/airflow/dags/xkcd-comics-dag.py
[2025-02-28T19:13:57.995+0000] {logging_mixin.py:151} INFO - [2025-02-28T19:13:57.995+0000] {dag.py:2915} INFO - Sync 1 DAGs
[2025-02-28T19:13:58.008+0000] {logging_mixin.py:151} INFO - [2025-02-28T19:13:58.008+0000] {dag.py:3696} INFO - Setting next_dagrun for xkcd_comic_fetcher to 2025-02-28T05:00:00+00:00, run_after=2025-03-03T05:00:00+00:00
[2025-02-28T19:13:58.019+0000] {processor.py:179} INFO - Processing /opt/airflow/dags/xkcd-comics-dag.py took 0.063 seconds
[2025-02-28T20:26:38.121+0000] {processor.py:157} INFO - Started process (PID=20869) to work on /opt/airflow/dags/xkcd-comics-dag.py
[2025-02-28T20:26:38.121+0000] {processor.py:829} INFO - Processing file /opt/airflow/dags/xkcd-comics-dag.py for tasks to queue
[2025-02-28T20:26:38.122+0000] {logging_mixin.py:151} INFO - [2025-02-28T20:26:38.122+0000] {dagbag.py:539} INFO - Filling up the DagBag from /opt/airflow/dags/xkcd-comics-dag.py
[2025-02-28T20:26:38.135+0000] {processor.py:839} INFO - DAG(s) dict_keys(['xkcd_comic_fetcher']) retrieved from /opt/airflow/dags/xkcd-comics-dag.py
[2025-02-28T20:26:38.154+0000] {logging_mixin.py:151} INFO - [2025-02-28T20:26:38.154+0000] {dag.py:2915} INFO - Sync 1 DAGs
[2025-02-28T20:26:38.166+0000] {logging_mixin.py:151} INFO - [2025-02-28T20:26:38.166+0000] {dag.py:3696} INFO - Setting next_dagrun for xkcd_comic_fetcher to 2025-02-28T05:00:00+00:00, run_after=2025-03-03T05:00:00+00:00
[2025-02-28T20:26:38.177+0000] {processor.py:179} INFO - Processing /opt/airflow/dags/xkcd-comics-dag.py took 0.058 seconds
[2025-02-28T21:15:45.909+0000] {processor.py:157} INFO - Started process (PID=20879) to work on /opt/airflow/dags/xkcd-comics-dag.py
[2025-02-28T21:15:45.910+0000] {processor.py:829} INFO - Processing file /opt/airflow/dags/xkcd-comics-dag.py for tasks to queue
[2025-02-28T21:15:45.911+0000] {logging_mixin.py:151} INFO - [2025-02-28T21:15:45.911+0000] {dagbag.py:539} INFO - Filling up the DagBag from /opt/airflow/dags/xkcd-comics-dag.py
[2025-02-28T21:15:45.923+0000] {processor.py:839} INFO - DAG(s) dict_keys(['xkcd_comic_fetcher']) retrieved from /opt/airflow/dags/xkcd-comics-dag.py
[2025-02-28T21:15:45.939+0000] {logging_mixin.py:151} INFO - [2025-02-28T21:15:45.938+0000] {dag.py:2915} INFO - Sync 1 DAGs
[2025-02-28T21:15:45.951+0000] {logging_mixin.py:151} INFO - [2025-02-28T21:15:45.951+0000] {dag.py:3696} INFO - Setting next_dagrun for xkcd_comic_fetcher to 2025-02-28T05:00:00+00:00, run_after=2025-03-03T05:00:00+00:00
[2025-02-28T21:15:45.962+0000] {processor.py:179} INFO - Processing /opt/airflow/dags/xkcd-comics-dag.py took 0.055 seconds
[2025-02-28T22:28:40.365+0000] {processor.py:157} INFO - Started process (PID=20891) to work on /opt/airflow/dags/xkcd-comics-dag.py
[2025-02-28T22:28:40.366+0000] {processor.py:829} INFO - Processing file /opt/airflow/dags/xkcd-comics-dag.py for tasks to queue
[2025-02-28T22:28:40.367+0000] {logging_mixin.py:151} INFO - [2025-02-28T22:28:40.366+0000] {dagbag.py:539} INFO - Filling up the DagBag from /opt/airflow/dags/xkcd-comics-dag.py
[2025-02-28T22:28:40.395+0000] {processor.py:839} INFO - DAG(s) dict_keys(['xkcd_comic_fetcher']) retrieved from /opt/airflow/dags/xkcd-comics-dag.py
[2025-02-28T22:28:40.424+0000] {logging_mixin.py:151} INFO - [2025-02-28T22:28:40.424+0000] {dag.py:2915} INFO - Sync 1 DAGs
[2025-02-28T22:28:40.439+0000] {logging_mixin.py:151} INFO - [2025-02-28T22:28:40.439+0000] {dag.py:3696} INFO - Setting next_dagrun for xkcd_comic_fetcher to 2025-02-28T05:00:00+00:00, run_after=2025-03-03T05:00:00+00:00
[2025-02-28T22:28:40.449+0000] {processor.py:179} INFO - Processing /opt/airflow/dags/xkcd-comics-dag.py took 0.086 seconds
[2025-02-28T23:46:28.988+0000] {processor.py:157} INFO - Started process (PID=20901) to work on /opt/airflow/dags/xkcd-comics-dag.py
[2025-02-28T23:46:28.988+0000] {processor.py:829} INFO - Processing file /opt/airflow/dags/xkcd-comics-dag.py for tasks to queue
[2025-02-28T23:46:28.989+0000] {logging_mixin.py:151} INFO - [2025-02-28T23:46:28.989+0000] {dagbag.py:539} INFO - Filling up the DagBag from /opt/airflow/dags/xkcd-comics-dag.py
[2025-02-28T23:46:29.005+0000] {processor.py:839} INFO - DAG(s) dict_keys(['xkcd_comic_fetcher']) retrieved from /opt/airflow/dags/xkcd-comics-dag.py
[2025-02-28T23:46:29.023+0000] {logging_mixin.py:151} INFO - [2025-02-28T23:46:29.023+0000] {dag.py:2915} INFO - Sync 1 DAGs
[2025-02-28T23:46:29.037+0000] {logging_mixin.py:151} INFO - [2025-02-28T23:46:29.037+0000] {dag.py:3696} INFO - Setting next_dagrun for xkcd_comic_fetcher to 2025-02-28T05:00:00+00:00, run_after=2025-03-03T05:00:00+00:00
[2025-02-28T23:46:29.048+0000] {processor.py:179} INFO - Processing /opt/airflow/dags/xkcd-comics-dag.py took 0.063 seconds
