[2025-02-22T20:31:03.344+0000] {taskinstance.py:1157} INFO - Dependencies all met for dep_context=non-requeueable deps ti=<TaskInstance: xkcd_comic_fetcher.setup_table scheduled__2025-02-19T05:00:00+00:00 [queued]>
[2025-02-22T20:31:03.347+0000] {taskinstance.py:1157} INFO - Dependencies all met for dep_context=requeueable deps ti=<TaskInstance: xkcd_comic_fetcher.setup_table scheduled__2025-02-19T05:00:00+00:00 [queued]>
[2025-02-22T20:31:03.348+0000] {taskinstance.py:1359} INFO - Starting attempt 4 of 5
[2025-02-22T20:31:03.352+0000] {taskinstance.py:1380} INFO - Executing <Task(PostgresOperator): setup_table> on 2025-02-19 05:00:00+00:00
[2025-02-22T20:31:03.354+0000] {standard_task_runner.py:57} INFO - Started process 271 to run task
[2025-02-22T20:31:03.356+0000] {standard_task_runner.py:84} INFO - Running: ['***', 'tasks', 'run', 'xkcd_comic_fetcher', 'setup_table', 'scheduled__2025-02-19T05:00:00+00:00', '--job-id', '60', '--raw', '--subdir', 'DAGS_FOLDER/xkcd-comics-dag.py', '--cfg-path', '/tmp/tmpbwb_yko9']
[2025-02-22T20:31:03.357+0000] {standard_task_runner.py:85} INFO - Job 60: Subtask setup_table
[2025-02-22T20:31:03.376+0000] {task_command.py:415} INFO - Running <TaskInstance: xkcd_comic_fetcher.setup_table scheduled__2025-02-19T05:00:00+00:00 [running]> on host 25ffd23c4844
[2025-02-22T20:31:03.402+0000] {taskinstance.py:1660} INFO - Exporting env vars: AIRFLOW_CTX_DAG_OWNER='***' AIRFLOW_CTX_DAG_ID='xkcd_comic_fetcher' AIRFLOW_CTX_TASK_ID='setup_table' AIRFLOW_CTX_EXECUTION_DATE='2025-02-19T05:00:00+00:00' AIRFLOW_CTX_TRY_NUMBER='4' AIRFLOW_CTX_DAG_RUN_ID='scheduled__2025-02-19T05:00:00+00:00'
[2025-02-22T20:31:03.403+0000] {sql.py:274} INFO - Executing: 
CREATE TABLE IF NOT EXISTS comics (
    comic_id INTEGER PRIMARY KEY,
    title TEXT NOT NULL,
    image_url TEXT NOT NULL,
    alt_text TEXT,
    publish_date DATE NOT NULL,
    transcript TEXT,
    created_at TIMESTAMP DEFAULT CURRENT_TIMESTAMP,
    updated_at TIMESTAMP DEFAULT CURRENT_TIMESTAMP
);
[2025-02-22T20:31:03.403+0000] {crypto.py:82} WARNING - empty cryptography key - values will not be stored encrypted.
[2025-02-22T20:31:03.404+0000] {base.py:73} INFO - Using connection ID 'xkcd_db' for task execution.
[2025-02-22T20:31:03.404+0000] {base.py:73} INFO - Using connection ID 'xkcd_db' for task execution.
[2025-02-22T20:31:03.406+0000] {sql.py:418} INFO - Running statement: 
CREATE TABLE IF NOT EXISTS comics (
    comic_id INTEGER PRIMARY KEY,
    title TEXT NOT NULL,
    image_url TEXT NOT NULL,
    alt_text TEXT,
    publish_date DATE NOT NULL,
    transcript TEXT,
    created_at TIMESTAMP DEFAULT CURRENT_TIMESTAMP,
    updated_at TIMESTAMP DEFAULT CURRENT_TIMESTAMP
);, parameters: None
[2025-02-22T20:31:03.409+0000] {taskinstance.py:1398} INFO - Marking task as SUCCESS. dag_id=xkcd_comic_fetcher, task_id=setup_table, execution_date=20250219T050000, start_date=20250222T203103, end_date=20250222T203103
[2025-02-22T20:31:03.416+0000] {local_task_job_runner.py:228} INFO - Task exited with return code 0
[2025-02-22T20:31:03.426+0000] {taskinstance.py:2776} INFO - 1 downstream tasks scheduled from follow-on schedule check
